1, 1249251079
2, 1249251087
3, 1249251095
4, 1249251109
5, 1249251117
6, 1249251125
7, 1249251133
8, 1249251141
9, 124925115X
10, 1249251168
11, 1249251176
12, 1249251184
13, 1249251192
14, 1249251206
15, 1249251214
16, 1249251222
17, 1249251249
18, 1249251257
19, 1249251265
20, 1249251273
21, 1249251281
22, 124925129X
23, 1249251303
24, 1249251311
25, 124925132X
26, 1249251338
27, 1249251346
28, 1249251354
29, 1249251362
30, 1249251370
31, 1249251389
32, 1249251397
33, 1249251400
34, 1249251419
35, 1249251435
36, 1249251443
37, 1249251451
38, 124925146X
39, 1249251478
40, 1249251486
41, 1249251494
42, 1249251516
43, 1249251524
44, 1249251532
45, 1249251540
46, 1249251559
47, 1249251567
48, 1249251575
49, 1249251583
50, 1249251591
51, 1249251605
52, 1249251621
53, 124925163X
54, 1249251648
55, 1249251656
56, 1249251664
57, 1249251672
58, 1249251680
59, 1249251699
60, 1249251702
61, 1249251710
62, 1249251729
63, 1249251737
64, 1249251745
65, 1249251753
66, 1249251761
67, 124925177X
68, 1249251788
69, 1249251796
70, 1249251818
71, 1249251834
72, 1249251842
73, 1249251850
74, 1249251869
75, 1249251877
76, 1249251885
77, 1249251893
78, 1249251907
79, 1249251915
80, 1249251923
81, 1249251931
82, 124925194X
83, 1249251958
84, 1249251966
85, 1249251974
86, 1249251982
87, 1249251990
88, 1249252008
89, 1249252024
90, 1249252032
91, 1249252040
92, 1249252059
93, 1249252067
94, 1249252075
95, 1249252083
96, 1249252091
97, 1249252105
98, 1249252113
99, 1249252121
100, 124925213X
101, 1249252148
102, 1249252156
103, 1249252164
104, 1249252172
105, 1249252199
106, 1249252202
107, 1249252210
108, 1249252229
109, 1249252237
110, 1249252245
111, 1249252253
112, 1249252261
113, 124925227X
114, 1249252288
115, 1249252296
116, 124925230X
117, 1249252318
118, 1249252326
119, 1249252334
120, 1249252342
121, 1249252350
122, 1249252369
123, 1249252377
124, 1249252393
125, 1249252407
126, 1249252415
127, 1249252423
128, 1249252431
129, 124925244X
130, 1249252458
131, 1249252466
132, 1249252474
133, 1249252482
134, 1249252490
135, 1249252504
136, 1249252512
137, 1249252520
138, 1249252539
139, 1249252555
140, 1249252571
141, 124925258X
142, 1249252598
143, 1249252601
144, 124925261X
145, 1249252628
146, 1249252636
147, 1249252644
148, 1249252660
149, 1249252687
150, 1249252695
151, 1249252709
152, 1249252717
153, 1249252725
154, 1249252733
155, 1249252741
156, 124925275X
157, 1249252776
158, 1249252784
159, 1249252792
160, 1249252806
161, 1249252814
162, 1249252830
163, 1249252849
164, 1249252857
165, 1249252865
166, 1249252873
167, 1249252881
168, 1249252903
169, 1249252911
170, 124925292X
171, 1249252938
172, 1249252946
173, 1249252954
174, 1249252962
175, 1249252970
176, 1249252997
177, 1249253004
178, 1249253012
179, 1249253020
180, 1249253039
181, 1249253047
182, 1249253055
183, 1249253063
184, 1249253071
185, 124925308X
186, 1249253098
187, 1249253101
188, 124925311X
189, 1249253128
190, 1249253136
191, 1249253144
192, 1249253152
193, 1249253160
194, 1249253187
195, 1249253195
196, 1249253209
197, 1249253225
198, 1249253233
199, 1249253241
200, 124925325X
201, 1249253268
202, 1249253276
203, 1249253284
204, 1249253306
205, 1249253314
206, 1249253330
207, 1249253349
208, 1249253365
209, 1249253373
210, 1249253381
211, 124925339X
212, 1249253411
213, 124925342X
214, 1249253438
215, 1249253446
216, 1249253454
217, 1249253462
218, 1249253470
219, 1249253489
220, 1249253497
221, 1249253500
222, 1249253527
223, 1249253535
224, 1249253543
225, 1249253551
226, 124925356X
227, 1249253578
228, 1249253586
229, 1249253594
230, 1249253608
231, 1249253616
232, 1249253624
233, 1249253640
234, 1249253659
235, 1249253667
236, 1249253683
237, 1249253691
238, 1249253705
239, 1249253713
240, 1249253721
241, 124925373X
242, 1249253748
243, 1249253756
244, 1249253764
245, 1249253772
246, 1249253780
247, 1249253799
248, 1249253802
249, 1249253810
250, 1249253829
251, 1249253837
252, 1249253845
253, 1249253861
254, 124925387X
255, 1249253888
256, 1249253896
257, 124925390X
258, 1249253918
259, 1249253934
260, 1249253942
261, 1249253950
262, 1249253969
263, 1249253977
264, 1249253985
265, 1249253993
266, 1249254000
267, 1249254019
268, 1249254027
269, 1249254035
270, 1249254043
271, 124925406X
272, 1249254086
273, 1249254094
274, 1249254108
275, 1249254116
276, 1249254124
277, 1249254140
278, 1249254159
279, 1249254167
280, 1249254175
281, 1249254183
282, 1249254191
283, 1249254205
284, 1249254213
285, 1249254221
286, 124925423X
287, 1249254256
288, 1249254264
289, 1249254272
290, 1249254280
291, 1249254299
292, 1249254302
293, 1249254310
294, 1249254329
295, 1249254337
296, 1249254345
297, 1249254353
298, 1249254361
299, 124925437X
300, 1249254388
301, 1249254396
302, 124925440X
303, 1249254418
304, 1249254426
305, 1249254442
306, 1249254450
307, 1249254469
308, 1249254477
309, 1249254485
310, 1249254493
311, 1249254507
312, 1249254515
313, 1249254523
314, 1249254531
315, 124925454X
316, 1249254558
317, 1249254566
318, 1249254574
319, 1249254582
320, 1249254590
321, 1249254604
322, 1249254612
323, 1249254647
324, 1249254655
325, 1249254663
326, 1249254671
327, 124925468X
328, 1249254698
329, 1249254701
330, 124925471X
331, 1249254728
332, 1249254736
333, 1249254744
334, 1249254752
335, 1249254760
336, 1249254779
337, 1249254787
338, 1249254795
339, 1249254809
340, 1249254817
341, 1249254833
342, 1249254841
343, 124925485X
344, 1249254868
345, 1249254876
346, 1249254884
347, 1249254892
348, 1249254906
349, 1249254914
350, 1249254922
351, 1249254930
352, 1249254949
353, 1249254957
354, 1249254973
355, 1249254981
356, 124925499X
357, 1249255007
358, 1249255015
359, 1249255023
360, 124925504X
361, 1249255058
362, 1249255066
363, 1249255074
364, 1249255082
365, 1249255090
366, 1249255104
367, 1249255112
368, 1249255120
369, 1249255139
370, 1249255147
371, 1249255155
372, 1249255163
373, 1249255171
374, 124925518X
375, 1249255198
376, 1249255201
377, 1249255228
378, 1249255236
379, 1249255244
380, 1249255252
381, 1249255260
382, 1249255279
383, 1249255287
384, 1249255295
385, 1249255309
386, 1249255317
387, 1249255325
388, 1249255341
389, 124925535X
390, 1249255368
391, 1249255376
392, 1249255384
393, 1249255406
394, 1249255414
395, 1249255422
396, 1249255430
397, 1249255449
398, 1249255457
399, 1249255465
400, 1249255473
401, 1249255481
402, 124925549X
403, 1249255503
404, 1249255511
405, 124925552X
406, 1249255538
407, 1249255546
408, 1249255554
409, 1249255570
410, 1249255597
411, 1249255600
412, 1249255619
413, 1249255627
414, 1249255635
415, 1249255643
416, 1249255651
417, 124925566X
418, 1249255686
419, 1249255694
420, 1249255708
421, 1249255716
422, 1249255724
423, 1249255732
424, 1249255740
425, 1249255759
426, 1249255767
427, 1249255775
428, 1249255783
429, 1249255791
430, 1249255805
431, 1249255813
432, 1249255821
433, 124925583X
434, 1249255848
435, 1249255856
436, 1249255864
437, 1249255872
438, 1249255880
439, 1249255899
440, 1249255902
441, 1249255910
442, 1249255929
443, 1249255937
444, 1249255945
445, 1249255953
446, 1249255961
447, 124925597X
448, 1249255988
449, 1249255996
450, 1249256003
451, 1249256011
452, 1249256038
453, 1249256046
454, 1249256054
455, 1249256062
456, 1249256070
457, 1249256089
458, 1249256097
459, 1249256100
460, 1249256119
461, 1249256127
462, 1249256135
463, 1249256143
464, 1249256151
465, 124925616X
466, 1249256178
467, 1249256186
468, 1249256194
469, 1249256208
470, 1249256216
471, 1249256224
472, 1249256232
473, 1249256240
474, 1249256259
475, 1249256267
476, 1249256275
477, 1249256283
478, 1249256291
479, 1249256305
480, 1249256313
481, 1249256321
482, 124925633X
483, 1249256348
484, 1249256356
485, 1249256364
486, 1249256372
487, 1249256380
488, 1249256399
489, 1249256402
490, 1249256410
491, 1249256429
492, 1249256437
493, 1249256445
494, 1249256453
495, 1249256461
496, 124925647X
497, 1249256488
498, 1249256496
499, 124925650X
500, 1249256518
501, 1249256526
502, 1249256534
503, 1249256542
504, 1249256550
505, 1249256569
506, 1249256577
507, 1249256585
508, 1249256593
509, 1249256607
510, 1249256615
511, 1249256623
512, 1249256631
513, 124925664X
514, 1249256658
515, 1249256666
516, 1249256674
517, 1249256682
518, 1249256690
519, 1249256704
520, 1249256712
521, 1249256720
522, 1249256739
523, 1249256755
524, 1249256763
525, 1249256771
526, 124925678X
527, 1249256798
528, 1249256801
529, 124925681X
530, 1249256828
531, 1249256836
532, 1249256844
533, 1249256852
534, 1249256860
535, 1249256879
536, 1249256887
537, 1249256895
538, 1249256909
539, 1249256917
540, 1249256925
541, 1249256933
542, 1249256941
543, 124925695X
544, 1249256968
545, 1249256976
546, 1249256984
547, 1249256992
548, 124925700X
549, 1249257018
550, 1249257026
551, 1249257034
552, 1249257042
553, 1249257050
554, 1249257069
555, 1249257077
556, 1249257085
557, 1249257093
558, 1249257107
559, 1249257115
560, 1249257123
561, 1249257131
562, 124925714X
563, 1249257158
564, 1249257166
565, 1249257174
566, 1249257182
567, 1249257190
568, 1249257204
569, 1249257212
570, 1249257220
571, 1249257239
572, 1249257247
573, 1249257271
574, 1249257298
575, 1249257301
576, 124925731X
577, 1249257328
578, 1249257336
579, 1249257344
580, 1249257352
581, 1249257360
582, 1249257379
583, 1249257387
584, 1249257395
585, 1249257409
586, 1249257417
587, 1249257425
588, 1249257433
589, 1249257441
590, 124925745X
591, 1249257468
592, 1249257476
593, 1249257484
594, 1249257492
595, 1249257506
596, 1249257514
597, 1249257522
598, 1249257530
599, 1249257549
600, 1249257557
601, 1249257565
602, 1249257573
603, 1249257581
604, 124925759X
605, 1249257603
606, 1249257611
607, 124925762X
608, 1249257638
609, 1249257646
610, 1249257654
611, 1249257662
612, 1249257670
613, 1249257689
614, 1249257700
615, 1249257719
616, 1249257727
617, 1249257735
618, 1249257743
619, 1249257751
620, 124925776X
621, 1249257778
622, 1249257786
623, 1249257794
624, 1249257816
625, 1249257824
626, 1249257832
627, 1249257840
628, 1249257859
629, 1249257867
630, 1249257875
631, 1249257883
632, 1249257891
633, 1249257905
634, 1249257913
635, 1249257921
636, 124925793X
637, 1249257948
638, 1249257956
639, 1249257964
640, 1249257972
641, 1249257980
642, 1249257999
643, 1249258006
644, 1249258014
645, 1249258022
646, 1249258030
647, 1249258049
648, 1249258057
649, 1249258073
650, 1249258081
651, 124925809X
652, 1249258111
653, 124925812X
654, 1249258138
655, 1249258146
656, 1249258154
657, 1249258162
658, 1249258170
659, 1249258189
660, 1249258197
661, 1249258200
662, 1249258219
663, 1249258227
664, 1249258235
665, 1249258243
666, 1249258251
667, 124925826X
668, 1249258278
669, 1249258286
670, 1249258294
671, 1249258308
672, 1249258316
673, 1249258324
674, 1249258332
675, 1249258340
676, 1249258359
677, 1249258367
678, 1249258375
679, 1249258383
680, 1249258391
681, 1249258405
682, 1249258413
683, 1249258421
684, 124925843X
685, 1249258456
686, 1249258464
687, 1249258480
688, 1249258499
689, 1249258502
690, 1249258510
691, 1249258529
692, 1249258537
693, 1249258545
694, 1249258553
695, 1249258561
696, 124925857X
697, 1249258588
698, 1249258596
699, 124925860X
700, 1249258618
701, 1249258626
702, 1249258634
703, 1249258642
704, 1249258650
705, 1249258669
706, 1249258677
707, 1249258685
708, 1249258693
709, 1249258707
710, 1249258715
711, 1249258723
712, 1249258731
713, 124925874X
714, 1249258758
715, 1249258766
716, 1249258774
717, 1249258782
718, 1249258790
719, 1249258804
720, 1249258812
721, 1249258820
722, 1249258839
723, 1249258847
724, 1249258863
725, 1249258871
726, 124925888X
727, 1249258898
728, 1249258901
729, 124925891X
730, 1249258928
731, 1249258936
732, 1249258944
733, 1249258952
734, 1249258960
735, 1249258979
736, 1249258987
737, 1249258995
738, 1249259002
739, 1249259029
740, 1249259037
741, 1249259045
742, 1249259053
743, 1249259061
744, 124925907X
745, 1249259088
746, 1249259096
747, 124925910X
748, 1249259118
749, 1249259126
750, 1249259134
751, 1249259142
752, 1249259150
753, 1249259169
754, 1249259177
755, 1249259185
756, 1249259193
757, 1249259207
758, 1249259223
759, 1249259231
760, 124925924X
761, 1249259266
762, 1249259274
763, 1249259282
764, 1249259290
765, 1249259304
766, 1249259312
767, 1249259320
768, 1249259347
769, 1249259355
770, 1249259363
771, 124925938X
772, 1249259398
773, 1249259401
774, 124925941X
775, 1249259428
776, 1249259436
777, 1249259444
778, 1249259452
779, 1249259460
780, 1249259479
781, 1249259487
782, 1249259495
783, 1249259509
784, 1249259517
785, 1249259525
786, 1249259533
787, 1249259541
788, 124925955X
789, 1249259568
790, 1249259576
791, 1249259584
792, 1249259592
793, 1249259606
794, 1249259614
795, 1249259622
796, 1249259630
797, 1249259649
798, 1249259657
799, 1249259665
800, 1249259673
801, 124925969X
802, 1249259703
803, 1249259711
804, 124925972X
805, 1249259738
806, 1249259746
807, 1249259754
808, 1249259762
809, 1249259770
810, 1249259789
811, 1249259797
812, 1249259800
813, 1249259819
814, 1249259827
815, 1249259835
816, 1249259843
817, 1249259851
818, 1249259878
819, 1249259886
820, 1249259894
821, 1249259908
822, 1249259916
823, 1249259924
824, 1249259932
825, 1249259940
826, 1249259959
827, 1249259967
828, 1249259975
829, 1249259983
830, 1249259991
831, 1249260000
832, 1249260019
833, 1249260027
834, 1249260035
835, 1249260043
836, 1249260051
837, 124926006X
838, 1249260078
839, 1249260086
840, 1249260094
841, 1249260108
842, 1249260124
843, 1249260132
844, 1249260140
845, 1249260159
846, 1249260167
847, 1249260175
848, 1249260183
849, 1249260191
850, 1249260205
851, 1249260213
852, 1249260221
853, 124926023X
854, 1249260248
855, 1249260256
856, 1249260264
857, 1249260272
858, 1249260280
859, 1249260299
860, 1249260302
861, 1249260310
862, 1249260329
863, 1249260337
864, 1249260345
865, 1249260353
866, 1249260361
867, 124926037X
868, 1249260388
869, 1249260396
870, 124926040X
871, 1249260418
872, 1249260426
873, 1249260434
874, 1249260442
875, 1249260450
876, 1249260469
877, 1249260477
878, 1249260485
879, 1249260493
880, 1249260507
881, 1249260515
882, 1249260523
883, 1249260531
884, 124926054X
885, 1249260558
886, 1249260566
887, 1249260574
888, 1249260582
889, 1249260590
890, 1249260604
891, 1249260612
892, 1249260620
893, 1249260639
894, 1249260647
895, 1249260655
896, 1249260663
897, 1249260671
898, 1249260698
899, 1249260701
900, 124926071X
901, 1249260728
902, 1249260736
903, 1249260744
904, 1249260752
905, 1249260760
906, 1249260779
907, 1249260787
908, 1249260795
909, 1249260809
910, 1249260817
911, 1249260825
912, 1249260833
913, 1249260841
914, 1249260868
915, 1249260876
916, 1249260884
917, 1249260892
918, 1249260906
919, 1249260914
920, 1249260922
921, 1249260930
922, 1249260949
923, 1249260957
924, 1249260965
925, 1249260973
926, 1249260981
927, 124926099X
928, 1249261007
929, 1249261015
930, 1249261023
931, 1249261031
932, 124926104X
933, 1249261058
934, 1249261066
935, 1249261082
936, 1249261090
937, 1249261104
938, 1249261112
939, 1249261120
940, 1249261139
941, 1249261147
942, 1249261155
943, 1249261163
944, 1249261171
945, 124926118X
946, 1249261198
947, 1249261201
948, 124926121X
949, 1249261228
950, 1249261236
951, 1249261244
952, 1249261252
953, 1249261260
954, 1249261279
955, 1249261287
956, 1249261295
957, 1249261309
958, 1249261317
959, 1249261325
960, 1249261333
961, 1249261341
962, 124926135X
963, 1249261368
964, 1249261376
965, 1249261384
966, 1249261392
967, 1249261406
968, 1249261414
969, 1249261422
970, 1249261430
971, 1249261449
972, 1249261457
973, 1249261465
974, 1249261473
975, 1249261481
976, 124926149X
977, 1249261503
978, 1249261511
979, 124926152X
980, 1249261538
981, 1249261546
982, 1249261554
983, 1249261562
984, 1249261570
985, 1249261589
986, 1249261597
987, 1249261600
988, 1249261619
989, 1249261627
990, 1249261635
991, 1249261643
992, 1249261651
993, 124926166X
994, 1249261678
995, 1249261686
996, 1249261694
997, 1249261708
998, 1249261716
999, 1249261724
1000, 1249261732
