1, 1249272963
2, 1249272971
3, 1249272998
4, 1249273005
5, 1249273013
6, 1249273021
7, 124927303X
8, 1249273056
9, 1249273064
10, 1249273080
11, 1249273099
12, 1249273102
13, 1249273110
14, 1249273129
15, 1249273137
16, 1249273145
17, 1249273161
18, 124927317X
19, 1249273188
20, 1249273196
21, 124927320X
22, 1249273218
23, 1249273226
24, 1249273234
25, 1249273242
26, 1249273250
27, 1249273269
28, 1249273277
29, 1249273285
30, 1249273293
31, 1249273307
32, 1249273315
33, 1249273331
34, 124927334X
35, 1249273358
36, 1249273366
37, 1249273374
38, 1249273382
39, 1249273390
40, 1249273404
41, 1249273420
42, 1249273439
43, 1249273447
44, 1249273455
45, 1249273463
46, 1249273471
47, 124927348X
48, 1249273498
49, 1249273501
50, 124927351X
51, 1249273528
52, 1249273536
53, 1249273544
54, 1249273552
55, 1249273560
56, 1249273579
57, 1249273587
58, 1249273595
59, 1249273609
60, 1249273617
61, 1249273625
62, 1249273633
63, 1249273641
64, 124927365X
65, 1249273668
66, 1249273676
67, 1249273684
68, 1249273692
69, 1249273706
70, 1249273714
71, 1249273722
72, 1249273730
73, 1249273749
74, 1249273757
75, 1249273765
76, 1249273773
77, 1249273781
78, 124927379X
79, 1249273803
80, 1249273811
81, 124927382X
82, 1249273846
83, 1249273854
84, 1249273862
85, 1249273870
86, 1249273889
87, 1249273897
88, 1249273900
89, 1249273919
90, 1249273927
91, 1249273935
92, 1249273943
93, 1249273951
94, 124927396X
95, 1249273978
96, 1249273986
97, 1249273994
98, 1249274001
99, 124927401X
100, 1249274028
101, 1249274036
102, 1249274044
103, 1249274052
104, 1249274060
105, 1249274079
106, 1249274087
107, 1249274095
108, 1249274109
109, 1249274117
110, 1249274125
111, 1249274133
112, 124927415X
113, 1249274168
114, 1249274176
115, 1249274184
116, 1249274192
117, 1249274206
118, 1249274214
119, 1249274222
120, 1249274230
121, 1249274249
122, 1249274257
123, 1249274265
124, 1249274273
125, 1249274281
126, 124927429X
127, 1249274303
128, 1249274311
129, 124927432X
130, 1249274338
131, 1249274346
132, 1249274354
133, 1249274370
134, 1249274389
135, 1249274397
136, 1249274400
137, 1249274419
138, 1249274427
139, 1249274435
140, 1249274443
141, 1249274451
142, 124927446X
143, 1249274478
144, 1249274486
145, 1249274494
146, 1249274508
147, 1249274516
148, 1249274524
149, 1249274532
150, 1249274540
151, 1249274559
152, 1249274567
153, 1249274575
154, 1249274591
155, 1249274605
156, 1249274613
157, 1249274621
158, 124927463X
159, 1249274648
160, 1249274656
161, 1249274664
162, 1249274672
163, 1249274680
164, 1249274699
165, 1249274702
166, 1249274710
167, 1249274729
168, 1249274737
169, 1249274753
170, 1249274761
171, 1249274788
172, 1249274796
173, 124927480X
174, 1249274818
175, 1249274826
176, 1249274834
177, 1249274842
178, 1249274850
179, 1249274869
180, 1249274877
181, 1249274885
182, 1249274893
183, 1249274907
184, 1249274915
185, 1249274923
186, 1249274931
187, 124927494X
188, 1249274958
189, 1249274966
190, 1249274974
191, 1249274982
192, 1249274990
193, 1249275008
194, 1249275016
195, 1249275024
196, 1249275032
197, 1249275040
198, 1249275059
199, 1249275067
200, 1249275075
201, 1249275083
202, 1249275091
203, 1249275105
204, 1249275113
205, 1249275121
206, 124927513X
207, 1249275148
208, 1249275156
209, 1249275164
210, 1249275172
211, 1249275199
212, 1249275202
213, 1249275210
214, 1249275229
215, 1249275237
216, 1249275245
217, 1249275253
218, 124927527X
219, 1249275288
220, 1249275296
221, 1249275318
222, 1249275326
223, 1249275334
224, 1249275342
225, 1249275350
226, 1249275369
227, 1249275377
228, 1249275385
229, 1249275393
230, 1249275407
231, 1249275415
232, 1249275423
233, 1249275431
234, 124927544X
235, 1249275458
236, 1249275466
237, 1249275474
238, 1249275482
239, 1249275490
240, 1249275504
241, 1249275512
242, 1249275520
243, 1249275539
244, 1249275547
245, 1249275555
246, 1249275563
247, 1249275571
248, 124927558X
249, 1249275598
250, 1249275601
251, 124927561X
252, 1249275628
253, 1249275636
254, 1249275644
255, 1249275652
256, 1249275660
257, 1249275679
258, 1249275687
259, 1249275695
260, 1249275709
261, 1249275717
262, 1249275725
263, 1249275733
264, 1249275741
265, 124927575X
266, 1249275768
267, 1249275776
268, 1249275784
269, 1249275792
270, 1249275806
271, 1249275814
272, 1249275822
273, 1249275830
274, 1249275849
275, 1249275857
276, 1249275865
277, 1249275873
278, 1249275881
279, 124927589X
280, 1249275903
281, 1249275911
282, 124927592X
283, 1249275938
284, 1249275946
285, 1249275954
286, 1249275962
287, 1249275970
288, 1249275989
289, 1249275997
290, 1249276004
291, 1249276012
292, 1249276020
293, 1249276039
294, 1249276047
295, 1249276055
296, 1249276063
297, 1249276071
298, 124927608X
299, 1249276098
300, 1249276101
301, 124927611X
302, 1249276128
303, 1249276136
304, 1249276152
305, 1249276160
306, 1249276179
307, 1249276187
308, 1249276195
309, 1249276209
310, 1249276217
311, 1249276225
312, 1249276233
313, 1249276241
314, 124927625X
315, 1249276268
316, 1249276284
317, 1249276292
318, 1249276306
319, 1249276314
320, 1249276322
321, 1249276330
322, 1249276349
323, 1249276357
324, 1249276365
325, 1249276373
326, 1249276381
327, 124927639X
328, 1249276403
329, 1249276411
330, 124927642X
331, 1249276438
332, 1249276446
333, 1249276454
334, 1249276462
335, 1249276470
336, 1249276489
337, 1249276497
338, 1249276500
339, 1249276519
340, 1249276527
341, 1249276543
342, 1249276551
343, 124927656X
344, 1249276578
345, 1249276586
346, 1249276594
347, 1249276608
348, 1249276616
349, 1249276624
350, 1249276632
351, 1249276640
352, 1249276659
353, 1249276667
354, 1249276683
355, 1249276691
356, 1249276705
357, 1249276713
358, 1249276721
359, 124927673X
360, 1249276748
361, 1249276756
362, 1249276764
363, 1249276772
364, 1249276780
365, 1249276799
366, 1249276810
367, 1249276829
368, 1249276837
369, 1249276845
370, 1249276853
371, 1249276861
372, 124927687X
373, 1249276888
374, 1249276896
375, 124927690X
376, 1249276918
377, 1249276926
378, 1249276934
379, 1249276950
380, 1249276969
381, 1249276977
382, 1249276985
383, 1249276993
384, 1249277000
385, 1249277019
386, 1249277027
387, 1249277035
388, 1249277043
389, 1249277051
390, 124927706X
391, 1249277078
392, 1249277086
393, 1249277094
394, 1249277108
395, 1249277116
396, 1249277124
397, 1249277132
398, 1249277140
399, 1249277159
400, 1249277167
401, 1249277175
402, 1249277183
403, 1249277191
404, 1249277205
405, 1249277213
406, 1249277221
407, 124927723X
408, 1249277248
409, 1249277256
410, 1249277272
411, 1249277280
412, 1249277299
413, 1249277302
414, 1249277310
415, 1249277329
416, 1249277337
417, 1249277345
418, 1249277353
419, 1249277361
420, 124927737X
421, 1249277396
422, 124927740X
423, 1249277418
424, 1249277426
425, 1249277434
426, 1249277442
427, 1249277450
428, 1249277469
429, 1249277477
430, 1249277485
431, 1249277493
432, 1249277515
433, 1249277523
434, 1249277531
435, 1249277558
436, 1249277566
437, 1249277574
438, 1249277582
439, 1249277590
440, 1249277604
441, 1249277612
442, 1249277620
443, 1249277639
444, 1249277647
445, 1249277663
446, 1249277671
447, 124927768X
448, 1249277698
449, 1249277701
450, 124927771X
451, 1249277728
452, 1249277736
453, 1249277744
454, 1249277752
455, 1249277760
456, 1249277779
457, 1249277787
458, 1249277795
459, 1249277809
460, 1249277817
461, 1249277825
462, 1249277833
463, 1249277841
464, 124927785X
465, 1249277868
466, 1249277876
467, 1249277884
468, 1249277892
469, 1249277906
470, 1249277914
471, 1249277922
472, 1249277930
473, 1249277949
474, 1249277957
475, 1249277965
476, 1249277973
477, 1249277981
478, 124927799X
479, 1249278007
480, 1249278015
481, 1249278023
482, 1249278031
483, 124927804X
484, 1249278058
485, 1249278066
486, 1249278074
487, 1249278082
488, 1249278090
489, 1249278104
490, 1249278112
491, 1249278120
492, 1249278139
493, 1249278147
494, 1249278163
495, 1249278171
496, 124927818X
497, 1249278198
498, 1249278201
499, 124927821X
500, 1249278228
501, 1249278236
502, 1249278244
503, 1249278252
504, 1249278260
505, 1249278279
506, 1249278287
507, 1249278295
508, 1249278309
509, 1249278317
510, 1249278325
511, 1249278333
512, 1249278341
513, 124927835X
514, 1249278368
515, 1249278376
516, 1249278384
517, 1249278392
518, 1249278406
519, 1249278414
520, 1249278430
521, 1249278449
522, 1249278457
523, 1249278481
524, 124927849X
525, 1249278503
526, 124927852X
527, 1249278538
528, 1249278546
529, 1249278554
530, 1249278562
531, 1249278570
532, 1249278589
533, 1249278597
534, 1249278600
535, 1249278619
536, 1249278627
537, 1249278635
538, 1249278643
539, 1249278651
540, 124927866X
541, 1249278678
542, 1249278686
543, 1249278694
544, 1249278708
545, 1249278716
546, 1249278724
547, 1249278732
548, 1249278740
549, 1249278759
550, 1249278767
551, 1249278775
552, 1249278783
553, 1249278791
554, 1249278805
555, 1249278813
556, 1249278821
557, 124927883X
558, 1249278848
559, 1249278856
560, 1249278864
561, 1249278872
562, 1249278880
563, 1249278899
564, 1249278902
565, 1249278910
566, 1249278929
567, 1249278937
568, 1249278945
569, 1249278953
570, 1249278961
571, 124927897X
572, 1249278988
573, 1249278996
574, 1249279003
575, 1249279011
576, 124927902X
577, 1249279046
578, 1249279054
579, 1249279062
580, 1249279070
581, 1249279089
582, 1249279097
583, 1249279119
584, 1249279127
585, 1249279135
586, 1249279143
587, 1249279151
588, 124927916X
589, 1249279178
590, 1249279186
591, 1249279194
592, 1249279208
593, 1249279216
594, 1249279224
595, 1249279232
596, 1249279240
597, 1249279259
598, 1249279267
599, 1249279275
600, 1249279283
601, 1249279305
602, 1249279313
603, 1249279321
604, 124927933X
605, 1249279348
606, 1249279356
607, 1249279364
608, 1249279372
609, 1249279399
610, 1249279402
611, 1249279410
612, 1249279429
613, 1249279437
614, 1249279445
615, 1249279453
616, 1249279461
617, 124927947X
618, 1249279488
619, 1249279496
620, 124927950X
621, 1249279518
622, 1249279526
623, 1249279534
624, 1249279542
625, 1249279550
626, 1249279569
627, 1249279577
628, 1249279585
629, 1249279607
630, 1249279615
631, 1249279623
632, 1249279631
633, 124927964X
634, 1249279658
635, 1249279666
636, 1249279674
637, 1249279682
638, 1249279690
639, 1249279704
640, 1249279712
641, 1249279720
642, 1249279739
643, 1249279747
644, 1249279755
645, 1249279763
646, 1249279771
647, 124927978X
648, 1249279798
649, 1249279801
650, 124927981X
651, 1249279828
652, 1249279836
653, 1249279844
654, 1249279852
655, 1249279860
656, 1249279879
657, 1249279887
658, 1249279895
659, 1249279909
660, 1249279917
661, 1249279925
662, 1249279933
663, 1249279941
664, 124927995X
665, 1249279968
666, 1249279976
667, 1249279984
668, 1249279992
669, 1249280001
670, 124928001X
671, 1249280028
672, 1249280036
673, 1249280044
674, 1249280052
675, 1249280060
676, 1249280079
677, 1249280087
678, 1249280095
679, 1249280109
680, 1249280117
681, 1249280125
682, 1249280133
683, 1249280141
684, 124928015X
685, 1249280168
686, 1249280176
687, 1249280184
688, 1249280192
689, 1249280206
690, 1249280214
691, 1249280222
692, 1249280230
693, 1249280249
694, 1249280257
695, 1249280265
696, 1249280273
697, 1249280281
698, 124928029X
699, 1249280303
700, 1249280311
701, 124928032X
702, 1249280338
703, 1249280346
704, 1249280354
705, 1249280362
706, 1249280370
707, 1249280389
708, 1249280397
709, 1249280400
710, 1249280419
711, 1249280427
712, 1249280435
713, 1249280443
714, 1249280451
715, 124928046X
716, 1249280478
717, 1249280486
718, 1249280494
719, 1249280508
720, 1249280516
721, 1249280524
722, 1249280532
723, 1249280540
724, 1249280559
725, 1249280567
726, 1249280575
727, 1249280583
728, 1249280591
729, 1249280605
730, 1249280613
731, 1249280621
732, 124928063X
733, 1249280648
734, 1249280656
735, 1249280664
736, 1249280672
737, 1249280680
738, 1249280699
739, 1249280702
740, 1249280710
741, 1249280729
742, 1249280737
743, 1249280745
744, 1249280753
745, 1249280761
746, 124928077X
747, 1249280788
748, 1249280796
749, 124928080X
750, 1249280818
751, 1249280826
752, 1249280834
753, 1249280842
754, 1249280850
755, 1249280869
756, 1249280877
757, 1249280885
758, 1249280893
759, 1249280907
760, 1249280915
761, 1249280923
762, 1249280931
763, 124928094X
764, 1249280958
765, 1249280966
766, 1249280974
767, 1249280982
768, 1249280990
769, 1249281008
770, 1249281016
771, 1249281024
772, 1249281032
773, 1249281040
774, 1249281059
775, 1249281067
776, 1249281075
777, 1249281091
778, 1249281105
779, 1249281113
780, 1249281121
781, 124928113X
782, 1249281148
783, 1249281156
784, 1249281164
785, 1249281172
786, 1249281180
787, 1249281199
788, 1249281202
789, 1249281210
790, 1249281229
791, 1249281237
792, 1249281253
793, 1249281261
794, 124928127X
795, 1249281296
796, 124928130X
797, 1249281318
798, 1249281326
799, 1249281342
800, 1249281350
801, 1249281377
802, 1249281385
803, 1249281393
804, 1249281407
805, 1249281415
806, 1249281423
807, 1249281431
808, 124928144X
809, 1249281458
810, 1249281466
811, 1249281482
812, 1249281504
813, 1249281512
814, 1249281520
815, 1249281539
816, 1249281547
817, 1249281555
818, 1249281563
819, 1249281571
820, 124928158X
821, 1249281598
822, 1249281601
823, 124928161X
824, 1249281628
825, 1249281644
826, 1249281652
827, 1249281660
828, 1249281679
829, 1249281687
830, 1249281695
831, 1249281709
832, 1249281717
833, 1249281725
834, 1249281733
835, 1249281741
836, 124928175X
837, 1249281768
838, 1249281776
839, 1249281784
840, 1249281792
841, 1249281806
842, 1249281814
843, 1249281822
844, 1249281830
845, 1249281849
846, 1249281857
847, 1249281865
848, 1249281873
849, 1249281881
850, 124928189X
851, 1249281903
852, 1249281911
853, 124928192X
854, 1249281938
855, 1249281946
856, 1249281954
857, 1249281962
858, 1249281989
859, 1249282004
860, 1249282012
861, 1249282020
862, 1249282039
863, 1249282047
864, 1249282055
865, 1249282063
866, 1249282071
867, 124928208X
868, 1249282098
869, 1249282101
870, 124928211X
871, 1249282128
872, 1249282136
873, 1249282144
874, 1249282152
875, 1249282160
876, 1249282179
877, 1249282195
878, 1249282209
879, 1249282217
880, 1249282225
881, 1249282233
882, 1249282241
883, 124928225X
884, 1249282268
