1, 1249262208
2, 1249262216
3, 1249262224
4, 1249262232
5, 1249262240
6, 1249262259
7, 1249262267
8, 1249262275
9, 1249262283
10, 1249262305
11, 1249262313
12, 1249262321
13, 124926233X
14, 1249262348
15, 1249262356
16, 1249262364
17, 1249262372
18, 1249262380
19, 1249262399
20, 1249262402
21, 1249262410
22, 1249262429
23, 1249262437
24, 1249262445
25, 1249262453
26, 124926247X
27, 1249262488
28, 1249262496
29, 1249262518
30, 1249262526
31, 1249262534
32, 1249262542
33, 1249262550
34, 1249262569
35, 1249262577
36, 1249262585
37, 1249262593
38, 1249262607
39, 1249262615
40, 1249262623
41, 1249262631
42, 124926264X
43, 1249262658
44, 1249262666
45, 1249262674
46, 1249262682
47, 1249262704
48, 1249262712
49, 1249262720
50, 1249262739
51, 1249262747
52, 1249262755
53, 1249262763
54, 1249262771
55, 124926278X
56, 1249262798
57, 1249262801
58, 124926281X
59, 1249262828
60, 1249262836
61, 1249262844
62, 1249262852
63, 1249262860
64, 1249262879
65, 1249262887
66, 1249262895
67, 1249262909
68, 1249262917
69, 1249262925
70, 1249262933
71, 1249262941
72, 124926295X
73, 1249262968
74, 1249262984
75, 1249262992
76, 124926300X
77, 1249263018
78, 1249263026
79, 1249263034
80, 1249263042
81, 1249263050
82, 1249263069
83, 1249263077
84, 1249263085
85, 1249263093
86, 1249263107
87, 1249263115
88, 1249263123
89, 1249263131
90, 124926314X
91, 1249263158
92, 1249263166
93, 1249263174
94, 1249263190
95, 1249263204
96, 1249263212
97, 1249263220
98, 1249263239
99, 1249263247
100, 1249263255
101, 1249263263
102, 1249263271
103, 124926328X
104, 1249263298
105, 1249263301
106, 124926331X
107, 1249263328
108, 1249263336
109, 1249263344
110, 1249263352
111, 1249263360
112, 1249263379
113, 1249263387
114, 1249263395
115, 1249263409
116, 1249263417
117, 1249263425
118, 1249263433
119, 1249263441
120, 124926345X
121, 1249263468
122, 1249263476
123, 1249263484
124, 1249263492
125, 1249263506
126, 1249263514
127, 1249263530
128, 1249263549
129, 1249263557
130, 1249263565
131, 1249263573
132, 1249263581
133, 124926359X
134, 1249263603
135, 1249263611
136, 124926362X
137, 1249263638
138, 1249263646
139, 1249263654
140, 1249263662
141, 1249263670
142, 1249263689
143, 1249263697
144, 1249263700
145, 1249263719
146, 1249263727
147, 1249263735
148, 1249263751
149, 124926376X
150, 1249263778
151, 1249263786
152, 1249263794
153, 1249263808
154, 1249263816
155, 1249263824
156, 1249263832
157, 1249263840
158, 1249263859
159, 1249263867
160, 1249263875
161, 1249263883
162, 1249263891
163, 1249263905
164, 1249263913
165, 1249263921
166, 124926393X
167, 1249263948
168, 1249263956
169, 1249263964
170, 1249263972
171, 1249263980
172, 1249264006
173, 1249264014
174, 1249264022
175, 1249264030
176, 1249264049
177, 1249264057
178, 1249264065
179, 1249264073
180, 1249264081
181, 1249264103
182, 1249264111
183, 124926412X
184, 1249264138
185, 1249264146
186, 1249264154
187, 1249264162
188, 1249264170
189, 1249264189
190, 1249264197
191, 1249264200
192, 1249264219
193, 1249264227
194, 1249264235
195, 1249264243
196, 1249264251
197, 124926426X
198, 1249264278
199, 1249264286
200, 1249264294
201, 1249264308
202, 1249264316
203, 1249264324
204, 1249264332
205, 1249264340
206, 1249264359
207, 1249264367
208, 1249264375
209, 1249264383
210, 1249264391
211, 1249264405
212, 1249264413
213, 1249264421
214, 124926443X
215, 1249264448
216, 1249264456
217, 1249264464
218, 1249264472
219, 1249264480
220, 1249264499
221, 1249264502
222, 1249264510
223, 1249264537
224, 1249264545
225, 1249264553
226, 1249264561
227, 124926457X
228, 1249264588
229, 1249264596
230, 124926460X
231, 1249264618
232, 1249264626
233, 1249264634
234, 1249264642
235, 1249264650
236, 1249264669
237, 1249264685
238, 1249264693
239, 1249264707
240, 1249264715
241, 1249264723
242, 1249264731
243, 124926474X
244, 1249264758
245, 1249264766
246, 1249264774
247, 1249264782
248, 1249264790
249, 1249264804
250, 1249264812
251, 1249264820
252, 1249264839
253, 1249264847
254, 1249264855
255, 1249264863
256, 1249264871
257, 124926488X
258, 1249264898
259, 1249264901
260, 124926491X
261, 1249264928
262, 1249264936
263, 1249264944
264, 1249264952
265, 1249264960
266, 1249264979
267, 1249264987
268, 1249264995
269, 1249265002
270, 1249265010
271, 1249265037
272, 1249265053
273, 1249265061
274, 124926507X
275, 1249265088
276, 1249265096
277, 124926510X
278, 1249265118
279, 1249265126
280, 1249265134
281, 1249265142
282, 1249265150
283, 1249265169
284, 1249265177
285, 1249265193
286, 1249265215
287, 1249265223
288, 1249265231
289, 124926524X
290, 1249265266
291, 1249265274
292, 1249265282
293, 1249265290
294, 1249265304
295, 1249265312
296, 1249265320
297, 1249265339
298, 1249265347
299, 1249265355
300, 1249265363
301, 1249265371
302, 124926538X
303, 1249265398
304, 1249265401
305, 124926541X
306, 1249265428
307, 1249265436
308, 1249265444
309, 1249265452
310, 1249265460
311, 1249265479
312, 1249265487
313, 1249265495
314, 1249265509
315, 1249265517
316, 1249265525
317, 1249265533
318, 1249265541
319, 124926555X
320, 1249265568
321, 1249265576
322, 1249265584
323, 1249265592
324, 1249265606
325, 1249265614
326, 1249265622
327, 1249265630
328, 1249265649
329, 1249265665
330, 1249265681
331, 124926569X
332, 1249265711
333, 124926572X
334, 1249265738
335, 1249265746
336, 1249265754
337, 1249265762
338, 1249265770
339, 1249265789
340, 1249265797
341, 1249265800
342, 1249265819
343, 1249265827
344, 1249265835
345, 1249265843
346, 1249265851
347, 124926586X
348, 1249265878
349, 1249265886
350, 1249265908
351, 1249265916
352, 1249265924
353, 1249265932
354, 1249265959
355, 1249265967
356, 1249265975
357, 1249265983
358, 1249265991
359, 1249266017
360, 1249266025
361, 1249266033
362, 1249266041
363, 124926605X
364, 1249266068
365, 1249266076
366, 1249266084
367, 1249266092
368, 1249266106
369, 1249266114
370, 1249266122
371, 1249266130
372, 1249266149
373, 1249266157
374, 1249266165
375, 1249266173
376, 1249266181
377, 124926619X
378, 1249266211
379, 124926622X
380, 1249266238
381, 1249266246
382, 1249266254
383, 1249266262
384, 1249266270
385, 1249266289
386, 1249266297
387, 1249266300
388, 1249266319
389, 1249266327
390, 1249266335
391, 1249266343
392, 1249266351
393, 124926636X
394, 1249266378
395, 1249266386
396, 1249266408
397, 1249266424
398, 1249266432
399, 1249266440
400, 1249266459
401, 1249266467
402, 1249266475
403, 1249266483
404, 1249266491
405, 1249266505
406, 1249266513
407, 1249266521
408, 124926653X
409, 1249266548
410, 1249266556
411, 1249266564
412, 1249266572
413, 1249266580
414, 1249266599
415, 1249266602
416, 1249266610
417, 1249266629
418, 1249266637
419, 1249266645
420, 1249266653
421, 1249266661
422, 124926667X
423, 1249266688
424, 124926670X
425, 1249266718
426, 1249266734
427, 1249266769
428, 1249266777
429, 1249266793
430, 1249266807
431, 1249266815
432, 1249266823
433, 1249266831
434, 124926684X
435, 1249266858
436, 1249266866
437, 1249266874
438, 1249266882
439, 1249266890
440, 1249266904
441, 1249266920
442, 1249266939
443, 1249266947
444, 1249266955
445, 1249266963
446, 1249266971
447, 124926698X
448, 1249266998
449, 1249267005
450, 1249267013
451, 1249267021
452, 124926703X
453, 1249267048
454, 1249267056
455, 1249267064
456, 1249267080
457, 1249267099
458, 1249267102
459, 1249267110
460, 1249267137
461, 1249267145
462, 1249267153
463, 1249267161
464, 124926717X
465, 1249267188
466, 1249267196
467, 124926720X
468, 1249267218
469, 1249267226
470, 1249267234
471, 1249267242
472, 1249267250
473, 1249267269
474, 1249267277
475, 1249267285
476, 1249267293
477, 1249267307
478, 1249267315
479, 1249267323
480, 1249267331
481, 124926734X
482, 1249267366
483, 1249267374
484, 1249267382
485, 1249267390
486, 1249267404
487, 1249267412
488, 1249267420
489, 1249267439
490, 1249267447
491, 1249267455
492, 1249267463
493, 1249267471
494, 124926748X
495, 1249267498
496, 1249267501
497, 124926751X
498, 1249267528
499, 1249267536
500, 1249267544
501, 1249267552
502, 1249267560
503, 1249267579
504, 1249267587
505, 1249267595
506, 1249267609
507, 1249267617
508, 1249267625
509, 1249267633
510, 1249267641
511, 124926765X
512, 1249267668
513, 1249267676
514, 1249267684
515, 1249267692
516, 1249267706
517, 1249267714
518, 1249267722
519, 1249267730
520, 1249267749
521, 1249267757
522, 1249267765
523, 1249267773
524, 124926779X
525, 1249267803
526, 1249267811
527, 124926782X
528, 1249267838
529, 1249267846
530, 1249267854
531, 1249267862
532, 1249267870
533, 1249267889
534, 1249267897
535, 1249267900
536, 1249267919
537, 1249267927
538, 1249267935
539, 1249267943
540, 1249267951
541, 124926796X
542, 1249267978
543, 1249267986
544, 1249267994
545, 1249268001
546, 124926801X
547, 1249268028
548, 1249268036
549, 1249268044
550, 1249268052
551, 1249268060
552, 1249268079
553, 1249268095
554, 1249268109
555, 1249268117
556, 1249268125
557, 1249268133
558, 1249268141
559, 1249268168
560, 1249268176
561, 1249268184
562, 1249268192
563, 1249268206
564, 1249268214
565, 1249268222
566, 1249268230
567, 1249268257
568, 1249268265
569, 1249268273
570, 1249268281
571, 124926829X
572, 1249268311
573, 124926832X
574, 1249268338
575, 1249268346
576, 1249268354
577, 1249268362
578, 1249268370
579, 1249268389
580, 1249268397
581, 1249268400
582, 1249268419
583, 1249268427
584, 1249268435
585, 1249268443
586, 1249268451
587, 124926846X
588, 1249268478
589, 1249268486
590, 1249268494
591, 1249268508
592, 1249268524
593, 1249268532
594, 1249268540
595, 1249268559
596, 1249268567
597, 1249268575
598, 1249268583
599, 1249268591
600, 1249268605
601, 1249268613
602, 1249268621
603, 124926863X
604, 1249268648
605, 1249268656
606, 1249268664
607, 1249268672
608, 1249268680
609, 1249268699
610, 1249268702
611, 1249268710
612, 1249268729
613, 1249268737
614, 1249268745
615, 1249268753
616, 1249268761
617, 124926877X
618, 1249268788
619, 1249268796
620, 124926880X
621, 1249268818
622, 1249268826
623, 1249268834
624, 1249268842
625, 1249268850
626, 1249268869
627, 1249268877
628, 1249268885
629, 1249268893
630, 1249268907
631, 1249268915
632, 1249268923
633, 1249268931
634, 124926894X
635, 1249268958
636, 1249268966
637, 1249268974
638, 1249268982
639, 1249268990
640, 1249269008
641, 1249269016
642, 1249269032
643, 1249269040
644, 1249269059
645, 1249269067
646, 1249269075
647, 1249269083
648, 1249269091
649, 1249269105
650, 1249269113
651, 1249269121
652, 124926913X
653, 1249269148
654, 1249269156
655, 1249269164
656, 1249269172
657, 1249269180
658, 1249269199
659, 1249269202
660, 1249269210
661, 1249269229
662, 1249269237
663, 1249269253
664, 1249269261
665, 124926927X
666, 1249269288
667, 1249269296
668, 124926930X
669, 1249269318
670, 1249269326
671, 1249269334
672, 1249269342
673, 1249269350
674, 1249269369
675, 1249269377
676, 1249269385
677, 1249269393
678, 1249269407
679, 1249269415
680, 1249269423
681, 1249269431
682, 124926944X
683, 1249269458
684, 1249269466
685, 1249269474
686, 1249269482
687, 1249269490
688, 1249269512
689, 1249269520
690, 1249269539
691, 1249269547
692, 1249269555
693, 1249269563
694, 1249269571
695, 1249269598
696, 1249269601
697, 124926961X
698, 1249269628
699, 1249269636
700, 1249269652
701, 1249269660
702, 1249269679
703, 1249269687
704, 1249269709
705, 1249269717
706, 1249269725
707, 1249269733
708, 1249269741
709, 124926975X
710, 1249269768
711, 1249269776
712, 1249269784
713, 1249269792
714, 1249269806
715, 1249269814
716, 1249269822
717, 1249269830
718, 1249269849
719, 1249269857
720, 1249269865
721, 1249269873
722, 124926989X
723, 1249269911
724, 124926992X
725, 1249269938
726, 1249269946
727, 1249269954
728, 1249269962
729, 1249269970
730, 1249269989
731, 1249269997
732, 1249270006
733, 1249270014
734, 1249270022
735, 1249270030
736, 1249270049
737, 1249270057
738, 1249270065
739, 1249270073
740, 1249270081
741, 124927009X
742, 1249270103
743, 1249270111
744, 124927012X
745, 1249270138
746, 1249270146
747, 1249270154
748, 1249270162
749, 1249270170
750, 1249270197
751, 1249270200
752, 1249270219
753, 1249270227
754, 1249270235
755, 1249270243
756, 1249270251
757, 124927026X
758, 1249270278
759, 1249270286
760, 1249270294
761, 1249270308
762, 1249270316
763, 1249270324
764, 1249270332
765, 1249270340
766, 1249270359
767, 1249270367
768, 1249270375
769, 1249270383
770, 1249270391
771, 1249270405
772, 1249270413
773, 1249270421
774, 124927043X
775, 1249270448
776, 1249270456
777, 1249270464
778, 1249270472
779, 1249270480
780, 1249270499
781, 1249270502
782, 1249270510
783, 1249270529
784, 1249270537
785, 1249270545
786, 1249270553
787, 1249270561
788, 124927057X
789, 1249270588
790, 1249270596
791, 124927060X
792, 1249270618
793, 1249270626
794, 1249270634
795, 1249270642
796, 1249270650
797, 1249270669
798, 1249270677
799, 1249270685
800, 1249270693
801, 1249270707
802, 1249270715
803, 1249270723
804, 1249270731
805, 124927074X
806, 1249270758
807, 1249270766
808, 1249270774
809, 1249270782
810, 1249270790
811, 1249270804
812, 1249270812
813, 1249270820
814, 1249270839
815, 1249270847
816, 1249270855
817, 1249270863
818, 1249270871
819, 124927088X
820, 1249270898
821, 1249270901
822, 124927091X
823, 1249270928
824, 1249270936
825, 1249270944
826, 1249270952
827, 1249270960
828, 1249270979
829, 1249270987
830, 1249270995
831, 1249271002
832, 1249271010
833, 1249271029
834, 1249271037
835, 1249271045
836, 1249271053
837, 1249271061
838, 124927107X
839, 1249271088
840, 1249271096
841, 124927110X
842, 1249271126
843, 1249271134
844, 1249271142
845, 1249271150
846, 1249271169
847, 1249271177
848, 1249271185
849, 1249271193
850, 1249271207
851, 1249271215
852, 1249271231
853, 124927124X
854, 1249271258
855, 1249271266
856, 1249271274
857, 1249271282
858, 1249271304
859, 1249271312
860, 1249271320
861, 1249271339
862, 1249271347
863, 1249271355
864, 1249271363
865, 1249271371
866, 124927138X
867, 1249271398
868, 1249271401
869, 1249271428
870, 1249271436
871, 1249271444
872, 1249271452
873, 1249271460
874, 1249271479
875, 1249271487
876, 1249271495
877, 1249271509
878, 1249271517
879, 1249271525
880, 1249271533
881, 1249271541
882, 124927155X
883, 1249271568
884, 1249271576
885, 1249271584
886, 1249271592
887, 1249271606
888, 1249271614
889, 1249271622
890, 1249271630
891, 1249271649
892, 1249271657
893, 1249271665
894, 1249271673
895, 1249271681
896, 124927169X
897, 1249271703
898, 1249271711
899, 124927172X
900, 1249271738
901, 1249271754
902, 1249271762
903, 1249271770
904, 1249271789
905, 1249271797
906, 1249271800
907, 1249271819
908, 1249271827
909, 1249271835
910, 1249271843
911, 1249271851
912, 124927186X
913, 1249271878
914, 1249271886
915, 1249271894
916, 1249271908
917, 1249271916
918, 1249271924
919, 1249271932
920, 1249271940
921, 1249271959
922, 1249271967
923, 1249271983
924, 1249271991
925, 1249272009
926, 1249272017
927, 1249272025
928, 1249272033
929, 1249272041
930, 124927205X
931, 1249272068
932, 1249272076
933, 1249272084
934, 1249272092
935, 1249272106
936, 1249272114
937, 1249272122
938, 1249272130
939, 1249272149
940, 1249272157
941, 1249272165
942, 1249272173
943, 1249272181
944, 124927219X
945, 1249272203
946, 1249272211
947, 124927222X
948, 1249272238
949, 1249272246
950, 1249272254
951, 1249272262
952, 1249272270
953, 1249272289
954, 1249272297
955, 1249272300
956, 1249272319
957, 1249272327
958, 1249272335
959, 1249272343
960, 1249272351
961, 1249272378
962, 1249272386
963, 1249272394
964, 1249272408
965, 1249272416
966, 1249272424
967, 1249272432
968, 1249272440
969, 1249272459
970, 1249272467
971, 1249272475
972, 1249272483
973, 1249272491
974, 1249272505
975, 1249272513
976, 1249272521
977, 124927253X
978, 1249272548
979, 1249272556
980, 1249272564
981, 1249272572
982, 1249272580
983, 1249272599
984, 1249272602
985, 1249272610
986, 1249272629
987, 1249272637
988, 1249272645
989, 1249272653
990, 1249272661
991, 124927267X
992, 1249272688
993, 1249272696
994, 124927270X
995, 1249272718
996, 1249272726
997, 1249272734
998, 1249272742
999, 1249272750
1000, 1249272769
