1, 1249347386,"---> 1249347386"
2, 1249347394,"---> 1249347394"
3, 1249347408,"---> 1249347408"
4, 1249347416,"Möglicherweise Dublette; 'TSL 'mitgstve'' auch in PPN 1249347033","Satz gespeichert","---> 1249347416"
5, 1249347424,"---> 1249347424"
6, 1249347432,"---> 1249347432"
7, 1249347459,"---> 1249347459"
8, 1249347467,"---> 1249347467"
9, 1249347475,"---> 1249347475"
10, 1249347483,"---> 1249347483"
11, 1249347491,"Möglicherweise Dublette; 'TSL 'mitganst'' auch in PPN 1249347157","Satz gespeichert","---> 1249347491"
12, 1249347505,"---> 1249347505"
13, 1249347513,"---> 1249347513"
14, 1249347521,"Möglicherweise Dublette; 'TSL 'mitgurst'' auch in PPN 1249347394","Satz gespeichert","---> 1249347521"
15, 1249347548,"Möglicherweise Dublette; 'TSL 'mitgstve'' auch in PPN 1249347033","Satz gespeichert","---> 1249347548"
16, 1249347556,"---> 1249347556"
17, 1249347564,"Möglicherweise Dublette; 'TSL 'mitgjost'' auch in PPN 1249347254","Satz gespeichert","---> 1249347564"
18, 1249347572,"---> 1249347572"
19, 1249347580,"Möglicherweise Dublette; 'TSL 'mitgutst'' auch in PPN 1249347408","Satz gespeichert","---> 1249347580"
20, 1249347599,"Möglicherweise Dublette; 'TSL 'mitgrest'' auch in PPN 1249347300","Satz gespeichert","---> 1249347599"
21, 1249347602,"---> 1249347602"
22, 1249347610,"---> 1249347610"
23, 1249347629,"---> 1249347629"
24, 1249347637,"---> 1249347637"
25, 1249347645,"Möglicherweise Dublette; 'TSL 'mitgerst'' auch in PPN 1249347602","Satz gespeichert","---> 1249347645"
26, 1249347653,"Möglicherweise Dublette; 'TSL 'mitgfrst'' auch in PPN 1249303230","Satz gespeichert","---> 1249347653"
27, 1249347661,"---> 1249347661"
28, 124934767X,"---> 124934767X"
29, 1249347688,"---> 1249347688"
30, 1249347696,"Möglicherweise Dublette; 'TSL 'mitgstve'' auch in PPN 1249347033","Satz gespeichert","---> 1249347696"
31, 124934770X,"Möglicherweise Dublette; 'TSL 'mitgstve'' auch in PPN 1249347033","Satz gespeichert","---> 124934770X"
32, 1249347718,"Möglicherweise Dublette; 'TSL 'mitgmast'' auch in PPN 1249347386","Satz gespeichert","---> 1249347718"
33, 1249347726,"---> 1249347726"
34, 1249347734,"Möglicherweise Dublette; 'TSL 'mitgrest'' auch in PPN 1249347300","Satz gespeichert","---> 1249347734"
35, 1249347742,"---> 1249347742"
36, 1249347750,"---> 1249347750"
37, 1249347769,"---> 1249347769"
38, 1249347777,"Möglicherweise Dublette; 'TSL 'mitgrest'' auch in PPN 1249347300","Satz gespeichert","---> 1249347777"
39, 1249347785,"---> 1249347785"
40, 1249347793,"---> 1249347793"
41, 1249347807,"Möglicherweise Dublette; 'TSL 'mitganst'' auch in PPN 1249347157","Satz gespeichert","---> 1249347807"
42, 1249347815,"Möglicherweise Dublette; 'TSL 'mitgkast'' auch in PPN 1249347475","Satz gespeichert","---> 1249347815"
43, 1249347823,"Möglicherweise Dublette; 'TSL 'mitgrest'' auch in PPN 1249347300","Satz gespeichert","---> 1249347823"
44, 1249347831,"Möglicherweise Dublette; 'TSL 'mitgdrros'' auch in PPN 1249274974","Satz gespeichert","---> 1249347831"
45, 124934784X,"Möglicherweise Dublette; 'TSL 'mitghest'' auch in PPN 1249347149","Satz gespeichert","---> 124934784X"
46, 1249347858,"---> 1249347858"
47, 1249347866,"---> 1249347866"
48, 1249347874,"---> 1249347874"
49, 1249347882,"---> 1249347882"
50, 1249347890,"---> 1249347890"
51, 1249347904,"Möglicherweise Dublette; 'TSL 'mitgfrst'' auch in PPN 1249303230","Satz gespeichert","---> 1249347904"
52, 1249347912,"Möglicherweise Dublette; 'TSL 'mitgst'' auch in PPN 551523859","Satz gespeichert","---> 1249347912"
53, 1249347920,"Möglicherweise Dublette; 'TSL 'mitgotst'' auch in PPN 1249347858","Satz gespeichert","---> 1249347920"
54, 1249347939,"Möglicherweise Dublette; 'TSL 'mitgst'' auch in PPN 551523859","Satz gespeichert","---> 1249347939"
55, 1249347947,"---> 1249347947"
56, 1249347955,"Möglicherweise Dublette; 'TSL 'mitgst'' auch in PPN 551523859","Satz gespeichert","---> 1249347955"
57, 1249347963,"Möglicherweise Dublette; 'TSL 'mitgst'' auch in PPN 551523859","Satz gespeichert","---> 1249347963"
58, 1249347971,"---> 1249347971"
59, 124934798X,"---> 124934798X"
60, 1249347998,"---> 1249347998"
61, 1249348005,"Möglicherweise Dublette; 'TSL 'mitgst'' auch in PPN 551523859","Satz gespeichert","---> 1249348005"
62, 1249348013,"---> 1249348013"
63, 1249348021,"Möglicherweise Dublette; 'TSL 'mitgulc a'' auch in PPN 1249265568","Satz gespeichert","---> 1249348021"
64, 124934803X,"---> 124934803X"
65, 1249348048,"---> 1249348048"
66, 1249348056,"Möglicherweise Dublette; 'TSL 'mitgalst'' auch in PPN 1249347785","Satz gespeichert","---> 1249348056"
67, 1249348064,"Möglicherweise Dublette; 'TSL 'mitghast'' auch in PPN 1249348013","Satz gespeichert","---> 1249348064"
68, 1249348072,"Möglicherweise Dublette; 'TSL 'mitghast'' auch in PPN 1249348013","Satz gespeichert","---> 1249348072"
69, 1249348080,"Möglicherweise Dublette; 'TSL 'mitgjost'' auch in PPN 1249347254","Satz gespeichert","---> 1249348080"
70, 1249348099,"Möglicherweise Dublette; 'TSL 'mitgjost'' auch in PPN 1249347254","Satz gespeichert","---> 1249348099"
71, 1249348102,"---> 1249348102"
72, 1249348110,"Möglicherweise Dublette; 'TSL 'mitgerst'' auch in PPN 1249347602","Satz gespeichert","---> 1249348110"
73, 1249348129,"Möglicherweise Dublette; 'TSL 'mitgstve'' auch in PPN 1249347033","Satz gespeichert","---> 1249348129"
74, 1249348137,"---> 1249348137"
75, 1249348145,"---> 1249348145"
76, 1249348153,"Möglicherweise Dublette; 'TSL 'mitgmast'' auch in PPN 1249347386","Satz gespeichert","---> 1249348153"
77, 1249348161,"Möglicherweise Dublette; 'TSL 'mitghest'' auch in PPN 1249347149","Satz gespeichert","---> 1249348161"
78, 124934817X,"---> 124934817X"
79, 1249348188,"Möglicherweise Dublette; 'TSL 'mitggest'' auch in PPN 1249347629","Satz gespeichert","---> 1249348188"
80, 1249348196,"Möglicherweise Dublette; 'TSL 'mitghast'' auch in PPN 1249348013","Satz gespeichert","---> 1249348196"
81, 124934820X,"---> 124934820X"
82, 1249348218,"Möglicherweise Dublette; 'TSL 'mitgrost'' auch in PPN 1249347017","Satz gespeichert","---> 1249348218"
83, 1249348226,"Möglicherweise Dublette; 'TSL 'mitgmist'' auch in PPN 1249347041","Satz gespeichert","---> 1249348226"
84, 1249348234,"Möglicherweise Dublette; 'TSL 'mitgfrst'' auch in PPN 1249303230","Satz gespeichert","---> 1249348234"
85, 1249348242,"Möglicherweise Dublette; 'TSL 'mitganst'' auch in PPN 1249347157","Satz gespeichert","---> 1249348242"
86, 1249348250,"---> 1249348250"
87, 1249348269,"Möglicherweise Dublette; 'TSL 'mitghest'' auch in PPN 1249347149","Satz gespeichert","---> 1249348269"
88, 1249348277,"Möglicherweise Dublette; 'TSL 'mitghest'' auch in PPN 1249347149","Satz gespeichert","---> 1249348277"
89, 1249348285,"Möglicherweise Dublette; 'TSL 'mitgklst'' auch in PPN 1249347459","Satz gespeichert","---> 1249348285"
90, 1249348293,"---> 1249348293"
91, 1249348315,"---> 1249348315"
92, 1249348323,"Möglicherweise Dublette; 'TSL 'mitgwost'' auch in PPN 124934722X","Satz gespeichert","---> 1249348323"
93, 1249348331,"Möglicherweise Dublette; 'TSL 'mitganst'' auch in PPN 1249347157","Satz gespeichert","---> 1249348331"
94, 124934834X,"Möglicherweise Dublette; 'TSL 'mitghast'' auch in PPN 1249348013","Satz gespeichert","---> 124934834X"
95, 1249348358,"Möglicherweise Dublette; 'TSL 'mitghest'' auch in PPN 1249347149","Satz gespeichert","---> 1249348358"
96, 1249348366,"---> 1249348366"
97, 1249348374,"---> 1249348374"
98, 1249348382,"---> 1249348382"
99, 1249348390,"Möglicherweise Dublette; 'TSL 'mitgst'' auch in PPN 551523859","Satz gespeichert","---> 1249348390"
100, 1249348404,"---> 1249348404"
101, 1249348412,"---> 1249348412"
102, 1249348420,"Möglicherweise Dublette; 'TSL 'mitglist'' auch in PPN 124934767X","Satz gespeichert","---> 1249348420"
103, 1249348439,"Möglicherweise Dublette; 'TSL 'mitgstve'' auch in PPN 1249347033","Satz gespeichert","---> 1249348439"
104, 1249348447,"Möglicherweise Dublette; 'TSL 'mitgcast'' auch in PPN 1249348382","Satz gespeichert","---> 1249348447"
105, 1249348455,"---> 1249348455"
106, 1249348463,"---> 1249348463"
107, 1249348471,"---> 1249348471"
108, 124934848X,"---> 124934848X"
109, 1249348498,"---> 1249348498"
110, 1249348501,"Möglicherweise Dublette; 'TSL 'mitgst'' auch in PPN 551523859","Satz gespeichert","---> 1249348501"
111, 124934851X,"---> 124934851X"
112, 1249348528,"---> 1249348528"
113, 1249348536,"---> 1249348536"
114, 1249348552,"Möglicherweise Dublette; 'TSL 'mitgmist'' auch in PPN 1249347041","Satz gespeichert","---> 1249348552"
115, 1249348579,"Möglicherweise Dublette; 'TSL 'mitgwost'' auch in PPN 124934722X","Satz gespeichert","---> 1249348579"
116, 1249348595,"Möglicherweise Dublette; 'TSL 'mitggrst'' auch in PPN 1249348293","Satz gespeichert","---> 1249348595"
117, 1249348609,"Möglicherweise Dublette; 'TSL 'mitghau e'' auch in PPN 1249294851","Satz gespeichert","---> 1249348609"
118, 1249348617,"---> 1249348617"
119, 1249348625,"Möglicherweise Dublette; 'TSL 'mitgpast'' auch in PPN 1249347793","Satz gespeichert","---> 1249348625"
120, 1249348633,"Möglicherweise Dublette; 'TSL 'mitghast'' auch in PPN 1249348013","Satz gespeichert","---> 1249348633"
121, 1249348641,"Möglicherweise Dublette; 'TSL 'mitghost'' auch in PPN 1249347556","Satz gespeichert","---> 1249348641"
122, 124934865X,"Möglicherweise Dublette; 'TSL 'mitganu a'' auch in PPN 1249341590","Satz gespeichert","---> 124934865X"
123, 1249348668,"Möglicherweise Dublette; 'TSL 'mitgmist'' auch in PPN 1249347041","Satz gespeichert","---> 1249348668"
124, 1249348676,"Möglicherweise Dublette; 'TSL 'mitgjost'' auch in PPN 1249347254","Satz gespeichert","---> 1249348676"
125, 1249348684,"Möglicherweise Dublette; 'TSL 'mitggust'' auch in PPN 1249348617","Satz gespeichert","---> 1249348684"
126, 1249348692,"Möglicherweise Dublette; 'TSL 'mitgkast'' auch in PPN 1249347475","Satz gespeichert","---> 1249348692"
127, 1249348706,"Möglicherweise Dublette; 'TSL 'mitgwist'' auch in PPN 124934820X","Satz gespeichert","---> 1249348706"
128, 1249348714,"Möglicherweise Dublette; 'TSL 'mitgerst'' auch in PPN 1249347602","Satz gespeichert","---> 1249348714"
129, 1249348722,"Möglicherweise Dublette; 'TSL 'mitgklst'' auch in PPN 1249347459","Satz gespeichert","---> 1249348722"
130, 1249348730,"Möglicherweise Dublette; 'TSL 'mitgklst'' auch in PPN 1249347459","Satz gespeichert","---> 1249348730"
131, 1249348749,"Möglicherweise Dublette; 'TSL 'mitganst'' auch in PPN 1249347157","Satz gespeichert","---> 1249348749"
132, 1249348757,"Möglicherweise Dublette; 'TSL 'mitgalst'' auch in PPN 1249347785","Satz gespeichert","---> 1249348757"
133, 1249348765,"---> 1249348765"
134, 1249348773,"---> 1249348773"
135, 1249348781,"Möglicherweise Dublette; 'TSL 'mitghast'' auch in PPN 1249348013","Satz gespeichert","---> 1249348781"
136, 124934879X,"Möglicherweise Dublette; 'TSL 'mitgjust'' auch in PPN 1249347750","Satz gespeichert","---> 124934879X"
137, 1249348803,"Möglicherweise Dublette; 'TSL 'mitgklst'' auch in PPN 1249347459","Satz gespeichert","---> 1249348803"
138, 1249348811,"---> 1249348811"
139, 124934882X,"Möglicherweise Dublette; 'TSL 'mitgst'' auch in PPN 551523859","Satz gespeichert","---> 124934882X"
140, 1249348838,"Möglicherweise Dublette; 'TSL 'mitgst'' auch in PPN 551523859","Satz gespeichert","---> 1249348838"
141, 1249348846,"Möglicherweise Dublette; 'TSL 'mitgmast'' auch in PPN 1249347386","Satz gespeichert","---> 1249348846"
142, 1249348854,"Möglicherweise Dublette; 'TSL 'mitgdrwas'' auch in PPN 1249276993","Satz gespeichert","---> 1249348854"
143, 1249348862,"Möglicherweise Dublette; 'TSL 'mitgwist'' auch in PPN 124934820X","Satz gespeichert","---> 1249348862"
144, 1249348870,"Möglicherweise Dublette; 'TSL 'mitgdist'' auch in PPN 1249347998","Satz gespeichert","---> 1249348870"
145, 1249348889,"---> 1249348889"
146, 1249348897,"---> 1249348897"
147, 1249348900,"Möglicherweise Dublette; 'TSL 'mitgstbu'' auch in PPN 1217500731","Satz gespeichert","---> 1249348900"
148, 1249348919,"Möglicherweise Dublette; 'TSL 'mitgkast'' auch in PPN 1249347475","Satz gespeichert","---> 1249348919"
149, 1249348927,"Möglicherweise Dublette; 'TSL 'mitgwast'' auch in PPN 1249348811","Satz gespeichert","---> 1249348927"
150, 1249348943,"Möglicherweise Dublette; 'TSL 'mitgstbu'' auch in PPN 1217500731","Satz gespeichert","---> 1249348943"
151, 1249348951,"---> 1249348951"
152, 124934896X,"Möglicherweise Dublette; 'TSL 'mitgsubu'' auch in PPN 1249348951","Satz gespeichert","---> 124934896X"
153, 1249348978,"---> 1249348978"
154, 1249348986,"---> 1249348986"
155, 1249348994,"---> 1249348994"
156, 1249349001,"Möglicherweise Dublette; 'TSL 'mitgsugm'' auch in PPN 1249348994","Satz gespeichert","---> 1249349001"
157, 124934901X,"---> 124934901X"
158, 1249349028,"---> 1249349028"
159, 1249349036,"Möglicherweise Dublette; 'TSL 'mitgsubu'' auch in PPN 1249348951","Satz gespeichert","---> 1249349036"
160, 1249349044,"Möglicherweise Dublette; 'TSL 'mitgsu'' auch in PPN 124934901X","Satz gespeichert","---> 1249349044"
161, 1249349052,"Möglicherweise Dublette; 'TSL 'mitgsuve'' auch in PPN 1249349044","Satz gespeichert","---> 1249349052"
162, 1249349060,"---> 1249349060"
163, 1249349079,"---> 1249349079"
164, 1249349087,"---> 1249349087"
165, 1249349095,"---> 1249349095"
166, 1249349109,"---> 1249349109"
167, 1249349117,"---> 1249349117"
168, 1249349125,"---> 1249349125"
169, 1249349133,"---> 1249349133"
170, 124934915X,"---> 124934915X"
171, 1249349168,"---> 1249349168"
172, 1249349176,"---> 1249349176"
173, 1249349184,"---> 1249349184"
174, 1249349192,"Möglicherweise Dublette; 'TSL 'mitgsybu'' auch in PPN 1249349184","Satz gespeichert","---> 1249349192"
175, 1249349206,"---> 1249349206"
176, 1249349214,"---> 1249349214"
177, 1249349222,"Möglicherweise Dublette; 'TSL 'mitgsyve'' auch in PPN 1249349214","Satz gespeichert","---> 1249349222"
178, 1249349230,"Möglicherweise Dublette; 'TSL 'mitgsyve'' auch in PPN 1249349214","Satz gespeichert","---> 1249349230"
179, 1249349249,"Möglicherweise Dublette; 'TSL 'mitgsybu'' auch in PPN 1249349184","Satz gespeichert","---> 1249349249"
180, 1249349257,"---> 1249349257"
181, 1249349265,"Möglicherweise Dublette; 'TSL 'mitgsyve'' auch in PPN 1249349214","Satz gespeichert","---> 1249349265"
182, 1249349273,"Möglicherweise Dublette; 'TSL 'mitgsy'' auch in PPN 1249349222","Satz gespeichert","---> 1249349273"
183, 1249349281,"Möglicherweise Dublette; 'TSL 'mitgsy'' auch in PPN 1249349222","Satz gespeichert","---> 1249349281"
184, 124934929X,"---> 124934929X"
185, 1249349303,"---> 1249349303"
186, 1249349311,"---> 1249349311"
187, 124934932X,"---> 124934932X"
188, 1249349338,"---> 1249349338"
189, 1249349346,"---> 1249349346"
190, 1249349362,"---> 1249349362"
191, 1249349370,"---> 1249349370"
192, 1249349389,"---> 1249349389"
193, 1249349397,"Möglicherweise Dublette; 'TSL 'mitgtave'' auch in PPN 1249349370","Satz gespeichert","---> 1249349397"
194, 1249349400,"---> 1249349400"
195, 1249349427,"---> 1249349427"
196, 1249349435,"---> 1249349435"
197, 1249349443,"Möglicherweise Dublette; 'TSL 'mitgtave'' auch in PPN 1249349370","Satz gespeichert","---> 1249349443"
198, 1249349451,"Möglicherweise Dublette; 'TSL 'mitgta'' auch in PPN 1249349443","Satz gespeichert","---> 1249349451"
199, 124934946X,"Möglicherweise Dublette; 'TSL 'mitgta'' auch in PPN 1249349443","Satz gespeichert","---> 124934946X"
200, 1249349478,"---> 1249349478"
201, 1249349486,"Möglicherweise Dublette; 'TSL 'mitgtave'' auch in PPN 1249349370","Satz gespeichert","---> 1249349486"
202, 1249349494,"Möglicherweise Dublette; 'TSL 'mitghata'' auch in PPN 1249349400","Satz gespeichert","---> 1249349494"
203, 1249349508,"---> 1249349508"
204, 1249349516,"---> 1249349516"
205, 1249349524,"---> 1249349524"
206, 1249349532,"---> 1249349532"
207, 1249349540,"---> 1249349540"
208, 1249349559,"---> 1249349559"
209, 1249349567,"---> 1249349567"
210, 1249349575,"---> 1249349575"
211, 1249349583,"---> 1249349583"
212, 1249349591,"---> 1249349591"
213, 1249349605,"Möglicherweise Dublette; 'TSL 'mitgheta'' auch in PPN 1249349559","Satz gespeichert","---> 1249349605"
214, 1249349613,"---> 1249349613"
215, 1249349621,"Möglicherweise Dublette; 'TSL 'mitgta'' auch in PPN 1249349443","Satz gespeichert","---> 1249349621"
216, 124934963X,"---> 124934963X"
217, 1249349648,"---> 1249349648"
218, 1249349656,"Möglicherweise Dublette; 'TSL 'mitgte'' auch in PPN 969132891","Satz gespeichert","---> 1249349656"
219, 1249349664,"---> 1249349664"
220, 1249349672,"---> 1249349672"
221, 1249349680,"---> 1249349680"
222, 1249349699,"---> 1249349699"
223, 1249349702,"---> 1249349702"
224, 1249349710,"---> 1249349710"
225, 1249349729,"---> 1249349729"
226, 1249349737,"---> 1249349737"
227, 1249349745,"---> 1249349745"
228, 1249349753,"---> 1249349753"
229, 1249349761,"Möglicherweise Dublette; 'TSL 'mitgte'' auch in PPN 969132891","Satz gespeichert","---> 1249349761"
230, 124934977X,"---> 124934977X"
231, 1249349788,"---> 1249349788"
232, 1249349796,"---> 1249349796"
233, 124934980X,"Möglicherweise Dublette; 'TSL 'mitgmate'' auch in PPN 1249349729","Satz gespeichert","---> 124934980X"
234, 1249349818,"Möglicherweise Dublette; 'TSL 'mitgmate'' auch in PPN 1249349729","Satz gespeichert","---> 1249349818"
235, 1249349826,"---> 1249349826"
236, 1249349834,"---> 1249349834"
237, 1249349842,"---> 1249349842"
238, 1249349850,"---> 1249349850"
239, 1249349869,"---> 1249349869"
240, 1249349877,"Möglicherweise Dublette; 'TSL 'mitgerte'' auch in PPN 1119650674","Satz gespeichert","---> 1249349877"
241, 1249349885,"---> 1249349885"
242, 1249349893,"Möglicherweise Dublette; 'TSL 'mitgteve'' auch in PPN 1249349761","Satz gespeichert","---> 1249349893"
243, 1249349907,"---> 1249349907"
244, 1249349915,"---> 1249349915"
245, 1249349923,"---> 1249349923"
246, 1249349931,"---> 1249349931"
247, 124934994X,"---> 124934994X"
248, 1249349958,"Möglicherweise Dublette; 'TSL 'mitgteve'' auch in PPN 1249349761","Satz gespeichert","---> 1249349958"
249, 1249349966,"---> 1249349966"
250, 1249349974,"---> 1249349974"
251, 1249349982,"---> 1249349982"
252, 1249349990,"---> 1249349990"
253, 124935000X,"---> 124935000X"
254, 1249350018,"---> 1249350018"
255, 1249350026,"Möglicherweise Dublette; 'TSL 'mitgth'' auch in PPN 1249349990","Satz gespeichert","---> 1249350026"
256, 1249350034,"Möglicherweise Dublette; 'TSL 'mitgth'' auch in PPN 1249349990","Satz gespeichert","---> 1249350034"
257, 1249350042,"---> 1249350042"
258, 1249350050,"---> 1249350050"
259, 1249350069,"Möglicherweise Dublette; 'TSL 'mitgdrret'' auch in PPN 1249349907","Satz gespeichert","---> 1249350069"
260, 1249350077,"---> 1249350077"
261, 1249350085,"Möglicherweise Dublette; 'TSL 'mitgthve'' auch in PPN 1249349990","Satz gespeichert","---> 1249350085"
262, 1249350093,"Möglicherweise Dublette; 'TSL 'mitgth'' auch in PPN 1249349990","Satz gespeichert","---> 1249350093"
263, 1249350107,"---> 1249350107"
264, 1249350115,"Möglicherweise Dublette; 'TSL 'mitgerth'' auch in PPN 1249349982","Satz gespeichert","---> 1249350115"
265, 1249350123,"---> 1249350123"
266, 1249350131,"Möglicherweise Dublette; 'TSL 'mitgjoth'' auch in PPN 124935000X","Satz gespeichert","---> 1249350131"
267, 124935014X,"Möglicherweise Dublette; 'TSL 'mitggeth'' auch in PPN 1249305632","Satz gespeichert","---> 124935014X"
268, 1249350158,"---> 1249350158"
269, 1249350166,"---> 1249350166"
270, 1249350174,"---> 1249350174"
271, 1249350182,"---> 1249350182"
272, 1249350190,"---> 1249350190"
273, 1249350204,"---> 1249350204"
274, 1249350212,"---> 1249350212"
275, 1249350220,"---> 1249350220"
276, 1249350239,"---> 1249350239"
277, 1249350255,"---> 1249350255"
278, 1249350263,"---> 1249350263"
279, 1249350271,"---> 1249350271"
280, 124935028X,"Möglicherweise Dublette; 'TSL 'mitganth'' auch in PPN 1249350042","Satz gespeichert","---> 124935028X"
281, 1249350298,"---> 1249350298"
282, 1249350301,"---> 1249350301"
283, 124935031X,"---> 124935031X"
284, 1249350328,"---> 1249350328"
285, 1249350336,"---> 1249350336"
286, 1249350344,"---> 1249350344"
287, 1249350352,"Möglicherweise Dublette; 'TSL 'mitgthbu'' auch in PPN 1249350204","Satz gespeichert","---> 1249350352"
288, 1249350360,"Möglicherweise Dublette; 'TSL 'mitggeth'' auch in PPN 1249305632","Satz gespeichert","---> 1249350360"
289, 1249350379,"---> 1249350379"
290, 1249350387,"---> 1249350387"
291, 1249350395,"---> 1249350395"
292, 1249350409,"---> 1249350409"
293, 1249350417,"---> 1249350417"
294, 1249350425,"---> 1249350425"
295, 1249350433,"---> 1249350433"
296, 1249350441,"---> 1249350441"
297, 124935045X,"---> 124935045X"
298, 1249350468,"---> 1249350468"
299, 1249350476,"Möglicherweise Dublette; 'TSL 'mitgtive'' auch in PPN 1249350387","Satz gespeichert","---> 1249350476"
300, 1249350484,"Möglicherweise Dublette; 'TSL 'mitgti'' auch in PPN 961011181","Satz gespeichert","---> 1249350484"
301, 1249350492,"---> 1249350492"
302, 1249350506,"---> 1249350506"
303, 1249350514,"---> 1249350514"
304, 1249350522,"---> 1249350522"
305, 1249350530,"---> 1249350530"
306, 1249350549,"---> 1249350549"
307, 1249350557,"---> 1249350557"
308, 1249350565,"---> 1249350565"
309, 1249350573,"---> 1249350573"
310, 1249350581,"---> 1249350581"
311, 124935059X,"---> 124935059X"
312, 1249350603,"---> 1249350603"
313, 1249350611,"---> 1249350611"
314, 124935062X,"---> 124935062X"
315, 1249350638,"---> 1249350638"
316, 1249350646,"---> 1249350646"
317, 1249350654,"---> 1249350654"
318, 1249350662,"---> 1249350662"
319, 1249350670,"---> 1249350670"
320, 1249350689,"Möglicherweise Dublette; 'TSL 'mitgrevot'' auch in PPN 1249350670","Satz gespeichert","---> 1249350689"
321, 1249350697,"---> 1249350697"
322, 1249350700,"---> 1249350700"
323, 1249350719,"---> 1249350719"
324, 1249350727,"---> 1249350727"
325, 1249350735,"---> 1249350735"
326, 1249350743,"---> 1249350743"
327, 1249350751,"---> 1249350751"
328, 124935076X,"---> 124935076X"
329, 1249350778,"---> 1249350778"
330, 1249350786,"---> 1249350786"
331, 1249350794,"---> 1249350794"
332, 1249350808,"---> 1249350808"
333, 1249350816,"---> 1249350816"
334, 1249350824,"Möglicherweise Dublette; 'TSL 'mitgtove'' auch in PPN 124935076X","Satz gespeichert","---> 1249350824"
335, 1249350832,"Möglicherweise Dublette; 'TSL 'mitgtove'' auch in PPN 124935076X","Satz gespeichert","---> 1249350832"
336, 1249350840,"---> 1249350840"
337, 1249350859,"---> 1249350859"
338, 1249350875,"Möglicherweise Dublette; 'TSL 'mitgtove'' auch in PPN 124935076X","Satz gespeichert","---> 1249350875"
339, 1249350883,"---> 1249350883"
340, 1249350891,"Möglicherweise Dublette; 'TSL 'mitgtove'' auch in PPN 124935076X","Satz gespeichert","---> 1249350891"
341, 1249350905,"---> 1249350905"
342, 1249350913,"---> 1249350913"
343, 1249350921,"---> 1249350921"
344, 124935093X,"Möglicherweise Dublette; 'TSL 'mitgtr'' auch in PPN 1249350913","Satz gespeichert","---> 124935093X"
345, 1249350948,"Möglicherweise Dublette; 'TSL 'mitgtrve'' auch in PPN 1249350921","Satz gespeichert","---> 1249350948"
346, 1249350956,"---> 1249350956"
347, 1249350964,"---> 1249350964"
348, 1249350972,"---> 1249350972"
349, 1249350980,"Möglicherweise Dublette; 'TSL 'mitgtrve'' auch in PPN 1249350921","Satz gespeichert","---> 1249350980"
350, 1249350999,"---> 1249350999"
351, 1249351014,"---> 1249351014"
352, 1249351022,"Möglicherweise Dublette; 'TSL 'mitgheu e'' auch in PPN 1249336112","Satz gespeichert","---> 1249351022"
353, 1249351030,"Möglicherweise Dublette; 'TSL 'mitgtrve'' auch in PPN 1249350921","Satz gespeichert","---> 1249351030"
354, 1249351049,"Möglicherweise Dublette; 'TSL 'mitgtrve'' auch in PPN 1249350921","Satz gespeichert","---> 1249351049"
355, 1249351057,"---> 1249351057"
356, 1249351065,"Möglicherweise Dublette; 'TSL 'mitgtrve'' auch in PPN 1249350921","Satz gespeichert","---> 1249351065"
357, 1249351073,"Möglicherweise Dublette; 'TSL 'mitgtr'' auch in PPN 1249350913","Satz gespeichert","---> 1249351073"
358, 1249351081,"---> 1249351081"
359, 124935109X,"---> 124935109X"
360, 1249351103,"---> 1249351103"
361, 1249351111,"---> 1249351111"
362, 124935112X,"---> 124935112X"
363, 1249351138,"Möglicherweise Dublette; 'TSL 'mitgwitr'' auch in PPN 1249351081","Satz gespeichert","---> 1249351138"
364, 1249351146,"---> 1249351146"
365, 1249351154,"Möglicherweise Dublette; 'TSL 'mitghatr'' auch in PPN 1249351111","Satz gespeichert","---> 1249351154"
366, 1249351162,"---> 1249351162"
367, 1249351170,"---> 1249351170"
368, 1249351189,"---> 1249351189"
369, 1249351197,"---> 1249351197"
370, 1249351200,"---> 1249351200"
371, 1249351219,"---> 1249351219"
372, 1249351227,"---> 1249351227"
373, 1249351235,"Möglicherweise Dublette; 'TSL 'mitgtu'' auch in PPN 1249351227","Satz gespeichert","---> 1249351235"
374, 1249351243,"---> 1249351243"
375, 1249351251,"---> 1249351251"
376, 124935126X,"---> 124935126X"
377, 1249351278,"---> 1249351278"
378, 1249351286,"---> 1249351286"
379, 1249351294,"---> 1249351294"
380, 1249351308,"---> 1249351308"
381, 1249351316,"---> 1249351316"
382, 1249351324,"---> 1249351324"
383, 1249351332,"---> 1249351332"
384, 1249351340,"---> 1249351340"
385, 1249351359,"---> 1249351359"
386, 1249351367,"---> 1249351367"
387, 1249351375,"---> 1249351375"
388, 1249351383,"---> 1249351383"
389, 1249351391,"Möglicherweise Dublette; 'TSL 'mitgheul'' auch in PPN 1249351367","Satz gespeichert","---> 1249351391"
390, 1249351405,"Möglicherweise Dublette; 'TSL 'mitgheu k'' auch in PPN 1249268370","Satz gespeichert","---> 1249351405"
391, 1249351413,"---> 1249351413"
392, 1249351421,"Möglicherweise Dublette; 'TSL 'mitgkaul'' auch in PPN 1249351413","Satz gespeichert","---> 1249351421"
393, 124935143X,"---> 124935143X"
394, 1249351448,"---> 1249351448"
395, 1249351456,"Möglicherweise Dublette; 'TSL 'mitghae u'' auch in PPN 1249279070","Satz gespeichert","---> 1249351456"
396, 1249351464,"---> 1249351464"
397, 1249351472,"---> 1249351472"
398, 1249351480,"---> 1249351480"
399, 1249351499,"---> 1249351499"
400, 1249351502,"---> 1249351502"
401, 1249351510,"---> 1249351510"
402, 1249351529,"---> 1249351529"
403, 1249351537,"---> 1249351537"
404, 1249351545,"---> 1249351545"
405, 1249351553,"---> 1249351553"
406, 1249351561,"---> 1249351561"
407, 124935157X,"---> 124935157X"
408, 1249351588,"Möglicherweise Dublette; 'TSL 'mitgun'' auch in PPN 975304089","Satz gespeichert","---> 1249351588"
409, 1249351596,"Möglicherweise Dublette; 'TSL 'mitgun'' auch in PPN 975304089","Satz gespeichert","---> 1249351596"
410, 124935160X,"Möglicherweise Dublette; 'TSL 'mitgun'' auch in PPN 975304089","Satz gespeichert","---> 124935160X"
411, 1249351618,"---> 1249351618"
412, 1249351626,"Möglicherweise Dublette; 'TSL 'mitgunpr'' auch in PPN 013368273","Satz gespeichert","---> 1249351626"
413, 1249351634,"Möglicherweise Dublette; 'TSL 'mitgunbu'' auch in PPN 1054572208","Satz gespeichert","---> 1249351634"
414, 1249351642,"---> 1249351642"
415, 1249351650,"Möglicherweise Dublette; 'TSL 'mitgun'' auch in PPN 975304089","Satz gespeichert","---> 1249351650"
416, 1249351669,"Möglicherweise Dublette; 'TSL 'mitgun'' auch in PPN 975304089","Satz gespeichert","---> 1249351669"
417, 1249351677,"Möglicherweise Dublette; 'TSL 'mitgun'' auch in PPN 975304089","Satz gespeichert","---> 1249351677"
418, 1249351685,"Möglicherweise Dublette; 'TSL 'mitgun'' auch in PPN 975304089","Satz gespeichert","---> 1249351685"
419, 1249351693,"Möglicherweise Dublette; 'TSL 'mitgun'' auch in PPN 975304089","Satz gespeichert","---> 1249351693"
420, 1249351707,"Möglicherweise Dublette; 'TSL 'mitgun'' auch in PPN 975304089","Satz gespeichert","---> 1249351707"
421, 1249351715,"Möglicherweise Dublette; 'TSL 'mitgun'' auch in PPN 975304089","Satz gespeichert","---> 1249351715"
422, 1249351723,"Möglicherweise Dublette; 'TSL 'mitgun'' auch in PPN 975304089","Satz gespeichert","---> 1249351723"
423, 1249351731,"---> 1249351731"
424, 124935174X,"---> 124935174X"
425, 1249351758,"Möglicherweise Dublette; 'TSL 'mitgun'' auch in PPN 975304089","Satz gespeichert","---> 1249351758"
426, 1249351766,"Möglicherweise Dublette; 'TSL 'mitgun'' auch in PPN 975304089","Satz gespeichert","---> 1249351766"
427, 1249351774,"---> 1249351774"
428, 1249351782,"---> 1249351782"
429, 1249351790,"---> 1249351790"
430, 1249351804,"---> 1249351804"
431, 1249351812,"---> 1249351812"
432, 1249351820,"---> 1249351820"
433, 1249351839,"Möglicherweise Dublette; 'TSL 'mitgurve'' auch in PPN 1249351812","Satz gespeichert","---> 1249351839"
434, 1249351847,"---> 1249351847"
435, 1249351855,"---> 1249351855"
436, 1249351863,"---> 1249351863"
437, 1249351871,"---> 1249351871"
438, 124935188X,"---> 124935188X"
439, 1249351898,"---> 1249351898"
440, 1249351901,"---> 1249351901"
441, 124935191X,"---> 124935191X"
442, 1249351928,"Möglicherweise Dublette; 'TSL 'mitgvave'' auch in PPN 124935191X","Satz gespeichert","---> 1249351928"
443, 1249351936,"---> 1249351936"
444, 1249351944,"---> 1249351944"
445, 1249351952,"---> 1249351952"
446, 1249351960,"---> 1249351960"
447, 1249351979,"---> 1249351979"
448, 1249351987,"Möglicherweise Dublette; 'TSL 'mitgva'' auch in PPN 1249351952","Satz gespeichert","---> 1249351987"
449, 1249351995,"---> 1249351995"
450, 1249352010,"---> 1249352010"
451, 1249352029,"Möglicherweise Dublette; 'TSL 'mitgheva'' auch in PPN 1249351979","Satz gespeichert","---> 1249352029"
452, 1249352037,"---> 1249352037"
453, 1249352045,"---> 1249352045"
454, 1249352053,"---> 1249352053"
455, 1249352061,"---> 1249352061"
456, 124935207X,"---> 124935207X"
457, 1249352088,"Möglicherweise Dublette; 'TSL 'mitgerve'' auch in PPN 1249300681","Satz gespeichert","---> 1249352088"
458, 1249352096,"Möglicherweise Dublette; 'TSL 'mitggeve'' auch in PPN 1249304881","Satz gespeichert","---> 1249352096"
459, 124935210X,"---> 124935210X"
460, 1249352118,"---> 1249352118"
461, 1249352126,"---> 1249352126"
462, 1249352134,"---> 1249352134"
463, 1249352142,"Möglicherweise Dublette; 'TSL 'mitgheve'' auch in PPN 1249309999","Satz gespeichert","---> 1249352142"
464, 1249352150,"---> 1249352150"
465, 1249352169,"---> 1249352169"
466, 1249352177,"---> 1249352177"
467, 1249352185,"---> 1249352185"
468, 1249352193,"Möglicherweise Dublette; 'TSL 'mitgve'' auch in PPN 010170472","Satz gespeichert","---> 1249352193"
469, 1249352207,"---> 1249352207"
470, 1249352215,"Möglicherweise Dublette; 'TSL 'mitgve'' auch in PPN 010170472","Satz gespeichert","---> 1249352215"
471, 1249352223,"---> 1249352223"
472, 1249352231,"---> 1249352231"
473, 124935224X,"---> 124935224X"
474, 1249352258,"---> 1249352258"
475, 1249352266,"---> 1249352266"
476, 1249352274,"---> 1249352274"
477, 1249352282,"---> 1249352282"
478, 1249352290,"---> 1249352290"
479, 1249352312,"Möglicherweise Dublette; 'TSL 'mitgvefub'' auch in PPN 1249352290","Satz gespeichert","---> 1249352312"
480, 1249352320,"---> 1249352320"
481, 1249352339,"Möglicherweise Dublette; 'TSL 'mitgvedeb'' auch in PPN 010314571","Satz gespeichert","---> 1249352339"
482, 1249352347,"Möglicherweise Dublette; 'TSL 'mitgvefub'' auch in PPN 1249352290","Satz gespeichert","---> 1249352347"
483, 1249352355,"---> 1249352355"
484, 1249352363,"---> 1249352363"
485, 1249352371,"---> 1249352371"
486, 124935238X,"---> 124935238X"
487, 1249352398,"Möglicherweise Dublette; 'TSL 'mitgvefub'' auch in PPN 1249352290","Satz gespeichert","---> 1249352398"
488, 1249352401,"Möglicherweise Dublette; 'TSL 'mitgvefub'' auch in PPN 1249352290","Satz gespeichert","---> 1249352401"
489, 124935241X,"---> 124935241X"
490, 1249352428,"---> 1249352428"
491, 1249352436,"---> 1249352436"
492, 1249352444,"Möglicherweise Dublette; 'TSL 'mitgveded'' auch in PPN 011373393","Satz gespeichert","---> 1249352444"
493, 1249352452,"---> 1249352452"
494, 1249352460,"Möglicherweise Dublette; 'TSL 'mitgvedee'' auch in PPN 013652176","Satz gespeichert","---> 1249352460"
495, 1249352479,"---> 1249352479"
496, 1249352487,"Möglicherweise Dublette; 'TSL 'mitgvedef'' auch in PPN 013273876","Satz gespeichert","---> 1249352487"
497, 1249352495,"---> 1249352495"
498, 1249352509,"---> 1249352509"
499, 1249352517,"Möglicherweise Dublette; 'TSL 'mitgvefud'' auch in PPN 016820010","Satz gespeichert","---> 1249352517"
500, 1249352525,"---> 1249352525"
501, 1249352533,"Möglicherweise Dublette; 'TSL 'mitgvedeg'' auch in PPN 013276840","Satz gespeichert","---> 1249352533"
502, 1249352541,"---> 1249352541"
503, 124935255X,"---> 124935255X"
504, 1249352568,"---> 1249352568"
505, 1249352576,"---> 1249352576"
506, 1249352584,"---> 1249352584"
507, 1249352592,"---> 1249352592"
508, 1249352606,"---> 1249352606"
509, 1249352614,"---> 1249352614"
510, 1249352622,"---> 1249352622"
511, 1249352630,"---> 1249352630"
512, 1249352649,"---> 1249352649"
513, 1249352657,"---> 1249352657"
514, 1249352665,"Möglicherweise Dublette; 'TSL 'mitgveful'' auch in PPN 1249352657","Satz gespeichert","---> 1249352665"
515, 1249352673,"---> 1249352673"
516, 1249352681,"---> 1249352681"
517, 124935269X,"---> 124935269X"
518, 1249352703,"Möglicherweise Dublette; 'TSL 'mitgvefum'' auch in PPN 1249352681","Satz gespeichert","---> 1249352703"
519, 1249352711,"Möglicherweise Dublette; 'TSL 'mitgvefum'' auch in PPN 1249352681","Satz gespeichert","---> 1249352711"
520, 124935272X,"---> 124935272X"
521, 1249352738,"---> 1249352738"
522, 1249352746,"---> 1249352746"
523, 1249352754,"---> 1249352754"
524, 1249352762,"Möglicherweise Dublette; 'TSL 'mitgvenez'' auch in PPN 983003270","Satz gespeichert","---> 1249352762"
525, 1249352770,"---> 1249352770"
526, 1249352789,"---> 1249352789"
527, 1249352797,"Möglicherweise Dublette; 'TSL 'mitgvefup'' auch in PPN 1249352789","Satz gespeichert","---> 1249352797"
528, 1249352800,"Möglicherweise Dublette; 'TSL 'mitgvedep'' auch in PPN 019856725","Satz gespeichert","---> 1249352800"
529, 1249352819,"---> 1249352819"
530, 1249352827,"Möglicherweise Dublette; 'TSL 'mitgvefup'' auch in PPN 1249352789","Satz gespeichert","---> 1249352827"
531, 1249352835,"---> 1249352835"
532, 1249352843,"Möglicherweise Dublette; 'TSL 'mitgveder'' auch in PPN 01271416X","Satz gespeichert","---> 1249352843"
533, 1249352851,"---> 1249352851"
534, 124935286X,"---> 124935286X"
535, 1249352878,"Möglicherweise Dublette; 'TSL 'mitgvefus'' auch in PPN 1215346301","Satz gespeichert","---> 1249352878"
536, 1249352886,"---> 1249352886"
537, 1249352894,"---> 1249352894"
538, 1249352908,"Möglicherweise Dublette; 'TSL 'mitgveunw'' auch in PPN 018312675","Satz gespeichert","---> 1249352908"
539, 1249352916,"Möglicherweise Dublette; 'TSL 'mitgveunj'' auch in PPN 018726348","Satz gespeichert","---> 1249352916"
540, 1249352924,"---> 1249352924"
541, 1249352932,"Möglicherweise Dublette; 'TSL 'mitgvefuv'' auch in PPN 1249352924","Satz gespeichert","---> 1249352932"
542, 1249352940,"---> 1249352940"
543, 1249352959,"---> 1249352959"
544, 1249352967,"Möglicherweise Dublette; 'TSL 'mitgvediw'' auch in PPN 1249352940","Satz gespeichert","---> 1249352967"
545, 1249352975,"---> 1249352975"
546, 1249352983,"Möglicherweise Dublette; 'TSL 'mitgvefud'' auch in PPN 016820010","Satz gespeichert","---> 1249352983"
547, 1249352991,"---> 1249352991"
548, 1249353009,"Möglicherweise Dublette; 'TSL 'mitgvedee'' auch in PPN 013652176","Satz gespeichert","---> 1249353009"
549, 1249353017,"---> 1249353017"
550, 1249353025,"---> 1249353025"
551, 1249353033,"---> 1249353033"
552, 1249353041,"Möglicherweise Dublette; 'TSL 'mitgvedea'' auch in PPN 011876034","Satz gespeichert","---> 1249353041"
553, 124935305X,"---> 124935305X"
554, 1249353068,"---> 1249353068"
555, 1249353076,"---> 1249353076"
556, 1249353084,"Möglicherweise Dublette; 'TSL 'mitgveded'' auch in PPN 011373393","Satz gespeichert","---> 1249353084"
557, 1249353092,"Möglicherweise Dublette; 'TSL 'mitgveded'' auch in PPN 011373393","Satz gespeichert","---> 1249353092"
558, 1249353106,"Möglicherweise Dublette; 'TSL 'mitgvedee'' auch in PPN 013652176","Satz gespeichert","---> 1249353106"
559, 1249353114,"---> 1249353114"
560, 1249353122,"---> 1249353122"
561, 1249353130,"---> 1249353130"
562, 1249353149,"---> 1249353149"
563, 1249353157,"---> 1249353157"
564, 1249353165,"---> 1249353165"
565, 1249353173,"---> 1249353173"
566, 1249353181,"Möglicherweise Dublette; 'TSL 'mitgeuve'' auch in PPN 1249301017","Satz gespeichert","---> 1249353181"
567, 124935319X,"Möglicherweise Dublette; 'TSL 'mitgfrve'' auch in PPN 1249302978","Satz gespeichert","---> 124935319X"
568, 1249353203,"---> 1249353203"
569, 1249353211,"---> 1249353211"
570, 124935322X,"---> 124935322X"
571, 1249353238,"---> 1249353238"
572, 1249353246,"---> 1249353246"
573, 1249353254,"---> 1249353254"
574, 1249353262,"---> 1249353262"
575, 1249353270,"---> 1249353270"
576, 1249353289,"Möglicherweise Dublette; 'TSL 'mitghevi'' auch in PPN 1249353254","Satz gespeichert","---> 1249353289"
577, 1249353297,"---> 1249353297"
578, 1249353300,"---> 1249353300"
579, 1249353319,"Möglicherweise Dublette; 'TSL 'mitgekvi'' auch in PPN 1249353300","Satz gespeichert","---> 1249353319"
580, 1249353327,"Möglicherweise Dublette; 'TSL 'mitgalvi'' auch in PPN 1249353262","Satz gespeichert","---> 1249353327"
581, 1249353335,"---> 1249353335"
582, 1249353343,"---> 1249353343"
583, 1249353351,"---> 1249353351"
584, 124935336X,"---> 124935336X"
585, 1249353378,"---> 1249353378"
586, 1249353386,"---> 1249353386"
587, 1249353394,"---> 1249353394"
588, 1249353408,"---> 1249353408"
589, 1249353416,"---> 1249353416"
590, 1249353424,"---> 1249353424"
591, 1249353432,"Möglicherweise Dublette; 'TSL 'mitgdrfrv'' auch in PPN 1249351960","Satz gespeichert","---> 1249353432"
592, 1249353440,"---> 1249353440"
593, 1249353459,"Möglicherweise Dublette; 'TSL 'mitgkuvo'' auch in PPN 1249353424","Satz gespeichert","---> 1249353459"
594, 1249353467,"---> 1249353467"
595, 1249353475,"Möglicherweise Dublette; 'TSL 'mitgdrbev'' auch in PPN 1249266971","Satz gespeichert","---> 1249353475"
596, 1249353483,"---> 1249353483"
597, 1249353491,"Möglicherweise Dublette; 'TSL 'mitghevo'' auch in PPN 1249353416","Satz gespeichert","---> 1249353491"
598, 1249353505,"---> 1249353505"
599, 1249353513,"Möglicherweise Dublette; 'TSL 'mitghovo'' auch in PPN 1249353505","Satz gespeichert","---> 1249353513"
600, 1249353521,"Möglicherweise Dublette; 'TSL 'mitgdrjov'' auch in PPN 1249279526","Satz gespeichert","---> 1249353521"
601, 124935353X,"---> 124935353X"
602, 1249353548,"---> 1249353548"
603, 1249353556,"---> 1249353556"
604, 1249353564,"Möglicherweise Dublette; 'TSL 'mitgmavo'' auch in PPN 1249353556","Satz gespeichert","---> 1249353564"
605, 1249353572,"---> 1249353572"
606, 1249353580,"---> 1249353580"
607, 1249353599,"---> 1249353599"
608, 1249353602,"---> 1249353602"
609, 1249353610,"Möglicherweise Dublette; 'TSL 'mitgluvo'' auch in PPN 1249353548","Satz gespeichert","---> 1249353610"
610, 1249353629,"---> 1249353629"
611, 1249353637,"---> 1249353637"
612, 1249353645,"---> 1249353645"
613, 1249353653,"---> 1249353653"
614, 1249353661,"---> 1249353661"
615, 124935367X,"Möglicherweise Dublette; 'TSL 'mitgkuvo'' auch in PPN 1249353424","Satz gespeichert","---> 124935367X"
616, 1249353688,"---> 1249353688"
617, 1249353696,"---> 1249353696"
618, 124935370X,"---> 124935370X"
619, 1249353726,"---> 1249353726"
620, 1249353734,"---> 1249353734"
621, 1249353742,"---> 1249353742"
622, 1249353750,"---> 1249353750"
623, 1249353769,"---> 1249353769"
624, 1249353785,"---> 1249353785"
625, 1249353793,"Möglicherweise Dublette; 'TSL 'mitghevo'' auch in PPN 1249353416","Satz gespeichert","---> 1249353793"
626, 1249353807,"Möglicherweise Dublette; 'TSL 'mitgdrmav'' auch in PPN 1249309611","Satz gespeichert","---> 1249353807"
627, 1249353815,"---> 1249353815"
628, 1249353823,"---> 1249353823"
629, 1249353831,"---> 1249353831"
630, 124935384X,"---> 124935384X"
631, 1249353858,"Möglicherweise Dublette; 'TSL 'mitgmavo'' auch in PPN 1249353556","Satz gespeichert","---> 1249353858"
632, 1249353866,"Möglicherweise Dublette; 'TSL 'mitgmavo'' auch in PPN 1249353556","Satz gespeichert","---> 1249353866"
633, 1249353874,"Möglicherweise Dublette; 'TSL 'mitgriu h'' auch in PPN 1249278937","Satz gespeichert","---> 1249353874"
634, 1249353882,"---> 1249353882"
635, 1249353890,"Möglicherweise Dublette; 'TSL 'mitgkavo'' auch in PPN 1249353599","Satz gespeichert","---> 1249353890"
636, 1249353904,"---> 1249353904"
637, 1249353912,"---> 1249353912"
638, 1249353920,"---> 1249353920"
639, 1249353939,"---> 1249353939"
640, 1249353947,"Möglicherweise Dublette; 'TSL 'mitgemvo'' auch in PPN 124935384X","Satz gespeichert","---> 1249353947"
641, 1249353955,"---> 1249353955"
642, 1249353963,"---> 1249353963"
643, 1249353971,"---> 1249353971"
644, 124935398X,"---> 124935398X"
645, 1249353998,"---> 1249353998"
646, 1249354005,"---> 1249354005"
647, 1249354013,"---> 1249354013"
648, 1249354021,"Möglicherweise Dublette; 'TSL 'mitgvwveg'' auch in PPN 1249354013","Satz gespeichert","---> 1249354021"
649, 124935403X,"---> 124935403X"
650, 1249354048,"---> 1249354048"
651, 1249354056,"---> 1249354056"
652, 1249354064,"---> 1249354064"
653, 1249354072,"---> 1249354072"
654, 1249354080,"---> 1249354080"
655, 1249354099,"---> 1249354099"
656, 1249354102,"---> 1249354102"
657, 1249354110,"---> 1249354110"
658, 1249354129,"---> 1249354129"
659, 1249354137,"---> 1249354137"
660, 1249354145,"---> 1249354145"
661, 1249354153,"---> 1249354153"
662, 1249354161,"Möglicherweise Dublette; 'TSL 'mitganwa'' auch in PPN 1249354153","Satz gespeichert","---> 1249354161"
663, 124935417X,"---> 124935417X"
664, 1249354188,"---> 1249354188"
665, 1249354196,"Möglicherweise Dublette; 'TSL 'mitgfrwa'' auch in PPN 1249354102","Satz gespeichert","---> 1249354196"
666, 124935420X,"Möglicherweise Dublette; 'TSL 'mitgfrwa'' auch in PPN 1249354102","Satz gespeichert","---> 124935420X"
667, 1249354218,"---> 1249354218"
668, 1249354226,"---> 1249354226"
669, 1249354234,"---> 1249354234"
670, 1249354242,"Möglicherweise Dublette; 'TSL 'mitgjowa'' auch in PPN 1249354099","Satz gespeichert","---> 1249354242"
671, 1249354250,"---> 1249354250"
672, 1249354269,"---> 1249354269"
673, 1249354277,"---> 1249354277"
674, 1249354285,"---> 1249354285"
675, 1249354293,"---> 1249354293"
676, 1249354307,"---> 1249354307"
677, 1249354315,"---> 1249354315"
678, 1249354323,"---> 1249354323"
679, 1249354331,"---> 1249354331"
680, 124935434X,"---> 124935434X"
681, 1249354358,"---> 1249354358"
682, 1249354366,"Möglicherweise Dublette; 'TSL 'mitgfrwa'' auch in PPN 1249354102","Satz gespeichert","---> 1249354366"
683, 1249354374,"---> 1249354374"
684, 1249354390,"Möglicherweise Dublette; 'TSL 'mitgpewa'' auch in PPN 1249354277","Satz gespeichert","---> 1249354390"
685, 1249354404,"Möglicherweise Dublette; 'TSL 'mitgwave'' auch in PPN 124935434X","Satz gespeichert","---> 1249354404"
686, 1249354412,"---> 1249354412"
687, 1249354420,"Möglicherweise Dublette; 'TSL 'mitgdrhaw'' auch in PPN 1249257298","Satz gespeichert","---> 1249354420"
688, 1249354439,"Möglicherweise Dublette; 'TSL 'mitgwabu'' auch in PPN 1249254396","Satz gespeichert","---> 1249354439"
689, 1249354463,"---> 1249354463"
690, 1249354471,"---> 1249354471"
691, 124935448X,"---> 124935448X"
692, 1249354498,"---> 1249354498"
693, 1249354501,"Möglicherweise Dublette; 'TSL 'mitgdrhaw'' auch in PPN 1249257298","Satz gespeichert","---> 1249354501"
694, 124935451X,"---> 124935451X"
695, 1249354528,"Möglicherweise Dublette; 'TSL 'mitgjowa'' auch in PPN 1249354099","Satz gespeichert","---> 1249354528"
696, 1249354536,"Möglicherweise Dublette; 'TSL 'mitgwave'' auch in PPN 124935434X","Satz gespeichert","---> 1249354536"
697, 1249354544,"Möglicherweise Dublette; 'TSL 'mitgpewa'' auch in PPN 1249354277","Satz gespeichert","---> 1249354544"
698, 1249354552,"---> 1249354552"
699, 1249354560,"---> 1249354560"
700, 1249354579,"---> 1249354579"
701, 1249354587,"Möglicherweise Dublette; 'TSL 'mitgurwa'' auch in PPN 1249354579","Satz gespeichert","---> 1249354587"
702, 1249354595,"Möglicherweise Dublette; 'TSL 'mitghawa'' auch in PPN 124935451X","Satz gespeichert","---> 1249354595"
703, 1249354609,"Möglicherweise Dublette; 'TSL 'mitgruwa'' auch in PPN 1249354307","Satz gespeichert","---> 1249354609"
704, 1249354617,"Möglicherweise Dublette; 'TSL 'mitgdrhew'' auch in PPN 1249280060","Satz gespeichert","---> 1249354617"
705, 1249354625,"Möglicherweise Dublette; 'TSL 'mitgthwa'' auch in PPN 1249354323","Satz gespeichert","---> 1249354625"
706, 1249354633,"Möglicherweise Dublette; 'TSL 'mitgthwa'' auch in PPN 1249354323","Satz gespeichert","---> 1249354633"
707, 1249354641,"Möglicherweise Dublette; 'TSL 'mitghawa'' auch in PPN 124935451X","Satz gespeichert","---> 1249354641"
708, 124935465X,"Möglicherweise Dublette; 'TSL 'mitgwowa'' auch in PPN 1249354358","Satz gespeichert","---> 124935465X"
709, 1249354668,"Möglicherweise Dublette; 'TSL 'mitganwa'' auch in PPN 1249354153","Satz gespeichert","---> 1249354668"
710, 1249354676,"---> 1249354676"
711, 1249354684,"Möglicherweise Dublette; 'TSL 'mitganwa'' auch in PPN 1249354153","Satz gespeichert","---> 1249354684"
712, 1249354692,"---> 1249354692"
713, 1249354706,"Möglicherweise Dublette; 'TSL 'mitghewa'' auch in PPN 1249354064","Satz gespeichert","---> 1249354706"
714, 1249354714,"---> 1249354714"
715, 1249354722,"Möglicherweise Dublette; 'TSL 'mitgwafa'' auch in PPN 1249301564","Satz gespeichert","---> 1249354722"
716, 1249354730,"Möglicherweise Dublette; 'TSL 'mitgfrwa'' auch in PPN 1249354102","Satz gespeichert","---> 1249354730"
717, 1249354749,"Möglicherweise Dublette; 'TSL 'mitgbewa'' auch in PPN 124935448X","Satz gespeichert","---> 1249354749"
718, 1249354757,"---> 1249354757"
719, 1249354765,"---> 1249354765"
720, 1249354773,"Möglicherweise Dublette; 'TSL 'mitganwe'' auch in PPN 1249354765","Satz gespeichert","---> 1249354773"
721, 1249354781,"---> 1249354781"
722, 124935479X,"---> 124935479X"
723, 1249354803,"---> 1249354803"
724, 1249354811,"---> 1249354811"
725, 124935482X,"---> 124935482X"
726, 1249354846,"---> 1249354846"
727, 1249354854,"Möglicherweise Dublette; 'TSL 'mitgmau h'' auch in PPN 1249322642","Satz gespeichert","---> 1249354854"
728, 1249354862,"---> 1249354862"
729, 1249354870,"Möglicherweise Dublette; 'TSL 'mitgmawe'' auch in PPN 1249354862","Satz gespeichert","---> 1249354870"
730, 1249354889,"---> 1249354889"
731, 1249354897,"---> 1249354897"
732, 1249354900,"---> 1249354900"
733, 1249354919,"---> 1249354919"
734, 1249354927,"---> 1249354927"
735, 1249354935,"Möglicherweise Dublette; 'TSL 'mitgfrwe'' auch in PPN 1249354811","Satz gespeichert","---> 1249354935"
736, 1249354943,"---> 1249354943"
737, 1249354951,"---> 1249354951"
738, 124935496X,"---> 124935496X"
739, 1249354978,"---> 1249354978"
740, 1249354986,"Möglicherweise Dublette; 'TSL 'mitgcawe'' auch in PPN 1249354978","Satz gespeichert","---> 1249354986"
741, 1249354994,"---> 1249354994"
742, 1249355001,"Möglicherweise Dublette; 'TSL 'mitgerwe'' auch in PPN 124935479X","Satz gespeichert","---> 1249355001"
743, 1249355028,"Möglicherweise Dublette; 'TSL 'mitghewe'' auch in PPN 1249354846","Satz gespeichert","---> 1249355028"
744, 1249355036,"---> 1249355036"
745, 1249355044,"Möglicherweise Dublette; 'TSL 'mitgdrmaw'' auch in PPN 1249256070","Satz gespeichert","---> 1249355044"
746, 1249355052,"---> 1249355052"
747, 1249355060,"Möglicherweise Dublette; 'TSL 'mitgwebu'' auch in PPN 124929407X","Satz gespeichert","---> 1249355060"
748, 1249355079,"Möglicherweise Dublette; 'TSL 'mitgmawe'' auch in PPN 1249354862","Satz gespeichert","---> 1249355079"
749, 1249355087,"Möglicherweise Dublette; 'TSL 'mitgmawe'' auch in PPN 1249354862","Satz gespeichert","---> 1249355087"
750, 1249355095,"Möglicherweise Dublette; 'TSL 'mitginwe'' auch in PPN 1249314984","Satz gespeichert","---> 1249355095"
751, 1249355109,"Möglicherweise Dublette; 'TSL 'mitghewe'' auch in PPN 1249354846","Satz gespeichert","---> 1249355109"
752, 1249355117,"---> 1249355117"
753, 1249355125,"Möglicherweise Dublette; 'TSL 'mitgmawe'' auch in PPN 1249354862","Satz gespeichert","---> 1249355125"
754, 1249355133,"---> 1249355133"
755, 1249355141,"---> 1249355141"
756, 124935515X,"Möglicherweise Dublette; 'TSL 'mitgcawe'' auch in PPN 1249354978","Satz gespeichert","---> 124935515X"
757, 1249355168,"Möglicherweise Dublette; 'TSL 'mitgcawe'' auch in PPN 1249354978","Satz gespeichert","---> 1249355168"
758, 1249355176,"Möglicherweise Dublette; 'TSL 'mitgg thw'' auch in PPN 1249280206","Satz gespeichert","---> 1249355176"
759, 1249355184,"---> 1249355184"
760, 1249355192,"Möglicherweise Dublette; 'TSL 'mitgfrwe'' auch in PPN 1249354811","Satz gespeichert","---> 1249355192"
761, 1249355206,"---> 1249355206"
762, 1249355214,"---> 1249355214"
763, 1249355222,"Möglicherweise Dublette; 'TSL 'mitganwe'' auch in PPN 1249354765","Satz gespeichert","---> 1249355222"
764, 1249355230,"---> 1249355230"
765, 1249355249,"---> 1249355249"
766, 1249355257,"---> 1249355257"
767, 1249355265,"---> 1249355265"
768, 1249355273,"Möglicherweise Dublette; 'TSL 'mitghawe'' auch in PPN 124935482X","Satz gespeichert","---> 1249355273"
769, 1249355281,"---> 1249355281"
770, 124935529X,"---> 124935529X"
771, 1249355303,"---> 1249355303"
772, 1249355311,"---> 1249355311"
773, 124935532X,"Möglicherweise Dublette; 'TSL 'mitgjowe'' auch in PPN 1249355311","Satz gespeichert","---> 124935532X"
774, 1249355338,"---> 1249355338"
775, 1249355346,"Möglicherweise Dublette; 'TSL 'mitgwiwe'' auch in PPN 1249354889","Satz gespeichert","---> 1249355346"
776, 1249355354,"Möglicherweise Dublette; 'TSL 'mitghewe'' auch in PPN 1249354846","Satz gespeichert","---> 1249355354"
777, 1249355362,"Möglicherweise Dublette; 'TSL 'mitgmawe'' auch in PPN 1249354862","Satz gespeichert","---> 1249355362"
778, 1249355370,"---> 1249355370"
779, 1249355389,"Möglicherweise Dublette; 'TSL 'mitghewe'' auch in PPN 1249354846","Satz gespeichert","---> 1249355389"
780, 1249355397,"Möglicherweise Dublette; 'TSL 'mitgjom w'' auch in PPN 1249280303","Satz gespeichert","---> 1249355397"
781, 1249355400,"---> 1249355400"
782, 1249355419,"---> 1249355419"
783, 1249355427,"Möglicherweise Dublette; 'TSL 'mitgweve'' auch in PPN 790595710","Satz gespeichert","---> 1249355427"
784, 1249355435,"Möglicherweise Dublette; 'TSL 'mitgjowe'' auch in PPN 1249355311","Satz gespeichert","---> 1249355435"
785, 1249355443,"Möglicherweise Dublette; 'TSL 'mitgkuwe'' auch in PPN 1249355249","Satz gespeichert","---> 1249355443"
786, 1249355451,"Möglicherweise Dublette; 'TSL 'mitgmawe'' auch in PPN 1249354862","Satz gespeichert","---> 1249355451"
787, 124935546X,"Möglicherweise Dublette; 'TSL 'mitgmawe'' auch in PPN 1249354862","Satz gespeichert","---> 124935546X"
788, 1249355478,"---> 1249355478"
789, 1249355486,"---> 1249355486"
790, 1249355494,"---> 1249355494"
791, 1249355508,"Möglicherweise Dublette; 'TSL 'mitgdrhew'' auch in PPN 1249280060","Satz gespeichert","---> 1249355508"
792, 1249355516,"---> 1249355516"
793, 1249355524,"Möglicherweise Dublette; 'TSL 'mitgwema'' auch in PPN 1249325730","Satz gespeichert","---> 1249355524"
794, 1249355532,"---> 1249355532"
795, 1249355540,"Möglicherweise Dublette; 'TSL 'mitgjowe'' auch in PPN 1249355311","Satz gespeichert","---> 1249355540"
796, 1249355559,"Möglicherweise Dublette; 'TSL 'mitgwewe'' auch in PPN 1249355478","Satz gespeichert","---> 1249355559"
797, 1249355567,"Möglicherweise Dublette; 'TSL 'mitgalwe'' auch in PPN 1249354919","Satz gespeichert","---> 1249355567"
798, 1249355575,"---> 1249355575"
799, 1249355583,"---> 1249355583"
800, 1249355591,"---> 1249355591"
801, 1249355605,"---> 1249355605"
802, 1249355613,"Möglicherweise Dublette; 'TSL 'mitgwe'' auch in PPN 363140328","Satz gespeichert","---> 1249355613"
803, 1249355621,"Möglicherweise Dublette; 'TSL 'mitgwe'' auch in PPN 363140328","Satz gespeichert","---> 1249355621"
804, 124935563X,"Möglicherweise Dublette; 'TSL 'mitgdewe'' auch in PPN 453394639","Satz gespeichert","---> 124935563X"
805, 1249355648,"---> 1249355648"
806, 1249355656,"---> 1249355656"
807, 1249355664,"---> 1249355664"
808, 1249355672,"Möglicherweise Dublette; 'TSL 'mitgalwe'' auch in PPN 1249354919","Satz gespeichert","---> 1249355672"
809, 1249355680,"Möglicherweise Dublette; 'TSL 'mitgbewe'' auch in PPN 1249354943","Satz gespeichert","---> 1249355680"
810, 1249355699,"Möglicherweise Dublette; 'TSL 'mitgmawe'' auch in PPN 1249354862","Satz gespeichert","---> 1249355699"
811, 1249355702,"Möglicherweise Dublette; 'TSL 'mitgmawe'' auch in PPN 1249354862","Satz gespeichert","---> 1249355702"
812, 1249355710,"Möglicherweise Dublette; 'TSL 'mitgerwe'' auch in PPN 124935479X","Satz gespeichert","---> 1249355710"
813, 1249355729,"Möglicherweise Dublette; 'TSL 'mitggewe'' auch in PPN 1249305608","Satz gespeichert","---> 1249355729"
814, 1249355737,"---> 1249355737"
815, 1249355745,"---> 1249355745"
816, 1249355753,"---> 1249355753"
817, 1249355761,"Möglicherweise Dublette; 'TSL 'mitginwe'' auch in PPN 1249314984","Satz gespeichert","---> 1249355761"
818, 124935577X,"---> 124935577X"
819, 1249355788,"Möglicherweise Dublette; 'TSL 'mitgguwe'' auch in PPN 124935577X","Satz gespeichert","---> 1249355788"
820, 1249355796,"---> 1249355796"
821, 124935580X,"Möglicherweise Dublette; 'TSL 'mitghewe'' auch in PPN 1249354846","Satz gespeichert","---> 124935580X"
822, 1249355818,"---> 1249355818"
823, 1249355826,"Möglicherweise Dublette; 'TSL 'mitggewe'' auch in PPN 1249305608","Satz gespeichert","---> 1249355826"
824, 1249355834,"---> 1249355834"
825, 1249355842,"Möglicherweise Dublette; 'TSL 'mitgdewe'' auch in PPN 453394639","Satz gespeichert","---> 1249355842"
826, 1249355850,"---> 1249355850"
827, 1249355869,"Möglicherweise Dublette; 'TSL 'mitgweve'' auch in PPN 790595710","Satz gespeichert","---> 1249355869"
828, 1249355877,"Möglicherweise Dublette; 'TSL 'mitgmawe'' auch in PPN 1249354862","Satz gespeichert","---> 1249355877"
829, 1249355893,"Möglicherweise Dublette; 'TSL 'mitgweve'' auch in PPN 790595710","Satz gespeichert","---> 1249355893"
830, 1249355907,"Möglicherweise Dublette; 'TSL 'mitggewe'' auch in PPN 1249305608","Satz gespeichert","---> 1249355907"
831, 1249355915,"Möglicherweise Dublette; 'TSL 'mitgfrwe'' auch in PPN 1249354811","Satz gespeichert","---> 1249355915"
832, 1249355923,"Möglicherweise Dublette; 'TSL 'mitgerwe'' auch in PPN 124935479X","Satz gespeichert","---> 1249355923"
833, 1249355931,"---> 1249355931"
834, 124935594X,"Möglicherweise Dublette; 'TSL 'mitgdrfrw'' auch in PPN 1249280605","Satz gespeichert","---> 124935594X"
835, 1249355958,"Möglicherweise Dublette; 'TSL 'mitgfrwe'' auch in PPN 1249354811","Satz gespeichert","---> 1249355958"
836, 1249355966,"Möglicherweise Dublette; 'TSL 'mitgkawe'' auch in PPN 1249355133","Satz gespeichert","---> 1249355966"
837, 1249355974,"---> 1249355974"
838, 1249355982,"---> 1249355982"
839, 1249355990,"---> 1249355990"
840, 1249356008,"---> 1249356008"
841, 1249356016,"---> 1249356016"
842, 1249356024,"Möglicherweise Dublette; 'TSL 'mitghewe'' auch in PPN 1249354846","Satz gespeichert","---> 1249356024"
843, 1249356032,"Möglicherweise Dublette; 'TSL 'mitgbewe'' auch in PPN 1249354943","Satz gespeichert","---> 1249356032"
844, 1249356040,"Möglicherweise Dublette; 'TSL 'mitgfrw w'' auch in PPN 1249281393","Satz gespeichert","---> 1249356040"
845, 1249356059,"Möglicherweise Dublette; 'TSL 'mitgmawe'' auch in PPN 1249354862","Satz gespeichert","---> 1249356059"
846, 1249356067,"---> 1249356067"
847, 1249356075,"Möglicherweise Dublette; 'TSL 'mitganwe'' auch in PPN 1249354765","Satz gespeichert","---> 1249356075"
848, 1249356083,"Möglicherweise Dublette; 'TSL 'mitgelwe'' auch in PPN 1249355532","Satz gespeichert","---> 1249356083"
849, 1249356091,"Möglicherweise Dublette; 'TSL 'mitghewe'' auch in PPN 1249354846","Satz gespeichert","---> 1249356091"
850, 1249356105,"Möglicherweise Dublette; 'TSL 'mitganwe'' auch in PPN 1249354765","Satz gespeichert","---> 1249356105"
851, 1249356113,"---> 1249356113"
852, 1249356121,"Möglicherweise Dublette; 'TSL 'mitgwiwe'' auch in PPN 1249354889","Satz gespeichert","---> 1249356121"
853, 124935613X,"Möglicherweise Dublette; 'TSL 'mitghawe'' auch in PPN 124935482X","Satz gespeichert","---> 124935613X"
854, 1249356148,"---> 1249356148"
855, 1249356156,"---> 1249356156"
856, 1249356164,"---> 1249356164"
857, 1249356172,"Möglicherweise Dublette; 'TSL 'mitgjuwe'' auch in PPN 1249355796","Satz gespeichert","---> 1249356172"
858, 1249356180,"Möglicherweise Dublette; 'TSL 'mitgalwe'' auch in PPN 1249354919","Satz gespeichert","---> 1249356180"
859, 1249356199,"Möglicherweise Dublette; 'TSL 'mitgpewe'' auch in PPN 1249355605","Satz gespeichert","---> 1249356199"
860, 1249356202,"---> 1249356202"
861, 1249356210,"Möglicherweise Dublette; 'TSL 'mitgruwe'' auch in PPN 1249355664","Satz gespeichert","---> 1249356210"
862, 1249356229,"Möglicherweise Dublette; 'TSL 'mitgheu k'' auch in PPN 1249268370","Satz gespeichert","---> 1249356229"
863, 1249356237,"Möglicherweise Dublette; 'TSL 'mitgdrerw'' auch in PPN 1249280370","Satz gespeichert","---> 1249356237"
864, 1249356245,"Möglicherweise Dublette; 'TSL 'mitgmiwe'' auch in PPN 1249356202","Satz gespeichert","---> 1249356245"
865, 1249356253,"Möglicherweise Dublette; 'TSL 'mitghewe'' auch in PPN 1249354846","Satz gespeichert","---> 1249356253"
866, 1249356261,"Möglicherweise Dublette; 'TSL 'mitgheu w'' auch in PPN 1249263050","Satz gespeichert","---> 1249356261"
867, 124935627X,"---> 124935627X"
868, 1249356288,"Möglicherweise Dublette; 'TSL 'mitgjowe'' auch in PPN 1249355311","Satz gespeichert","---> 1249356288"
869, 1249356296,"---> 1249356296"
870, 124935630X,"---> 124935630X"
871, 1249356318,"---> 1249356318"
872, 1249356326,"---> 1249356326"
873, 1249356334,"---> 1249356334"
874, 1249356342,"---> 1249356342"
875, 1249356350,"---> 1249356350"
876, 1249356369,"Möglicherweise Dublette; 'TSL 'mitghewiv'' auch in PPN 124928077X","Satz gespeichert","---> 1249356369"
877, 1249356377,"---> 1249356377"
878, 1249356385,"---> 1249356385"
879, 1249356393,"---> 1249356393"
880, 1249356407,"---> 1249356407"
881, 1249356415,"---> 1249356415"
882, 1249356423,"---> 1249356423"
883, 1249356431,"---> 1249356431"
884, 1249356458,"---> 1249356458"
885, 1249356466,"Möglicherweise Dublette; 'TSL 'mitgwiwi'' auch in PPN 1177028816","Satz gespeichert","---> 1249356466"
886, 1249356474,"---> 1249356474"
887, 1249356482,"---> 1249356482"
888, 1249356490,"---> 1249356490"
889, 1249356504,"---> 1249356504"
890, 1249356512,"---> 1249356512"
891, 1249356520,"---> 1249356520"
892, 1249356539,"Möglicherweise Dublette; 'TSL 'mitgdrhew'' auch in PPN 1249280060","Satz gespeichert","---> 1249356539"
893, 1249356547,"---> 1249356547"
894, 1249356555,"---> 1249356555"
895, 1249356563,"---> 1249356563"
896, 1249356571,"---> 1249356571"
897, 124935658X,"Möglicherweise Dublette; 'TSL 'mitgdredw'' auch in PPN 1249280893","Satz gespeichert","---> 124935658X"
898, 1249356598,"---> 1249356598"
899, 1249356601,"---> 1249356601"
900, 124935661X,"Möglicherweise Dublette; 'TSL 'mitgmawi'' auch in PPN 1249356571","Satz gespeichert","---> 124935661X"
901, 1249356628,"Möglicherweise Dublette; 'TSL 'mitgbrwi'' auch in PPN 1249291526","Satz gespeichert","---> 1249356628"
902, 1249356636,"---> 1249356636"
903, 1249356644,"---> 1249356644"
904, 1249356652,"Möglicherweise Dublette; 'TSL 'mitgrewi'' auch in PPN 1249356598","Satz gespeichert","---> 1249356652"
905, 1249356660,"---> 1249356660"
906, 1249356679,"---> 1249356679"
907, 1249356687,"---> 1249356687"
908, 1249356695,"---> 1249356695"
909, 1249356709,"---> 1249356709"
910, 1249356717,"---> 1249356717"
911, 1249356725,"---> 1249356725"
912, 1249356741,"---> 1249356741"
913, 124935675X,"---> 124935675X"
914, 1249356768,"Möglicherweise Dublette; 'TSL 'mitgwiwi'' auch in PPN 1177028816","Satz gespeichert","---> 1249356768"
915, 1249356776,"Möglicherweise Dublette; 'TSL 'mitgmawi'' auch in PPN 1249356571","Satz gespeichert","---> 1249356776"
916, 1249356784,"Möglicherweise Dublette; 'TSL 'mitghawi'' auch in PPN 1249356431","Satz gespeichert","---> 1249356784"
917, 1249356792,"---> 1249356792"
918, 1249356806,"Möglicherweise Dublette; 'TSL 'mitgwigm'' auch in PPN 1249356326","Satz gespeichert","---> 1249356806"
919, 1249356814,"---> 1249356814"
920, 1249356822,"Möglicherweise Dublette; 'TSL 'mitghewi'' auch in PPN 1249356725","Satz gespeichert","---> 1249356822"
921, 1249356830,"Möglicherweise Dublette; 'TSL 'mitghewi'' auch in PPN 1249356725","Satz gespeichert","---> 1249356830"
922, 1249356849,"Möglicherweise Dublette; 'TSL 'mitgkuwi'' auch in PPN 1249356636","Satz gespeichert","---> 1249356849"
923, 1249356857,"---> 1249356857"
924, 1249356865,"---> 1249356865"
925, 1249356873,"---> 1249356873"
926, 1249356881,"---> 1249356881"
927, 124935689X,"---> 124935689X"
928, 1249356903,"Möglicherweise Dublette; 'TSL 'mitgwiveg'' auch in PPN 1249356326","Satz gespeichert","---> 1249356903"
929, 1249356911,"Möglicherweise Dublette; 'TSL 'mitgkawi'' auch in PPN 1249356865","Satz gespeichert","---> 1249356911"
930, 124935692X,"Möglicherweise Dublette; 'TSL 'mitgdrhew'' auch in PPN 1249280060","Satz gespeichert","---> 124935692X"
931, 1249356938,"---> 1249356938"
932, 1249356946,"---> 1249356946"
933, 1249356954,"---> 1249356954"
934, 1249356962,"---> 1249356962"
935, 1249356970,"Möglicherweise Dublette; 'TSL 'mitgdewi'' auch in PPN 014920565","Satz gespeichert","---> 1249356970"
936, 1249356989,"---> 1249356989"
937, 1249356997,"---> 1249356997"
938, 1249357004,"---> 1249357004"
939, 1249357012,"Möglicherweise Dublette; 'TSL 'mitgjowi'' auch in PPN 1249356946","Satz gespeichert","---> 1249357012"
940, 1249357020,"Möglicherweise Dublette; 'TSL 'mitgfrwi'' auch in PPN 1249356350","Satz gespeichert","---> 1249357020"
941, 1249357039,"Möglicherweise Dublette; 'TSL 'mitgwive'' auch in PPN 1249356385","Satz gespeichert","---> 1249357039"
942, 1249357047,"---> 1249357047"
943, 1249357055,"Möglicherweise Dublette; 'TSL 'mitghewi'' auch in PPN 1249356725","Satz gespeichert","---> 1249357055"
944, 1249357063,"Möglicherweise Dublette; 'TSL 'mitgwiwi'' auch in PPN 1177028816","Satz gespeichert","---> 1249357063"
945, 1249357071,"---> 1249357071"
946, 124935708X,"Möglicherweise Dublette; 'TSL 'mitganwi'' auch in PPN 1249356512","Satz gespeichert","---> 124935708X"
947, 1249357098,"---> 1249357098"
948, 1249357101,"---> 1249357101"
949, 124935711X,"Möglicherweise Dublette; 'TSL 'mitgwigm'' auch in PPN 1249356326","Satz gespeichert","---> 124935711X"
950, 1249357128,"---> 1249357128"
951, 1249357136,"---> 1249357136"
952, 1249357144,"Möglicherweise Dublette; 'TSL 'mitgwive'' auch in PPN 1249356385","Satz gespeichert","---> 1249357144"
953, 1249357152,"---> 1249357152"
954, 1249357160,"---> 1249357160"
955, 1249357179,"---> 1249357179"
956, 1249357187,"---> 1249357187"
957, 1249357195,"Möglicherweise Dublette; 'TSL 'mitgwive'' auch in PPN 1249356385","Satz gespeichert","---> 1249357195"
958, 1249357209,"---> 1249357209"
959, 1249357217,"---> 1249357217"
960, 1249357225,"Möglicherweise Dublette; 'TSL 'mitgwiunf'' auch in PPN 1249357217","Satz gespeichert","---> 1249357225"
961, 1249357233,"Möglicherweise Dublette; 'TSL 'mitgwiunf'' auch in PPN 1249357217","Satz gespeichert","---> 1249357233"
962, 1249357241,"Möglicherweise Dublette; 'TSL 'mitgalwi'' auch in PPN 1249356954","Satz gespeichert","---> 1249357241"
963, 124935725X,"---> 124935725X"
964, 1249357268,"Möglicherweise Dublette; 'TSL 'mitgbewi'' auch in PPN 1249356660","Satz gespeichert","---> 1249357268"
965, 1249357276,"---> 1249357276"
966, 1249357284,"---> 1249357284"
967, 1249357292,"Möglicherweise Dublette; 'TSL 'mitgsiwi'' auch in PPN 1249356857","Satz gespeichert","---> 1249357292"
968, 1249357306,"---> 1249357306"
969, 1249357314,"Möglicherweise Dublette; 'TSL 'mitgerwi'' auch in PPN 1249357306","Satz gespeichert","---> 1249357314"
970, 1249357322,"Möglicherweise Dublette; 'TSL 'mitghawi'' auch in PPN 1249356431","Satz gespeichert","---> 1249357322"
971, 1249357330,"Möglicherweise Dublette; 'TSL 'mitgkawi'' auch in PPN 1249356865","Satz gespeichert","---> 1249357330"
972, 1249357357,"Möglicherweise Dublette; 'TSL 'mitgklwi'' auch in PPN 1249356393","Satz gespeichert","---> 1249357357"
973, 1249357365,"---> 1249357365"
974, 1249357373,"Möglicherweise Dublette; 'TSL 'mitgguwi'' auch in PPN 1249356474","Satz gespeichert","---> 1249357373"
975, 1249357381,"Möglicherweise Dublette; 'TSL 'mitgdrhew'' auch in PPN 1249280060","Satz gespeichert","---> 1249357381"
976, 124935739X,"Möglicherweise Dublette; 'TSL 'mitgkawi'' auch in PPN 1249356865","Satz gespeichert","---> 124935739X"
977, 1249357403,"Möglicherweise Dublette; 'TSL 'mitgriwi'' auch in PPN 1249356644","Satz gespeichert","---> 1249357403"
978, 1249357411,"---> 1249357411"
979, 124935742X,"---> 124935742X"
980, 1249357438,"Möglicherweise Dublette; 'TSL 'mitgarwi'' auch in PPN 1249357098","Satz gespeichert","---> 1249357438"
981, 1249357446,"Möglicherweise Dublette; 'TSL 'mitgmawi'' auch in PPN 1249356571","Satz gespeichert","---> 1249357446"
982, 1249357454,"---> 1249357454"
983, 1249357462,"Möglicherweise Dublette; 'TSL 'mitgriwi'' auch in PPN 1249356644","Satz gespeichert","---> 1249357462"
984, 1249357470,"---> 1249357470"
985, 1249357489,"---> 1249357489"
986, 1249357500,"Möglicherweise Dublette; 'TSL 'mitgfrwi'' auch in PPN 1249356350","Satz gespeichert","---> 1249357500"
987, 1249357519,"Möglicherweise Dublette; 'TSL 'mitgfrwi'' auch in PPN 1249356350","Satz gespeichert","---> 1249357519"
988, 1249357527,"---> 1249357527"
989, 1249357535,"---> 1249357535"
990, 1249357543,"---> 1249357543"
991, 1249357551,"---> 1249357551"
992, 124935756X,"---> 124935756X"
993, 1249357578,"---> 1249357578"
994, 1249357586,"Möglicherweise Dublette; 'TSL 'mitghawo'' auch in PPN 1249357527","Satz gespeichert","---> 1249357586"
995, 1249357594,"Möglicherweise Dublette; 'TSL 'mitghawo'' auch in PPN 1249357527","Satz gespeichert","---> 1249357594"
996, 1249357608,"Möglicherweise Dublette; 'TSL 'mitgwobu'' auch in PPN 124925440X","Satz gespeichert","---> 1249357608"
997, 1249357616,"Möglicherweise Dublette; 'TSL 'mitgotwo'' auch in PPN 1249357535","Satz gespeichert","---> 1249357616"
998, 1249357624,"---> 1249357624"
999, 1249357632,"---> 1249357632"
1000, 1249357640,"Möglicherweise Dublette; 'TSL 'mitgguu e'' auch in PPN 124934719X","Satz gespeichert","---> 1249357640"
