1, 1249284007,"---> 1249284007"
2, 1249284015,"---> 1249284015"
3, 1249284023,"---> 1249284023"
4, 1249284031,"---> 1249284031"
5, 124928404X,"---> 124928404X"
6, 1249284058,"---> 1249284058"
7, 1249284066,"---> 1249284066"
8, 1249284074,"---> 1249284074"
9, 1249284082,"---> 1249284082"
10, 1249284090,"---> 1249284090"
11, 1249284104,"Möglicherweise Dublette; 'TSL 'mitgab'' auch in PPN 587848227","Satz gespeichert","---> 1249284104"
12, 1249284112,"---> 1249284112"
13, 1249284139,"---> 1249284139"
14, 1249284147,"---> 1249284147"
15, 1249284155,"---> 1249284155"
16, 1249284163,"---> 1249284163"
17, 124928418X,"Möglicherweise Dublette; 'TSL 'mitgacve'' auch in PPN 1249284147","Satz gespeichert","---> 124928418X"
18, 1249284198,"---> 1249284198"
19, 124928421X,"---> 124928421X"
20, 1249284228,"---> 1249284228"
21, 1249284236,"---> 1249284236"
22, 1249284244,"---> 1249284244"
23, 1249284252,"---> 1249284252"
24, 1249284260,"---> 1249284260"
25, 1249284287,"---> 1249284287"
26, 1249284295,"---> 1249284295"
27, 1249284309,"---> 1249284309"
28, 1249284317,"---> 1249284317"
29, 1249284325,"---> 1249284325"
30, 1249284333,"---> 1249284333"
31, 1249284341,"Möglicherweise Dublette; 'TSL 'mitgad'' auch in PPN 880560177","Satz gespeichert","---> 1249284341"
32, 124928435X,"---> 124928435X"
33, 1249284368,"---> 1249284368"
34, 1249284376,"---> 1249284376"
35, 1249284384,"---> 1249284384"
36, 1249284392,"Möglicherweise Dublette; 'TSL 'mitgae'' auch in PPN 99488821X","Satz gespeichert","---> 1249284392"
37, 1249284406,"Möglicherweise Dublette; 'TSL 'mitgaeve'' auch in PPN 1249284392","Satz gespeichert","---> 1249284406"
38, 1249284414,"---> 1249284414"
39, 1249284422,"---> 1249284422"
40, 1249284430,"---> 1249284430"
41, 1249284449,"---> 1249284449"
42, 1249284457,"---> 1249284457"
43, 1249284465,"---> 1249284465"
44, 1249284473,"---> 1249284473"
45, 124928449X,"---> 124928449X"
46, 1249284503,"---> 1249284503"
47, 1249284511,"---> 1249284511"
48, 1249284538,"---> 1249284538"
49, 1249284546,"---> 1249284546"
50, 1249284554,"---> 1249284554"
51, 1249284562,"Möglicherweise Dublette; 'TSL 'mitgak'' auch in PPN 017102413","Satz gespeichert","---> 1249284562"
52, 1249284570,"---> 1249284570"
53, 1249284589,"---> 1249284589"
54, 1249284597,"---> 1249284597"
55, 1249284600,"Möglicherweise Dublette; 'TSL 'mitgakbu'' auch in PPN 1249284597","Satz gespeichert","---> 1249284600"
56, 1249284619,"Möglicherweise Dublette; 'TSL 'mitgakbu'' auch in PPN 1249284597","Satz gespeichert","---> 1249284619"
57, 1249284627,"Möglicherweise Dublette; 'TSL 'mitgakbu'' auch in PPN 1249284597","Satz gespeichert","---> 1249284627"
58, 1249284635,"---> 1249284635"
59, 1249284643,"---> 1249284643"
60, 1249284651,"---> 1249284651"
61, 124928466X,"---> 124928466X"
62, 1249284678,"---> 1249284678"
63, 1249284686,"Möglicherweise Dublette; 'TSL 'mitgakveg'' auch in PPN 124928466X","Satz gespeichert","---> 1249284686"
64, 1249284694,"Möglicherweise Dublette; 'TSL 'mitgak'' auch in PPN 017102413","Satz gespeichert","---> 1249284694"
65, 1249284708,"---> 1249284708"
66, 1249284716,"---> 1249284716"
67, 1249284724,"Möglicherweise Dublette; 'TSL 'mitgalhev'' auch in PPN 1249284716","Satz gespeichert","---> 1249284724"
68, 1249284732,"---> 1249284732"
69, 1249284740,"---> 1249284740"
70, 1249284759,"---> 1249284759"
71, 1249284767,"---> 1249284767"
72, 1249284775,"---> 1249284775"
73, 1249284783,"---> 1249284783"
74, 1249284791,"---> 1249284791"
75, 1249284821,"Möglicherweise Dublette; 'TSL 'mitgalve'' auch in PPN 1249284724","Satz gespeichert","---> 1249284821"
76, 124928483X,"---> 124928483X"
77, 1249284848,"Möglicherweise Dublette; 'TSL 'mitgalho'' auch in PPN 1249284783","Satz gespeichert","---> 1249284848"
78, 1249284856,"Möglicherweise Dublette; 'TSL 'mitgal'' auch in PPN 017529352","Satz gespeichert","---> 1249284856"
79, 1249284864,"---> 1249284864"
80, 1249284872,"---> 1249284872"
81, 1249284880,"Möglicherweise Dublette; 'TSL 'mitgalbu'' auch in PPN 1249284732","Satz gespeichert","---> 1249284880"
82, 1249284899,"---> 1249284899"
83, 1249284902,"---> 1249284902"
84, 1249284910,"---> 1249284910"
85, 1249284929,"---> 1249284929"
86, 1249284937,"---> 1249284937"
87, 1249284945,"Möglicherweise Dublette; 'TSL 'mitgal'' auch in PPN 017529352","Satz gespeichert","---> 1249284945"
88, 1249284953,"---> 1249284953"
89, 1249284961,"Möglicherweise Dublette; 'TSL 'mitgal'' auch in PPN 017529352","Satz gespeichert","---> 1249284961"
90, 124928497X,"Möglicherweise Dublette; 'TSL 'mitgalve'' auch in PPN 1249284724","Satz gespeichert","---> 124928497X"
91, 1249284988,"---> 1249284988"
92, 1249284996,"Möglicherweise Dublette; 'TSL 'mitgal'' auch in PPN 017529352","Satz gespeichert","---> 1249284996"
93, 1249285003,"Möglicherweise Dublette; 'TSL 'mitgalbu'' auch in PPN 1249284732","Satz gespeichert","---> 1249285003"
94, 1249285011,"---> 1249285011"
95, 124928502X,"---> 124928502X"
96, 1249285038,"Möglicherweise Dublette; 'TSL 'mitgalve'' auch in PPN 1249284724","Satz gespeichert","---> 1249285038"
97, 1249285046,"Möglicherweise Dublette; 'TSL 'mitgalbu'' auch in PPN 1249284732","Satz gespeichert","---> 1249285046"
98, 1249285054,"Möglicherweise Dublette; 'TSL 'mitgal'' auch in PPN 017529352","Satz gespeichert","---> 1249285054"
99, 1249285062,"Möglicherweise Dublette; 'TSL 'mitgal'' auch in PPN 017529352","Satz gespeichert","---> 1249285062"
100, 1249285070,"Möglicherweise Dublette; 'TSL 'mitgalve'' auch in PPN 1249284724","Satz gespeichert","---> 1249285070"
101, 1249285089,"Möglicherweise Dublette; 'TSL 'mitgalbu'' auch in PPN 1249284732","Satz gespeichert","---> 1249285089"
102, 1249285097,"---> 1249285097"
103, 1249285100,"Möglicherweise Dublette; 'TSL 'mitgalve'' auch in PPN 1249284724","Satz gespeichert","---> 1249285100"
104, 1249285119,"---> 1249285119"
105, 1249285127,"Möglicherweise Dublette; 'TSL 'mitgdrhaa'' auch in PPN 1249284511","Satz gespeichert","---> 1249285127"
106, 1249285135,"Möglicherweise Dublette; 'TSL 'mitgalve'' auch in PPN 1249284724","Satz gespeichert","---> 1249285135"
107, 1249285143,"---> 1249285143"
108, 1249285151,"---> 1249285151"
109, 124928516X,"Möglicherweise Dublette; 'TSL 'mitgalbu'' auch in PPN 1249284732","Satz gespeichert","---> 124928516X"
110, 1249285178,"Möglicherweise Dublette; 'TSL 'mitgal'' auch in PPN 017529352","Satz gespeichert","---> 1249285178"
111, 1249285186,"Möglicherweise Dublette; 'TSL 'mitgal'' auch in PPN 017529352","Satz gespeichert","---> 1249285186"
112, 1249285194,"---> 1249285194"
113, 1249285208,"---> 1249285208"
114, 1249285216,"---> 1249285216"
115, 1249285224,"---> 1249285224"
116, 1249285232,"---> 1249285232"
117, 1249285240,"Möglicherweise Dublette; 'TSL 'mitgambu'' auch in PPN 1249285232","Satz gespeichert","---> 1249285240"
118, 1249285259,"Möglicherweise Dublette; 'TSL 'mitgam'' auch in PPN 989898407","Satz gespeichert","---> 1249285259"
119, 1249285267,"---> 1249285267"
120, 1249285275,"---> 1249285275"
121, 1249285283,"---> 1249285283"
122, 1249285291,"Möglicherweise Dublette; 'TSL 'mitgamve'' auch in PPN 1249285216","Satz gespeichert","---> 1249285291"
123, 1249285305,"Möglicherweise Dublette; 'TSL 'mitgamve'' auch in PPN 1249285216","Satz gespeichert","---> 1249285305"
124, 1249285321,"Möglicherweise Dublette; 'TSL 'mitganve'' auch in PPN 015226360","Satz gespeichert","---> 1249285321"
125, 1249285348,"Möglicherweise Dublette; 'TSL 'mitghaan'' auch in PPN 1249251354","Satz gespeichert","---> 1249285348"
126, 1249285356,"---> 1249285356"
127, 1249285364,"---> 1249285364"
128, 1249285372,"---> 1249285372"
129, 1249285380,"---> 1249285380"
130, 1249285402,"---> 1249285402"
131, 1249285410,"---> 1249285410"
132, 1249285429,"Möglicherweise Dublette; 'TSL 'mitgmian'' auch in PPN 1249285372","Satz gespeichert","---> 1249285429"
133, 1249285437,"Möglicherweise Dublette; 'TSL 'mitganve'' auch in PPN 015226360","Satz gespeichert","---> 1249285437"
134, 1249285445,"Möglicherweise Dublette; 'TSL 'mitgguan'' auch in PPN 1249285364","Satz gespeichert","---> 1249285445"
135, 1249285453,"Möglicherweise Dublette; 'TSL 'mitgdean'' auch in PPN 369357817","Satz gespeichert","---> 1249285453"
136, 1249285461,"---> 1249285461"
137, 124928547X,"---> 124928547X"
138, 1249285488,"Möglicherweise Dublette; 'TSL 'mitghaan'' auch in PPN 1249251354","Satz gespeichert","---> 1249285488"
139, 1249285496,"---> 1249285496"
140, 124928550X,"---> 124928550X"
141, 1249285518,"---> 1249285518"
142, 1249285526,"Möglicherweise Dublette; 'TSL 'mitganbug'' auch in PPN 1249285496","Satz gespeichert","---> 1249285526"
143, 1249285542,"---> 1249285542"
144, 1249285550,"Möglicherweise Dublette; 'TSL 'mitgan'' auch in PPN 1048920011","Satz gespeichert","---> 1249285550"
145, 1249285569,"---> 1249285569"
146, 1249285577,"---> 1249285577"
147, 1249285585,"---> 1249285585"
148, 1249285593,"---> 1249285593"
149, 1249285607,"---> 1249285607"
150, 1249285615,"---> 1249285615"
151, 1249285623,"---> 1249285623"
152, 1249285631,"---> 1249285631"
153, 124928564X,"---> 124928564X"
154, 1249285658,"---> 1249285658"
155, 1249285666,"---> 1249285666"
156, 1249285674,"---> 1249285674"
157, 1249285682,"---> 1249285682"
158, 1249285690,"---> 1249285690"
159, 1249285704,"---> 1249285704"
160, 1249285712,"---> 1249285712"
161, 1249285720,"Möglicherweise Dublette; 'TSL 'mitgarve'' auch in PPN 1249285712","Satz gespeichert","---> 1249285720"
162, 1249285739,"---> 1249285739"
163, 1249285747,"---> 1249285747"
164, 1249285755,"Möglicherweise Dublette; 'TSL 'mitgar'' auch in PPN 1249285712","Satz gespeichert","---> 1249285755"
165, 1249285763,"---> 1249285763"
166, 1249285771,"---> 1249285771"
167, 124928578X,"---> 124928578X"
168, 1249285798,"---> 1249285798"
169, 1249285801,"Möglicherweise Dublette; 'TSL 'mitgar'' auch in PPN 1249285712","Satz gespeichert","---> 1249285801"
170, 124928581X,"---> 124928581X"
171, 1249285828,"---> 1249285828"
172, 1249285836,"Möglicherweise Dublette; 'TSL 'mitgar'' auch in PPN 1249285712","Satz gespeichert","---> 1249285836"
173, 1249285844,"Möglicherweise Dublette; 'TSL 'mitgar'' auch in PPN 1249285712","Satz gespeichert","---> 1249285844"
174, 1249285852,"---> 1249285852"
175, 1249285879,"---> 1249285879"
176, 1249285887,"---> 1249285887"
177, 1249285895,"Möglicherweise Dublette; 'TSL 'mitgarve'' auch in PPN 1249285712","Satz gespeichert","---> 1249285895"
178, 1249285909,"Möglicherweise Dublette; 'TSL 'mitgarve'' auch in PPN 1249285712","Satz gespeichert","---> 1249285909"
179, 1249285917,"---> 1249285917"
180, 1249285925,"Möglicherweise Dublette; 'TSL 'mitgkuar'' auch in PPN 1249251451","Satz gespeichert","---> 1249285925"
181, 1249285933,"---> 1249285933"
182, 1249285941,"---> 1249285941"
183, 124928595X,"Möglicherweise Dublette; 'TSL 'mitggear'' auch in PPN 1249285771","Satz gespeichert","---> 124928595X"
184, 1249285968,"Möglicherweise Dublette; 'TSL 'mitgar'' auch in PPN 1249285712","Satz gespeichert","---> 1249285968"
185, 1249285976,"Möglicherweise Dublette; 'TSL 'mitgalar'' auch in PPN 1249251435","Satz gespeichert","---> 1249285976"
186, 1249285984,"---> 1249285984"
187, 1249285992,"Möglicherweise Dublette; 'TSL 'mitgfrar'' auch in PPN 1249285852","Satz gespeichert","---> 1249285992"
188, 124928600X,"---> 124928600X"
189, 1249286018,"---> 1249286018"
190, 1249286026,"---> 1249286026"
191, 1249286034,"---> 1249286034"
192, 1249286042,"---> 1249286042"
193, 1249286050,"---> 1249286050"
194, 1249286069,"---> 1249286069"
195, 1249286077,"---> 1249286077"
196, 1249286085,"---> 1249286085"
197, 1249286093,"---> 1249286093"
198, 1249286107,"---> 1249286107"
199, 1249286115,"---> 1249286115"
200, 1249286123,"Möglicherweise Dublette; 'TSL 'mitgarve'' auch in PPN 1249285712","Satz gespeichert","---> 1249286123"
201, 1249286131,"Möglicherweise Dublette; 'TSL 'mitgarbu'' auch in PPN 1249285704","Satz gespeichert","---> 1249286131"
202, 124928614X,"---> 124928614X"
203, 1249286158,"---> 1249286158"
204, 1249286166,"---> 1249286166"
205, 1249286174,"---> 1249286174"
206, 1249286182,"---> 1249286182"
207, 1249286190,"---> 1249286190"
208, 1249286204,"Möglicherweise Dublette; 'TSL 'mitgasve'' auch in PPN 1249286166","Satz gespeichert","---> 1249286204"
209, 1249286212,"Möglicherweise Dublette; 'TSL 'mitgasve'' auch in PPN 1249286166","Satz gespeichert","---> 1249286212"
210, 1249286220,"---> 1249286220"
211, 1249286239,"Möglicherweise Dublette; 'TSL 'mitgas'' auch in PPN 1249286204","Satz gespeichert","---> 1249286239"
212, 1249286247,"Möglicherweise Dublette; 'TSL 'mitgasve'' auch in PPN 1249286166","Satz gespeichert","---> 1249286247"
213, 1249286255,"Möglicherweise Dublette; 'TSL 'mitgas'' auch in PPN 1249286204","Satz gespeichert","---> 1249286255"
214, 1249286263,"---> 1249286263"
215, 1249286271,"---> 1249286271"
216, 124928628X,"Möglicherweise Dublette; 'TSL 'mitgatve'' auch in PPN 1249286271","Satz gespeichert","---> 124928628X"
217, 1249286298,"---> 1249286298"
218, 1249286301,"Möglicherweise Dublette; 'TSL 'mitgat'' auch in PPN 124928628X","Satz gespeichert","---> 1249286301"
219, 124928631X,"---> 124928631X"
220, 1249286328,"Möglicherweise Dublette; 'TSL 'mitgatbu'' auch in PPN 1249286301","Satz gespeichert","---> 1249286328"
221, 1249286336,"---> 1249286336"
222, 1249286344,"Möglicherweise Dublette; 'TSL 'mitgat'' auch in PPN 124928628X","Satz gespeichert","---> 1249286344"
223, 1249286352,"---> 1249286352"
224, 1249286360,"---> 1249286360"
225, 1249286379,"---> 1249286379"
226, 1249286387,"---> 1249286387"
227, 1249286395,"---> 1249286395"
228, 1249286409,"---> 1249286409"
229, 1249286417,"---> 1249286417"
230, 1249286425,"---> 1249286425"
231, 1249286433,"Möglicherweise Dublette; 'TSL 'mitgauve'' auch in PPN 1249286425","Satz gespeichert","---> 1249286433"
232, 1249286441,"---> 1249286441"
233, 124928645X,"Möglicherweise Dublette; 'TSL 'mitgauba'' auch in PPN 1249251575","Satz gespeichert","---> 124928645X"
234, 1249286468,"---> 1249286468"
235, 1249286476,"Möglicherweise Dublette; 'TSL 'mitgau'' auch in PPN 365140635","Satz gespeichert","---> 1249286476"
236, 1249286484,"Möglicherweise Dublette; 'TSL 'mitgauve'' auch in PPN 1249286425","Satz gespeichert","---> 1249286484"
237, 1249286492,"Möglicherweise Dublette; 'TSL 'mitgdeau'' auch in PPN 948265868","Satz gespeichert","---> 1249286492"
238, 1249286506,"---> 1249286506"
239, 1249286514,"---> 1249286514"
240, 1249286522,"---> 1249286522"
241, 1249286530,"Möglicherweise Dublette; 'TSL 'mitgav'' auch in PPN 1249286522","Satz gespeichert","---> 1249286530"
242, 1249286549,"Möglicherweise Dublette; 'TSL 'mitgav'' auch in PPN 1249286522","Satz gespeichert","---> 1249286549"
243, 1249286557,"Möglicherweise Dublette; 'TSL 'mitgavve'' auch in PPN 1249286549","Satz gespeichert","---> 1249286557"
244, 1249286565,"Möglicherweise Dublette; 'TSL 'mitgav'' auch in PPN 1249286522","Satz gespeichert","---> 1249286565"
245, 1249286573,"---> 1249286573"
246, 1249286581,"Möglicherweise Dublette; 'TSL 'mitgav'' auch in PPN 1249286522","Satz gespeichert","---> 1249286581"
247, 124928659X,"Möglicherweise Dublette; 'TSL 'mitgroba'' auch in PPN 1249251893","Satz gespeichert","---> 124928659X"
248, 1249286603,"Möglicherweise Dublette; 'TSL 'mitgauba'' auch in PPN 1249251575","Satz gespeichert","---> 1249286603"
249, 1249286611,"Möglicherweise Dublette; 'TSL 'mitgjoba'' auch in PPN 124925177X","Satz gespeichert","---> 1249286611"
250, 124928662X,"---> 124928662X"
251, 1249286638,"---> 1249286638"
252, 1249286646,"Möglicherweise Dublette; 'TSL 'mitgweba'' auch in PPN 1249251850","Satz gespeichert","---> 1249286646"
253, 1249286654,"Möglicherweise Dublette; 'TSL 'mitgheba'' auch in PPN 1249251788","Satz gespeichert","---> 1249286654"
254, 1249286662,"---> 1249286662"
255, 1249286670,"---> 1249286670"
256, 1249286689,"---> 1249286689"
257, 1249286697,"---> 1249286697"
258, 1249286700,"---> 1249286700"
259, 1249286719,"Möglicherweise Dublette; 'TSL 'mitgmaba'' auch in PPN 1249251699","Satz gespeichert","---> 1249286719"
260, 1249286727,"---> 1249286727"
261, 1249286735,"Möglicherweise Dublette; 'TSL 'mitgwiba'' auch in PPN 124925163X","Satz gespeichert","---> 1249286735"
262, 1249286751,"---> 1249286751"
263, 124928676X,"---> 124928676X"
264, 1249286778,"Möglicherweise Dublette; 'TSL 'mitgkau h'' auch in PPN 1249274990","Satz gespeichert","---> 1249286778"
265, 1249286786,"---> 1249286786"
266, 1249286794,"Möglicherweise Dublette; 'TSL 'mitgkaba'' auch in PPN 1249251982","Satz gespeichert","---> 1249286794"
267, 1249286808,"Möglicherweise Dublette; 'TSL 'mitgauba'' auch in PPN 1249251575","Satz gespeichert","---> 1249286808"
268, 1249286816,"Möglicherweise Dublette; 'TSL 'mitgbave'' auch in PPN 1249286697","Satz gespeichert","---> 1249286816"
269, 1249286824,"---> 1249286824"
270, 1249286832,"Möglicherweise Dublette; 'TSL 'mitgroba'' auch in PPN 1249251893","Satz gespeichert","---> 1249286832"
271, 1249286840,"---> 1249286840"
272, 1249286859,"---> 1249286859"
273, 1249286867,"---> 1249286867"
274, 1249286875,"---> 1249286875"
275, 1249286883,"---> 1249286883"
276, 1249286891,"---> 1249286891"
277, 1249286905,"Möglicherweise Dublette; 'TSL 'mitgdiba'' auch in PPN 1249286824","Satz gespeichert","---> 1249286905"
278, 1249286913,"Möglicherweise Dublette; 'TSL 'mitginba'' auch in PPN 570612233","Satz gespeichert","---> 1249286913"
279, 1249286921,"Möglicherweise Dublette; 'TSL 'mitgroba'' auch in PPN 1249251893","Satz gespeichert","---> 1249286921"
280, 124928693X,"Möglicherweise Dublette; 'TSL 'mitgalba'' auch in PPN 1249286786","Satz gespeichert","---> 124928693X"
281, 1249286948,"Möglicherweise Dublette; 'TSL 'mitgheba'' auch in PPN 1249251788","Satz gespeichert","---> 1249286948"
282, 1249286956,"Möglicherweise Dublette; 'TSL 'mitginba'' auch in PPN 570612233","Satz gespeichert","---> 1249286956"
283, 1249286964,"Möglicherweise Dublette; 'TSL 'mitgbeba'' auch in PPN 1249251591","Satz gespeichert","---> 1249286964"
284, 1249286999,"Möglicherweise Dublette; 'TSL 'mitghaba'' auch in PPN 1249251842","Satz gespeichert","---> 1249286999"
285, 1249287006,"Möglicherweise Dublette; 'TSL 'mitgdrpeb'' auch in PPN 124925308X","Satz gespeichert","---> 1249287006"
286, 1249287014,"---> 1249287014"
287, 1249287022,"---> 1249287022"
288, 1249287030,"Möglicherweise Dublette; 'TSL 'mitgdralb'' auch in PPN 1249254221","Satz gespeichert","---> 1249287030"
289, 1249287049,"Möglicherweise Dublette; 'TSL 'mitgalba'' auch in PPN 1249286786","Satz gespeichert","---> 1249287049"
290, 1249287057,"Möglicherweise Dublette; 'TSL 'mitgdiba'' auch in PPN 1249286824","Satz gespeichert","---> 1249287057"
291, 1249287065,"Möglicherweise Dublette; 'TSL 'mitgba'' auch in PPN 1030843791","Satz gespeichert","---> 1249287065"
292, 1249287073,"Möglicherweise Dublette; 'TSL 'mitgba'' auch in PPN 1030843791","Satz gespeichert","---> 1249287073"
293, 1249287081,"Möglicherweise Dublette; 'TSL 'mitgalba'' auch in PPN 1249286786","Satz gespeichert","---> 1249287081"
294, 124928709X,"Möglicherweise Dublette; 'TSL 'mitgbave'' auch in PPN 1249286697","Satz gespeichert","---> 124928709X"
295, 1249287103,"Möglicherweise Dublette; 'TSL 'mitgheba'' auch in PPN 1249251788","Satz gespeichert","---> 1249287103"
296, 1249287111,"---> 1249287111"
297, 124928712X,"---> 124928712X"
298, 1249287138,"Möglicherweise Dublette; 'TSL 'mitgwaba'' auch in PPN 1249287022","Satz gespeichert","---> 1249287138"
299, 1249287146,"Möglicherweise Dublette; 'TSL 'mitgbabu'' auch in PPN 1249287073","Satz gespeichert","---> 1249287146"
300, 1249287154,"---> 1249287154"
301, 1249287162,"Möglicherweise Dublette; 'TSL 'mitgbave'' auch in PPN 1249286697","Satz gespeichert","---> 1249287162"
302, 1249287170,"---> 1249287170"
303, 1249287189,"---> 1249287189"
304, 1249287197,"---> 1249287197"
305, 1249287200,"Möglicherweise Dublette; 'TSL 'mitggeba'' auch in PPN 1249251990","Satz gespeichert","---> 1249287200"
306, 1249287219,"---> 1249287219"
307, 1249287227,"Möglicherweise Dublette; 'TSL 'mitgjoamb'' auch in PPN 1249287219","Satz gespeichert","---> 1249287227"
308, 1249287235,"---> 1249287235"
309, 1249287243,"Möglicherweise Dublette; 'TSL 'mitggeba'' auch in PPN 1249251990","Satz gespeichert","---> 1249287243"
310, 1249287251,"---> 1249287251"
311, 1249287278,"---> 1249287278"
312, 1249287286,"---> 1249287286"
313, 1249287294,"---> 1249287294"
314, 1249287308,"---> 1249287308"
315, 1249287316,"---> 1249287316"
316, 1249287324,"Möglicherweise Dublette; 'TSL 'mitgerba'' auch in PPN 1249286751","Satz gespeichert","---> 1249287324"
317, 1249287332,"Möglicherweise Dublette; 'TSL 'mitgheba'' auch in PPN 1249251788","Satz gespeichert","---> 1249287332"
318, 1249287340,"Möglicherweise Dublette; 'TSL 'mitgmaba'' auch in PPN 1249251699","Satz gespeichert","---> 1249287340"
319, 1249287359,"---> 1249287359"
320, 1249287367,"Möglicherweise Dublette; 'TSL 'mitgalba'' auch in PPN 1249286786","Satz gespeichert","---> 1249287367"
321, 1249287375,"---> 1249287375"
322, 1249287383,"Möglicherweise Dublette; 'TSL 'mitgba'' auch in PPN 1030843791","Satz gespeichert","---> 1249287383"
323, 1249287391,"---> 1249287391"
324, 1249287405,"Möglicherweise Dublette; 'TSL 'mitgmau g'' auch in PPN 1249281695","Satz gespeichert","---> 1249287405"
325, 1249287413,"Möglicherweise Dublette; 'TSL 'mitgmaba'' auch in PPN 1249251699","Satz gespeichert","---> 1249287413"
326, 1249287421,"---> 1249287421"
327, 124928743X,"---> 124928743X"
328, 1249287448,"---> 1249287448"
329, 1249287456,"Möglicherweise Dublette; 'TSL 'mitgerba'' auch in PPN 1249286751","Satz gespeichert","---> 1249287456"
330, 1249287464,"Möglicherweise Dublette; 'TSL 'mitggeba'' auch in PPN 1249251990","Satz gespeichert","---> 1249287464"
331, 1249287472,"Möglicherweise Dublette; 'TSL 'mitgheba'' auch in PPN 1249251788","Satz gespeichert","---> 1249287472"
332, 1249287480,"---> 1249287480"
333, 1249287499,"---> 1249287499"
334, 1249287510,"Möglicherweise Dublette; 'TSL 'mitgroba'' auch in PPN 1249251893","Satz gespeichert","---> 1249287510"
335, 1249287529,"Möglicherweise Dublette; 'TSL 'mitgbabu'' auch in PPN 1249287073","Satz gespeichert","---> 1249287529"
336, 1249287537,"Möglicherweise Dublette; 'TSL 'mitgkaba'' auch in PPN 1249251982","Satz gespeichert","---> 1249287537"
337, 1249287545,"Möglicherweise Dublette; 'TSL 'mitgkaba'' auch in PPN 1249251982","Satz gespeichert","---> 1249287545"
338, 1249287553,"---> 1249287553"
339, 1249287561,"---> 1249287561"
340, 124928757X,"Möglicherweise Dublette; 'TSL 'mitgerba'' auch in PPN 1249286751","Satz gespeichert","---> 124928757X"
341, 1249287588,"Möglicherweise Dublette; 'TSL 'mitgevba'' auch in PPN 1249286700","Satz gespeichert","---> 1249287588"
342, 1249287596,"Möglicherweise Dublette; 'TSL 'mitgfrba'' auch in PPN 1249251702","Satz gespeichert","---> 1249287596"
343, 124928760X,"Möglicherweise Dublette; 'TSL 'mitgheba'' auch in PPN 1249251788","Satz gespeichert","---> 124928760X"
344, 1249287618,"Möglicherweise Dublette; 'TSL 'mitgheba'' auch in PPN 1249251788","Satz gespeichert","---> 1249287618"
345, 1249287626,"Möglicherweise Dublette; 'TSL 'mitgdiba'' auch in PPN 1249286824","Satz gespeichert","---> 1249287626"
346, 1249287634,"Möglicherweise Dublette; 'TSL 'mitgwiba'' auch in PPN 124925163X","Satz gespeichert","---> 1249287634"
347, 1249287642,"---> 1249287642"
348, 1249287650,"Möglicherweise Dublette; 'TSL 'mitgluba'' auch in PPN 1249287170","Satz gespeichert","---> 1249287650"
349, 1249287669,"---> 1249287669"
350, 1249287677,"---> 1249287677"
351, 1249287685,"---> 1249287685"
352, 1249287693,"---> 1249287693"
353, 1249287707,"Möglicherweise Dublette; 'TSL 'mitgbabu'' auch in PPN 1249287073","Satz gespeichert","---> 1249287707"
354, 1249287715,"Möglicherweise Dublette; 'TSL 'mitgbave'' auch in PPN 1249286697","Satz gespeichert","---> 1249287715"
355, 1249287723,"Möglicherweise Dublette; 'TSL 'mitgbave'' auch in PPN 1249286697","Satz gespeichert","---> 1249287723"
356, 124928774X,"Möglicherweise Dublette; 'TSL 'mitgbeba'' auch in PPN 1249251591","Satz gespeichert","---> 124928774X"
357, 1249287758,"---> 1249287758"
358, 1249287766,"---> 1249287766"
359, 1249287774,"---> 1249287774"
360, 1249287782,"---> 1249287782"
361, 1249287790,"---> 1249287790"
362, 1249287804,"Möglicherweise Dublette; 'TSL 'mitgbe'' auch in PPN 011977892","Satz gespeichert","---> 1249287804"
363, 1249287812,"---> 1249287812"
364, 1249287820,"---> 1249287820"
365, 1249287839,"Möglicherweise Dublette; 'TSL 'mitgdrheb'' auch in PPN 1249252040","Satz gespeichert","---> 1249287839"
366, 1249287847,"---> 1249287847"
367, 1249287855,"---> 1249287855"
368, 1249287863,"Möglicherweise Dublette; 'TSL 'mitganbe'' auch in PPN 1222856603","Satz gespeichert","---> 1249287863"
369, 124928788X,"Möglicherweise Dublette; 'TSL 'mitggube'' auch in PPN 1249252261","Satz gespeichert","---> 124928788X"
370, 1249287898,"Möglicherweise Dublette; 'TSL 'mitgjobe'' auch in PPN 1249252342","Satz gespeichert","---> 1249287898"
371, 1249287901,"---> 1249287901"
372, 124928791X,"Möglicherweise Dublette; 'TSL 'mitgmabe'' auch in PPN 1249252288","Satz gespeichert","---> 124928791X"
373, 1249287928,"Möglicherweise Dublette; 'TSL 'mitgmabe'' auch in PPN 1249252288","Satz gespeichert","---> 1249287928"
374, 1249287936,"---> 1249287936"
375, 1249287944,"---> 1249287944"
376, 1249287952,"---> 1249287952"
377, 1249287960,"---> 1249287960"
378, 1249287979,"Möglicherweise Dublette; 'TSL 'mitgbe'' auch in PPN 011977892","Satz gespeichert","---> 1249287979"
379, 1249287987,"---> 1249287987"
380, 1249287995,"---> 1249287995"
381, 1249288002,"---> 1249288002"
382, 1249288010,"---> 1249288010"
383, 1249288029,"---> 1249288029"
384, 1249288037,"---> 1249288037"
385, 1249288045,"Möglicherweise Dublette; 'TSL 'mitgjube'' auch in PPN 1249252555","Satz gespeichert","---> 1249288045"
386, 1249288053,"---> 1249288053"
387, 1249288061,"---> 1249288061"
388, 124928807X,"---> 124928807X"
389, 1249288088,"---> 1249288088"
390, 1249288096,"---> 1249288096"
391, 124928810X,"Möglicherweise Dublette; 'TSL 'mitganbe'' auch in PPN 1222856603","Satz gespeichert","---> 124928810X"
392, 1249288118,"---> 1249288118"
393, 1249288126,"Möglicherweise Dublette; 'TSL 'mitgwabe'' auch in PPN 1249252407","Satz gespeichert","---> 1249288126"
394, 1249288134,"Möglicherweise Dublette; 'TSL 'mitgsibe'' auch in PPN 1249252296","Satz gespeichert","---> 1249288134"
395, 1249288142,"Möglicherweise Dublette; 'TSL 'mitgelbe'' auch in PPN 1249252709","Satz gespeichert","---> 1249288142"
396, 1249288150,"---> 1249288150"
397, 1249288169,"Möglicherweise Dublette; 'TSL 'mitgalbe'' auch in PPN 1249252172","Satz gespeichert","---> 1249288169"
398, 1249288177,"---> 1249288177"
399, 1249288185,"Möglicherweise Dublette; 'TSL 'mitgadbe'' auch in PPN 124925244X","Satz gespeichert","---> 1249288185"
400, 1249288193,"Möglicherweise Dublette; 'TSL 'mitgerbe'' auch in PPN 1249252539","Satz gespeichert","---> 1249288193"
401, 1249288207,"---> 1249288207"
402, 1249288215,"---> 1249288215"
403, 1249288223,"Möglicherweise Dublette; 'TSL 'mitgsibe'' auch in PPN 1249252296","Satz gespeichert","---> 1249288223"
404, 1249288231,"Möglicherweise Dublette; 'TSL 'mitgwebe'' auch in PPN 1249252504","Satz gespeichert","---> 1249288231"
405, 124928824X,"---> 124928824X"
406, 1249288266,"Möglicherweise Dublette; 'TSL 'mitgelbe'' auch in PPN 1249252709","Satz gespeichert","---> 1249288266"
407, 1249288274,"Möglicherweise Dublette; 'TSL 'mitgfrbe'' auch in PPN 1249252253","Satz gespeichert","---> 1249288274"
408, 1249288282,"Möglicherweise Dublette; 'TSL 'mitgbe'' auch in PPN 011977892","Satz gespeichert","---> 1249288282"
409, 1249288290,"---> 1249288290"
410, 1249288304,"Möglicherweise Dublette; 'TSL 'mitgchbe'' auch in PPN 1249252830","Satz gespeichert","---> 1249288304"
411, 1249288312,"Möglicherweise Dublette; 'TSL 'mitgchbe'' auch in PPN 1249252830","Satz gespeichert","---> 1249288312"
412, 1249288320,"---> 1249288320"
413, 1249288339,"Möglicherweise Dublette; 'TSL 'mitggebe'' auch in PPN 1249287944","Satz gespeichert","---> 1249288339"
414, 1249288347,"---> 1249288347"
415, 1249288355,"Möglicherweise Dublette; 'TSL 'mitglube'' auch in PPN 1249287782","Satz gespeichert","---> 1249288355"
416, 1249288363,"---> 1249288363"
417, 1249288371,"---> 1249288371"
418, 124928838X,"Möglicherweise Dublette; 'TSL 'mitgbeve'' auch in PPN 1249287804","Satz gespeichert","---> 124928838X"
419, 1249288398,"Möglicherweise Dublette; 'TSL 'mitgbeve'' auch in PPN 1249287804","Satz gespeichert","---> 1249288398"
420, 1249288401,"Möglicherweise Dublette; 'TSL 'mitgmabe'' auch in PPN 1249252288","Satz gespeichert","---> 1249288401"
421, 124928841X,"---> 124928841X"
422, 1249288428,"Möglicherweise Dublette; 'TSL 'mitgbebu'' auch in PPN 1249288371","Satz gespeichert","---> 1249288428"
423, 1249288436,"Möglicherweise Dublette; 'TSL 'mitgelbe'' auch in PPN 1249252709","Satz gespeichert","---> 1249288436"
424, 1249288444,"Möglicherweise Dublette; 'TSL 'mitghabe'' auch in PPN 1249287820","Satz gespeichert","---> 1249288444"
425, 1249288452,"Möglicherweise Dublette; 'TSL 'mitggebe'' auch in PPN 1249287944","Satz gespeichert","---> 1249288452"
426, 1249288460,"---> 1249288460"
427, 1249288479,"Möglicherweise Dublette; 'TSL 'mitgjobe'' auch in PPN 1249252342","Satz gespeichert","---> 1249288479"
428, 1249288487,"Möglicherweise Dublette; 'TSL 'mitgjobe'' auch in PPN 1249252342","Satz gespeichert","---> 1249288487"
429, 1249288495,"---> 1249288495"
430, 1249288509,"Möglicherweise Dublette; 'TSL 'mitgosbe'' auch in PPN 1249287847","Satz gespeichert","---> 1249288509"
431, 1249288517,"Möglicherweise Dublette; 'TSL 'mitguwbe'' auch in PPN 124928824X","Satz gespeichert","---> 1249288517"
432, 1249288525,"---> 1249288525"
433, 1249288533,"---> 1249288533"
434, 1249288541,"---> 1249288541"
435, 124928855X,"---> 124928855X"
436, 1249288568,"Möglicherweise Dublette; 'TSL 'mitgpavob'' auch in PPN 1249288533","Satz gespeichert","---> 1249288568"
437, 1249288576,"Möglicherweise Dublette; 'TSL 'mitgfrbe'' auch in PPN 1249252253","Satz gespeichert","---> 1249288576"
438, 1249288584,"---> 1249288584"
439, 1249288592,"---> 1249288592"
440, 1249288606,"Möglicherweise Dublette; 'TSL 'mitgwibe'' auch in PPN 1249252644","Satz gespeichert","---> 1249288606"
441, 1249288614,"---> 1249288614"
442, 1249288622,"---> 1249288622"
443, 1249288630,"Möglicherweise Dublette; 'TSL 'mitgsibe'' auch in PPN 1249252296","Satz gespeichert","---> 1249288630"
444, 1249288649,"---> 1249288649"
445, 1249288657,"Möglicherweise Dublette; 'TSL 'mitgbeve'' auch in PPN 1249287804","Satz gespeichert","---> 1249288657"
446, 1249288665,"Möglicherweise Dublette; 'TSL 'mitghobe'' auch in PPN 1249288584","Satz gespeichert","---> 1249288665"
447, 1249288673,"---> 1249288673"
448, 1249288681,"Möglicherweise Dublette; 'TSL 'mitgbebu'' auch in PPN 1249288371","Satz gespeichert","---> 1249288681"
449, 124928869X,"Möglicherweise Dublette; 'TSL 'mitgbrbe'' auch in PPN 124928807X","Satz gespeichert","---> 124928869X"
450, 1249288703,"---> 1249288703"
451, 1249288711,"---> 1249288711"
452, 124928872X,"Möglicherweise Dublette; 'TSL 'mitgchbe'' auch in PPN 1249252830","Satz gespeichert","---> 124928872X"
453, 1249288738,"Möglicherweise Dublette; 'TSL 'mitghibe'' auch in PPN 124925230X","Satz gespeichert","---> 1249288738"
454, 1249288746,"Möglicherweise Dublette; 'TSL 'mitghebe'' auch in PPN 1249252326","Satz gespeichert","---> 1249288746"
455, 1249288754,"---> 1249288754"
456, 1249288762,"Möglicherweise Dublette; 'TSL 'mitggube'' auch in PPN 1249252261","Satz gespeichert","---> 1249288762"
457, 1249288770,"---> 1249288770"
458, 1249288789,"Möglicherweise Dublette; 'TSL 'mitgjobe'' auch in PPN 1249252342","Satz gespeichert","---> 1249288789"
459, 1249288797,"Möglicherweise Dublette; 'TSL 'mitggebe'' auch in PPN 1249287944","Satz gespeichert","---> 1249288797"
460, 1249288819,"Möglicherweise Dublette; 'TSL 'mitggebe'' auch in PPN 1249287944","Satz gespeichert","---> 1249288819"
461, 1249288827,"Möglicherweise Dublette; 'TSL 'mitgmabe'' auch in PPN 1249252288","Satz gespeichert","---> 1249288827"
462, 1249288835,"Möglicherweise Dublette; 'TSL 'mitgdibe'' auch in PPN 1249288053","Satz gespeichert","---> 1249288835"
463, 1249288843,"Möglicherweise Dublette; 'TSL 'mitgbe'' auch in PPN 011977892","Satz gespeichert","---> 1249288843"
464, 1249288851,"Möglicherweise Dublette; 'TSL 'mitgjobe'' auch in PPN 1249252342","Satz gespeichert","---> 1249288851"
465, 124928886X,"---> 124928886X"
466, 1249288878,"Möglicherweise Dublette; 'TSL 'mitgbrbe'' auch in PPN 124928807X","Satz gespeichert","---> 1249288878"
467, 1249288886,"---> 1249288886"
468, 1249288894,"---> 1249288894"
469, 1249288908,"Möglicherweise Dublette; 'TSL 'mitgbe'' auch in PPN 011977892","Satz gespeichert","---> 1249288908"
470, 1249288916,"Möglicherweise Dublette; 'TSL 'mitgjobe'' auch in PPN 1249252342","Satz gespeichert","---> 1249288916"
471, 1249288924,"Möglicherweise Dublette; 'TSL 'mitgsibe'' auch in PPN 1249252296","Satz gespeichert","---> 1249288924"
472, 1249288932,"Möglicherweise Dublette; 'TSL 'mitgsibe'' auch in PPN 1249252296","Satz gespeichert","---> 1249288932"
473, 1249288940,"Möglicherweise Dublette; 'TSL 'mitgwibe'' auch in PPN 1249252644","Satz gespeichert","---> 1249288940"
474, 1249288959,"Möglicherweise Dublette; 'TSL 'mitgerbe'' auch in PPN 1249252539","Satz gespeichert","---> 1249288959"
475, 1249288967,"---> 1249288967"
476, 1249288975,"Möglicherweise Dublette; 'TSL 'mitgalbe'' auch in PPN 1249252172","Satz gespeichert","---> 1249288975"
477, 1249288983,"---> 1249288983"
478, 1249288991,"Möglicherweise Dublette; 'TSL 'mitghabe'' auch in PPN 1249287820","Satz gespeichert","---> 1249288991"
479, 1249289009,"---> 1249289009"
480, 1249289017,"Möglicherweise Dublette; 'TSL 'mitgbe'' auch in PPN 011977892","Satz gespeichert","---> 1249289017"
481, 1249289025,"Möglicherweise Dublette; 'TSL 'mitgbe'' auch in PPN 011977892","Satz gespeichert","---> 1249289025"
482, 1249289033,"Möglicherweise Dublette; 'TSL 'mitgbeve'' auch in PPN 1249287804","Satz gespeichert","---> 1249289033"
483, 1249289041,"---> 1249289041"
484, 124928905X,"Möglicherweise Dublette; 'TSL 'mitgbe'' auch in PPN 011977892","Satz gespeichert","---> 124928905X"
485, 1249289068,"Möglicherweise Dublette; 'TSL 'mitgmabe'' auch in PPN 1249252288","Satz gespeichert","---> 1249289068"
486, 1249289076,"Möglicherweise Dublette; 'TSL 'mitgadbe'' auch in PPN 124925244X","Satz gespeichert","---> 1249289076"
487, 1249289084,"Möglicherweise Dublette; 'TSL 'mitgfrwib'' auch in PPN 1249280915","Satz gespeichert","---> 1249289084"
488, 1249289092,"---> 1249289092"
489, 1249289106,"---> 1249289106"
490, 1249289114,"Möglicherweise Dublette; 'TSL 'mitgarbe'' auch in PPN 1249252458","Satz gespeichert","---> 1249289114"
491, 1249289130,"---> 1249289130"
492, 1249289149,"Möglicherweise Dublette; 'TSL 'mitgkube'' auch in PPN 1249287901","Satz gespeichert","---> 1249289149"
493, 1249289157,"---> 1249289157"
494, 1249289165,"---> 1249289165"
495, 1249289173,"---> 1249289173"
496, 1249289181,"Möglicherweise Dublette; 'TSL 'mitgerbe'' auch in PPN 1249252539","Satz gespeichert","---> 1249289181"
497, 124928919X,"---> 124928919X"
498, 1249289203,"---> 1249289203"
499, 1249289211,"---> 1249289211"
500, 124928922X,"---> 124928922X"
501, 1249289238,"---> 1249289238"
502, 1249289246,"---> 1249289246"
503, 1249289254,"---> 1249289254"
504, 1249289262,"---> 1249289262"
505, 1249289270,"---> 1249289270"
506, 1249289289,"---> 1249289289"
507, 1249289297,"Möglicherweise Dublette; 'TSL 'mitgbive'' auch in PPN 1249289254","Satz gespeichert","---> 1249289297"
508, 1249289300,"---> 1249289300"
509, 1249289319,"---> 1249289319"
510, 1249289327,"---> 1249289327"
511, 1249289335,"---> 1249289335"
512, 1249289343,"---> 1249289343"
513, 1249289351,"---> 1249289351"
514, 124928936X,"---> 124928936X"
515, 1249289378,"Möglicherweise Dublette; 'TSL 'mitgwibi'' auch in PPN 1249252938","Satz gespeichert","---> 1249289378"
516, 1249289386,"---> 1249289386"
517, 1249289394,"---> 1249289394"
518, 1249289408,"---> 1249289408"
519, 1249289416,"---> 1249289416"
520, 1249289424,"---> 1249289424"
521, 1249289432,"---> 1249289432"
522, 1249289440,"---> 1249289440"
523, 1249289459,"---> 1249289459"
524, 1249289467,"---> 1249289467"
525, 1249289475,"---> 1249289475"
526, 1249289483,"---> 1249289483"
527, 1249289491,"---> 1249289491"
528, 1249289505,"---> 1249289505"
529, 1249289513,"---> 1249289513"
530, 124928953X,"---> 124928953X"
531, 1249289548,"---> 1249289548"
532, 1249289556,"Möglicherweise Dublette; 'TSL 'mitgbebi'' auch in PPN 1249289440","Satz gespeichert","---> 1249289556"
533, 1249289564,"Möglicherweise Dublette; 'TSL 'mitgbi'' auch in PPN 1249289297","Satz gespeichert","---> 1249289564"
534, 1249289572,"Möglicherweise Dublette; 'TSL 'mitgbive'' auch in PPN 1249289254","Satz gespeichert","---> 1249289572"
535, 1249289580,"Möglicherweise Dublette; 'TSL 'mitgbi'' auch in PPN 1249289297","Satz gespeichert","---> 1249289580"
536, 1249289602,"Möglicherweise Dublette; 'TSL 'mitgbive'' auch in PPN 1249289254","Satz gespeichert","---> 1249289602"
537, 1249289610,"---> 1249289610"
538, 1249289629,"Möglicherweise Dublette; 'TSL 'mitgbige'' auch in PPN 1249289610","Satz gespeichert","---> 1249289629"
539, 1249289637,"Möglicherweise Dublette; 'TSL 'mitgbive'' auch in PPN 1249289254","Satz gespeichert","---> 1249289637"
540, 1249289645,"Möglicherweise Dublette; 'TSL 'mitgbebi'' auch in PPN 1249289440","Satz gespeichert","---> 1249289645"
541, 1249289653,"---> 1249289653"
542, 1249289661,"Möglicherweise Dublette; 'TSL 'mitgbive'' auch in PPN 1249289254","Satz gespeichert","---> 1249289661"
543, 124928967X,"---> 124928967X"
544, 1249289688,"Möglicherweise Dublette; 'TSL 'mitgwibi'' auch in PPN 1249252938","Satz gespeichert","---> 1249289688"
545, 1249289696,"---> 1249289696"
546, 124928970X,"---> 124928970X"
547, 1249289718,"Möglicherweise Dublette; 'TSL 'mitginbi'' auch in PPN 1249289351","Satz gespeichert","---> 1249289718"
548, 1249289726,"Möglicherweise Dublette; 'TSL 'mitgbi'' auch in PPN 1249289297","Satz gespeichert","---> 1249289726"
549, 1249289734,"---> 1249289734"
550, 1249289742,"---> 1249289742"
551, 1249289750,"---> 1249289750"
552, 1249289769,"---> 1249289769"
553, 1249289777,"---> 1249289777"
554, 1249289785,"---> 1249289785"
555, 1249289793,"---> 1249289793"
556, 1249289807,"---> 1249289807"
557, 1249289815,"---> 1249289815"
558, 1249289823,"Möglicherweise Dublette; 'TSL 'mitgmabl'' auch in PPN 1249289750","Satz gespeichert","---> 1249289823"
559, 1249289831,"---> 1249289831"
560, 124928984X,"---> 124928984X"
561, 1249289858,"---> 1249289858"
562, 1249289866,"Möglicherweise Dublette; 'TSL 'mitggebl'' auch in PPN 1249253071","Satz gespeichert","---> 1249289866"
563, 1249289874,"---> 1249289874"
564, 1249289882,"---> 1249289882"
565, 1249289890,"---> 1249289890"
566, 1249289904,"---> 1249289904"
567, 1249289912,"Möglicherweise Dublette; 'TSL 'mitgdrhab'' auch in PPN 1249254000","Satz gespeichert","---> 1249289912"
568, 1249289920,"---> 1249289920"
569, 1249289939,"Möglicherweise Dublette; 'TSL 'mitgblve'' auch in PPN 124928984X","Satz gespeichert","---> 1249289939"
570, 1249289947,"---> 1249289947"
571, 1249289955,"---> 1249289955"
572, 1249289971,"---> 1249289971"
573, 124928998X,"---> 124928998X"
574, 1249289998,"---> 1249289998"
575, 1249290007,"---> 1249290007"
576, 1249290015,"Möglicherweise Dublette; 'TSL 'mitgdebl'' auch in PPN 1249290007","Satz gespeichert","---> 1249290015"
577, 1249290023,"Möglicherweise Dublette; 'TSL 'mitgmabl'' auch in PPN 1249289750","Satz gespeichert","---> 1249290023"
578, 1249290031,"---> 1249290031"
579, 124929004X,"Möglicherweise Dublette; 'TSL 'mitgbebl'' auch in PPN 1249289815","Satz gespeichert","---> 124929004X"
580, 1249290058,"Möglicherweise Dublette; 'TSL 'mitgbl'' auch in PPN 124928984X","Satz gespeichert","---> 1249290058"
581, 1249290066,"---> 1249290066"
582, 1249290074,"Möglicherweise Dublette; 'TSL 'mitgwibo'' auch in PPN 1249253349","Satz gespeichert","---> 1249290074"
583, 1249290082,"Möglicherweise Dublette; 'TSL 'mitganbo'' auch in PPN 124925325X","Satz gespeichert","---> 1249290082"
584, 1249290090,"---> 1249290090"
585, 1249290104,"Möglicherweise Dublette; 'TSL 'mitghabo'' auch in PPN 1249253446","Satz gespeichert","---> 1249290104"
586, 1249290112,"Möglicherweise Dublette; 'TSL 'mitgerbo'' auch in PPN 1249253624","Satz gespeichert","---> 1249290112"
587, 1249290120,"Möglicherweise Dublette; 'TSL 'mitgjobo'' auch in PPN 1249253330","Satz gespeichert","---> 1249290120"
588, 1249290139,"---> 1249290139"
589, 1249290147,"Möglicherweise Dublette; 'TSL 'mitganbo'' auch in PPN 124925325X","Satz gespeichert","---> 1249290147"
590, 1249290155,"---> 1249290155"
591, 1249290163,"---> 1249290163"
592, 1249290171,"---> 1249290171"
593, 124929018X,"---> 124929018X"
594, 1249290198,"---> 1249290198"
595, 1249290201,"Möglicherweise Dublette; 'TSL 'mitganbo'' auch in PPN 124925325X","Satz gespeichert","---> 1249290201"
596, 124929021X,"Möglicherweise Dublette; 'TSL 'mitgmabo'' auch in PPN 1249253187","Satz gespeichert","---> 124929021X"
597, 1249290228,"Möglicherweise Dublette; 'TSL 'mitgmabo'' auch in PPN 1249253187","Satz gespeichert","---> 1249290228"
598, 1249290236,"Möglicherweise Dublette; 'TSL 'mitgdrheb'' auch in PPN 1249252040","Satz gespeichert","---> 1249290236"
599, 1249290244,"Möglicherweise Dublette; 'TSL 'mitgjubo'' auch in PPN 1249253543","Satz gespeichert","---> 1249290244"
600, 1249290252,"Möglicherweise Dublette; 'TSL 'mitgmabo'' auch in PPN 1249253187","Satz gespeichert","---> 1249290252"
601, 1249290260,"---> 1249290260"
602, 1249290279,"---> 1249290279"
603, 1249290287,"---> 1249290287"
604, 1249290309,"---> 1249290309"
605, 1249290317,"---> 1249290317"
606, 1249290325,"---> 1249290325"
607, 1249290341,"---> 1249290341"
608, 124929035X,"---> 124929035X"
609, 1249290368,"---> 1249290368"
610, 1249290376,"---> 1249290376"
611, 1249290384,"Möglicherweise Dublette; 'TSL 'mitghabo'' auch in PPN 1249253446","Satz gespeichert","---> 1249290384"
612, 1249290392,"Möglicherweise Dublette; 'TSL 'mitghebo'' auch in PPN 1249253209","Satz gespeichert","---> 1249290392"
613, 1249290406,"Möglicherweise Dublette; 'TSL 'mitghebo'' auch in PPN 1249253209","Satz gespeichert","---> 1249290406"
614, 1249290414,"---> 1249290414"
615, 1249290422,"---> 1249290422"
616, 1249290430,"---> 1249290430"
617, 1249290449,"Möglicherweise Dublette; 'TSL 'mitghebo'' auch in PPN 1249253209","Satz gespeichert","---> 1249290449"
618, 1249290457,"---> 1249290457"
619, 1249290465,"---> 1249290465"
620, 1249290473,"---> 1249290473"
621, 1249290481,"Möglicherweise Dublette; 'TSL 'mitgmabo'' auch in PPN 1249253187","Satz gespeichert","---> 1249290481"
622, 124929049X,"---> 124929049X"
623, 1249290503,"Möglicherweise Dublette; 'TSL 'mitgjobo'' auch in PPN 1249253330","Satz gespeichert","---> 1249290503"
624, 1249290511,"---> 1249290511"
625, 124929052X,"---> 124929052X"
626, 1249290538,"---> 1249290538"
627, 1249290546,"---> 1249290546"
628, 1249290554,"Möglicherweise Dublette; 'TSL 'mitgbrbo'' auch in PPN 1249290155","Satz gespeichert","---> 1249290554"
629, 1249290562,"---> 1249290562"
630, 1249290570,"Möglicherweise Dublette; 'TSL 'mitgkabo'' auch in PPN 1249253462","Satz gespeichert","---> 1249290570"
631, 1249290589,"Möglicherweise Dublette; 'TSL 'mitgalbo'' auch in PPN 1249253616","Satz gespeichert","---> 1249290589"
632, 1249290597,"Möglicherweise Dublette; 'TSL 'mitgjubo'' auch in PPN 1249253543","Satz gespeichert","---> 1249290597"
633, 1249290600,"Möglicherweise Dublette; 'TSL 'mitghabo'' auch in PPN 1249253446","Satz gespeichert","---> 1249290600"
634, 1249290619,"Möglicherweise Dublette; 'TSL 'mitghebo'' auch in PPN 1249253209","Satz gespeichert","---> 1249290619"
635, 1249290627,"---> 1249290627"
636, 1249290635,"---> 1249290635"
637, 1249290643,"Möglicherweise Dublette; 'TSL 'mitgbove'' auch in PPN 1249290465","Satz gespeichert","---> 1249290643"
638, 1249290651,"---> 1249290651"
639, 124929066X,"Möglicherweise Dublette; 'TSL 'mitggebo'' auch in PPN 1249253578","Satz gespeichert","---> 124929066X"
640, 1249290678,"---> 1249290678"
641, 1249290686,"Möglicherweise Dublette; 'TSL 'mitgbove'' auch in PPN 1249290465","Satz gespeichert","---> 1249290686"
642, 1249290694,"---> 1249290694"
643, 1249290708,"Möglicherweise Dublette; 'TSL 'mitghubo'' auch in PPN 1249290171","Satz gespeichert","---> 1249290708"
644, 1249290716,"---> 1249290716"
645, 1249290724,"---> 1249290724"
646, 1249290732,"Möglicherweise Dublette; 'TSL 'mitgmabo'' auch in PPN 1249253187","Satz gespeichert","---> 1249290732"
647, 1249290740,"---> 1249290740"
648, 1249290759,"Möglicherweise Dublette; 'TSL 'mitgwibo'' auch in PPN 1249253349","Satz gespeichert","---> 1249290759"
649, 1249290767,"Möglicherweise Dublette; 'TSL 'mitghebo'' auch in PPN 1249253209","Satz gespeichert","---> 1249290767"
650, 1249290775,"Möglicherweise Dublette; 'TSL 'mitgrebo'' auch in PPN 1249290260","Satz gespeichert","---> 1249290775"
651, 1249290791,"Möglicherweise Dublette; 'TSL 'mitgwabo'' auch in PPN 1249253535","Satz gespeichert","---> 1249290791"
652, 1249290805,"Möglicherweise Dublette; 'TSL 'mitgsobo'' auch in PPN 1249290430","Satz gespeichert","---> 1249290805"
653, 1249290821,"Möglicherweise Dublette; 'TSL 'mitgbobu'' auch in PPN 1249290678","Satz gespeichert","---> 1249290821"
654, 124929083X,"Möglicherweise Dublette; 'TSL 'mitgerbo'' auch in PPN 1249253624","Satz gespeichert","---> 124929083X"
655, 1249290848,"---> 1249290848"
656, 1249290856,"---> 1249290856"
657, 1249290864,"Möglicherweise Dublette; 'TSL 'mitghebo'' auch in PPN 1249253209","Satz gespeichert","---> 1249290864"
658, 1249290872,"Möglicherweise Dublette; 'TSL 'mitghebo'' auch in PPN 1249253209","Satz gespeichert","---> 1249290872"
659, 1249290880,"---> 1249290880"
660, 1249290899,"Möglicherweise Dublette; 'TSL 'mitghaweb'' auch in PPN 1249280036","Satz gespeichert","---> 1249290899"
661, 1249290902,"---> 1249290902"
662, 1249290910,"Möglicherweise Dublette; 'TSL 'mitgbove'' auch in PPN 1249290465","Satz gespeichert","---> 1249290910"
663, 1249290929,"---> 1249290929"
664, 1249290937,"Möglicherweise Dublette; 'TSL 'mitghegeb'' auch in PPN 124925793X","Satz gespeichert","---> 1249290937"
665, 1249290945,"---> 1249290945"
666, 1249290953,"---> 1249290953"
667, 1249290961,"---> 1249290961"
668, 124929097X,"---> 124929097X"
669, 1249290988,"---> 1249290988"
670, 1249290996,"Möglicherweise Dublette; 'TSL 'mitgwobr'' auch in PPN 1249290988","Satz gespeichert","---> 1249290996"
671, 1249291003,"---> 1249291003"
672, 1249291011,"---> 1249291011"
673, 124929102X,"Möglicherweise Dublette; 'TSL 'mitgmabr'' auch in PPN 1249253888","Satz gespeichert","---> 124929102X"
674, 1249291038,"---> 1249291038"
675, 1249291046,"---> 1249291046"
676, 1249291054,"Möglicherweise Dublette; 'TSL 'mitgelbr'' auch in PPN 1249290961","Satz gespeichert","---> 1249291054"
677, 1249291062,"Möglicherweise Dublette; 'TSL 'mitgfrbr'' auch in PPN 1249253969","Satz gespeichert","---> 1249291062"
678, 1249291070,"---> 1249291070"
679, 1249291089,"Möglicherweise Dublette; 'TSL 'mitginbr'' auch in PPN 57514114X","Satz gespeichert","---> 1249291089"
680, 1249291097,"---> 1249291097"
681, 1249291100,"Möglicherweise Dublette; 'TSL 'mitgkabr'' auch in PPN 124929097X","Satz gespeichert","---> 1249291100"
682, 1249291119,"---> 1249291119"
683, 1249291127,"---> 1249291127"
684, 1249291135,"---> 1249291135"
685, 1249291143,"---> 1249291143"
686, 1249291151,"---> 1249291151"
687, 124929116X,"---> 124929116X"
688, 1249291178,"---> 1249291178"
689, 1249291186,"---> 1249291186"
690, 1249291194,"---> 1249291194"
691, 1249291208,"Möglicherweise Dublette; 'TSL 'mitgmabr'' auch in PPN 1249253888","Satz gespeichert","---> 1249291208"
692, 1249291216,"---> 1249291216"
693, 1249291224,"---> 1249291224"
694, 1249291232,"---> 1249291232"
695, 1249291240,"---> 1249291240"
696, 1249291259,"Möglicherweise Dublette; 'TSL 'mitgfrbr'' auch in PPN 1249253969","Satz gespeichert","---> 1249291259"
697, 1249291267,"Möglicherweise Dublette; 'TSL 'mitgbabr'' auch in PPN 1249290953","Satz gespeichert","---> 1249291267"
698, 1249291275,"Möglicherweise Dublette; 'TSL 'mitgwibr'' auch in PPN 1249253764","Satz gespeichert","---> 1249291275"
699, 1249291283,"Möglicherweise Dublette; 'TSL 'mitgdranb'' auch in PPN 1249287278","Satz gespeichert","---> 1249291283"
700, 1249291291,"---> 1249291291"
701, 1249291305,"Möglicherweise Dublette; 'TSL 'mitgbevob'' auch in PPN 1249252776","Satz gespeichert","---> 1249291305"
702, 1249291321,"---> 1249291321"
703, 124929133X,"Möglicherweise Dublette; 'TSL 'mitgjubr'' auch in PPN 124925387X","Satz gespeichert","---> 124929133X"
704, 1249291348,"---> 1249291348"
705, 1249291356,"---> 1249291356"
706, 1249291364,"---> 1249291364"
707, 1249291372,"---> 1249291372"
708, 1249291380,"---> 1249291380"
709, 1249291399,"Möglicherweise Dublette; 'TSL 'mitgkabr'' auch in PPN 124929097X","Satz gespeichert","---> 1249291399"
710, 1249291402,"---> 1249291402"
711, 1249291410,"---> 1249291410"
712, 1249291429,"---> 1249291429"
713, 1249291437,"Möglicherweise Dublette; 'TSL 'mitgbr'' auch in PPN 026099381","Satz gespeichert","---> 1249291437"
714, 1249291445,"Möglicherweise Dublette; 'TSL 'mitgervob'' auch in PPN 124925356X","Satz gespeichert","---> 1249291445"
715, 1249291453,"Möglicherweise Dublette; 'TSL 'mitgerbr'' auch in PPN 1249253772","Satz gespeichert","---> 1249291453"
716, 1249291461,"---> 1249291461"
717, 124929147X,"---> 124929147X"
718, 1249291488,"Möglicherweise Dublette; 'TSL 'mitghebr'' auch in PPN 1249253802","Satz gespeichert","---> 1249291488"
719, 1249291496,"---> 1249291496"
720, 124929150X,"Möglicherweise Dublette; 'TSL 'mitgfrbr'' auch in PPN 1249253969","Satz gespeichert","---> 124929150X"
721, 1249291518,"Möglicherweise Dublette; 'TSL 'mitgerbr'' auch in PPN 1249253772","Satz gespeichert","---> 1249291518"
722, 1249291526,"---> 1249291526"
723, 1249291534,"---> 1249291534"
724, 1249291542,"---> 1249291542"
725, 1249291550,"Möglicherweise Dublette; 'TSL 'mitgmabr'' auch in PPN 1249253888","Satz gespeichert","---> 1249291550"
726, 1249291569,"Möglicherweise Dublette; 'TSL 'mitghebr'' auch in PPN 1249253802","Satz gespeichert","---> 1249291569"
727, 1249291577,"---> 1249291577"
728, 1249291585,"Möglicherweise Dublette; 'TSL 'mitgalbr'' auch in PPN 1249254035","Satz gespeichert","---> 1249291585"
729, 1249291593,"Möglicherweise Dublette; 'TSL 'mitghebr'' auch in PPN 1249253802","Satz gespeichert","---> 1249291593"
730, 1249291607,"Möglicherweise Dublette; 'TSL 'mitgkabr'' auch in PPN 124929097X","Satz gespeichert","---> 1249291607"
731, 1249291615,"---> 1249291615"
732, 1249291623,"Möglicherweise Dublette; 'TSL 'mitgcabr'' auch in PPN 1249291348","Satz gespeichert","---> 1249291623"
733, 1249291631,"Möglicherweise Dublette; 'TSL 'mitgbr'' auch in PPN 026099381","Satz gespeichert","---> 1249291631"
734, 124929164X,"Möglicherweise Dublette; 'TSL 'mitgmabr'' auch in PPN 1249253888","Satz gespeichert","---> 124929164X"
735, 1249291658,"---> 1249291658"
736, 1249291674,"---> 1249291674"
737, 1249291682,"Möglicherweise Dublette; 'TSL 'mitgwibr'' auch in PPN 1249253764","Satz gespeichert","---> 1249291682"
738, 1249291690,"---> 1249291690"
739, 1249291704,"---> 1249291704"
740, 1249291712,"Möglicherweise Dublette; 'TSL 'mitgjobr'' auch in PPN 1249291410","Satz gespeichert","---> 1249291712"
741, 1249291720,"Möglicherweise Dublette; 'TSL 'mitgbr'' auch in PPN 026099381","Satz gespeichert","---> 1249291720"
742, 1249291739,"---> 1249291739"
743, 1249291747,"---> 1249291747"
744, 1249291755,"Möglicherweise Dublette; 'TSL 'mitgfrbr'' auch in PPN 1249253969","Satz gespeichert","---> 1249291755"
745, 1249291763,"Möglicherweise Dublette; 'TSL 'mitgkabr'' auch in PPN 124929097X","Satz gespeichert","---> 1249291763"
746, 124929178X,"Möglicherweise Dublette; 'TSL 'mitgjobr'' auch in PPN 1249291410","Satz gespeichert","---> 124929178X"
747, 1249291798,"---> 1249291798"
748, 1249291801,"---> 1249291801"
749, 124929181X,"Möglicherweise Dublette; 'TSL 'mitgfrbr'' auch in PPN 1249253969","Satz gespeichert","---> 124929181X"
750, 1249291828,"---> 1249291828"
751, 1249291836,"---> 1249291836"
752, 1249291844,"---> 1249291844"
753, 1249291852,"---> 1249291852"
754, 1249291860,"Möglicherweise Dublette; 'TSL 'mitggebr'' auch in PPN 1249291232","Satz gespeichert","---> 1249291860"
755, 1249291887,"Möglicherweise Dublette; 'TSL 'mitgbr'' auch in PPN 026099381","Satz gespeichert","---> 1249291887"
756, 1249291895,"---> 1249291895"
757, 1249291917,"Möglicherweise Dublette; 'TSL 'mitgbrve'' auch in PPN 1249291615","Satz gespeichert","---> 1249291917"
758, 1249291925,"Möglicherweise Dublette; 'TSL 'mitgbr'' auch in PPN 026099381","Satz gespeichert","---> 1249291925"
759, 1249291933,"---> 1249291933"
760, 1249291941,"Möglicherweise Dublette; 'TSL 'mitgwobr'' auch in PPN 1249290988","Satz gespeichert","---> 1249291941"
761, 124929195X,"Möglicherweise Dublette; 'TSL 'mitgbebr'' auch in PPN 1249291658","Satz gespeichert","---> 124929195X"
762, 1249291968,"---> 1249291968"
763, 1249291976,"---> 1249291976"
764, 1249291984,"---> 1249291984"
765, 1249291992,"Möglicherweise Dublette; 'TSL 'mitgbsbus'' auch in PPN 1249291984","Satz gespeichert","---> 1249291992"
766, 124929200X,"Möglicherweise Dublette; 'TSL 'mitgbsbus'' auch in PPN 1249291984","Satz gespeichert","---> 124929200X"
767, 1249292018,"---> 1249292018"
768, 1249292026,"---> 1249292026"
769, 1249292034,"---> 1249292034"
770, 1249292042,"---> 1249292042"
771, 1249292050,"---> 1249292050"
772, 1249292069,"---> 1249292069"
773, 1249292077,"---> 1249292077"
774, 1249292085,"---> 1249292085"
775, 1249292093,"---> 1249292093"
776, 1249292107,"---> 1249292107"
777, 1249292115,"---> 1249292115"
778, 1249292123,"---> 1249292123"
779, 1249292131,"Möglicherweise Dublette; 'TSL 'mitgbu'' auch in PPN 1249292123","Satz gespeichert","---> 1249292131"
780, 124929214X,"---> 124929214X"
781, 1249292158,"---> 1249292158"
782, 1249292166,"---> 1249292166"
783, 1249292174,"---> 1249292174"
784, 1249292182,"---> 1249292182"
785, 1249292190,"---> 1249292190"
786, 1249292204,"Möglicherweise Dublette; 'TSL 'mitgbubug'' auch in PPN 1249292190","Satz gespeichert","---> 1249292204"
787, 1249292212,"Möglicherweise Dublette; 'TSL 'mitgbubu'' auch in PPN 1249292182","Satz gespeichert","---> 1249292212"
788, 1249292220,"Möglicherweise Dublette; 'TSL 'mitgbubug'' auch in PPN 1249292190","Satz gespeichert","---> 1249292220"
789, 1249292239,"Möglicherweise Dublette; 'TSL 'mitgbubug'' auch in PPN 1249292190","Satz gespeichert","---> 1249292239"
790, 1249292247,"---> 1249292247"
791, 1249292255,"Möglicherweise Dublette; 'TSL 'mitgbuded'' auch in PPN 1249292247","Satz gespeichert","---> 1249292255"
792, 1249292263,"Möglicherweise Dublette; 'TSL 'mitgbuded'' auch in PPN 1249292247","Satz gespeichert","---> 1249292263"
793, 124929228X,"---> 124929228X"
794, 1249292298,"---> 1249292298"
795, 1249292301,"---> 1249292301"
796, 124929231X,"Möglicherweise Dublette; 'TSL 'mitgbuand'' auch in PPN 1249292301","Satz gespeichert","---> 124929231X"
797, 1249292328,"---> 1249292328"
798, 1249292344,"---> 1249292344"
799, 1249292352,"---> 1249292352"
800, 1249292360,"---> 1249292360"
801, 1249292379,"Möglicherweise Dublette; 'TSL 'mitgbuaml'' auch in PPN 1249292360","Satz gespeichert","---> 1249292379"
802, 1249292387,"---> 1249292387"
803, 1249292395,"Möglicherweise Dublette; 'TSL 'mitgbuamm'' auch in PPN 1249292387","Satz gespeichert","---> 1249292395"
804, 1249292409,"---> 1249292409"
805, 1249292417,"---> 1249292417"
806, 1249292433,"Möglicherweise Dublette; 'TSL 'mitgbufum'' auch in PPN 1249292417","Satz gespeichert","---> 1249292433"
807, 1249292441,"---> 1249292441"
808, 124929245X,"---> 124929245X"
809, 1249292468,"Möglicherweise Dublette; 'TSL 'mitgbuams'' auch in PPN 1249292077","Satz gespeichert","---> 1249292468"
810, 1249292484,"Möglicherweise Dublette; 'TSL 'mitgbuand'' auch in PPN 1249292301","Satz gespeichert","---> 1249292484"
811, 1249292492,"Möglicherweise Dublette; 'TSL 'mitgbudee'' auch in PPN 124929228X","Satz gespeichert","---> 1249292492"
812, 1249292506,"---> 1249292506"
813, 1249292514,"---> 1249292514"
814, 1249292522,"---> 1249292522"
815, 1249292530,"---> 1249292530"
816, 1249292549,"---> 1249292549"
817, 1249292557,"---> 1249292557"
818, 1249292565,"---> 1249292565"
819, 1249292573,"---> 1249292573"
820, 1249292581,"---> 1249292581"
821, 124929259X,"Möglicherweise Dublette; 'TSL 'mitgbu'' auch in PPN 1249292123","Satz gespeichert","---> 124929259X"
822, 1249292603,"---> 1249292603"
823, 1249292611,"---> 1249292611"
824, 124929262X,"---> 124929262X"
825, 1249292638,"---> 1249292638"
826, 1249292646,"---> 1249292646"
827, 1249292654,"Möglicherweise Dublette; 'TSL 'mitgbuams'' auch in PPN 1249292077","Satz gespeichert","---> 1249292654"
828, 1249292662,"---> 1249292662"
829, 1249292670,"---> 1249292670"
830, 1249292689,"Möglicherweise Dublette; 'TSL 'mitgalbu'' auch in PPN 1249284732","Satz gespeichert","---> 1249292689"
831, 1249292697,"Möglicherweise Dublette; 'TSL 'mitganbu'' auch in PPN 1223419452","Satz gespeichert","---> 1249292697"
832, 1249292700,"---> 1249292700"
833, 1249292719,"Möglicherweise Dublette; 'TSL 'mitgbu'' auch in PPN 1249292123","Satz gespeichert","---> 1249292719"
834, 1249292727,"---> 1249292727"
835, 1249292735,"---> 1249292735"
836, 1249292751,"---> 1249292751"
837, 124929276X,"---> 124929276X"
838, 1249292778,"---> 1249292778"
839, 1249292786,"---> 1249292786"
840, 1249292794,"---> 1249292794"
841, 1249292808,"Möglicherweise Dublette; 'TSL 'mitgbuunk'' auch in PPN 1249292751","Satz gespeichert","---> 1249292808"
842, 1249292816,"Möglicherweise Dublette; 'TSL 'mitgbuunk'' auch in PPN 1249292751","Satz gespeichert","---> 1249292816"
843, 1249292824,"---> 1249292824"
844, 1249292832,"Möglicherweise Dublette; 'TSL 'mitgbuu m'' auch in PPN 1249292824","Satz gespeichert","---> 1249292832"
845, 1249292840,"---> 1249292840"
846, 1249292859,"---> 1249292859"
847, 1249292867,"---> 1249292867"
848, 1249292875,"---> 1249292875"
849, 1249292883,"---> 1249292883"
850, 1249292891,"---> 1249292891"
851, 1249292905,"Möglicherweise Dublette; 'TSL 'mitgbuwe'' auch in PPN 1249292891","Satz gespeichert","---> 1249292905"
852, 1249292913,"---> 1249292913"
853, 1249292921,"Möglicherweise Dublette; 'TSL 'mitgarbu'' auch in PPN 1249285704","Satz gespeichert","---> 1249292921"
854, 124929293X,"Möglicherweise Dublette; 'TSL 'mitgerbu'' auch in PPN 1249254183","Satz gespeichert","---> 124929293X"
855, 1249292956,"Möglicherweise Dublette; 'TSL 'mitgbu'' auch in PPN 1249292123","Satz gespeichert","---> 1249292956"
856, 1249292964,"---> 1249292964"
857, 1249292972,"Möglicherweise Dublette; 'TSL 'mitga bu'' auch in PPN 1249292964","Satz gespeichert","---> 1249292972"
858, 1249292980,"Möglicherweise Dublette; 'TSL 'mitgbu'' auch in PPN 1249292123","Satz gespeichert","---> 1249292980"
859, 1249292999,"Möglicherweise Dublette; 'TSL 'mitgfru r'' auch in PPN 1249259363","Satz gespeichert","---> 1249292999"
860, 1249293006,"Möglicherweise Dublette; 'TSL 'mitgwabu'' auch in PPN 1249254396","Satz gespeichert","---> 1249293006"
861, 1249293014,"Möglicherweise Dublette; 'TSL 'mitgbuamm'' auch in PPN 1249292387","Satz gespeichert","---> 1249293014"
862, 1249293022,"Möglicherweise Dublette; 'TSL 'mitggebu'' auch in PPN 1249254353","Satz gespeichert","---> 1249293022"
863, 1249293030,"---> 1249293030"
864, 1249293049,"---> 1249293049"
865, 1249293057,"Möglicherweise Dublette; 'TSL 'mitgbu'' auch in PPN 1249292123","Satz gespeichert","---> 1249293057"
866, 1249293065,"Möglicherweise Dublette; 'TSL 'mitgbugm'' auch in PPN 1249292670","Satz gespeichert","---> 1249293065"
867, 1249293073,"Möglicherweise Dublette; 'TSL 'mitgbu'' auch in PPN 1249292123","Satz gespeichert","---> 1249293073"
868, 1249293081,"Möglicherweise Dublette; 'TSL 'mitgbu'' auch in PPN 1249292123","Satz gespeichert","---> 1249293081"
869, 124929309X,"Möglicherweise Dublette; 'TSL 'mitgbu'' auch in PPN 1249292123","Satz gespeichert","---> 124929309X"
870, 1249293103,"Möglicherweise Dublette; 'TSL 'mitgbu'' auch in PPN 1249292123","Satz gespeichert","---> 1249293103"
871, 1249293111,"---> 1249293111"
872, 124929312X,"---> 124929312X"
873, 1249293138,"Möglicherweise Dublette; 'TSL 'mitgbu'' auch in PPN 1249292123","Satz gespeichert","---> 1249293138"
874, 1249293146,"Möglicherweise Dublette; 'TSL 'mitgbu'' auch in PPN 1249292123","Satz gespeichert","---> 1249293146"
875, 1249293154,"Möglicherweise Dublette; 'TSL 'mitgbugm'' auch in PPN 1249292670","Satz gespeichert","---> 1249293154"
876, 1249293162,"---> 1249293162"
877, 1249293170,"---> 1249293170"
878, 1249293189,"Möglicherweise Dublette; 'TSL 'mitgbual'' auch in PPN 1249292158","Satz gespeichert","---> 1249293189"
879, 1249293197,"Möglicherweise Dublette; 'TSL 'mitgbu'' auch in PPN 1249292123","Satz gespeichert","---> 1249293197"
880, 1249293200,"---> 1249293200"
881, 1249293219,"---> 1249293219"
882, 1249293227,"Möglicherweise Dublette; 'TSL 'mitgbu'' auch in PPN 1249292123","Satz gespeichert","---> 1249293227"
883, 1249293235,"---> 1249293235"
884, 1249293243,"Möglicherweise Dublette; 'TSL 'mitgbu'' auch in PPN 1249292123","Satz gespeichert","---> 1249293243"
885, 1249293251,"---> 1249293251"
886, 1249293278,"---> 1249293278"
887, 1249293286,"Möglicherweise Dublette; 'TSL 'mitgbu'' auch in PPN 1249292123","Satz gespeichert","---> 1249293286"
888, 1249293294,"Möglicherweise Dublette; 'TSL 'mitgbu'' auch in PPN 1249292123","Satz gespeichert","---> 1249293294"
889, 1249293308,"---> 1249293308"
890, 1249293316,"---> 1249293316"
891, 1249293324,"Möglicherweise Dublette; 'TSL 'mitgesbu'' auch in PPN 1249292034","Satz gespeichert","---> 1249293324"
892, 1249293332,"Möglicherweise Dublette; 'TSL 'mitgbu'' auch in PPN 1249292123","Satz gespeichert","---> 1249293332"
893, 1249293340,"---> 1249293340"
894, 1249293359,"---> 1249293359"
895, 1249293367,"---> 1249293367"
896, 1249293375,"---> 1249293375"
897, 1249293383,"---> 1249293383"
898, 1249293391,"---> 1249293391"
899, 1249293405,"---> 1249293405"
900, 1249293413,"Möglicherweise Dublette; 'TSL 'mitgbuwe'' auch in PPN 1249292891","Satz gespeichert","---> 1249293413"
901, 1249293421,"---> 1249293421"
902, 124929343X,"Möglicherweise Dublette; 'TSL 'mitgbu'' auch in PPN 1249292123","Satz gespeichert","---> 124929343X"
903, 1249293448,"Möglicherweise Dublette; 'TSL 'mitgbugm'' auch in PPN 1249292670","Satz gespeichert","---> 1249293448"
904, 1249293456,"---> 1249293456"
905, 1249293464,"---> 1249293464"
906, 1249293472,"---> 1249293472"
907, 1249293480,"Möglicherweise Dublette; 'TSL 'mitgfrbu'' auch in PPN 1249254205","Satz gespeichert","---> 1249293480"
908, 1249293499,"Möglicherweise Dublette; 'TSL 'mitggebu'' auch in PPN 1249254353","Satz gespeichert","---> 1249293499"
909, 1249293502,"Möglicherweise Dublette; 'TSL 'mitggebu'' auch in PPN 1249254353","Satz gespeichert","---> 1249293502"
910, 1249293510,"---> 1249293510"
911, 1249293529,"Möglicherweise Dublette; 'TSL 'mitgstbu'' auch in PPN 1217500731","Satz gespeichert","---> 1249293529"
912, 1249293537,"Möglicherweise Dublette; 'TSL 'mitgdrheb'' auch in PPN 1249252040","Satz gespeichert","---> 1249293537"
913, 1249293545,"Möglicherweise Dublette; 'TSL 'mitganbu'' auch in PPN 1223419452","Satz gespeichert","---> 1249293545"
914, 1249293553,"---> 1249293553"
915, 1249293561,"Möglicherweise Dublette; 'TSL 'mitghebu'' auch in PPN 124925423X","Satz gespeichert","---> 1249293561"
916, 124929357X,"Möglicherweise Dublette; 'TSL 'mitgkabu'' auch in PPN 1249254256","Satz gespeichert","---> 124929357X"
917, 1249293588,"---> 1249293588"
918, 1249293596,"---> 1249293596"
919, 124929360X,"---> 124929360X"
920, 1249293618,"---> 1249293618"
921, 1249293626,"Möglicherweise Dublette; 'TSL 'mitgbu'' auch in PPN 1249292123","Satz gespeichert","---> 1249293626"
922, 1249293634,"Möglicherweise Dublette; 'TSL 'mitgbule'' auch in PPN 1249292557","Satz gespeichert","---> 1249293634"
923, 1249293642,"Möglicherweise Dublette; 'TSL 'mitgmabu'' auch in PPN 1249254167","Satz gespeichert","---> 1249293642"
924, 1249293650,"---> 1249293650"
925, 1249293669,"---> 1249293669"
926, 1249293677,"Möglicherweise Dublette; 'TSL 'mitgelbu'' auch in PPN 1249254191","Satz gespeichert","---> 1249293677"
927, 1249293685,"Möglicherweise Dublette; 'TSL 'mitggubu'' auch in PPN 1249293618","Satz gespeichert","---> 1249293685"
928, 1249293693,"Möglicherweise Dublette; 'TSL 'mitgbubu'' auch in PPN 1249292182","Satz gespeichert","---> 1249293693"
929, 1249293707,"---> 1249293707"
930, 1249293715,"---> 1249293715"
931, 1249293723,"---> 1249293723"
932, 1249293731,"---> 1249293731"
933, 124929374X,"---> 124929374X"
934, 1249293758,"---> 1249293758"
935, 1249293766,"---> 1249293766"
936, 1249293782,"---> 1249293782"
937, 1249293790,"---> 1249293790"
938, 1249293804,"---> 1249293804"
939, 1249293812,"---> 1249293812"
940, 1249293820,"---> 1249293820"
941, 1249293839,"---> 1249293839"
942, 1249293847,"---> 1249293847"
943, 1249293855,"Möglicherweise Dublette; 'TSL 'mitgbu'' auch in PPN 1249292123","Satz gespeichert","---> 1249293855"
944, 1249293863,"---> 1249293863"
945, 1249293871,"---> 1249293871"
946, 124929388X,"Möglicherweise Dublette; 'TSL 'mitghebu'' auch in PPN 124925423X","Satz gespeichert","---> 124929388X"
947, 1249293898,"Möglicherweise Dublette; 'TSL 'mitgwabu'' auch in PPN 1249254396","Satz gespeichert","---> 1249293898"
948, 1249293901,"---> 1249293901"
949, 124929391X,"Möglicherweise Dublette; 'TSL 'mitgbu'' auch in PPN 1249292123","Satz gespeichert","---> 124929391X"
950, 1249293928,"Möglicherweise Dublette; 'TSL 'mitghebu'' auch in PPN 124925423X","Satz gespeichert","---> 1249293928"
951, 1249293936,"---> 1249293936"
952, 1249293944,"---> 1249293944"
953, 1249293952,"Möglicherweise Dublette; 'TSL 'mitgdibu'' auch in PPN 1249293251","Satz gespeichert","---> 1249293952"
954, 1249293960,"Möglicherweise Dublette; 'TSL 'mitgjobu'' auch in PPN 1249293596","Satz gespeichert","---> 1249293960"
955, 1249293979,"---> 1249293979"
956, 1249293987,"---> 1249293987"
957, 1249293995,"---> 1249293995"
958, 1249294002,"Möglicherweise Dublette; 'TSL 'mitgadbu'' auch in PPN 1249254337","Satz gespeichert","---> 1249294002"
959, 1249294010,"---> 1249294010"
960, 1249294029,"Möglicherweise Dublette; 'TSL 'mitgmabu'' auch in PPN 1249254167","Satz gespeichert","---> 1249294029"
961, 1249294037,"---> 1249294037"
962, 1249294045,"Möglicherweise Dublette; 'TSL 'mitgbuve'' auch in PPN 1249293855","Satz gespeichert","---> 1249294045"
963, 1249294053,"---> 1249294053"
964, 1249294061,"Möglicherweise Dublette; 'TSL 'mitgelbu'' auch in PPN 1249254191","Satz gespeichert","---> 1249294061"
965, 124929407X,"---> 124929407X"
966, 1249294088,"---> 1249294088"
967, 1249294096,"---> 1249294096"
968, 124929410X,"Möglicherweise Dublette; 'TSL 'mitgbebu'' auch in PPN 1249288371","Satz gespeichert","---> 124929410X"
969, 1249294118,"Möglicherweise Dublette; 'TSL 'mitgedbu'' auch in PPN 1249293995","Satz gespeichert","---> 1249294118"
970, 1249294126,"Möglicherweise Dublette; 'TSL 'mitgdrwob'' auch in PPN 1249288525","Satz gespeichert","---> 1249294126"
971, 1249294134,"---> 1249294134"
972, 1249294142,"---> 1249294142"
973, 1249294150,"Möglicherweise Dublette; 'TSL 'mitgotbu'' auch in PPN 1249293669","Satz gespeichert","---> 1249294150"
974, 1249294169,"Möglicherweise Dublette; 'TSL 'mitgbubu'' auch in PPN 1249292182","Satz gespeichert","---> 1249294169"
975, 1249294177,"---> 1249294177"
976, 1249294185,"---> 1249294185"
977, 1249294193,"---> 1249294193"
978, 1249294207,"---> 1249294207"
979, 1249294215,"---> 1249294215"
980, 1249294223,"---> 1249294223"
981, 1249294231,"---> 1249294231"
982, 124929424X,"---> 124929424X"
983, 1249294258,"Möglicherweise Dublette; 'TSL 'mitgcabu'' auch in PPN 1249293936","Satz gespeichert","---> 1249294258"
984, 1249294266,"Möglicherweise Dublette; 'TSL 'mitgcave'' auch in PPN 124929424X","Satz gespeichert","---> 1249294266"
985, 1249294274,"---> 1249294274"
986, 1249294282,"Möglicherweise Dublette; 'TSL 'mitgcabi'' auch in PPN 1249289548","Satz gespeichert","---> 1249294282"
987, 1249294290,"Möglicherweise Dublette; 'TSL 'mitgcadr'' auch in PPN 1249255783","Satz gespeichert","---> 1249294290"
988, 1249294304,"---> 1249294304"
989, 1249294312,"---> 1249294312"
990, 1249294320,"---> 1249294320"
991, 1249294339,"---> 1249294339"
992, 1249294347,"---> 1249294347"
993, 1249294363,"Möglicherweise Dublette; 'TSL 'mitgbeca'' auch in PPN 1249294320","Satz gespeichert","---> 1249294363"
994, 1249294371,"---> 1249294371"
995, 124929438X,"---> 124929438X"
996, 1249294398,"Möglicherweise Dublette; 'TSL 'mitgcave'' auch in PPN 124929424X","Satz gespeichert","---> 1249294398"
997, 1249294401,"---> 1249294401"
998, 124929441X,"---> 124929441X"
999, 1249294428,"---> 1249294428"
1000, 1249294436,"---> 1249294436"
