1, 1249316073,"---> 1249316073"
2, 1249316081,"Möglicherweise Dublette; 'TSL 'mitghejo'' auch in PPN 1249315964","Satz gespeichert","---> 1249316081"
3, 124931609X,"---> 124931609X"
4, 1249316103,"---> 1249316103"
5, 1249316111,"---> 1249316111"
6, 124931612X,"---> 124931612X"
7, 1249316138,"---> 1249316138"
8, 1249316146,"---> 1249316146"
9, 1249316154,"---> 1249316154"
10, 1249316162,"---> 1249316162"
11, 1249316170,"Möglicherweise Dublette; 'TSL 'mitgmajo'' auch in PPN 1249315980","Satz gespeichert","---> 1249316170"
12, 1249316189,"---> 1249316189"
13, 1249316197,"---> 1249316197"
14, 1249316200,"---> 1249316200"
15, 1249316219,"---> 1249316219"
16, 1249316227,"---> 1249316227"
17, 1249316235,"---> 1249316235"
18, 1249316243,"---> 1249316243"
19, 1249316251,"---> 1249316251"
20, 124931626X,"---> 124931626X"
21, 1249316278,"---> 1249316278"
22, 1249316286,"---> 1249316286"
23, 1249316294,"---> 1249316294"
24, 1249316308,"---> 1249316308"
25, 1249316316,"---> 1249316316"
26, 1249316324,"---> 1249316324"
27, 1249316332,"---> 1249316332"
28, 1249316340,"---> 1249316340"
29, 1249316359,"---> 1249316359"
30, 1249316367,"---> 1249316367"
31, 1249316375,"---> 1249316375"
32, 1249316383,"---> 1249316383"
33, 1249316391,"---> 1249316391"
34, 1249316405,"---> 1249316405"
35, 1249316413,"---> 1249316413"
36, 1249316421,"---> 1249316421"
37, 124931643X,"---> 124931643X"
38, 1249316448,"---> 1249316448"
39, 1249316456,"---> 1249316456"
40, 1249316464,"---> 1249316464"
41, 1249316472,"---> 1249316472"
42, 1249316480,"---> 1249316480"
43, 1249316499,"Möglicherweise Dublette; 'TSL 'mitgka'' auch in PPN 1076138136","Satz gespeichert","---> 1249316499"
44, 1249316502,"---> 1249316502"
45, 1249316510,"Möglicherweise Dublette; 'TSL 'mitgwika'' auch in PPN 1249263417","Satz gespeichert","---> 1249316510"
46, 1249316529,"---> 1249316529"
47, 1249316537,"Möglicherweise Dublette; 'TSL 'mitgbaka'' auch in PPN 1249316472","Satz gespeichert","---> 1249316537"
48, 1249316545,"---> 1249316545"
49, 1249316553,"---> 1249316553"
50, 124931657X,"Möglicherweise Dublette; 'TSL 'mitgheka'' auch in PPN 1249311624","Satz gespeichert","---> 124931657X"
51, 1249316596,"Möglicherweise Dublette; 'TSL 'mitghaka'' auch in PPN 1249316480","Satz gespeichert","---> 1249316596"
52, 124931660X,"---> 124931660X"
53, 1249316618,"---> 1249316618"
54, 1249316626,"Möglicherweise Dublette; 'TSL 'mitggeka'' auch in PPN 1249316618","Satz gespeichert","---> 1249316626"
55, 1249316634,"---> 1249316634"
56, 1249316642,"---> 1249316642"
57, 1249316650,"Möglicherweise Dublette; 'TSL 'mitgbuka'' auch in PPN 1249293081","Satz gespeichert","---> 1249316650"
58, 1249316669,"---> 1249316669"
59, 1249316677,"---> 1249316677"
60, 1249316685,"---> 1249316685"
61, 1249316693,"---> 1249316693"
62, 1249316707,"Möglicherweise Dublette; 'TSL 'mitganka'' auch in PPN 1249316502","Satz gespeichert","---> 1249316707"
63, 1249316715,"Möglicherweise Dublette; 'TSL 'mitggeka'' auch in PPN 1249316618","Satz gespeichert","---> 1249316715"
64, 1249316723,"---> 1249316723"
65, 1249316731,"---> 1249316731"
66, 124931674X,"---> 124931674X"
67, 1249316758,"---> 1249316758"
68, 1249316766,"---> 1249316766"
69, 1249316774,"---> 1249316774"
70, 1249316782,"Möglicherweise Dublette; 'TSL 'mitgkaka'' auch in PPN 1249316545","Satz gespeichert","---> 1249316782"
71, 1249316790,"Möglicherweise Dublette; 'TSL 'mitgwaka'' auch in PPN 1249316758","Satz gespeichert","---> 1249316790"
72, 1249316804,"Möglicherweise Dublette; 'TSL 'mitgkabuk'' auch in PPN 1249254361","Satz gespeichert","---> 1249316804"
73, 1249316812,"---> 1249316812"
74, 1249316820,"Möglicherweise Dublette; 'TSL 'mitgbuka'' auch in PPN 1249293081","Satz gespeichert","---> 1249316820"
75, 1249316839,"Möglicherweise Dublette; 'TSL 'mitgka'' auch in PPN 1076138136","Satz gespeichert","---> 1249316839"
76, 1249316847,"Möglicherweise Dublette; 'TSL 'mitgkabu'' auch in PPN 1249254256","Satz gespeichert","---> 1249316847"
77, 1249316855,"---> 1249316855"
78, 1249316863,"---> 1249316863"
79, 1249316871,"---> 1249316871"
80, 124931688X,"---> 124931688X"
81, 1249316898,"Möglicherweise Dublette; 'TSL 'mitgka'' auch in PPN 1076138136","Satz gespeichert","---> 1249316898"
82, 1249316901,"---> 1249316901"
83, 124931691X,"---> 124931691X"
84, 1249316928,"---> 1249316928"
85, 1249316936,"Möglicherweise Dublette; 'TSL 'mitghajok'' auch in PPN 1249263875","Satz gespeichert","---> 1249316936"
86, 1249316944,"---> 1249316944"
87, 1249316952,"---> 1249316952"
88, 1249316960,"Möglicherweise Dublette; 'TSL 'mitgka'' auch in PPN 1076138136","Satz gespeichert","---> 1249316960"
89, 1249316979,"---> 1249316979"
90, 1249316995,"---> 1249316995"
91, 1249317002,"---> 1249317002"
92, 1249317010,"Möglicherweise Dublette; 'TSL 'mitgkagm'' auch in PPN 1249316677","Satz gespeichert","---> 1249317010"
93, 1249317029,"Möglicherweise Dublette; 'TSL 'mitgka'' auch in PPN 1076138136","Satz gespeichert","---> 1249317029"
94, 1249317037,"Möglicherweise Dublette; 'TSL 'mitgkave'' auch in PPN 1249316898","Satz gespeichert","---> 1249317037"
95, 1249317045,"---> 1249317045"
96, 1249317053,"Möglicherweise Dublette; 'TSL 'mitgfrka'' auch in PPN 1249303915","Satz gespeichert","---> 1249317053"
97, 1249317061,"Möglicherweise Dublette; 'TSL 'mitgheka'' auch in PPN 1249311624","Satz gespeichert","---> 1249317061"
98, 124931707X,"---> 124931707X"
99, 1249317088,"---> 1249317088"
100, 1249317096,"Möglicherweise Dublette; 'TSL 'mitgguka'' auch in PPN 1249316952","Satz gespeichert","---> 1249317096"
101, 124931710X,"---> 124931710X"
102, 1249317118,"---> 1249317118"
103, 1249317126,"---> 1249317126"
104, 1249317134,"Möglicherweise Dublette; 'TSL 'mitgerune'' auch in PPN 1249311675","Satz gespeichert","---> 1249317134"
105, 1249317142,"Möglicherweise Dublette; 'TSL 'mitgheka'' auch in PPN 1249311624","Satz gespeichert","---> 1249317142"
106, 1249317150,"---> 1249317150"
107, 1249317169,"---> 1249317169"
108, 1249317177,"Möglicherweise Dublette; 'TSL 'mitghaka'' auch in PPN 1249316480","Satz gespeichert","---> 1249317177"
109, 1249317185,"---> 1249317185"
110, 1249317193,"---> 1249317193"
111, 1249317207,"---> 1249317207"
112, 1249317215,"---> 1249317215"
113, 1249317223,"---> 1249317223"
114, 1249317231,"---> 1249317231"
115, 124931724X,"---> 124931724X"
116, 1249317258,"---> 1249317258"
117, 1249317266,"Möglicherweise Dublette; 'TSL 'mitghake'' auch in PPN 1249263875","Satz gespeichert","---> 1249317266"
118, 1249317274,"---> 1249317274"
119, 1249317282,"Möglicherweise Dublette; 'TSL 'mitgbrke'' auch in PPN 1249317258","Satz gespeichert","---> 1249317282"
120, 1249317290,"---> 1249317290"
121, 1249317304,"---> 1249317304"
122, 1249317312,"---> 1249317312"
123, 1249317320,"---> 1249317320"
124, 1249317339,"---> 1249317339"
125, 1249317347,"Möglicherweise Dublette; 'TSL 'mitgvoke'' auch in PPN 1249317339","Satz gespeichert","---> 1249317347"
126, 1249317355,"Möglicherweise Dublette; 'TSL 'mitgroker'' auch in PPN 1249263972","Satz gespeichert","---> 1249317355"
127, 1249317363,"---> 1249317363"
128, 1249317371,"---> 1249317371"
129, 124931738X,"---> 124931738X"
130, 1249317398,"---> 1249317398"
131, 1249317401,"---> 1249317401"
132, 124931741X,"---> 124931741X"
133, 1249317428,"Möglicherweise Dublette; 'TSL 'mitgfrke'' auch in PPN 1249317223","Satz gespeichert","---> 1249317428"
134, 1249317436,"---> 1249317436"
135, 1249317444,"Möglicherweise Dublette; 'TSL 'mitgke'' auch in PPN 1215784732","Satz gespeichert","---> 1249317444"
136, 1249317452,"---> 1249317452"
137, 1249317460,"---> 1249317460"
138, 1249317479,"---> 1249317479"
139, 1249317487,"---> 1249317487"
140, 1249317495,"---> 1249317495"
141, 1249317509,"Möglicherweise Dublette; 'TSL 'mitgelke'' auch in PPN 1249317304","Satz gespeichert","---> 1249317509"
142, 1249317517,"---> 1249317517"
143, 1249317525,"---> 1249317525"
144, 1249317533,"---> 1249317533"
145, 1249317541,"---> 1249317541"
146, 124931755X,"Möglicherweise Dublette; 'TSL 'mitgbrke'' auch in PPN 1249317258","Satz gespeichert","---> 124931755X"
147, 1249317568,"Möglicherweise Dublette; 'TSL 'mitgkebu'' auch in PPN 1249317444","Satz gespeichert","---> 1249317568"
148, 1249317576,"---> 1249317576"
149, 1249317584,"Möglicherweise Dublette; 'TSL 'mitgpeke'' auch in PPN 1249317576","Satz gespeichert","---> 1249317584"
150, 1249317606,"---> 1249317606"
151, 1249317614,"---> 1249317614"
152, 1249317622,"Möglicherweise Dublette; 'TSL 'mitgjoke'' auch in PPN 1249317231","Satz gespeichert","---> 1249317622"
153, 1249317630,"---> 1249317630"
154, 1249317649,"---> 1249317649"
155, 1249317657,"---> 1249317657"
156, 1249317665,"---> 1249317665"
157, 1249317673,"---> 1249317673"
158, 1249317681,"---> 1249317681"
159, 124931769X,"---> 124931769X"
160, 1249317703,"---> 1249317703"
161, 1249317711,"---> 1249317711"
162, 124931772X,"Möglicherweise Dublette; 'TSL 'mitghaki'' auch in PPN 1249317657","Satz gespeichert","---> 124931772X"
163, 1249317738,"---> 1249317738"
164, 1249317746,"---> 1249317746"
165, 1249317762,"---> 1249317762"
166, 1249317770,"---> 1249317770"
167, 1249317789,"---> 1249317789"
168, 1249317797,"---> 1249317797"
169, 1249317800,"---> 1249317800"
170, 1249317819,"Möglicherweise Dublette; 'TSL 'mitgruki'' auch in PPN 1249317746","Satz gespeichert","---> 1249317819"
171, 1249317827,"Möglicherweise Dublette; 'TSL 'mitgmaki'' auch in PPN 1249317738","Satz gespeichert","---> 1249317827"
172, 1249317835,"---> 1249317835"
173, 1249317843,"---> 1249317843"
174, 1249317851,"---> 1249317851"
175, 124931786X,"---> 124931786X"
176, 1249317878,"---> 1249317878"
177, 1249317886,"---> 1249317886"
178, 1249317894,"---> 1249317894"
179, 1249317908,"Möglicherweise Dublette; 'TSL 'mitgkive'' auch in PPN 1249317673","Satz gespeichert","---> 1249317908"
180, 1249317916,"---> 1249317916"
181, 1249317924,"Möglicherweise Dublette; 'TSL 'mitgroki'' auch in PPN 1249317886","Satz gespeichert","---> 1249317924"
182, 1249317932,"---> 1249317932"
183, 1249317940,"---> 1249317940"
184, 1249317959,"---> 1249317959"
185, 1249317967,"Möglicherweise Dublette; 'TSL 'mitgkaki'' auch in PPN 1249317932","Satz gespeichert","---> 1249317967"
186, 1249317975,"---> 1249317975"
187, 1249317983,"---> 1249317983"
188, 1249317991,"Möglicherweise Dublette; 'TSL 'mitgki'' auch in PPN 1249317851","Satz gespeichert","---> 1249317991"
189, 1249318009,"---> 1249318009"
190, 1249318017,"---> 1249318017"
191, 1249318025,"Möglicherweise Dublette; 'TSL 'mitgmaki'' auch in PPN 1249317738","Satz gespeichert","---> 1249318025"
192, 1249318033,"---> 1249318033"
193, 1249318041,"---> 1249318041"
194, 1249318068,"---> 1249318068"
195, 1249318076,"---> 1249318076"
196, 1249318084,"---> 1249318084"
197, 1249318092,"---> 1249318092"
198, 1249318106,"---> 1249318106"
199, 1249318114,"---> 1249318114"
200, 1249318122,"---> 1249318122"
201, 1249318130,"---> 1249318130"
202, 1249318149,"---> 1249318149"
203, 1249318157,"---> 1249318157"
204, 1249318165,"---> 1249318165"
205, 1249318173,"---> 1249318173"
206, 1249318181,"---> 1249318181"
207, 124931819X,"---> 124931819X"
208, 1249318203,"---> 1249318203"
209, 124931822X,"---> 124931822X"
210, 1249318238,"---> 1249318238"
211, 1249318246,"---> 1249318246"
212, 1249318254,"---> 1249318254"
213, 1249318262,"---> 1249318262"
214, 1249318270,"---> 1249318270"
215, 1249318289,"---> 1249318289"
216, 1249318297,"---> 1249318297"
217, 1249318300,"---> 1249318300"
218, 1249318319,"Möglicherweise Dublette; 'TSL 'mitghekl'' auch in PPN 1249318297","Satz gespeichert","---> 1249318319"
219, 1249318327,"---> 1249318327"
220, 1249318335,"---> 1249318335"
221, 1249318343,"---> 1249318343"
222, 1249318351,"---> 1249318351"
223, 124931836X,"---> 124931836X"
224, 1249318378,"---> 1249318378"
225, 1249318386,"---> 1249318386"
226, 1249318394,"---> 1249318394"
227, 1249318408,"---> 1249318408"
228, 1249318416,"---> 1249318416"
229, 1249318424,"Möglicherweise Dublette; 'TSL 'mitgpekl'' auch in PPN 1249318122","Satz gespeichert","---> 1249318424"
230, 1249318432,"---> 1249318432"
231, 1249318440,"---> 1249318440"
232, 1249318459,"---> 1249318459"
233, 1249318467,"---> 1249318467"
234, 1249318475,"---> 1249318475"
235, 1249318483,"---> 1249318483"
236, 1249318491,"---> 1249318491"
237, 1249318505,"---> 1249318505"
238, 1249318513,"---> 1249318513"
239, 1249318521,"---> 1249318521"
240, 124931853X,"---> 124931853X"
241, 1249318548,"---> 1249318548"
242, 1249318556,"Möglicherweise Dublette; 'TSL 'mitgerklv'' auch in PPN 124926443X","Satz gespeichert","---> 1249318556"
243, 1249318564,"Möglicherweise Dublette; 'TSL 'mitgerklv'' auch in PPN 124926443X","Satz gespeichert","---> 1249318564"
244, 1249318572,"Möglicherweise Dublette; 'TSL 'mitgmikl'' auch in PPN 124931836X","Satz gespeichert","---> 1249318572"
245, 1249318580,"---> 1249318580"
246, 1249318599,"Möglicherweise Dublette; 'TSL 'mitgmakl'' auch in PPN 1249318262","Satz gespeichert","---> 1249318599"
247, 1249318602,"Möglicherweise Dublette; 'TSL 'mitgmakl'' auch in PPN 1249318262","Satz gespeichert","---> 1249318602"
248, 1249318610,"---> 1249318610"
249, 1249318629,"---> 1249318629"
250, 1249318637,"Möglicherweise Dublette; 'TSL 'mitgklve'' auch in PPN 1249318432","Satz gespeichert","---> 1249318637"
251, 1249318645,"---> 1249318645"
252, 1249318653,"Möglicherweise Dublette; 'TSL 'mitglukl'' auch in PPN 1249318351","Satz gespeichert","---> 1249318653"
253, 1249318661,"---> 1249318661"
254, 124931867X,"---> 124931867X"
255, 1249318688,"---> 1249318688"
256, 1249318696,"---> 1249318696"
257, 124931870X,"---> 124931870X"
258, 1249318718,"---> 1249318718"
259, 1249318726,"---> 1249318726"
260, 1249318734,"---> 1249318734"
261, 1249318742,"---> 1249318742"
262, 1249318750,"Möglicherweise Dublette; 'TSL 'mitganu j'' auch in PPN 1249261406","Satz gespeichert","---> 1249318750"
263, 1249318769,"---> 1249318769"
264, 1249318777,"---> 1249318777"
265, 1249318785,"---> 1249318785"
266, 1249318793,"---> 1249318793"
267, 1249318807,"Möglicherweise Dublette; 'TSL 'mitghokl'' auch in PPN 1249318327","Satz gespeichert","---> 1249318807"
268, 1249318815,"Möglicherweise Dublette; 'TSL 'mitgwokl'' auch in PPN 1249318254","Satz gespeichert","---> 1249318815"
269, 1249318823,"Möglicherweise Dublette; 'TSL 'mitghekl'' auch in PPN 1249318297","Satz gespeichert","---> 1249318823"
270, 1249318831,"Möglicherweise Dublette; 'TSL 'mitgdikl'' auch in PPN 1249318726","Satz gespeichert","---> 1249318831"
271, 124931884X,"---> 124931884X"
272, 1249318858,"---> 1249318858"
273, 1249318866,"Möglicherweise Dublette; 'TSL 'mitgkaknk'' auch in PPN 124926474X","Satz gespeichert","---> 1249318866"
274, 1249318874,"---> 1249318874"
275, 1249318882,"Möglicherweise Dublette; 'TSL 'mitgkakn'' auch in PPN 1249318866","Satz gespeichert","---> 1249318882"
276, 1249318890,"---> 1249318890"
277, 1249318912,"---> 1249318912"
278, 1249318920,"---> 1249318920"
279, 1249318939,"---> 1249318939"
280, 1249318947,"---> 1249318947"
281, 1249318955,"---> 1249318955"
282, 1249318963,"---> 1249318963"
283, 1249318971,"---> 1249318971"
284, 124931898X,"---> 124931898X"
285, 1249318998,"---> 1249318998"
286, 1249319005,"---> 1249319005"
287, 1249319013,"Möglicherweise Dublette; 'TSL 'mitghekn'' auch in PPN 1249318939","Satz gespeichert","---> 1249319013"
288, 1249319021,"Möglicherweise Dublette; 'TSL 'mitgkakn'' auch in PPN 1249318866","Satz gespeichert","---> 1249319021"
289, 124931903X,"---> 124931903X"
290, 1249319048,"---> 1249319048"
291, 1249319056,"---> 1249319056"
292, 1249319064,"---> 1249319064"
293, 1249319072,"---> 1249319072"
294, 1249319080,"---> 1249319080"
295, 1249319099,"---> 1249319099"
296, 1249319102,"---> 1249319102"
297, 1249319110,"---> 1249319110"
298, 1249319129,"---> 1249319129"
299, 1249319137,"---> 1249319137"
300, 1249319145,"Möglicherweise Dublette; 'TSL 'mitgheko'' auch in PPN 1249264960","Satz gespeichert","---> 1249319145"
301, 1249319153,"---> 1249319153"
302, 1249319161,"---> 1249319161"
303, 124931917X,"---> 124931917X"
304, 1249319188,"Möglicherweise Dublette; 'TSL 'mitgdrwak'' auch in PPN 1249263840","Satz gespeichert","---> 1249319188"
305, 1249319196,"---> 1249319196"
306, 124931920X,"---> 124931920X"
307, 1249319218,"Möglicherweise Dublette; 'TSL 'mitgalunw'' auch in PPN 1249309778","Satz gespeichert","---> 1249319218"
308, 1249319226,"Möglicherweise Dublette; 'TSL 'mitghako'' auch in PPN 124930931X","Satz gespeichert","---> 1249319226"
309, 1249319242,"Möglicherweise Dublette; 'TSL 'mitghako'' auch in PPN 124930931X","Satz gespeichert","---> 1249319242"
310, 1249319250,"---> 1249319250"
311, 1249319269,"---> 1249319269"
312, 1249319277,"---> 1249319277"
313, 1249319285,"---> 1249319285"
314, 1249319293,"---> 1249319293"
315, 1249319307,"Möglicherweise Dublette; 'TSL 'mitgdrmak'' auch in PPN 1249263654","Satz gespeichert","---> 1249319307"
316, 1249319315,"---> 1249319315"
317, 1249319323,"---> 1249319323"
318, 1249319331,"---> 1249319331"
319, 124931934X,"---> 124931934X"
320, 1249319358,"---> 1249319358"
321, 1249319366,"---> 1249319366"
322, 1249319374,"Möglicherweise Dublette; 'TSL 'mitgotko'' auch in PPN 1249319358","Satz gespeichert","---> 1249319374"
323, 1249319382,"Möglicherweise Dublette; 'TSL 'mitgheko'' auch in PPN 1249264960","Satz gespeichert","---> 1249319382"
324, 1249319390,"Möglicherweise Dublette; 'TSL 'mitgwiko'' auch in PPN 1249319277","Satz gespeichert","---> 1249319390"
325, 1249319404,"Möglicherweise Dublette; 'TSL 'mitgheko'' auch in PPN 1249264960","Satz gespeichert","---> 1249319404"
326, 1249319412,"---> 1249319412"
327, 1249319420,"---> 1249319420"
328, 1249319439,"---> 1249319439"
329, 1249319447,"---> 1249319447"
330, 1249319455,"---> 1249319455"
331, 1249319463,"---> 1249319463"
332, 1249319471,"---> 1249319471"
333, 124931948X,"---> 124931948X"
334, 1249319498,"---> 1249319498"
335, 1249319501,"---> 1249319501"
336, 124931951X,"---> 124931951X"
337, 1249319528,"---> 1249319528"
338, 1249319536,"---> 1249319536"
339, 1249319544,"---> 1249319544"
340, 1249319552,"Möglicherweise Dublette; 'TSL 'mitgpeko'' auch in PPN 1249319544","Satz gespeichert","---> 1249319552"
341, 1249319560,"---> 1249319560"
342, 1249319579,"---> 1249319579"
343, 1249319587,"Möglicherweise Dublette; 'TSL 'mitgwiko'' auch in PPN 1249319277","Satz gespeichert","---> 1249319587"
344, 1249319595,"---> 1249319595"
345, 1249319609,"---> 1249319609"
346, 1249319617,"---> 1249319617"
347, 1249319625,"Möglicherweise Dublette; 'TSL 'mitgkako'' auch in PPN 1249319447","Satz gespeichert","---> 1249319625"
348, 1249319633,"Möglicherweise Dublette; 'TSL 'mitgankob'' auch in PPN 1249264901","Satz gespeichert","---> 1249319633"
349, 1249319641,"---> 1249319641"
350, 124931965X,"Möglicherweise Dublette; 'TSL 'mitgheko'' auch in PPN 1249264960","Satz gespeichert","---> 124931965X"
351, 1249319668,"Möglicherweise Dublette; 'TSL 'mitgheko'' auch in PPN 1249264960","Satz gespeichert","---> 1249319668"
352, 1249319676,"Möglicherweise Dublette; 'TSL 'mitgheko'' auch in PPN 1249264960","Satz gespeichert","---> 1249319676"
353, 1249319684,"---> 1249319684"
354, 1249319692,"---> 1249319692"
355, 1249319706,"---> 1249319706"
356, 1249319714,"---> 1249319714"
357, 1249319730,"---> 1249319730"
358, 1249319749,"Möglicherweise Dublette; 'TSL 'mitgmako'' auch in PPN 1249319455","Satz gespeichert","---> 1249319749"
359, 1249319757,"---> 1249319757"
360, 1249319765,"Möglicherweise Dublette; 'TSL 'mitgheko'' auch in PPN 1249264960","Satz gespeichert","---> 1249319765"
361, 1249319773,"---> 1249319773"
362, 1249319781,"---> 1249319781"
363, 124931979X,"Möglicherweise Dublette; 'TSL 'mitgheko'' auch in PPN 1249264960","Satz gespeichert","---> 124931979X"
364, 1249319803,"---> 1249319803"
365, 1249319811,"Möglicherweise Dublette; 'TSL 'mitghako'' auch in PPN 124930931X","Satz gespeichert","---> 1249319811"
366, 1249319838,"Möglicherweise Dublette; 'TSL 'mitgmako'' auch in PPN 1249319455","Satz gespeichert","---> 1249319838"
367, 1249319846,"---> 1249319846"
368, 1249319854,"---> 1249319854"
369, 1249319862,"---> 1249319862"
370, 1249319870,"Möglicherweise Dublette; 'TSL 'mitggeko'' auch in PPN 1249305594","Satz gespeichert","---> 1249319870"
371, 1249319889,"---> 1249319889"
372, 1249319897,"Möglicherweise Dublette; 'TSL 'mitgko'' auch in PPN 1033996092","Satz gespeichert","---> 1249319897"
373, 1249319900,"Möglicherweise Dublette; 'TSL 'mitgkove'' auch in PPN 1249319862","Satz gespeichert","---> 1249319900"
374, 1249319919,"Möglicherweise Dublette; 'TSL 'mitgkove'' auch in PPN 1249319862","Satz gespeichert","---> 1249319919"
375, 1249319927,"---> 1249319927"
376, 1249319935,"---> 1249319935"
377, 1249319943,"---> 1249319943"
378, 1249319951,"Möglicherweise Dublette; 'TSL 'mitgroko'' auch in PPN 1249319269","Satz gespeichert","---> 1249319951"
379, 124931996X,"Möglicherweise Dublette; 'TSL 'mitgko'' auch in PPN 1033996092","Satz gespeichert","---> 124931996X"
380, 1249319978,"---> 1249319978"
381, 1249319986,"---> 1249319986"
382, 1249319994,"Möglicherweise Dublette; 'TSL 'mitgkove'' auch in PPN 1249319862","Satz gespeichert","---> 1249319994"
383, 1249320011,"---> 1249320011"
384, 124932002X,"---> 124932002X"
385, 1249320038,"Möglicherweise Dublette; 'TSL 'mitgheko'' auch in PPN 1249264960","Satz gespeichert","---> 1249320038"
386, 1249320046,"Möglicherweise Dublette; 'TSL 'mitgmako'' auch in PPN 1249319455","Satz gespeichert","---> 1249320046"
387, 1249320054,"Möglicherweise Dublette; 'TSL 'mitgkobu'' auch in PPN 1249319846","Satz gespeichert","---> 1249320054"
388, 1249320062,"---> 1249320062"
389, 1249320070,"---> 1249320070"
390, 1249320089,"---> 1249320089"
391, 1249320097,"Möglicherweise Dublette; 'TSL 'mitgwiko'' auch in PPN 1249319277","Satz gespeichert","---> 1249320097"
392, 1249320100,"Möglicherweise Dublette; 'TSL 'mitgbeko'' auch in PPN 1249288770","Satz gespeichert","---> 1249320100"
393, 1249320119,"---> 1249320119"
394, 1249320127,"Möglicherweise Dublette; 'TSL 'mitgheko'' auch in PPN 1249264960","Satz gespeichert","---> 1249320127"
395, 1249320135,"Möglicherweise Dublette; 'TSL 'mitgweko'' auch in PPN 1249319706","Satz gespeichert","---> 1249320135"
396, 1249320143,"---> 1249320143"
397, 1249320151,"Möglicherweise Dublette; 'TSL 'mitgfrko'' auch in PPN 1249319730","Satz gespeichert","---> 1249320151"
398, 124932016X,"Möglicherweise Dublette; 'TSL 'mitgheko'' auch in PPN 1249264960","Satz gespeichert","---> 124932016X"
399, 1249320178,"---> 1249320178"
400, 1249320186,"Möglicherweise Dublette; 'TSL 'mitgwiko'' auch in PPN 1249319277","Satz gespeichert","---> 1249320186"
401, 1249320194,"Möglicherweise Dublette; 'TSL 'mitggeko'' auch in PPN 1249305594","Satz gespeichert","---> 1249320194"
402, 1249320208,"Möglicherweise Dublette; 'TSL 'mitgalf k'' auch in PPN 1249263786","Satz gespeichert","---> 1249320208"
403, 1249320216,"Möglicherweise Dublette; 'TSL 'mitgkobu'' auch in PPN 1249319846","Satz gespeichert","---> 1249320216"
404, 1249320224,"---> 1249320224"
405, 1249320232,"Möglicherweise Dublette; 'TSL 'mitggoko'' auch in PPN 1249319773","Satz gespeichert","---> 1249320232"
406, 1249320240,"Möglicherweise Dublette; 'TSL 'mitgpeko'' auch in PPN 1249319544","Satz gespeichert","---> 1249320240"
407, 1249320259,"Möglicherweise Dublette; 'TSL 'mitghavok'' auch in PPN 1249264200","Satz gespeichert","---> 1249320259"
408, 1249320267,"---> 1249320267"
409, 1249320275,"---> 1249320275"
410, 1249320283,"---> 1249320283"
411, 1249320291,"Möglicherweise Dublette; 'TSL 'mitghajok'' auch in PPN 1249263875","Satz gespeichert","---> 1249320291"
412, 1249320313,"Möglicherweise Dublette; 'TSL 'mitgdrhak'' auch in PPN 1249265371","Satz gespeichert","---> 1249320313"
413, 1249320321,"---> 1249320321"
414, 124932033X,"---> 124932033X"
415, 1249320348,"---> 1249320348"
416, 1249320364,"---> 1249320364"
417, 1249320372,"---> 1249320372"
418, 1249320380,"---> 1249320380"
419, 1249320399,"---> 1249320399"
420, 1249320402,"Möglicherweise Dublette; 'TSL 'mitgkrve'' auch in PPN 1249320348","Satz gespeichert","---> 1249320402"
421, 1249320410,"---> 1249320410"
422, 1249320429,"---> 1249320429"
423, 1249320437,"---> 1249320437"
424, 1249320445,"Möglicherweise Dublette; 'TSL 'mitghekr'' auch in PPN 1249320437","Satz gespeichert","---> 1249320445"
425, 1249320453,"---> 1249320453"
426, 1249320461,"Möglicherweise Dublette; 'TSL 'mitgdrfrk'' auch in PPN 1249264049","Satz gespeichert","---> 1249320461"
427, 124932047X,"Möglicherweise Dublette; 'TSL 'mitgkrve'' auch in PPN 1249320348","Satz gespeichert","---> 124932047X"
428, 1249320488,"Möglicherweise Dublette; 'TSL 'mitgkrbu'' auch in PPN 1249320372","Satz gespeichert","---> 1249320488"
429, 1249320496,"---> 1249320496"
430, 124932050X,"---> 124932050X"
431, 1249320518,"---> 1249320518"
432, 1249320526,"---> 1249320526"
433, 1249320534,"---> 1249320534"
434, 1249320542,"---> 1249320542"
435, 1249320550,"Möglicherweise Dublette; 'TSL 'mitgdrhek'' auch in PPN 1249264103","Satz gespeichert","---> 1249320550"
436, 1249320569,"Möglicherweise Dublette; 'TSL 'mitghekr'' auch in PPN 1249320437","Satz gespeichert","---> 1249320569"
437, 1249320577,"---> 1249320577"
438, 1249320585,"Möglicherweise Dublette; 'TSL 'mitgwikr'' auch in PPN 1249320453","Satz gespeichert","---> 1249320585"
439, 1249320593,"---> 1249320593"
440, 1249320607,"---> 1249320607"
441, 1249320615,"Möglicherweise Dublette; 'TSL 'mitgmakr'' auch in PPN 1249320526","Satz gespeichert","---> 1249320615"
442, 1249320623,"---> 1249320623"
443, 1249320631,"Möglicherweise Dublette; 'TSL 'mitgmakr'' auch in PPN 1249320526","Satz gespeichert","---> 1249320631"
444, 1249320658,"---> 1249320658"
445, 1249320666,"Möglicherweise Dublette; 'TSL 'mitgerkr'' auch in PPN 1249320429","Satz gespeichert","---> 1249320666"
446, 1249320674,"Möglicherweise Dublette; 'TSL 'mitghekr'' auch in PPN 1249320437","Satz gespeichert","---> 1249320674"
447, 1249320682,"---> 1249320682"
448, 1249320690,"Möglicherweise Dublette; 'TSL 'mitgotkr'' auch in PPN 1249320364","Satz gespeichert","---> 1249320690"
449, 1249320704,"---> 1249320704"
450, 1249320712,"---> 1249320712"
451, 1249320720,"---> 1249320720"
452, 1249320763,"Möglicherweise Dublette; 'TSL 'mitghekr'' auch in PPN 1249320437","Satz gespeichert","---> 1249320763"
453, 1249320771,"Möglicherweise Dublette; 'TSL 'mitgmakr'' auch in PPN 1249320526","Satz gespeichert","---> 1249320771"
454, 124932078X,"---> 124932078X"
455, 1249320798,"---> 1249320798"
456, 1249320801,"Möglicherweise Dublette; 'TSL 'mitgkakr'' auch in PPN 1249320321","Satz gespeichert","---> 1249320801"
457, 124932081X,"---> 124932081X"
458, 1249320828,"---> 1249320828"
459, 1249320836,"Möglicherweise Dublette; 'TSL 'mitgsikr'' auch in PPN 124932078X","Satz gespeichert","---> 1249320836"
460, 1249320844,"Möglicherweise Dublette; 'TSL 'mitgrekr'' auch in PPN 1249320496","Satz gespeichert","---> 1249320844"
461, 1249320852,"Möglicherweise Dublette; 'TSL 'mitgelkr'' auch in PPN 1249320380","Satz gespeichert","---> 1249320852"
462, 1249320860,"---> 1249320860"
463, 1249320879,"---> 1249320879"
464, 1249320895,"Möglicherweise Dublette; 'TSL 'mitgkrve'' auch in PPN 1249320348","Satz gespeichert","---> 1249320895"
465, 1249320909,"---> 1249320909"
466, 1249320917,"Möglicherweise Dublette; 'TSL 'mitgdralk'' auch in PPN 1249291380","Satz gespeichert","---> 1249320917"
467, 1249320925,"Möglicherweise Dublette; 'TSL 'mitghekr'' auch in PPN 1249320437","Satz gespeichert","---> 1249320925"
468, 1249320933,"---> 1249320933"
469, 1249320941,"---> 1249320941"
470, 124932095X,"---> 124932095X"
471, 1249320968,"Möglicherweise Dublette; 'TSL 'mitgkrve'' auch in PPN 1249320348","Satz gespeichert","---> 1249320968"
472, 1249320976,"Möglicherweise Dublette; 'TSL 'mitghekr'' auch in PPN 1249320437","Satz gespeichert","---> 1249320976"
473, 1249320984,"---> 1249320984"
474, 1249320992,"---> 1249320992"
475, 124932100X,"Möglicherweise Dublette; 'TSL 'mitgfrkr'' auch in PPN 124932050X","Satz gespeichert","---> 124932100X"
476, 1249321018,"---> 1249321018"
477, 1249321026,"---> 1249321026"
478, 1249321034,"---> 1249321034"
479, 1249321042,"Möglicherweise Dublette; 'TSL 'mitgfrkr'' auch in PPN 124932050X","Satz gespeichert","---> 1249321042"
480, 1249321050,"Möglicherweise Dublette; 'TSL 'mitgrikrr'' auch in PPN 1249265843","Satz gespeichert","---> 1249321050"
481, 1249321069,"Möglicherweise Dublette; 'TSL 'mitgkakr'' auch in PPN 1249320321","Satz gespeichert","---> 1249321069"
482, 1249321077,"---> 1249321077"
483, 1249321085,"Möglicherweise Dublette; 'TSL 'mitgkakr'' auch in PPN 1249320321","Satz gespeichert","---> 1249321085"
484, 1249321093,"---> 1249321093"
485, 1249321107,"---> 1249321107"
486, 1249321115,"---> 1249321115"
487, 1249321123,"Möglicherweise Dublette; 'TSL 'mitgfrkr'' auch in PPN 124932050X","Satz gespeichert","---> 1249321123"
488, 1249321131,"Möglicherweise Dublette; 'TSL 'mitgkr'' auch in PPN 1249320895","Satz gespeichert","---> 1249321131"
489, 124932114X,"Möglicherweise Dublette; 'TSL 'mitgsikr'' auch in PPN 124932078X","Satz gespeichert","---> 124932114X"
490, 1249321158,"---> 1249321158"
491, 1249321174,"Möglicherweise Dublette; 'TSL 'mitgkrve'' auch in PPN 1249320348","Satz gespeichert","---> 1249321174"
492, 1249321182,"Möglicherweise Dublette; 'TSL 'mitgrekr'' auch in PPN 1249320496","Satz gespeichert","---> 1249321182"
493, 1249321190,"Möglicherweise Dublette; 'TSL 'mitgbrkr'' auch in PPN 1249320399","Satz gespeichert","---> 1249321190"
494, 1249321204,"---> 1249321204"
495, 1249321212,"Möglicherweise Dublette; 'TSL 'mitgdrhae'' auch in PPN 1249256240","Satz gespeichert","---> 1249321212"
496, 1249321220,"Möglicherweise Dublette; 'TSL 'mitgkakr'' auch in PPN 1249320321","Satz gespeichert","---> 1249321220"
497, 1249321239,"---> 1249321239"
498, 1249321247,"---> 1249321247"
499, 1249321255,"Möglicherweise Dublette; 'TSL 'mitgrekr'' auch in PPN 1249320496","Satz gespeichert","---> 1249321255"
500, 1249321263,"---> 1249321263"
501, 1249321271,"Möglicherweise Dublette; 'TSL 'mitgkakr'' auch in PPN 1249320321","Satz gespeichert","---> 1249321271"
502, 124932128X,"---> 124932128X"
503, 1249321298,"---> 1249321298"
504, 1249321301,"Möglicherweise Dublette; 'TSL 'mitgmakr'' auch in PPN 1249320526","Satz gespeichert","---> 1249321301"
505, 124932131X,"---> 124932131X"
506, 1249321328,"Möglicherweise Dublette; 'TSL 'mitgedkr'' auch in PPN 1249320542","Satz gespeichert","---> 1249321328"
507, 1249321336,"---> 1249321336"
508, 1249321344,"---> 1249321344"
509, 1249321352,"Möglicherweise Dublette; 'TSL 'mitghakr'' auch in PPN 1249320291","Satz gespeichert","---> 1249321352"
510, 1249321360,"---> 1249321360"
511, 1249321379,"---> 1249321379"
512, 1249321387,"---> 1249321387"
513, 1249321395,"---> 1249321395"
514, 1249321409,"---> 1249321409"
515, 1249321417,"---> 1249321417"
516, 1249321425,"---> 1249321425"
517, 1249321433,"---> 1249321433"
518, 1249321441,"Möglicherweise Dublette; 'TSL 'mitgdrwak'' auch in PPN 1249263840","Satz gespeichert","---> 1249321441"
519, 124932145X,"---> 124932145X"
520, 1249321468,"Möglicherweise Dublette; 'TSL 'mitgerku'' auch in PPN 1249321425","Satz gespeichert","---> 1249321468"
521, 1249321476,"Möglicherweise Dublette; 'TSL 'mitginku'' auch in PPN 1249315077","Satz gespeichert","---> 1249321476"
522, 1249321484,"---> 1249321484"
523, 1249321492,"---> 1249321492"
524, 1249321506,"---> 1249321506"
525, 1249321514,"---> 1249321514"
526, 1249321522,"---> 1249321522"
527, 1249321530,"---> 1249321530"
528, 1249321549,"---> 1249321549"
529, 1249321565,"---> 1249321565"
530, 1249321573,"---> 1249321573"
531, 1249321581,"---> 1249321581"
532, 124932159X,"Möglicherweise Dublette; 'TSL 'mitgsiku'' auch in PPN 1249321514","Satz gespeichert","---> 124932159X"
533, 1249321603,"---> 1249321603"
534, 1249321611,"---> 1249321611"
535, 124932162X,"---> 124932162X"
536, 1249321638,"---> 1249321638"
537, 1249321646,"Möglicherweise Dublette; 'TSL 'mitgerku'' auch in PPN 1249321425","Satz gespeichert","---> 1249321646"
538, 1249321654,"---> 1249321654"
539, 1249321662,"---> 1249321662"
540, 1249321670,"---> 1249321670"
541, 1249321689,"Möglicherweise Dublette; 'TSL 'mitgwiku'' auch in PPN 1249321395","Satz gespeichert","---> 1249321689"
542, 1249321697,"---> 1249321697"
543, 1249321700,"---> 1249321700"
544, 1249321719,"Möglicherweise Dublette; 'TSL 'mitgheku'' auch in PPN 1249321530","Satz gespeichert","---> 1249321719"
545, 1249321735,"---> 1249321735"
546, 1249321743,"---> 1249321743"
547, 1249321751,"---> 1249321751"
548, 124932176X,"---> 124932176X"
549, 1249321778,"---> 1249321778"
550, 1249321786,"Möglicherweise Dublette; 'TSL 'mitgelku'' auch in PPN 1249321549","Satz gespeichert","---> 1249321786"
551, 1249321794,"Möglicherweise Dublette; 'TSL 'mitgmaku'' auch in PPN 1249321492","Satz gespeichert","---> 1249321794"
552, 1249321808,"---> 1249321808"
553, 1249321816,"Möglicherweise Dublette; 'TSL 'mitgheku'' auch in PPN 1249321530","Satz gespeichert","---> 1249321816"
554, 1249321824,"---> 1249321824"
555, 1249321832,"---> 1249321832"
556, 1249321840,"---> 1249321840"
557, 1249321859,"---> 1249321859"
558, 1249321867,"---> 1249321867"
559, 1249321883,"Möglicherweise Dublette; 'TSL 'mitgchku'' auch in PPN 1249321638","Satz gespeichert","---> 1249321883"
560, 1249321891,"---> 1249321891"
561, 1249321905,"Möglicherweise Dublette; 'TSL 'mitgchku'' auch in PPN 1249321638","Satz gespeichert","---> 1249321905"
562, 1249321913,"Möglicherweise Dublette; 'TSL 'mitgjuku'' auch in PPN 1249321581","Satz gespeichert","---> 1249321913"
563, 1249321921,"---> 1249321921"
564, 124932193X,"---> 124932193X"
565, 1249321948,"---> 1249321948"
566, 1249321956,"---> 1249321956"
567, 1249321964,"---> 1249321964"
568, 1249321972,"Möglicherweise Dublette; 'TSL 'mitgerku'' auch in PPN 1249321425","Satz gespeichert","---> 1249321972"
569, 1249321980,"---> 1249321980"
570, 1249321999,"---> 1249321999"
571, 1249322006,"---> 1249322006"
572, 1249322014,"---> 1249322014"
573, 1249322022,"Möglicherweise Dublette; 'TSL 'mitgku'' auch in PPN 1249321743","Satz gespeichert","---> 1249322022"
574, 1249322030,"Möglicherweise Dublette; 'TSL 'mitgku'' auch in PPN 1249321743","Satz gespeichert","---> 1249322030"
575, 1249322049,"Möglicherweise Dublette; 'TSL 'mitgku'' auch in PPN 1249321743","Satz gespeichert","---> 1249322049"
576, 1249322057,"---> 1249322057"
577, 1249322065,"---> 1249322065"
578, 1249322073,"---> 1249322073"
579, 1249322081,"---> 1249322081"
580, 124932209X,"---> 124932209X"
581, 1249322103,"---> 1249322103"
582, 1249322111,"Möglicherweise Dublette; 'TSL 'mitgeuku'' auch in PPN 1249301084","Satz gespeichert","---> 1249322111"
583, 1249322138,"---> 1249322138"
584, 1249322146,"---> 1249322146"
585, 1249322154,"Möglicherweise Dublette; 'TSL 'mitgjuku'' auch in PPN 1249321581","Satz gespeichert","---> 1249322154"
586, 1249322162,"---> 1249322162"
587, 1249322170,"---> 1249322170"
588, 1249322189,"Möglicherweise Dublette; 'TSL 'mitgpaku'' auch in PPN 1249321999","Satz gespeichert","---> 1249322189"
589, 1249322197,"Möglicherweise Dublette; 'TSL 'mitgheku'' auch in PPN 1249321530","Satz gespeichert","---> 1249322197"
590, 1249322200,"Möglicherweise Dublette; 'TSL 'mitgwiku'' auch in PPN 1249321395","Satz gespeichert","---> 1249322200"
591, 1249322219,"---> 1249322219"
592, 1249322227,"Möglicherweise Dublette; 'TSL 'mitgheku'' auch in PPN 1249321530","Satz gespeichert","---> 1249322227"
593, 1249322235,"---> 1249322235"
594, 1249322243,"---> 1249322243"
595, 1249322251,"---> 1249322251"
596, 124932226X,"---> 124932226X"
597, 1249322286,"---> 1249322286"
598, 1249322294,"Möglicherweise Dublette; 'TSL 'mitgmaunh'' auch in PPN 1024796876","Satz gespeichert","---> 1249322294"
599, 1249322308,"---> 1249322308"
600, 1249322316,"---> 1249322316"
601, 1249322324,"---> 1249322324"
602, 1249322332,"---> 1249322332"
603, 1249322340,"Möglicherweise Dublette; 'TSL 'mitglave'' auch in PPN 1249322332","Satz gespeichert","---> 1249322340"
604, 1249322359,"---> 1249322359"
605, 1249322367,"---> 1249322367"
606, 1249322375,"---> 1249322375"
607, 1249322383,"Möglicherweise Dublette; 'TSL 'mitglabu'' auch in PPN 1249322286","Satz gespeichert","---> 1249322383"
608, 1249322391,"---> 1249322391"
609, 1249322405,"---> 1249322405"
610, 1249322413,"---> 1249322413"
611, 1249322421,"---> 1249322421"
612, 124932243X,"---> 124932243X"
613, 1249322448,"---> 1249322448"
614, 1249322456,"---> 1249322456"
615, 1249322464,"Möglicherweise Dublette; 'TSL 'mitghela'' auch in PPN 1249311594","Satz gespeichert","---> 1249322464"
616, 1249322472,"Möglicherweise Dublette; 'TSL 'mitghala'' auch in PPN 1249322456","Satz gespeichert","---> 1249322472"
617, 1249322480,"---> 1249322480"
618, 1249322499,"Möglicherweise Dublette; 'TSL 'mitgla'' auch in PPN 1236227360","Satz gespeichert","---> 1249322499"
619, 1249322502,"Möglicherweise Dublette; 'TSL 'mitganla'' auch in PPN 1249322308","Satz gespeichert","---> 1249322502"
620, 1249322510,"Möglicherweise Dublette; 'TSL 'mitgbrla'' auch in PPN 1249291429","Satz gespeichert","---> 1249322510"
621, 1249322529,"---> 1249322529"
622, 1249322537,"Möglicherweise Dublette; 'TSL 'mitghela'' auch in PPN 1249311594","Satz gespeichert","---> 1249322537"
623, 1249322545,"---> 1249322545"
624, 1249322553,"---> 1249322553"
625, 1249322561,"---> 1249322561"
626, 124932257X,"---> 124932257X"
627, 1249322588,"---> 1249322588"
628, 1249322596,"Möglicherweise Dublette; 'TSL 'mitgjola'' auch in PPN 1249322480","Satz gespeichert","---> 1249322596"
629, 124932260X,"---> 124932260X"
630, 1249322618,"---> 1249322618"
631, 1249322626,"Möglicherweise Dublette; 'TSL 'mitgbela'' auch in PPN 1249322367","Satz gespeichert","---> 1249322626"
632, 1249322634,"---> 1249322634"
633, 1249322642,"---> 1249322642"
634, 1249322650,"---> 1249322650"
635, 1249322669,"---> 1249322669"
636, 1249322677,"---> 1249322677"
637, 1249322685,"Möglicherweise Dublette; 'TSL 'mitgbrla'' auch in PPN 1249291429","Satz gespeichert","---> 1249322685"
638, 1249322693,"Möglicherweise Dublette; 'TSL 'mitghala'' auch in PPN 1249322456","Satz gespeichert","---> 1249322693"
639, 1249322707,"Möglicherweise Dublette; 'TSL 'mitghala'' auch in PPN 1249322456","Satz gespeichert","---> 1249322707"
640, 1249322715,"---> 1249322715"
641, 1249322723,"Möglicherweise Dublette; 'TSL 'mitgh la'' auch in PPN 1249322715","Satz gespeichert","---> 1249322723"
642, 1249322731,"---> 1249322731"
643, 124932274X,"Möglicherweise Dublette; 'TSL 'mitglabu'' auch in PPN 1249322286","Satz gespeichert","---> 124932274X"
644, 1249322758,"---> 1249322758"
645, 1249322766,"---> 1249322766"
646, 1249322774,"---> 1249322774"
647, 1249322782,"---> 1249322782"
648, 1249322790,"Möglicherweise Dublette; 'TSL 'mitgmila'' auch in PPN 1249322782","Satz gespeichert","---> 1249322790"
649, 1249322804,"Möglicherweise Dublette; 'TSL 'mitglagm'' auch in PPN 1249322758","Satz gespeichert","---> 1249322804"
650, 1249322812,"---> 1249322812"
651, 1249322820,"---> 1249322820"
652, 1249322847,"Möglicherweise Dublette; 'TSL 'mitganla'' auch in PPN 1249322308","Satz gespeichert","---> 1249322847"
653, 1249322855,"---> 1249322855"
654, 1249322863,"---> 1249322863"
655, 1249322871,"---> 1249322871"
656, 124932288X,"---> 124932288X"
657, 1249322898,"Möglicherweise Dublette; 'TSL 'mitgerla'' auch in PPN 1249322448","Satz gespeichert","---> 1249322898"
658, 1249322901,"Möglicherweise Dublette; 'TSL 'mitgerla'' auch in PPN 1249322448","Satz gespeichert","---> 1249322901"
659, 124932291X,"---> 124932291X"
660, 1249322928,"Möglicherweise Dublette; 'TSL 'mitgla'' auch in PPN 1236227360","Satz gespeichert","---> 1249322928"
661, 1249322936,"---> 1249322936"
662, 1249322944,"---> 1249322944"
663, 1249322952,"---> 1249322952"
664, 1249322960,"---> 1249322960"
665, 1249322987,"---> 1249322987"
666, 1249322995,"---> 1249322995"
667, 1249323002,"---> 1249323002"
668, 1249323010,"---> 1249323010"
669, 1249323029,"---> 1249323029"
670, 1249323037,"---> 1249323037"
671, 1249323053,"Möglicherweise Dublette; 'TSL 'mitggele'' auch in PPN 1249305578","Satz gespeichert","---> 1249323053"
672, 124932307X,"---> 124932307X"
673, 1249323096,"---> 1249323096"
674, 124932310X,"---> 124932310X"
675, 1249323118,"---> 1249323118"
676, 1249323126,"---> 1249323126"
677, 1249323134,"Möglicherweise Dublette; 'TSL 'mitggele'' auch in PPN 1249305578","Satz gespeichert","---> 1249323134"
678, 1249323142,"---> 1249323142"
679, 1249323150,"---> 1249323150"
680, 1249323169,"Möglicherweise Dublette; 'TSL 'mitgmale'' auch in PPN 124932310X","Satz gespeichert","---> 1249323169"
681, 1249323177,"---> 1249323177"
682, 1249323185,"Möglicherweise Dublette; 'TSL 'mitgbrle'' auch in PPN 1249291356","Satz gespeichert","---> 1249323185"
683, 1249323193,"---> 1249323193"
684, 1249323207,"---> 1249323207"
685, 1249323215,"---> 1249323215"
686, 1249323223,"---> 1249323223"
687, 1249323231,"Möglicherweise Dublette; 'TSL 'mitgle'' auch in PPN 955915910","Satz gespeichert","---> 1249323231"
688, 124932324X,"---> 124932324X"
689, 1249323258,"Möglicherweise Dublette; 'TSL 'mitgle'' auch in PPN 955915910","Satz gespeichert","---> 1249323258"
690, 1249323266,"Möglicherweise Dublette; 'TSL 'mitgleve'' auch in PPN 1249323029","Satz gespeichert","---> 1249323266"
691, 1249323274,"---> 1249323274"
692, 1249323282,"---> 1249323282"
693, 1249323290,"---> 1249323290"
694, 1249323304,"---> 1249323304"
695, 1249323312,"Möglicherweise Dublette; 'TSL 'mitgmale'' auch in PPN 124932310X","Satz gespeichert","---> 1249323312"
696, 1249323320,"---> 1249323320"
697, 1249323339,"Möglicherweise Dublette; 'TSL 'mitghale'' auch in PPN 1249323282","Satz gespeichert","---> 1249323339"
698, 1249323347,"---> 1249323347"
699, 1249323355,"Möglicherweise Dublette; 'TSL 'mitgbrle'' auch in PPN 1249291356","Satz gespeichert","---> 1249323355"
700, 1249323363,"---> 1249323363"
701, 1249323371,"Möglicherweise Dublette; 'TSL 'mitgleve'' auch in PPN 1249323029","Satz gespeichert","---> 1249323371"
702, 124932338X,"Möglicherweise Dublette; 'TSL 'mitghale'' auch in PPN 1249323282","Satz gespeichert","---> 124932338X"
703, 1249323398,"Möglicherweise Dublette; 'TSL 'mitggule'' auch in PPN 1249323363","Satz gespeichert","---> 1249323398"
704, 1249323401,"---> 1249323401"
705, 124932341X,"---> 124932341X"
706, 1249323428,"Möglicherweise Dublette; 'TSL 'mitgleve'' auch in PPN 1249323029","Satz gespeichert","---> 1249323428"
707, 1249323436,"---> 1249323436"
708, 1249323444,"---> 1249323444"
709, 1249323452,"---> 1249323452"
710, 1249323460,"---> 1249323460"
711, 1249323479,"---> 1249323479"
712, 1249323487,"Möglicherweise Dublette; 'TSL 'mitghele'' auch in PPN 1249323142","Satz gespeichert","---> 1249323487"
713, 1249323509,"Möglicherweise Dublette; 'TSL 'mitggele'' auch in PPN 1249305578","Satz gespeichert","---> 1249323509"
714, 1249323517,"---> 1249323517"
715, 1249323525,"---> 1249323525"
716, 1249323533,"---> 1249323533"
717, 1249323541,"Möglicherweise Dublette; 'TSL 'mitghele'' auch in PPN 1249323142","Satz gespeichert","---> 1249323541"
718, 124932355X,"Möglicherweise Dublette; 'TSL 'mitghele'' auch in PPN 1249323142","Satz gespeichert","---> 124932355X"
719, 1249323568,"---> 1249323568"
720, 1249323576,"---> 1249323576"
721, 1249323584,"---> 1249323584"
722, 1249323592,"---> 1249323592"
723, 1249323606,"---> 1249323606"
724, 1249323614,"---> 1249323614"
725, 1249323622,"---> 1249323622"
726, 1249323630,"---> 1249323630"
727, 1249323649,"---> 1249323649"
728, 1249323657,"---> 1249323657"
729, 1249323665,"---> 1249323665"
730, 1249323673,"---> 1249323673"
731, 1249323681,"---> 1249323681"
732, 124932369X,"Möglicherweise Dublette; 'TSL 'mitglebu'' auch in PPN 1249323258","Satz gespeichert","---> 124932369X"
733, 1249323703,"---> 1249323703"
734, 1249323711,"Möglicherweise Dublette; 'TSL 'mitghele'' auch in PPN 1249323142","Satz gespeichert","---> 1249323711"
735, 124932372X,"---> 124932372X"
736, 1249323738,"---> 1249323738"
737, 1249323746,"---> 1249323746"
738, 1249323754,"Möglicherweise Dublette; 'TSL 'mitgle'' auch in PPN 955915910","Satz gespeichert","---> 1249323754"
739, 1249323762,"---> 1249323762"
740, 1249323770,"Möglicherweise Dublette; 'TSL 'mitggele'' auch in PPN 1249305578","Satz gespeichert","---> 1249323770"
741, 1249323789,"---> 1249323789"
742, 1249323797,"---> 1249323797"
743, 1249323800,"---> 1249323800"
744, 1249323819,"---> 1249323819"
745, 1249323827,"Möglicherweise Dublette; 'TSL 'mitgkule'' auch in PPN 1249323797","Satz gespeichert","---> 1249323827"
746, 1249323835,"---> 1249323835"
747, 1249323843,"---> 1249323843"
748, 1249323851,"---> 1249323851"
749, 124932386X,"Möglicherweise Dublette; 'TSL 'mitgmale'' auch in PPN 124932310X","Satz gespeichert","---> 124932386X"
750, 1249323878,"---> 1249323878"
751, 1249323886,"---> 1249323886"
752, 1249323894,"---> 1249323894"
753, 1249323908,"---> 1249323908"
754, 1249323916,"---> 1249323916"
755, 1249323924,"Möglicherweise Dublette; 'TSL 'mitghelib'' auch in PPN 1249266866","Satz gespeichert","---> 1249323924"
756, 1249323932,"---> 1249323932"
757, 1249323940,"---> 1249323940"
758, 1249323959,"---> 1249323959"
759, 1249323967,"---> 1249323967"
760, 1249323975,"---> 1249323975"
761, 1249323983,"---> 1249323983"
762, 1249323991,"---> 1249323991"
763, 1249324009,"---> 1249324009"
764, 1249324017,"---> 1249324017"
765, 1249324025,"---> 1249324025"
766, 1249324033,"---> 1249324033"
767, 1249324041,"---> 1249324041"
768, 124932405X,"---> 124932405X"
769, 1249324068,"---> 1249324068"
770, 1249324076,"---> 1249324076"
771, 1249324084,"---> 1249324084"
772, 1249324106,"---> 1249324106"
773, 1249324114,"Möglicherweise Dublette; 'TSL 'mitglifr'' auch in PPN 1249324106","Satz gespeichert","---> 1249324114"
774, 1249324122,"---> 1249324122"
775, 1249324130,"---> 1249324130"
776, 1249324149,"---> 1249324149"
777, 1249324165,"---> 1249324165"
778, 1249324173,"---> 1249324173"
779, 1249324181,"---> 1249324181"
780, 124932419X,"---> 124932419X"
781, 1249324203,"Möglicherweise Dublette; 'TSL 'mitgluli'' auch in PPN 1249323932","Satz gespeichert","---> 1249324203"
782, 1249324211,"Möglicherweise Dublette; 'TSL 'mitgdrmal'' auch in PPN 124926751X","Satz gespeichert","---> 1249324211"
783, 124932422X,"---> 124932422X"
784, 1249324238,"---> 1249324238"
785, 1249324246,"Möglicherweise Dublette; 'TSL 'mitgdali'' auch in PPN 1249296005","Satz gespeichert","---> 1249324246"
786, 1249324254,"---> 1249324254"
787, 1249324262,"---> 1249324262"
788, 1249324270,"---> 1249324270"
789, 1249324297,"Möglicherweise Dublette; 'TSL 'mitgmali'' auch in PPN 1249324130","Satz gespeichert","---> 1249324297"
790, 1249324300,"---> 1249324300"
791, 1249324327,"---> 1249324327"
792, 1249324335,"---> 1249324335"
793, 1249324343,"---> 1249324343"
794, 1249324351,"---> 1249324351"
795, 124932436X,"---> 124932436X"
796, 1249324378,"Möglicherweise Dublette; 'TSL 'mitggeli'' auch in PPN 1249324254","Satz gespeichert","---> 1249324378"
797, 1249324386,"Möglicherweise Dublette; 'TSL 'mitgmali'' auch in PPN 1249324130","Satz gespeichert","---> 1249324386"
798, 1249324394,"---> 1249324394"
799, 1249324408,"---> 1249324408"
800, 1249324416,"---> 1249324416"
801, 1249324424,"---> 1249324424"
802, 1249324432,"---> 1249324432"
803, 1249324440,"Möglicherweise Dublette; 'TSL 'mitgmali'' auch in PPN 1249324130","Satz gespeichert","---> 1249324440"
804, 1249324459,"Möglicherweise Dublette; 'TSL 'mitgmali'' auch in PPN 1249324130","Satz gespeichert","---> 1249324459"
805, 1249324467,"---> 1249324467"
806, 1249324475,"---> 1249324475"
807, 1249324491,"Möglicherweise Dublette; 'TSL 'mitgli'' auch in PPN 012068896","Satz gespeichert","---> 1249324491"
808, 1249324505,"Möglicherweise Dublette; 'TSL 'mitgjoli'' auch in PPN 1249324424","Satz gespeichert","---> 1249324505"
809, 1249324513,"---> 1249324513"
810, 1249324521,"---> 1249324521"
811, 124932453X,"---> 124932453X"
812, 1249324548,"---> 1249324548"
813, 1249324556,"---> 1249324556"
814, 1249324564,"Möglicherweise Dublette; 'TSL 'mitglivea'' auch in PPN 1249323916","Satz gespeichert","---> 1249324564"
815, 1249324572,"---> 1249324572"
816, 1249324580,"Möglicherweise Dublette; 'TSL 'mitglibu'' auch in PPN 1249323975","Satz gespeichert","---> 1249324580"
817, 1249324599,"Möglicherweise Dublette; 'TSL 'mitglivem'' auch in PPN 1249324149","Satz gespeichert","---> 1249324599"
818, 1249324602,"Möglicherweise Dublette; 'TSL 'mitgli'' auch in PPN 012068896","Satz gespeichert","---> 1249324602"
819, 1249324637,"Möglicherweise Dublette; 'TSL 'mitgroli'' auch in PPN 1249324408","Satz gespeichert","---> 1249324637"
820, 1249324645,"---> 1249324645"
821, 1249324653,"---> 1249324653"
822, 1249324661,"---> 1249324661"
823, 1249324688,"---> 1249324688"
824, 1249324696,"---> 1249324696"
825, 1249324718,"---> 1249324718"
826, 1249324726,"---> 1249324726"
827, 1249324734,"---> 1249324734"
828, 1249324742,"---> 1249324742"
829, 1249324750,"---> 1249324750"
830, 1249324769,"---> 1249324769"
831, 1249324777,"---> 1249324777"
832, 1249324785,"---> 1249324785"
833, 1249324793,"Möglicherweise Dublette; 'TSL 'mitgwalo'' auch in PPN 1249324769","Satz gespeichert","---> 1249324793"
834, 1249324807,"---> 1249324807"
835, 1249324815,"---> 1249324815"
836, 1249324823,"---> 1249324823"
837, 1249324831,"---> 1249324831"
838, 124932484X,"---> 124932484X"
839, 1249324858,"---> 1249324858"
840, 1249324866,"Möglicherweise Dublette; 'TSL 'mitgrulo'' auch in PPN 1249324777","Satz gespeichert","---> 1249324866"
841, 1249324874,"Möglicherweise Dublette; 'TSL 'mitgrulo'' auch in PPN 1249324777","Satz gespeichert","---> 1249324874"
842, 1249324882,"---> 1249324882"
843, 1249324890,"---> 1249324890"
844, 1249324904,"---> 1249324904"
845, 1249324912,"---> 1249324912"
846, 1249324920,"---> 1249324920"
847, 1249324939,"---> 1249324939"
848, 1249324947,"Möglicherweise Dublette; 'TSL 'mitghelo'' auch in PPN 1249324890","Satz gespeichert","---> 1249324947"
849, 1249324955,"---> 1249324955"
850, 1249324963,"---> 1249324963"
851, 1249324971,"Möglicherweise Dublette; 'TSL 'mitgjolo'' auch in PPN 1249324963","Satz gespeichert","---> 1249324971"
852, 124932498X,"Möglicherweise Dublette; 'TSL 'mitgdrmal'' auch in PPN 124926751X","Satz gespeichert","---> 124932498X"
853, 1249324998,"---> 1249324998"
854, 1249325013,"Möglicherweise Dublette; 'TSL 'mitgrolo'' auch in PPN 1249324750","Satz gespeichert","---> 1249325013"
855, 1249325021,"---> 1249325021"
856, 124932503X,"---> 124932503X"
857, 1249325048,"---> 1249325048"
858, 1249325056,"---> 1249325056"
859, 1249325064,"---> 1249325064"
860, 1249325072,"---> 1249325072"
861, 1249325080,"---> 1249325080"
862, 1249325099,"---> 1249325099"
863, 1249325102,"---> 1249325102"
864, 1249325110,"---> 1249325110"
865, 1249325129,"---> 1249325129"
866, 1249325137,"---> 1249325137"
867, 1249325145,"---> 1249325145"
868, 1249325153,"---> 1249325153"
869, 1249325161,"---> 1249325161"
870, 124932517X,"---> 124932517X"
871, 1249325188,"---> 1249325188"
872, 1249325196,"---> 1249325196"
873, 124932520X,"---> 124932520X"
874, 1249325218,"---> 1249325218"
875, 1249325226,"---> 1249325226"
876, 1249325234,"---> 1249325234"
877, 1249325242,"Möglicherweise Dublette; 'TSL 'mitgerlu'' auch in PPN 1249325080","Satz gespeichert","---> 1249325242"
878, 1249325250,"---> 1249325250"
879, 1249325269,"Möglicherweise Dublette; 'TSL 'mitglu'' auch in PPN 1249325226","Satz gespeichert","---> 1249325269"
880, 1249325277,"---> 1249325277"
881, 1249325285,"---> 1249325285"
882, 1249325293,"---> 1249325293"
883, 1249325307,"---> 1249325307"
884, 1249325315,"---> 1249325315"
885, 1249325323,"Möglicherweise Dublette; 'TSL 'mitglu'' auch in PPN 1249325226","Satz gespeichert","---> 1249325323"
886, 1249325331,"---> 1249325331"
887, 124932534X,"---> 124932534X"
888, 1249325358,"Möglicherweise Dublette; 'TSL 'mitglu'' auch in PPN 1249325226","Satz gespeichert","---> 1249325358"
889, 1249325366,"---> 1249325366"
890, 1249325374,"---> 1249325374"
891, 1249325382,"---> 1249325382"
892, 1249325390,"---> 1249325390"
893, 1249325404,"---> 1249325404"
894, 1249325412,"---> 1249325412"
895, 1249325420,"---> 1249325420"
896, 1249325439,"Möglicherweise Dublette; 'TSL 'mitgmilu'' auch in PPN 1249325145","Satz gespeichert","---> 1249325439"
897, 1249325447,"---> 1249325447"
898, 1249325455,"---> 1249325455"
899, 1249325463,"---> 1249325463"
900, 1249325471,"Möglicherweise Dublette; 'TSL 'mitgdrkam'' auch in PPN 1249267889","Satz gespeichert","---> 1249325471"
901, 124932548X,"---> 124932548X"
902, 1249325498,"---> 1249325498"
903, 1249325501,"---> 1249325501"
904, 124932551X,"---> 124932551X"
905, 1249325528,"---> 1249325528"
906, 1249325536,"---> 1249325536"
907, 1249325544,"---> 1249325544"
908, 1249325552,"---> 1249325552"
909, 1249325560,"---> 1249325560"
910, 1249325579,"---> 1249325579"
911, 1249325587,"Möglicherweise Dublette; 'TSL 'mitgmasc'' auch in PPN 1249274575","Satz gespeichert","---> 1249325587"
912, 1249325595,"---> 1249325595"
913, 1249325609,"Möglicherweise Dublette; 'TSL 'mitginma'' auch in PPN 1249325498","Satz gespeichert","---> 1249325609"
914, 1249325617,"---> 1249325617"
915, 1249325625,"Möglicherweise Dublette; 'TSL 'mitgmabu'' auch in PPN 1249254167","Satz gespeichert","---> 1249325625"
916, 1249325633,"---> 1249325633"
917, 1249325641,"Möglicherweise Dublette; 'TSL 'mitgma'' auch in PPN 985719729","Satz gespeichert","---> 1249325641"
918, 124932565X,"---> 124932565X"
919, 1249325668,"---> 1249325668"
920, 1249325676,"Möglicherweise Dublette; 'TSL 'mitginma'' auch in PPN 1249325498","Satz gespeichert","---> 1249325676"
921, 1249325684,"Möglicherweise Dublette; 'TSL 'mitgalmaa'' auch in PPN 1249267846","Satz gespeichert","---> 1249325684"
922, 1249325692,"---> 1249325692"
923, 1249325706,"Möglicherweise Dublette; 'TSL 'mitgdrhem'' auch in PPN 1249268761","Satz gespeichert","---> 1249325706"
924, 1249325714,"---> 1249325714"
925, 1249325722,"---> 1249325722"
926, 1249325730,"---> 1249325730"
927, 1249325749,"---> 1249325749"
928, 1249325757,"---> 1249325757"
929, 1249325765,"Möglicherweise Dublette; 'TSL 'mitgma'' auch in PPN 985719729","Satz gespeichert","---> 1249325765"
930, 1249325773,"Möglicherweise Dublette; 'TSL 'mitgmamab'' auch in PPN 124932548X","Satz gespeichert","---> 1249325773"
931, 1249325781,"---> 1249325781"
932, 124932579X,"Möglicherweise Dublette; 'TSL 'mitgjoma'' auch in PPN 1249325501","Satz gespeichert","---> 124932579X"
933, 1249325803,"Möglicherweise Dublette; 'TSL 'mitgmabu'' auch in PPN 1249254167","Satz gespeichert","---> 1249325803"
934, 1249325811,"---> 1249325811"
935, 124932582X,"Möglicherweise Dublette; 'TSL 'mitgmave'' auch in PPN 1249325781","Satz gespeichert","---> 124932582X"
936, 1249325838,"---> 1249325838"
937, 1249325846,"---> 1249325846"
938, 1249325854,"---> 1249325854"
939, 1249325862,"---> 1249325862"
940, 1249325870,"---> 1249325870"
941, 1249325897,"---> 1249325897"
942, 1249325900,"Möglicherweise Dublette; 'TSL 'mitgkama'' auch in PPN 1249325714","Satz gespeichert","---> 1249325900"
943, 1249325919,"Möglicherweise Dublette; 'TSL 'mitgma'' auch in PPN 985719729","Satz gespeichert","---> 1249325919"
944, 1249325927,"Möglicherweise Dublette; 'TSL 'mitgmabum'' auch in PPN 1249325463","Satz gespeichert","---> 1249325927"
945, 1249325935,"---> 1249325935"
946, 1249325943,"---> 1249325943"
947, 1249325951,"---> 1249325951"
948, 124932596X,"Möglicherweise Dublette; 'TSL 'mitgjoma'' auch in PPN 1249325501","Satz gespeichert","---> 124932596X"
949, 1249325978,"Möglicherweise Dublette; 'TSL 'mitgmamu'' auch in PPN 1249325765","Satz gespeichert","---> 1249325978"
950, 1249325986,"Möglicherweise Dublette; 'TSL 'mitgjoma'' auch in PPN 1249325501","Satz gespeichert","---> 1249325986"
951, 1249325994,"Möglicherweise Dublette; 'TSL 'mitgmama'' auch in PPN 1249325773","Satz gespeichert","---> 1249325994"
952, 1249326001,"---> 1249326001"
953, 124932601X,"Möglicherweise Dublette; 'TSL 'mitgfrmab'' auch in PPN 1249267935","Satz gespeichert","---> 124932601X"
954, 1249326028,"---> 1249326028"
955, 1249326036,"---> 1249326036"
956, 1249326044,"---> 1249326044"
957, 1249326052,"---> 1249326052"
958, 1249326060,"---> 1249326060"
959, 1249326079,"Möglicherweise Dublette; 'TSL 'mitghema'' auch in PPN 1249325617","Satz gespeichert","---> 1249326079"
960, 1249326095,"Möglicherweise Dublette; 'TSL 'mitgchma'' auch in PPN 1249325854","Satz gespeichert","---> 1249326095"
961, 1249326109,"Möglicherweise Dublette; 'TSL 'mitgjoma'' auch in PPN 1249325501","Satz gespeichert","---> 1249326109"
962, 1249326117,"Möglicherweise Dublette; 'TSL 'mitggoma'' auch in PPN 1249325692","Satz gespeichert","---> 1249326117"
963, 1249326125,"---> 1249326125"
964, 1249326133,"Möglicherweise Dublette; 'TSL 'mitgwema'' auch in PPN 1249325730","Satz gespeichert","---> 1249326133"
965, 1249326141,"---> 1249326141"
966, 124932615X,"---> 124932615X"
967, 1249326168,"Möglicherweise Dublette; 'TSL 'mitgmabu'' auch in PPN 1249254167","Satz gespeichert","---> 1249326168"
968, 1249326176,"---> 1249326176"
969, 1249326184,"Möglicherweise Dublette; 'TSL 'mitghama'' auch in PPN 1249325668","Satz gespeichert","---> 1249326184"
970, 1249326192,"Möglicherweise Dublette; 'TSL 'mitgdima'' auch in PPN 1249297745","Satz gespeichert","---> 1249326192"
971, 1249326206,"Möglicherweise Dublette; 'TSL 'mitgkama'' auch in PPN 1249325714","Satz gespeichert","---> 1249326206"
972, 1249326214,"---> 1249326214"
973, 1249326222,"---> 1249326222"
974, 1249326230,"---> 1249326230"
975, 1249326249,"---> 1249326249"
976, 1249326257,"Möglicherweise Dublette; 'TSL 'mitgwema'' auch in PPN 1249325730","Satz gespeichert","---> 1249326257"
977, 1249326265,"---> 1249326265"
978, 124932629X,"---> 124932629X"
979, 1249326303,"Möglicherweise Dublette; 'TSL 'mitgdrgem'' auch in PPN 1249268133","Satz gespeichert","---> 1249326303"
980, 1249326311,"Möglicherweise Dublette; 'TSL 'mitgma'' auch in PPN 985719729","Satz gespeichert","---> 1249326311"
981, 124932632X,"Möglicherweise Dublette; 'TSL 'mitgma'' auch in PPN 985719729","Satz gespeichert","---> 124932632X"
982, 1249326338,"Möglicherweise Dublette; 'TSL 'mitgromas'' auch in PPN 124926779X","Satz gespeichert","---> 1249326338"
983, 1249326346,"Möglicherweise Dublette; 'TSL 'mitgchma'' auch in PPN 1249325854","Satz gespeichert","---> 1249326346"
984, 1249326354,"---> 1249326354"
985, 1249326362,"Möglicherweise Dublette; 'TSL 'mitgwoma'' auch in PPN 1249326052","Satz gespeichert","---> 1249326362"
986, 1249326370,"Möglicherweise Dublette; 'TSL 'mitgmama'' auch in PPN 1249325773","Satz gespeichert","---> 1249326370"
987, 1249326389,"---> 1249326389"
988, 1249326397,"---> 1249326397"
989, 1249326419,"Möglicherweise Dublette; 'TSL 'mitgmama'' auch in PPN 1249325773","Satz gespeichert","---> 1249326419"
990, 1249326427,"---> 1249326427"
991, 1249326435,"---> 1249326435"
992, 1249326443,"Möglicherweise Dublette; 'TSL 'mitgmabl'' auch in PPN 1249289750","Satz gespeichert","---> 1249326443"
993, 1249326451,"---> 1249326451"
994, 124932646X,"Möglicherweise Dublette; 'TSL 'mitginma'' auch in PPN 1249325498","Satz gespeichert","---> 124932646X"
995, 1249326478,"---> 1249326478"
996, 1249326486,"---> 1249326486"
997, 1249326494,"Möglicherweise Dublette; 'TSL 'mitghema'' auch in PPN 1249325617","Satz gespeichert","---> 1249326494"
998, 1249326508,"---> 1249326508"
999, 1249326516,"Möglicherweise Dublette; 'TSL 'mitgmave'' auch in PPN 1249325781","Satz gespeichert","---> 1249326516"
1000, 1249326524,"Möglicherweise Dublette; 'TSL 'mitgurma'' auch in PPN 1249325749","Satz gespeichert","---> 1249326524"
