1, 1249305543,"---> 1249305543"
2, 1249305551,"---> 1249305551"
3, 124930556X,"Möglicherweise Dublette; 'TSL 'mitgkage'' auch in PPN 1249304911","Satz gespeichert","---> 124930556X"
4, 1249305578,"---> 1249305578"
5, 1249305586,"Möglicherweise Dublette; 'TSL 'mitggele'' auch in PPN 1249305578","Satz gespeichert","---> 1249305586"
6, 1249305594,"---> 1249305594"
7, 1249305608,"---> 1249305608"
8, 1249305616,"---> 1249305616"
9, 1249305624,"---> 1249305624"
10, 1249305632,"---> 1249305632"
11, 1249305640,"---> 1249305640"
12, 1249305659,"---> 1249305659"
13, 1249305667,"Möglicherweise Dublette; 'TSL 'mitgge'' auch in PPN 952077264","Satz gespeichert","---> 1249305667"
14, 1249305675,"---> 1249305675"
15, 1249305683,"Möglicherweise Dublette; 'TSL 'mitggfgef'' auch in PPN 1249305675","Satz gespeichert","---> 1249305683"
16, 1249305691,"Möglicherweise Dublette; 'TSL 'mitggfgef'' auch in PPN 1249305675","Satz gespeichert","---> 1249305691"
17, 1249305705,"---> 1249305705"
18, 1249305713,"---> 1249305713"
19, 1249305721,"---> 1249305721"
20, 124930573X,"---> 124930573X"
21, 1249305756,"---> 1249305756"
22, 1249305764,"Möglicherweise Dublette; 'TSL 'mitgmigi'' auch in PPN 942863836","Satz gespeichert","---> 1249305764"
23, 1249305772,"---> 1249305772"
24, 1249305780,"---> 1249305780"
25, 1249305799,"---> 1249305799"
26, 1249305802,"Möglicherweise Dublette; 'TSL 'mitgmagi'' auch in PPN 1249305780","Satz gespeichert","---> 1249305802"
27, 1249305810,"Möglicherweise Dublette; 'TSL 'mitggi'' auch in PPN 1249305799","Satz gespeichert","---> 1249305810"
28, 1249305829,"---> 1249305829"
29, 1249305837,"---> 1249305837"
30, 1249305845,"---> 1249305845"
31, 1249305853,"---> 1249305853"
32, 1249305861,"Möglicherweise Dublette; 'TSL 'mitghegi'' auch in PPN 1249305853","Satz gespeichert","---> 1249305861"
33, 124930587X,"Möglicherweise Dublette; 'TSL 'mitggive'' auch in PPN 1249305799","Satz gespeichert","---> 124930587X"
34, 1249305888,"---> 1249305888"
35, 1249305896,"---> 1249305896"
36, 124930590X,"---> 124930590X"
37, 1249305918,"---> 1249305918"
38, 1249305926,"---> 1249305926"
39, 1249305934,"---> 1249305934"
40, 1249305942,"---> 1249305942"
41, 1249305950,"---> 1249305950"
42, 1249305969,"---> 1249305969"
43, 1249305977,"---> 1249305977"
44, 1249305985,"---> 1249305985"
45, 1249305993,"---> 1249305993"
46, 1249306000,"Möglicherweise Dublette; 'TSL 'mitghevog'' auch in PPN 1249304636","Satz gespeichert","---> 1249306000"
47, 1249306019,"---> 1249306019"
48, 1249306027,"---> 1249306027"
49, 1249306035,"---> 1249306035"
50, 1249306043,"Möglicherweise Dublette; 'TSL 'mitgglunl'' auch in PPN 1249306035","Satz gespeichert","---> 1249306043"
51, 1249306051,"---> 1249306051"
52, 124930606X,"Möglicherweise Dublette; 'TSL 'mitggegm'' auch in PPN 1249304989","Satz gespeichert","---> 124930606X"
53, 1249306078,"---> 1249306078"
54, 1249306086,"---> 1249306086"
55, 1249306094,"---> 1249306094"
56, 1249306108,"---> 1249306108"
57, 1249306116,"---> 1249306116"
58, 1249306124,"---> 1249306124"
59, 1249306132,"---> 1249306132"
60, 1249306140,"---> 1249306140"
61, 1249306159,"---> 1249306159"
62, 1249306167,"---> 1249306167"
63, 1249306175,"---> 1249306175"
64, 1249306183,"---> 1249306183"
65, 1249306191,"---> 1249306191"
66, 1249306205,"---> 1249306205"
67, 1249306213,"---> 1249306213"
68, 1249306221,"---> 1249306221"
69, 124930623X,"---> 124930623X"
70, 1249306248,"---> 1249306248"
71, 1249306256,"---> 1249306256"
72, 1249306272,"Möglicherweise Dublette; 'TSL 'mitgkago'' auch in PPN 1249306191","Satz gespeichert","---> 1249306272"
73, 1249306280,"---> 1249306280"
74, 1249306299,"Möglicherweise Dublette; 'TSL 'mitggobu'' auch in PPN 1249306280","Satz gespeichert","---> 1249306299"
75, 1249306302,"Möglicherweise Dublette; 'TSL 'mitggobu'' auch in PPN 1249306280","Satz gespeichert","---> 1249306302"
76, 1249306310,"Möglicherweise Dublette; 'TSL 'mitggo'' auch in PPN 1249306248","Satz gespeichert","---> 1249306310"
77, 1249306329,"---> 1249306329"
78, 1249306337,"---> 1249306337"
79, 1249306345,"Möglicherweise Dublette; 'TSL 'mitggo'' auch in PPN 1249306248","Satz gespeichert","---> 1249306345"
80, 1249306353,"Möglicherweise Dublette; 'TSL 'mitggove'' auch in PPN 1249306345","Satz gespeichert","---> 1249306353"
81, 1249306361,"Möglicherweise Dublette; 'TSL 'mitghavog'' auch in PPN 1249304466","Satz gespeichert","---> 1249306361"
82, 124930637X,"---> 124930637X"
83, 1249306388,"---> 1249306388"
84, 1249306396,"---> 1249306396"
85, 124930640X,"---> 124930640X"
86, 1249306418,"---> 1249306418"
87, 1249306426,"---> 1249306426"
88, 1249306434,"---> 1249306434"
89, 1249306442,"---> 1249306442"
90, 1249306450,"---> 1249306450"
91, 1249306469,"---> 1249306469"
92, 1249306477,"---> 1249306477"
93, 1249306485,"Möglicherweise Dublette; 'TSL 'mitgkago'' auch in PPN 1249306191","Satz gespeichert","---> 1249306485"
94, 1249306493,"---> 1249306493"
95, 1249306507,"---> 1249306507"
96, 1249306515,"---> 1249306515"
97, 1249306523,"Möglicherweise Dublette; 'TSL 'mitganu j'' auch in PPN 1249261406","Satz gespeichert","---> 1249306523"
98, 1249306531,"Möglicherweise Dublette; 'TSL 'mitgkagov'' auch in PPN 1249258537","Satz gespeichert","---> 1249306531"
99, 1249306558,"Möglicherweise Dublette; 'TSL 'mitggo'' auch in PPN 1249306248","Satz gespeichert","---> 1249306558"
100, 1249306566,"---> 1249306566"
101, 1249306574,"---> 1249306574"
102, 1249306582,"Möglicherweise Dublette; 'TSL 'mitghego'' auch in PPN 1249306205","Satz gespeichert","---> 1249306582"
103, 1249306590,"Möglicherweise Dublette; 'TSL 'mitgkugo'' auch in PPN 1249306396","Satz gespeichert","---> 1249306590"
104, 1249306604,"---> 1249306604"
105, 1249306612,"---> 1249306612"
106, 1249306620,"Möglicherweise Dublette; 'TSL 'mitgkago'' auch in PPN 1249306191","Satz gespeichert","---> 1249306620"
107, 1249306639,"---> 1249306639"
108, 1249306647,"---> 1249306647"
109, 1249306655,"---> 1249306655"
110, 1249306663,"---> 1249306663"
111, 1249306671,"---> 1249306671"
112, 124930668X,"---> 124930668X"
113, 1249306698,"---> 1249306698"
114, 1249306701,"Möglicherweise Dublette; 'TSL 'mitgdrheg'' auch in PPN 1249305888","Satz gespeichert","---> 1249306701"
115, 124930671X,"---> 124930671X"
116, 1249306728,"---> 1249306728"
117, 1249306736,"---> 1249306736"
118, 1249306744,"---> 1249306744"
119, 1249306752,"---> 1249306752"
120, 1249306760,"---> 1249306760"
121, 1249306779,"---> 1249306779"
122, 1249306787,"---> 1249306787"
123, 1249306795,"---> 1249306795"
124, 1249306809,"---> 1249306809"
125, 1249306817,"---> 1249306817"
126, 1249306825,"---> 1249306825"
127, 1249306833,"---> 1249306833"
128, 124930685X,"Möglicherweise Dublette; 'TSL 'mitgotgr'' auch in PPN 1249306744","Satz gespeichert","---> 124930685X"
129, 1249306868,"---> 1249306868"
130, 1249306876,"---> 1249306876"
131, 1249306884,"---> 1249306884"
132, 1249306892,"---> 1249306892"
133, 1249306914,"---> 1249306914"
134, 1249306922,"---> 1249306922"
135, 1249306930,"---> 1249306930"
136, 1249306949,"---> 1249306949"
137, 1249306965,"---> 1249306965"
138, 1249306973,"Möglicherweise Dublette; 'TSL 'mitggr'' auch in PPN 1249306949","Satz gespeichert","---> 1249306973"
139, 1249306981,"---> 1249306981"
140, 124930699X,"---> 124930699X"
141, 1249307007,"Möglicherweise Dublette; 'TSL 'mitgergr'' auch in PPN 1249306833","Satz gespeichert","---> 1249307007"
142, 1249307015,"---> 1249307015"
143, 1249307031,"---> 1249307031"
144, 124930704X,"Möglicherweise Dublette; 'TSL 'mitgergr'' auch in PPN 1249306833","Satz gespeichert","---> 124930704X"
145, 1249307058,"---> 1249307058"
146, 1249307066,"---> 1249307066"
147, 1249307074,"---> 1249307074"
148, 1249307082,"---> 1249307082"
149, 1249307090,"---> 1249307090"
150, 1249307104,"Möglicherweise Dublette; 'TSL 'mitggrve'' auch in PPN 1249306949","Satz gespeichert","---> 1249307104"
151, 1249307112,"Möglicherweise Dublette; 'TSL 'mitgdrmag'' auch in PPN 1249304709","Satz gespeichert","---> 1249307112"
152, 1249307120,"---> 1249307120"
153, 1249307139,"Möglicherweise Dublette; 'TSL 'mitgwagr'' auch in PPN 1249306884","Satz gespeichert","---> 1249307139"
154, 1249307147,"---> 1249307147"
155, 1249307155,"---> 1249307155"
156, 1249307163,"Möglicherweise Dublette; 'TSL 'mitggr'' auch in PPN 1249306949","Satz gespeichert","---> 1249307163"
157, 1249307171,"---> 1249307171"
158, 124930718X,"---> 124930718X"
159, 1249307198,"---> 1249307198"
160, 1249307201,"Möglicherweise Dublette; 'TSL 'mitgbrgr'' auch in PPN 1249306809","Satz gespeichert","---> 1249307201"
161, 124930721X,"Möglicherweise Dublette; 'TSL 'mitgsigr'' auch in PPN 1249307058","Satz gespeichert","---> 124930721X"
162, 1249307228,"---> 1249307228"
163, 1249307236,"Möglicherweise Dublette; 'TSL 'mitghajog'' auch in PPN 1249258510","Satz gespeichert","---> 1249307236"
164, 1249307244,"---> 1249307244"
165, 1249307252,"---> 1249307252"
166, 1249307260,"---> 1249307260"
167, 1249307279,"Möglicherweise Dublette; 'TSL 'mitgmagr'' auch in PPN 1249306922","Satz gespeichert","---> 1249307279"
168, 1249307287,"---> 1249307287"
169, 1249307295,"---> 1249307295"
170, 1249307309,"Möglicherweise Dublette; 'TSL 'mitggrve'' auch in PPN 1249306949","Satz gespeichert","---> 1249307309"
171, 1249307317,"---> 1249307317"
172, 1249307325,"Möglicherweise Dublette; 'TSL 'mitggr'' auch in PPN 1249306949","Satz gespeichert","---> 1249307325"
173, 1249307333,"Möglicherweise Dublette; 'TSL 'mitgjogr'' auch in PPN 1249307287","Satz gespeichert","---> 1249307333"
174, 1249307341,"Möglicherweise Dublette; 'TSL 'mitgmagr'' auch in PPN 1249306922","Satz gespeichert","---> 1249307341"
175, 124930735X,"---> 124930735X"
176, 1249307368,"---> 1249307368"
177, 1249307376,"Möglicherweise Dublette; 'TSL 'mitgdrebg'' auch in PPN 1249258820","Satz gespeichert","---> 1249307376"
178, 1249307384,"Möglicherweise Dublette; 'TSL 'mitggrbuu'' auch in PPN 1249307171","Satz gespeichert","---> 1249307384"
179, 1249307392,"---> 1249307392"
180, 1249307406,"Möglicherweise Dublette; 'TSL 'mitgkugrv'' auch in PPN 1249258898","Satz gespeichert","---> 1249307406"
181, 1249307414,"Möglicherweise Dublette; 'TSL 'mitgmagr'' auch in PPN 1249306922","Satz gespeichert","---> 1249307414"
182, 1249307422,"---> 1249307422"
183, 1249307449,"---> 1249307449"
184, 1249307457,"---> 1249307457"
185, 1249307465,"Möglicherweise Dublette; 'TSL 'mitgpegr'' auch in PPN 1249307155","Satz gespeichert","---> 1249307465"
186, 1249307473,"---> 1249307473"
187, 1249307481,"---> 1249307481"
188, 124930749X,"---> 124930749X"
189, 1249307503,"---> 1249307503"
190, 1249307511,"Möglicherweise Dublette; 'TSL 'mitggr'' auch in PPN 1249306949","Satz gespeichert","---> 1249307511"
191, 124930752X,"---> 124930752X"
192, 1249307538,"---> 1249307538"
193, 1249307546,"---> 1249307546"
194, 1249307554,"Möglicherweise Dublette; 'TSL 'mitghagr'' auch in PPN 1249307236","Satz gespeichert","---> 1249307554"
195, 1249307562,"Möglicherweise Dublette; 'TSL 'mitgalgr'' auch in PPN 1249307031","Satz gespeichert","---> 1249307562"
196, 1249307570,"Möglicherweise Dublette; 'TSL 'mitghegr'' auch in PPN 1249306876","Satz gespeichert","---> 1249307570"
197, 1249307589,"---> 1249307589"
198, 1249307597,"---> 1249307597"
199, 1249307600,"---> 1249307600"
200, 1249307619,"Möglicherweise Dublette; 'TSL 'mitghigr'' auch in PPN 1249307392","Satz gespeichert","---> 1249307619"
201, 1249307627,"---> 1249307627"
202, 1249307635,"Möglicherweise Dublette; 'TSL 'mitghagr'' auch in PPN 1249307236","Satz gespeichert","---> 1249307635"
203, 1249307643,"---> 1249307643"
204, 1249307651,"---> 1249307651"
205, 124930766X,"Möglicherweise Dublette; 'TSL 'mitghegr'' auch in PPN 1249306876","Satz gespeichert","---> 124930766X"
206, 1249307678,"Möglicherweise Dublette; 'TSL 'mitgmagr'' auch in PPN 1249306922","Satz gespeichert","---> 1249307678"
207, 1249307686,"---> 1249307686"
208, 1249307694,"Möglicherweise Dublette; 'TSL 'mitgmagr'' auch in PPN 1249306922","Satz gespeichert","---> 1249307694"
209, 1249307708,"Möglicherweise Dublette; 'TSL 'mitgwegr'' auch in PPN 1249306736","Satz gespeichert","---> 1249307708"
210, 1249307716,"---> 1249307716"
211, 1249307724,"Möglicherweise Dublette; 'TSL 'mitgkagr'' auch in PPN 1249306965","Satz gespeichert","---> 1249307724"
212, 1249307732,"Möglicherweise Dublette; 'TSL 'mitghegr'' auch in PPN 1249306876","Satz gespeichert","---> 1249307732"
213, 1249307740,"Möglicherweise Dublette; 'TSL 'mitgjogr'' auch in PPN 1249307287","Satz gespeichert","---> 1249307740"
214, 1249307759,"Möglicherweise Dublette; 'TSL 'mitghegr'' auch in PPN 1249306876","Satz gespeichert","---> 1249307759"
215, 1249307767,"---> 1249307767"
216, 1249307775,"---> 1249307775"
217, 1249307783,"---> 1249307783"
218, 1249307791,"---> 1249307791"
219, 1249307805,"Möglicherweise Dublette; 'TSL 'mitggu'' auch in PPN 1152039563","Satz gespeichert","---> 1249307805"
220, 1249307813,"Möglicherweise Dublette; 'TSL 'mitggusc'' auch in PPN 1249307805","Satz gespeichert","---> 1249307813"
221, 1249307821,"---> 1249307821"
222, 1249307848,"---> 1249307848"
223, 1249307856,"---> 1249307856"
224, 1249307872,"---> 1249307872"
225, 1249307880,"---> 1249307880"
226, 1249307899,"---> 1249307899"
227, 1249307902,"Möglicherweise Dublette; 'TSL 'mitghegu'' auch in PPN 1249307783","Satz gespeichert","---> 1249307902"
228, 1249307910,"---> 1249307910"
229, 1249307929,"---> 1249307929"
230, 1249307937,"Möglicherweise Dublette; 'TSL 'mitgdralg'' auch in PPN 1249307082","Satz gespeichert","---> 1249307937"
231, 1249307945,"Möglicherweise Dublette; 'TSL 'mitghegu'' auch in PPN 1249307783","Satz gespeichert","---> 1249307945"
232, 1249307953,"---> 1249307953"
233, 1249307961,"---> 1249307961"
234, 124930797X,"---> 124930797X"
235, 1249307988,"---> 1249307988"
236, 1249307996,"---> 1249307996"
237, 1249308003,"---> 1249308003"
238, 1249308011,"---> 1249308011"
239, 124930802X,"Möglicherweise Dublette; 'TSL 'mitgkagu'' auch in PPN 1249307899","Satz gespeichert","---> 124930802X"
240, 1249308038,"Möglicherweise Dublette; 'TSL 'mitgmagu'' auch in PPN 1249307880","Satz gespeichert","---> 1249308038"
241, 1249308046,"Möglicherweise Dublette; 'TSL 'mitgbugu'' auch in PPN 1249293170","Satz gespeichert","---> 1249308046"
242, 1249308054,"---> 1249308054"
243, 1249308062,"Möglicherweise Dublette; 'TSL 'mitgfrgu'' auch in PPN 1249307821","Satz gespeichert","---> 1249308062"
244, 1249308070,"Möglicherweise Dublette; 'TSL 'mitgkagu'' auch in PPN 1249307899","Satz gespeichert","---> 1249308070"
245, 1249308089,"Möglicherweise Dublette; 'TSL 'mitgfrgu'' auch in PPN 1249307821","Satz gespeichert","---> 1249308089"
246, 1249308097,"---> 1249308097"
247, 1249308100,"---> 1249308100"
248, 1249308119,"---> 1249308119"
249, 1249308127,"---> 1249308127"
250, 1249308135,"---> 1249308135"
251, 1249308143,"---> 1249308143"
252, 124930816X,"---> 124930816X"
253, 1249308178,"---> 1249308178"
254, 1249308186,"Möglicherweise Dublette; 'TSL 'mitgheweh'' auch in PPN 1249280087","Satz gespeichert","---> 1249308186"
255, 1249308194,"---> 1249308194"
256, 1249308208,"---> 1249308208"
257, 1249308216,"---> 1249308216"
258, 1249308224,"---> 1249308224"
259, 1249308232,"---> 1249308232"
260, 1249308240,"Möglicherweise Dublette; 'TSL 'mitgjoha'' auch in PPN 1249308232","Satz gespeichert","---> 1249308240"
261, 1249308259,"---> 1249308259"
262, 1249308267,"Möglicherweise Dublette; 'TSL 'mitggeha'' auch in PPN 1249259312","Satz gespeichert","---> 1249308267"
263, 1249308275,"Möglicherweise Dublette; 'TSL 'mitgheha'' auch in PPN 1249308194","Satz gespeichert","---> 1249308275"
264, 1249308283,"---> 1249308283"
265, 1249308291,"---> 1249308291"
266, 1249308305,"---> 1249308305"
267, 1249308313,"---> 1249308313"
268, 1249308321,"Möglicherweise Dublette; 'TSL 'mitgheha'' auch in PPN 1249308194","Satz gespeichert","---> 1249308321"
269, 124930833X,"---> 124930833X"
270, 1249308348,"Möglicherweise Dublette; 'TSL 'mitgsiha'' auch in PPN 124930833X","Satz gespeichert","---> 1249308348"
271, 1249308356,"---> 1249308356"
272, 1249308364,"---> 1249308364"
273, 1249308372,"Möglicherweise Dublette; 'TSL 'mitgjoheh'' auch in PPN 1249260493","Satz gespeichert","---> 1249308372"
274, 1249308380,"---> 1249308380"
275, 1249308399,"---> 1249308399"
276, 1249308410,"---> 1249308410"
277, 1249308429,"Möglicherweise Dublette; 'TSL 'mitggeha'' auch in PPN 1249259312","Satz gespeichert","---> 1249308429"
278, 1249308437,"---> 1249308437"
279, 1249308445,"---> 1249308445"
280, 1249308453,"Möglicherweise Dublette; 'TSL 'mitgweha'' auch in PPN 1249308356","Satz gespeichert","---> 1249308453"
281, 1249308461,"---> 1249308461"
282, 124930847X,"---> 124930847X"
283, 1249308488,"---> 1249308488"
284, 1249308496,"---> 1249308496"
285, 124930850X,"---> 124930850X"
286, 1249308518,"Möglicherweise Dublette; 'TSL 'mitginha'' auch in PPN 1160367531","Satz gespeichert","---> 1249308518"
287, 1249308526,"Möglicherweise Dublette; 'TSL 'mitgerha'' auch in PPN 1249308283","Satz gespeichert","---> 1249308526"
288, 1249308534,"---> 1249308534"
289, 1249308542,"---> 1249308542"
290, 1249308550,"Möglicherweise Dublette; 'TSL 'mitgpaha'' auch in PPN 1249308119","Satz gespeichert","---> 1249308550"
291, 1249308569,"Möglicherweise Dublette; 'TSL 'mitgpaha'' auch in PPN 1249308119","Satz gespeichert","---> 1249308569"
292, 1249308577,"---> 1249308577"
293, 1249308585,"Möglicherweise Dublette; 'TSL 'mitgerha'' auch in PPN 1249308283","Satz gespeichert","---> 1249308585"
294, 1249308593,"Möglicherweise Dublette; 'TSL 'mitghaha'' auch in PPN 1249308410","Satz gespeichert","---> 1249308593"
295, 1249308607,"---> 1249308607"
296, 1249308615,"---> 1249308615"
297, 1249308623,"---> 1249308623"
298, 1249308631,"---> 1249308631"
299, 124930864X,"Möglicherweise Dublette; 'TSL 'mitgjuha'' auch in PPN 124930850X","Satz gespeichert","---> 124930864X"
300, 1249308658,"Möglicherweise Dublette; 'TSL 'mitgmaha'' auch in PPN 1249308259","Satz gespeichert","---> 1249308658"
301, 1249308666,"---> 1249308666"
302, 1249308674,"---> 1249308674"
303, 1249308682,"Möglicherweise Dublette; 'TSL 'mitgwaha'' auch in PPN 1249308445","Satz gespeichert","---> 1249308682"
304, 1249308690,"---> 1249308690"
305, 1249308704,"---> 1249308704"
306, 1249308712,"---> 1249308712"
307, 1249308720,"---> 1249308720"
308, 1249308739,"---> 1249308739"
309, 1249308747,"---> 1249308747"
310, 1249308755,"Möglicherweise Dublette; 'TSL 'mitgdiha'' auch in PPN 1249308720","Satz gespeichert","---> 1249308755"
311, 1249308763,"Möglicherweise Dublette; 'TSL 'mitgmaha'' auch in PPN 1249308259","Satz gespeichert","---> 1249308763"
312, 1249308771,"Möglicherweise Dublette; 'TSL 'mitgruha'' auch in PPN 1249308208","Satz gespeichert","---> 1249308771"
313, 124930878X,"Möglicherweise Dublette; 'TSL 'mitgwiha'' auch in PPN 1249308542","Satz gespeichert","---> 124930878X"
314, 1249308801,"Möglicherweise Dublette; 'TSL 'mitgpeha'' auch in PPN 1249308739","Satz gespeichert","---> 1249308801"
315, 124930881X,"Möglicherweise Dublette; 'TSL 'mitgjuha'' auch in PPN 124930850X","Satz gespeichert","---> 124930881X"
316, 1249308828,"---> 1249308828"
317, 1249308836,"Möglicherweise Dublette; 'TSL 'mitgpeha'' auch in PPN 1249308739","Satz gespeichert","---> 1249308836"
318, 1249308844,"---> 1249308844"
319, 1249308852,"---> 1249308852"
320, 1249308860,"---> 1249308860"
321, 1249308879,"Möglicherweise Dublette; 'TSL 'mitgruha'' auch in PPN 1249308208","Satz gespeichert","---> 1249308879"
322, 1249308887,"Möglicherweise Dublette; 'TSL 'mitghabu'' auch in PPN 1249308690","Satz gespeichert","---> 1249308887"
323, 1249308895,"---> 1249308895"
324, 1249308909,"Möglicherweise Dublette; 'TSL 'mitgroha'' auch in PPN 1249308747","Satz gespeichert","---> 1249308909"
325, 1249308917,"---> 1249308917"
326, 1249308925,"Möglicherweise Dublette; 'TSL 'mitgwaha'' auch in PPN 1249308445","Satz gespeichert","---> 1249308925"
327, 1249308933,"---> 1249308933"
328, 1249308941,"---> 1249308941"
329, 124930895X,"Möglicherweise Dublette; 'TSL 'mitgerha'' auch in PPN 1249308283","Satz gespeichert","---> 124930895X"
330, 1249308968,"Möglicherweise Dublette; 'TSL 'mitgwiha'' auch in PPN 1249308542","Satz gespeichert","---> 1249308968"
331, 1249308984,"Möglicherweise Dublette; 'TSL 'mitgjuha'' auch in PPN 124930850X","Satz gespeichert","---> 1249308984"
332, 1249308992,"Möglicherweise Dublette; 'TSL 'mitgmaha'' auch in PPN 1249308259","Satz gespeichert","---> 1249308992"
333, 124930900X,"Möglicherweise Dublette; 'TSL 'mitghoha'' auch in PPN 1249308933","Satz gespeichert","---> 124930900X"
334, 1249309018,"---> 1249309018"
335, 1249309026,"---> 1249309026"
336, 1249309042,"---> 1249309042"
337, 1249309050,"Möglicherweise Dublette; 'TSL 'mitgfrha'' auch in PPN 1249308852","Satz gespeichert","---> 1249309050"
338, 1249309069,"Möglicherweise Dublette; 'TSL 'mitgwaha'' auch in PPN 1249308445","Satz gespeichert","---> 1249309069"
339, 1249309077,"Möglicherweise Dublette; 'TSL 'mitgwiha'' auch in PPN 1249308542","Satz gespeichert","---> 1249309077"
340, 1249309093,"Möglicherweise Dublette; 'TSL 'mitgalha'' auch in PPN 1249308127","Satz gespeichert","---> 1249309093"
341, 1249309107,"Möglicherweise Dublette; 'TSL 'mitgmaha'' auch in PPN 1249308259","Satz gespeichert","---> 1249309107"
342, 1249309115,"---> 1249309115"
343, 1249309123,"Möglicherweise Dublette; 'TSL 'mitgheha'' auch in PPN 1249308194","Satz gespeichert","---> 1249309123"
344, 1249309131,"Möglicherweise Dublette; 'TSL 'mitghoha'' auch in PPN 1249308933","Satz gespeichert","---> 1249309131"
345, 124930914X,"Möglicherweise Dublette; 'TSL 'mitgbuha'' auch in PPN 1249293197","Satz gespeichert","---> 124930914X"
346, 1249309158,"---> 1249309158"
347, 1249309166,"---> 1249309166"
348, 1249309174,"Möglicherweise Dublette; 'TSL 'mitghajoh'' auch in PPN 1249260469","Satz gespeichert","---> 1249309174"
349, 1249309182,"---> 1249309182"
350, 1249309190,"Möglicherweise Dublette; 'TSL 'mitgmaha'' auch in PPN 1249308259","Satz gespeichert","---> 1249309190"
351, 1249309204,"---> 1249309204"
352, 1249309212,"Möglicherweise Dublette; 'TSL 'mitghave'' auch in PPN 1249308224","Satz gespeichert","---> 1249309212"
353, 1249309220,"Möglicherweise Dublette; 'TSL 'mitgpeha'' auch in PPN 1249308739","Satz gespeichert","---> 1249309220"
354, 1249309239,"Möglicherweise Dublette; 'TSL 'mitgjuha'' auch in PPN 124930850X","Satz gespeichert","---> 1249309239"
355, 1249309247,"Möglicherweise Dublette; 'TSL 'mitganu h'' auch in PPN 1249300517","Satz gespeichert","---> 1249309247"
356, 1249309255,"Möglicherweise Dublette; 'TSL 'mitgheha'' auch in PPN 1249308194","Satz gespeichert","---> 1249309255"
357, 1249309263,"---> 1249309263"
358, 1249309271,"---> 1249309271"
359, 124930928X,"Möglicherweise Dublette; 'TSL 'mitgruha'' auch in PPN 1249308208","Satz gespeichert","---> 124930928X"
360, 1249309298,"---> 1249309298"
361, 1249309301,"Möglicherweise Dublette; 'TSL 'mitgwiha'' auch in PPN 1249308542","Satz gespeichert","---> 1249309301"
362, 124930931X,"---> 124930931X"
363, 1249309328,"---> 1249309328"
364, 1249309336,"Möglicherweise Dublette; 'TSL 'mitgedha'' auch in PPN 1249308313","Satz gespeichert","---> 1249309336"
365, 1249309344,"Möglicherweise Dublette; 'TSL 'mitgbuha'' auch in PPN 1249293197","Satz gespeichert","---> 1249309344"
366, 1249309352,"---> 1249309352"
367, 1249309360,"Möglicherweise Dublette; 'TSL 'mitgjoha'' auch in PPN 1249308232","Satz gespeichert","---> 1249309360"
368, 1249309379,"---> 1249309379"
369, 1249309387,"---> 1249309387"
370, 1249309395,"---> 1249309395"
371, 1249309409,"Möglicherweise Dublette; 'TSL 'mitghaha'' auch in PPN 1249308410","Satz gespeichert","---> 1249309409"
372, 1249309417,"Möglicherweise Dublette; 'TSL 'mitgheha'' auch in PPN 1249308194","Satz gespeichert","---> 1249309417"
373, 1249309425,"---> 1249309425"
374, 1249309433,"---> 1249309433"
375, 1249309441,"Möglicherweise Dublette; 'TSL 'mitggeha'' auch in PPN 1249259312","Satz gespeichert","---> 1249309441"
376, 124930945X,"Möglicherweise Dublette; 'TSL 'mitgguha'' auch in PPN 1249308178","Satz gespeichert","---> 124930945X"
377, 1249309468,"Möglicherweise Dublette; 'TSL 'mitgheha'' auch in PPN 1249308194","Satz gespeichert","---> 1249309468"
378, 1249309476,"---> 1249309476"
379, 1249309484,"Möglicherweise Dublette; 'TSL 'mitgkaha'' auch in PPN 1249309476","Satz gespeichert","---> 1249309484"
380, 1249309506,"---> 1249309506"
381, 1249309514,"Möglicherweise Dublette; 'TSL 'mitgmaha'' auch in PPN 1249308259","Satz gespeichert","---> 1249309514"
382, 1249309522,"---> 1249309522"
383, 1249309530,"Möglicherweise Dublette; 'TSL 'mitgwoha'' auch in PPN 1249308461","Satz gespeichert","---> 1249309530"
384, 1249309549,"Möglicherweise Dublette; 'TSL 'mitgha'' auch in PPN 023289775","Satz gespeichert","---> 1249309549"
385, 1249309557,"Möglicherweise Dublette; 'TSL 'mitghave'' auch in PPN 1249308224","Satz gespeichert","---> 1249309557"
386, 1249309565,"Möglicherweise Dublette; 'TSL 'mitgluha'' auch in PPN 1249309298","Satz gespeichert","---> 1249309565"
387, 1249309573,"---> 1249309573"
388, 1249309581,"---> 1249309581"
389, 124930959X,"Möglicherweise Dublette; 'TSL 'mitgsiha'' auch in PPN 124930833X","Satz gespeichert","---> 124930959X"
390, 1249309603,"---> 1249309603"
391, 1249309611,"---> 1249309611"
392, 124930962X,"Möglicherweise Dublette; 'TSL 'mitgelha'' auch in PPN 1249309328","Satz gespeichert","---> 124930962X"
393, 1249309638,"Möglicherweise Dublette; 'TSL 'mitgbeha'' auch in PPN 019667701","Satz gespeichert","---> 1249309638"
394, 1249309646,"Möglicherweise Dublette; 'TSL 'mitghaheh'' auch in PPN 1249260469","Satz gespeichert","---> 1249309646"
395, 1249309654,"---> 1249309654"
396, 1249309662,"Möglicherweise Dublette; 'TSL 'mitgwiha'' auch in PPN 1249308542","Satz gespeichert","---> 1249309662"
397, 1249309670,"Möglicherweise Dublette; 'TSL 'mitghave'' auch in PPN 1249308224","Satz gespeichert","---> 1249309670"
398, 1249309689,"Möglicherweise Dublette; 'TSL 'mitgfrha'' auch in PPN 1249308852","Satz gespeichert","---> 1249309689"
399, 1249309697,"Möglicherweise Dublette; 'TSL 'mitghasp'' auch in PPN 1249309352","Satz gespeichert","---> 1249309697"
400, 1249309700,"---> 1249309700"
401, 1249309719,"Möglicherweise Dublette; 'TSL 'mitgmaunh'' auch in PPN 1024796876","Satz gespeichert","---> 1249309719"
402, 1249309727,"Möglicherweise Dublette; 'TSL 'mitgruha'' auch in PPN 1249308208","Satz gespeichert","---> 1249309727"
403, 1249309735,"Möglicherweise Dublette; 'TSL 'mitgfrha'' auch in PPN 1249308852","Satz gespeichert","---> 1249309735"
404, 1249309743,"---> 1249309743"
405, 1249309751,"---> 1249309751"
406, 124930976X,"---> 124930976X"
407, 1249309778,"---> 1249309778"
408, 1249309786,"Möglicherweise Dublette; 'TSL 'mitgsiha'' auch in PPN 124930833X","Satz gespeichert","---> 1249309786"
409, 1249309794,"---> 1249309794"
410, 1249309808,"---> 1249309808"
411, 1249309816,"---> 1249309816"
412, 1249309824,"---> 1249309824"
413, 1249309832,"Möglicherweise Dublette; 'TSL 'mitgevha'' auch in PPN 1249308631","Satz gespeichert","---> 1249309832"
414, 1249309840,"Möglicherweise Dublette; 'TSL 'mitghoha'' auch in PPN 1249308933","Satz gespeichert","---> 1249309840"
415, 1249309859,"---> 1249309859"
416, 1249309867,"Möglicherweise Dublette; 'TSL 'mitgmaha'' auch in PPN 1249308259","Satz gespeichert","---> 1249309867"
417, 1249309875,"Möglicherweise Dublette; 'TSL 'mitgruha'' auch in PPN 1249308208","Satz gespeichert","---> 1249309875"
418, 1249309883,"Möglicherweise Dublette; 'TSL 'mitgweha'' auch in PPN 1249308356","Satz gespeichert","---> 1249309883"
419, 1249309891,"---> 1249309891"
420, 1249309905,"Möglicherweise Dublette; 'TSL 'mitghaha'' auch in PPN 1249308410","Satz gespeichert","---> 1249309905"
421, 1249309913,"---> 1249309913"
422, 1249309921,"Möglicherweise Dublette; 'TSL 'mitgha'' auch in PPN 023289775","Satz gespeichert","---> 1249309921"
423, 124930993X,"Möglicherweise Dublette; 'TSL 'mitghave'' auch in PPN 1249308224","Satz gespeichert","---> 124930993X"
424, 1249309948,"---> 1249309948"
425, 1249309956,"---> 1249309956"
426, 1249309964,"---> 1249309964"
427, 1249309972,"---> 1249309972"
428, 1249309980,"---> 1249309980"
429, 1249309999,"Möglicherweise Dublette; 'TSL 'mitghe'' auch in PPN 948319895","Satz gespeichert","---> 1249309999"
430, 1249310016,"---> 1249310016"
431, 1249310032,"---> 1249310032"
432, 1249310040,"Möglicherweise Dublette; 'TSL 'mitganhe'' auch in PPN 1249309964","Satz gespeichert","---> 1249310040"
433, 1249310059,"---> 1249310059"
434, 1249310067,"---> 1249310067"
435, 1249310075,"---> 1249310075"
436, 1249310083,"Möglicherweise Dublette; 'TSL 'mitgmahe'' auch in PPN 1249310075","Satz gespeichert","---> 1249310083"
437, 1249310091,"---> 1249310091"
438, 1249310105,"Möglicherweise Dublette; 'TSL 'mitghe'' auch in PPN 948319895","Satz gespeichert","---> 1249310105"
439, 1249310113,"---> 1249310113"
440, 1249310121,"---> 1249310121"
441, 124931013X,"---> 124931013X"
442, 1249310148,"---> 1249310148"
443, 1249310156,"Möglicherweise Dublette; 'TSL 'mitgalhe'' auch in PPN 124931013X","Satz gespeichert","---> 1249310156"
444, 1249310164,"---> 1249310164"
445, 1249310172,"---> 1249310172"
446, 1249310180,"---> 1249310180"
447, 1249310199,"Möglicherweise Dublette; 'TSL 'mitgwehe'' auch in PPN 1249310164","Satz gespeichert","---> 1249310199"
448, 1249310202,"Möglicherweise Dublette; 'TSL 'mitghe'' auch in PPN 948319895","Satz gespeichert","---> 1249310202"
449, 1249310210,"---> 1249310210"
450, 1249310229,"---> 1249310229"
451, 1249310237,"Möglicherweise Dublette; 'TSL 'mitghe'' auch in PPN 948319895","Satz gespeichert","---> 1249310237"
452, 1249310245,"Möglicherweise Dublette; 'TSL 'mitghajoh'' auch in PPN 1249260469","Satz gespeichert","---> 1249310245"
453, 1249310253,"Möglicherweise Dublette; 'TSL 'mitgerhev'' auch in PPN 1249260825","Satz gespeichert","---> 1249310253"
454, 1249310261,"---> 1249310261"
455, 124931027X,"---> 124931027X"
456, 1249310288,"---> 1249310288"
457, 1249310296,"---> 1249310296"
458, 124931030X,"Möglicherweise Dublette; 'TSL 'mitgalhe'' auch in PPN 124931013X","Satz gespeichert","---> 124931030X"
459, 1249310318,"---> 1249310318"
460, 1249310326,"---> 1249310326"
461, 1249310334,"---> 1249310334"
462, 1249310342,"---> 1249310342"
463, 1249310350,"---> 1249310350"
464, 1249310369,"---> 1249310369"
465, 1249310377,"---> 1249310377"
466, 1249310385,"Möglicherweise Dublette; 'TSL 'mitgheheb'' auch in PPN 1249260221","Satz gespeichert","---> 1249310385"
467, 1249310393,"Möglicherweise Dublette; 'TSL 'mitghe'' auch in PPN 948319895","Satz gespeichert","---> 1249310393"
468, 1249310407,"Möglicherweise Dublette; 'TSL 'mitgrehe'' auch in PPN 1249310059","Satz gespeichert","---> 1249310407"
469, 1249310415,"---> 1249310415"
470, 1249310423,"Möglicherweise Dublette; 'TSL 'mitgheve'' auch in PPN 1249309999","Satz gespeichert","---> 1249310423"
471, 1249310431,"---> 1249310431"
472, 124931044X,"---> 124931044X"
473, 1249310458,"---> 1249310458"
474, 1249310466,"Möglicherweise Dublette; 'TSL 'mitggehe'' auch in PPN 1249310210","Satz gespeichert","---> 1249310466"
475, 1249310474,"Möglicherweise Dublette; 'TSL 'mitgrehe'' auch in PPN 1249310059","Satz gespeichert","---> 1249310474"
476, 1249310482,"Möglicherweise Dublette; 'TSL 'mitgchhe'' auch in PPN 1249294800","Satz gespeichert","---> 1249310482"
477, 1249310490,"---> 1249310490"
478, 1249310539,"---> 1249310539"
479, 1249310547,"---> 1249310547"
480, 1249310555,"Möglicherweise Dublette; 'TSL 'mitgdrerh'' auch in PPN 1249259940","Satz gespeichert","---> 1249310555"
481, 1249310563,"---> 1249310563"
482, 1249310571,"Möglicherweise Dublette; 'TSL 'mitgirhe'' auch in PPN 1249310180","Satz gespeichert","---> 1249310571"
483, 124931058X,"Möglicherweise Dublette; 'TSL 'mitgalhe'' auch in PPN 124931013X","Satz gespeichert","---> 124931058X"
484, 1249310598,"Möglicherweise Dublette; 'TSL 'mitgerhev'' auch in PPN 1249260825","Satz gespeichert","---> 1249310598"
485, 1249310601,"---> 1249310601"
486, 124931061X,"Möglicherweise Dublette; 'TSL 'mitgsahe'' auch in PPN 1249310431","Satz gespeichert","---> 124931061X"
487, 1249310628,"---> 1249310628"
488, 1249310636,"---> 1249310636"
489, 1249310644,"---> 1249310644"
490, 1249310660,"Möglicherweise Dublette; 'TSL 'mitghe'' auch in PPN 948319895","Satz gespeichert","---> 1249310660"
491, 1249310679,"---> 1249310679"
492, 1249310687,"Möglicherweise Dublette; 'TSL 'mitgheve'' auch in PPN 1249309999","Satz gespeichert","---> 1249310687"
493, 1249310695,"---> 1249310695"
494, 1249310709,"---> 1249310709"
495, 1249310717,"Möglicherweise Dublette; 'TSL 'mitgalhe'' auch in PPN 124931013X","Satz gespeichert","---> 1249310717"
496, 1249310725,"---> 1249310725"
497, 1249310733,"---> 1249310733"
498, 1249310741,"---> 1249310741"
499, 1249310768,"---> 1249310768"
500, 1249310776,"Möglicherweise Dublette; 'TSL 'mitgwohe'' auch in PPN 1249310288","Satz gespeichert","---> 1249310776"
501, 1249310792,"---> 1249310792"
502, 1249310806,"---> 1249310806"
503, 1249310814,"---> 1249310814"
504, 1249310822,"Möglicherweise Dublette; 'TSL 'mitgheve'' auch in PPN 1249309999","Satz gespeichert","---> 1249310822"
505, 1249310830,"Möglicherweise Dublette; 'TSL 'mitgsohe'' auch in PPN 1249310342","Satz gespeichert","---> 1249310830"
506, 1249310849,"---> 1249310849"
507, 1249310857,"---> 1249310857"
508, 1249310865,"Möglicherweise Dublette; 'TSL 'mitgthhe'' auch in PPN 1249310709","Satz gespeichert","---> 1249310865"
509, 1249310873,"Möglicherweise Dublette; 'TSL 'mitghehe'' auch in PPN 1249310539","Satz gespeichert","---> 1249310873"
510, 1249310881,"---> 1249310881"
511, 124931089X,"---> 124931089X"
512, 1249310903,"---> 1249310903"
513, 1249310911,"Möglicherweise Dublette; 'TSL 'mitghahe'' auch in PPN 1249310377","Satz gespeichert","---> 1249310911"
514, 124931092X,"Möglicherweise Dublette; 'TSL 'mitgjohe'' auch in PPN 1249310458","Satz gespeichert","---> 124931092X"
515, 1249310938,"---> 1249310938"
516, 1249310946,"Möglicherweise Dublette; 'TSL 'mitgalhev'' auch in PPN 1249284716","Satz gespeichert","---> 1249310946"
517, 1249310954,"---> 1249310954"
518, 1249310962,"---> 1249310962"
519, 1249310970,"---> 1249310970"
520, 1249310989,"---> 1249310989"
521, 1249310997,"---> 1249310997"
522, 1249311004,"Möglicherweise Dublette; 'TSL 'mitgfrhe'' auch in PPN 124930296X","Satz gespeichert","---> 1249311004"
523, 1249311012,"Möglicherweise Dublette; 'TSL 'mitgthhe'' auch in PPN 1249310709","Satz gespeichert","---> 1249311012"
524, 1249311020,"---> 1249311020"
525, 1249311039,"Möglicherweise Dublette; 'TSL 'mitgulhe'' auch in PPN 1249310741","Satz gespeichert","---> 1249311039"
526, 1249311047,"Möglicherweise Dublette; 'TSL 'mitganhe'' auch in PPN 1249309964","Satz gespeichert","---> 1249311047"
527, 1249311055,"Möglicherweise Dublette; 'TSL 'mitgjohe'' auch in PPN 1249310458","Satz gespeichert","---> 1249311055"
528, 1249311063,"---> 1249311063"
529, 1249311071,"---> 1249311071"
530, 124931108X,"Möglicherweise Dublette; 'TSL 'mitghe'' auch in PPN 948319895","Satz gespeichert","---> 124931108X"
531, 1249311098,"Möglicherweise Dublette; 'TSL 'mitghero'' auch in PPN 1249273226","Satz gespeichert","---> 1249311098"
532, 1249311101,"Möglicherweise Dublette; 'TSL 'mitgkaheh'' auch in PPN 1249261384","Satz gespeichert","---> 1249311101"
533, 124931111X,"Möglicherweise Dublette; 'TSL 'mitgfrhe'' auch in PPN 124930296X","Satz gespeichert","---> 124931111X"
534, 1249311128,"Möglicherweise Dublette; 'TSL 'mitgmahe'' auch in PPN 1249310075","Satz gespeichert","---> 1249311128"
535, 1249311136,"---> 1249311136"
536, 1249311144,"---> 1249311144"
537, 1249311160,"Möglicherweise Dublette; 'TSL 'mitgfrhe'' auch in PPN 124930296X","Satz gespeichert","---> 1249311160"
538, 1249311179,"---> 1249311179"
539, 1249311187,"---> 1249311187"
540, 1249311195,"---> 1249311195"
541, 1249311209,"Möglicherweise Dublette; 'TSL 'mitgalhe'' auch in PPN 124931013X","Satz gespeichert","---> 1249311209"
542, 1249311217,"Möglicherweise Dublette; 'TSL 'mitggehe'' auch in PPN 1249310210","Satz gespeichert","---> 1249311217"
543, 1249311225,"Möglicherweise Dublette; 'TSL 'mitghebu'' auch in PPN 124925423X","Satz gespeichert","---> 1249311225"
544, 1249311233,"Möglicherweise Dublette; 'TSL 'mitghebu'' auch in PPN 124925423X","Satz gespeichert","---> 1249311233"
545, 1249311241,"Möglicherweise Dublette; 'TSL 'mitghebu'' auch in PPN 124925423X","Satz gespeichert","---> 1249311241"
546, 124931125X,"Möglicherweise Dublette; 'TSL 'mitghebu'' auch in PPN 124925423X","Satz gespeichert","---> 124931125X"
547, 1249311268,"Möglicherweise Dublette; 'TSL 'mitghebu'' auch in PPN 124925423X","Satz gespeichert","---> 1249311268"
548, 1249311276,"Möglicherweise Dublette; 'TSL 'mitghebu'' auch in PPN 124925423X","Satz gespeichert","---> 1249311276"
549, 1249311284,"Möglicherweise Dublette; 'TSL 'mitghebu'' auch in PPN 124925423X","Satz gespeichert","---> 1249311284"
550, 1249311292,"Möglicherweise Dublette; 'TSL 'mitghebu'' auch in PPN 124925423X","Satz gespeichert","---> 1249311292"
551, 1249311306,"Möglicherweise Dublette; 'TSL 'mitghebu'' auch in PPN 124925423X","Satz gespeichert","---> 1249311306"
552, 1249311314,"Möglicherweise Dublette; 'TSL 'mitghehe'' auch in PPN 1249310539","Satz gespeichert","---> 1249311314"
553, 1249311322,"Möglicherweise Dublette; 'TSL 'mitgwihe'' auch in PPN 1249310881","Satz gespeichert","---> 1249311322"
554, 1249311330,"---> 1249311330"
555, 1249311349,"---> 1249311349"
556, 1249311357,"Möglicherweise Dublette; 'TSL 'mitgheco'' auch in PPN 1249295289","Satz gespeichert","---> 1249311357"
557, 1249311365,"---> 1249311365"
558, 1249311373,"---> 1249311373"
559, 1249311381,"Möglicherweise Dublette; 'TSL 'mitghahe'' auch in PPN 1249310377","Satz gespeichert","---> 1249311381"
560, 124931139X,"---> 124931139X"
561, 1249311403,"Möglicherweise Dublette; 'TSL 'mitgwohe'' auch in PPN 1249310288","Satz gespeichert","---> 1249311403"
562, 1249311411,"---> 1249311411"
563, 124931142X,"---> 124931142X"
564, 1249311438,"Möglicherweise Dublette; 'TSL 'mitghehev'' auch in PPN 1249260248","Satz gespeichert","---> 1249311438"
565, 1249311446,"---> 1249311446"
566, 1249311454,"---> 1249311454"
567, 1249311462,"Möglicherweise Dublette; 'TSL 'mitgheve'' auch in PPN 1249309999","Satz gespeichert","---> 1249311462"
568, 1249311470,"Möglicherweise Dublette; 'TSL 'mitgkahe'' auch in PPN 1249311101","Satz gespeichert","---> 1249311470"
569, 1249311489,"Möglicherweise Dublette; 'TSL 'mitgothe'' auch in PPN 1249310229","Satz gespeichert","---> 1249311489"
570, 1249311497,"---> 1249311497"
571, 1249311500,"Möglicherweise Dublette; 'TSL 'mitghe'' auch in PPN 948319895","Satz gespeichert","---> 1249311500"
572, 1249311519,"Möglicherweise Dublette; 'TSL 'mitgrihe'' auch in PPN 1249310091","Satz gespeichert","---> 1249311519"
573, 1249311535,"Möglicherweise Dublette; 'TSL 'mitgrihe'' auch in PPN 1249310091","Satz gespeichert","---> 1249311535"
574, 1249311543,"Möglicherweise Dublette; 'TSL 'mitgruhe'' auch in PPN 1249310032","Satz gespeichert","---> 1249311543"
575, 1249311551,"Möglicherweise Dublette; 'TSL 'mitgadhe'' auch in PPN 1249310296","Satz gespeichert","---> 1249311551"
576, 124931156X,"Möglicherweise Dublette; 'TSL 'mitgguhe'' auch in PPN 1249310849","Satz gespeichert","---> 124931156X"
577, 1249311578,"Möglicherweise Dublette; 'TSL 'mitgguhe'' auch in PPN 1249310849","Satz gespeichert","---> 1249311578"
578, 1249311586,"Möglicherweise Dublette; 'TSL 'mitgwehe'' auch in PPN 1249310164","Satz gespeichert","---> 1249311586"
579, 1249311594,"---> 1249311594"
580, 1249311608,"---> 1249311608"
581, 1249311616,"Möglicherweise Dublette; 'TSL 'mitgfrhe'' auch in PPN 124930296X","Satz gespeichert","---> 1249311616"
582, 1249311624,"---> 1249311624"
583, 1249311632,"Möglicherweise Dublette; 'TSL 'mitgjuhe'' auch in PPN 124931139X","Satz gespeichert","---> 1249311632"
584, 1249311640,"---> 1249311640"
585, 1249311659,"Möglicherweise Dublette; 'TSL 'mitghahe'' auch in PPN 1249310377","Satz gespeichert","---> 1249311659"
586, 1249311667,"Möglicherweise Dublette; 'TSL 'mitgbuhe'' auch in PPN 1249293219","Satz gespeichert","---> 1249311667"
587, 1249311675,"---> 1249311675"
588, 1249311683,"---> 1249311683"
589, 1249311691,"---> 1249311691"
590, 1249311705,"---> 1249311705"
591, 1249311713,"Möglicherweise Dublette; 'TSL 'mitgheve'' auch in PPN 1249309999","Satz gespeichert","---> 1249311713"
592, 1249311721,"Möglicherweise Dublette; 'TSL 'mitgdohe'' auch in PPN 1249310350","Satz gespeichert","---> 1249311721"
593, 124931173X,"Möglicherweise Dublette; 'TSL 'mitgklhe'' auch in PPN 1249310725","Satz gespeichert","---> 124931173X"
594, 1249311756,"Möglicherweise Dublette; 'TSL 'mitginhe'' auch in PPN 1249311330","Satz gespeichert","---> 1249311756"
595, 1249311764,"Möglicherweise Dublette; 'TSL 'mitghe'' auch in PPN 948319895","Satz gespeichert","---> 1249311764"
596, 1249311772,"Möglicherweise Dublette; 'TSL 'mitgrohe'' auch in PPN 1249311195","Satz gespeichert","---> 1249311772"
597, 1249311780,"Möglicherweise Dublette; 'TSL 'mitgbrhe'' auch in PPN 1249311071","Satz gespeichert","---> 1249311780"
598, 1249311799,"Möglicherweise Dublette; 'TSL 'mitgbrhe'' auch in PPN 1249311071","Satz gespeichert","---> 1249311799"
599, 1249311802,"Möglicherweise Dublette; 'TSL 'mitghe'' auch in PPN 948319895","Satz gespeichert","---> 1249311802"
600, 1249311810,"---> 1249311810"
601, 1249311829,"Möglicherweise Dublette; 'TSL 'mitgmahe'' auch in PPN 1249310075","Satz gespeichert","---> 1249311829"
602, 1249311837,"---> 1249311837"
603, 1249311845,"Möglicherweise Dublette; 'TSL 'mitgruhe'' auch in PPN 1249310032","Satz gespeichert","---> 1249311845"
604, 1249311853,"Möglicherweise Dublette; 'TSL 'mitgheme'' auch in PPN 124931089X","Satz gespeichert","---> 1249311853"
605, 124931187X,"Möglicherweise Dublette; 'TSL 'mitghahe'' auch in PPN 1249310377","Satz gespeichert","---> 124931187X"
606, 1249311888,"Möglicherweise Dublette; 'TSL 'mitgurhe'' auch in PPN 1249310628","Satz gespeichert","---> 1249311888"
607, 1249311896,"Möglicherweise Dublette; 'TSL 'mitghehe'' auch in PPN 1249310539","Satz gespeichert","---> 1249311896"
608, 124931190X,"Möglicherweise Dublette; 'TSL 'mitghe'' auch in PPN 948319895","Satz gespeichert","---> 124931190X"
609, 1249311918,"Möglicherweise Dublette; 'TSL 'mitgmihe'' auch in PPN 1249310857","Satz gespeichert","---> 1249311918"
610, 1249311926,"Möglicherweise Dublette; 'TSL 'mitghe'' auch in PPN 948319895","Satz gespeichert","---> 1249311926"
611, 1249311934,"---> 1249311934"
612, 1249311942,"---> 1249311942"
613, 1249311950,"---> 1249311950"
614, 1249311969,"---> 1249311969"
615, 1249311977,"Möglicherweise Dublette; 'TSL 'mitgwihe'' auch in PPN 1249310881","Satz gespeichert","---> 1249311977"
616, 1249311985,"Möglicherweise Dublette; 'TSL 'mitgheve'' auch in PPN 1249309999","Satz gespeichert","---> 1249311985"
617, 1249311993,"---> 1249311993"
618, 1249312000,"Möglicherweise Dublette; 'TSL 'mitgwihe'' auch in PPN 1249310881","Satz gespeichert","---> 1249312000"
619, 1249312019,"Möglicherweise Dublette; 'TSL 'mitggehe'' auch in PPN 1249310210","Satz gespeichert","---> 1249312019"
620, 1249312027,"---> 1249312027"
621, 1249312035,"Möglicherweise Dublette; 'TSL 'mitgsthe'' auch in PPN 124931027X","Satz gespeichert","---> 1249312035"
622, 1249312043,"Möglicherweise Dublette; 'TSL 'mitgalhe'' auch in PPN 124931013X","Satz gespeichert","---> 1249312043"
623, 1249312051,"---> 1249312051"
624, 124931206X,"---> 124931206X"
625, 1249312078,"---> 1249312078"
626, 1249312086,"---> 1249312086"
627, 1249312094,"---> 1249312094"
628, 1249312108,"---> 1249312108"
629, 1249312116,"Möglicherweise Dublette; 'TSL 'mitgmahi'' auch in PPN 1249312086","Satz gespeichert","---> 1249312116"
630, 1249312124,"---> 1249312124"
631, 1249312132,"---> 1249312132"
632, 1249312140,"---> 1249312140"
633, 1249312159,"Möglicherweise Dublette; 'TSL 'mitgmahi'' auch in PPN 1249312086","Satz gespeichert","---> 1249312159"
634, 1249312167,"---> 1249312167"
635, 1249312175,"Möglicherweise Dublette; 'TSL 'mitghehi'' auch in PPN 1249312078","Satz gespeichert","---> 1249312175"
636, 1249312183,"---> 1249312183"
637, 1249312191,"---> 1249312191"
638, 1249312205,"Möglicherweise Dublette; 'TSL 'mitgelhi'' auch in PPN 1249312167","Satz gespeichert","---> 1249312205"
639, 1249312213,"Möglicherweise Dublette; 'TSL 'mitghapeh'' auch in PPN 124931187X","Satz gespeichert","---> 1249312213"
640, 1249312221,"Möglicherweise Dublette; 'TSL 'mitghemah'' auch in PPN 1249267552","Satz gespeichert","---> 1249312221"
641, 124931223X,"---> 124931223X"
642, 1249312248,"---> 1249312248"
643, 1249312256,"Möglicherweise Dublette; 'TSL 'mitgdrheh'' auch in PPN 1249261465","Satz gespeichert","---> 1249312256"
644, 1249312264,"---> 1249312264"
645, 1249312272,"Möglicherweise Dublette; 'TSL 'mitgjohi'' auch in PPN 1249312191","Satz gespeichert","---> 1249312272"
646, 1249312280,"---> 1249312280"
647, 1249312299,"Möglicherweise Dublette; 'TSL 'mitghehi'' auch in PPN 1249312078","Satz gespeichert","---> 1249312299"
648, 1249312302,"---> 1249312302"
649, 1249312310,"---> 1249312310"
650, 1249312329,"---> 1249312329"
651, 1249312337,"---> 1249312337"
652, 1249312345,"---> 1249312345"
653, 1249312353,"Möglicherweise Dublette; 'TSL 'mitgwohi'' auch in PPN 1249312094","Satz gespeichert","---> 1249312353"
654, 1249312361,"---> 1249312361"
655, 124931237X,"---> 124931237X"
656, 1249312388,"Möglicherweise Dublette; 'TSL 'mitgelhi'' auch in PPN 1249312167","Satz gespeichert","---> 1249312388"
657, 1249312396,"---> 1249312396"
658, 124931240X,"---> 124931240X"
659, 1249312418,"---> 1249312418"
660, 1249312426,"Möglicherweise Dublette; 'TSL 'mitgjohi'' auch in PPN 1249312191","Satz gespeichert","---> 1249312426"
661, 1249312434,"Möglicherweise Dublette; 'TSL 'mitghajoh'' auch in PPN 1249260469","Satz gespeichert","---> 1249312434"
662, 1249312442,"---> 1249312442"
663, 1249312450,"---> 1249312450"
664, 1249312469,"---> 1249312469"
665, 1249312477,"Möglicherweise Dublette; 'TSL 'mitgruhi'' auch in PPN 1249312183","Satz gespeichert","---> 1249312477"
666, 1249312485,"Möglicherweise Dublette; 'TSL 'mitginhi'' auch in PPN 124931237X","Satz gespeichert","---> 1249312485"
667, 1249312493,"---> 1249312493"
668, 1249312507,"---> 1249312507"
669, 1249312515,"---> 1249312515"
670, 1249312523,"Möglicherweise Dublette; 'TSL 'mitghive'' auch in PPN 1249312450","Satz gespeichert","---> 1249312523"
671, 1249312531,"Möglicherweise Dublette; 'TSL 'mitgfrhi'' auch in PPN 1249312442","Satz gespeichert","---> 1249312531"
672, 124931254X,"---> 124931254X"
673, 1249312558,"---> 1249312558"
674, 1249312566,"Möglicherweise Dublette; 'TSL 'mitgho'' auch in PPN 1249312558","Satz gespeichert","---> 1249312566"
675, 1249312582,"Möglicherweise Dublette; 'TSL 'mitgdrwah'' auch in PPN 1249262607","Satz gespeichert","---> 1249312582"
676, 1249312590,"Möglicherweise Dublette; 'TSL 'mitgho'' auch in PPN 1249312558","Satz gespeichert","---> 1249312590"
677, 1249312620,"---> 1249312620"
678, 1249312639,"---> 1249312639"
679, 1249312647,"---> 1249312647"
680, 1249312655,"---> 1249312655"
681, 1249312663,"---> 1249312663"
682, 1249312671,"---> 1249312671"
683, 124931268X,"---> 124931268X"
684, 1249312698,"---> 1249312698"
685, 1249312701,"---> 1249312701"
686, 124931271X,"Möglicherweise Dublette; 'TSL 'mitghobu'' auch in PPN 1249292565","Satz gespeichert","---> 124931271X"
687, 1249312728,"---> 1249312728"
688, 1249312736,"---> 1249312736"
689, 1249312744,"---> 1249312744"
690, 1249312752,"Möglicherweise Dublette; 'TSL 'mitgmaho'' auch in PPN 1249262429","Satz gespeichert","---> 1249312752"
691, 1249312760,"---> 1249312760"
692, 1249312779,"---> 1249312779"
693, 1249312795,"---> 1249312795"
694, 1249312809,"Möglicherweise Dublette; 'TSL 'mitgchho'' auch in PPN 124931268X","Satz gespeichert","---> 1249312809"
695, 1249312817,"Möglicherweise Dublette; 'TSL 'mitgkaho'' auch in PPN 1249312647","Satz gespeichert","---> 1249312817"
696, 1249312825,"Möglicherweise Dublette; 'TSL 'mitgluho'' auch in PPN 1249312663","Satz gespeichert","---> 1249312825"
697, 1249312833,"---> 1249312833"
698, 1249312841,"---> 1249312841"
699, 124931285X,"---> 124931285X"
700, 1249312868,"---> 1249312868"
701, 1249312876,"---> 1249312876"
702, 1249312884,"---> 1249312884"
703, 1249312892,"---> 1249312892"
704, 1249312906,"---> 1249312906"
705, 1249312914,"Möglicherweise Dublette; 'TSL 'mitgbaho'' auch in PPN 1249312906","Satz gespeichert","---> 1249312914"
706, 1249312922,"Möglicherweise Dublette; 'TSL 'mitgbaho'' auch in PPN 1249312906","Satz gespeichert","---> 1249312922"
707, 1249312930,"Möglicherweise Dublette; 'TSL 'mitgbaho'' auch in PPN 1249312906","Satz gespeichert","---> 1249312930"
708, 1249312949,"Möglicherweise Dublette; 'TSL 'mitgchho'' auch in PPN 124931268X","Satz gespeichert","---> 1249312949"
709, 1249312957,"---> 1249312957"
710, 1249312965,"Möglicherweise Dublette; 'TSL 'mitgdiho'' auch in PPN 1249312655","Satz gespeichert","---> 1249312965"
711, 1249312973,"Möglicherweise Dublette; 'TSL 'mitgdredh'' auch in PPN 1249309816","Satz gespeichert","---> 1249312973"
712, 1249312981,"---> 1249312981"
713, 124931299X,"---> 124931299X"
714, 1249313007,"Möglicherweise Dublette; 'TSL 'mitgerho'' auch in PPN 1249262321","Satz gespeichert","---> 1249313007"
715, 1249313015,"Möglicherweise Dublette; 'TSL 'mitgdrheh'' auch in PPN 1249261465","Satz gespeichert","---> 1249313015"
716, 1249313023,"---> 1249313023"
717, 1249313031,"---> 1249313031"
718, 124931304X,"Möglicherweise Dublette; 'TSL 'mitgweho'' auch in PPN 1249312779","Satz gespeichert","---> 124931304X"
719, 1249313058,"---> 1249313058"
720, 1249313066,"---> 1249313066"
721, 1249313074,"---> 1249313074"
722, 1249313082,"Möglicherweise Dublette; 'TSL 'mitgalho'' auch in PPN 1249284783","Satz gespeichert","---> 1249313082"
723, 1249313090,"---> 1249313090"
724, 1249313104,"---> 1249313104"
725, 1249313112,"---> 1249313112"
726, 1249313120,"---> 1249313120"
727, 1249313139,"---> 1249313139"
728, 1249313147,"Möglicherweise Dublette; 'TSL 'mitgwiho'' auch in PPN 1249313139","Satz gespeichert","---> 1249313147"
729, 1249313163,"---> 1249313163"
730, 1249313171,"---> 1249313171"
731, 1249313198,"Möglicherweise Dublette; 'TSL 'mitgreho'' auch in PPN 1249313112","Satz gespeichert","---> 1249313198"
732, 1249313201,"Möglicherweise Dublette; 'TSL 'mitganho'' auch in PPN 1249312892","Satz gespeichert","---> 1249313201"
733, 124931321X,"Möglicherweise Dublette; 'TSL 'mitggeho'' auch in PPN 1249312744","Satz gespeichert","---> 124931321X"
734, 1249313228,"Möglicherweise Dublette; 'TSL 'mitghove'' auch in PPN 1249312558","Satz gespeichert","---> 1249313228"
735, 1249313236,"Möglicherweise Dublette; 'TSL 'mitghove'' auch in PPN 1249312558","Satz gespeichert","---> 1249313236"
736, 1249313244,"Möglicherweise Dublette; 'TSL 'mitghove'' auch in PPN 1249312558","Satz gespeichert","---> 1249313244"
737, 1249313252,"Möglicherweise Dublette; 'TSL 'mitgmaho'' auch in PPN 1249262429","Satz gespeichert","---> 1249313252"
738, 1249313260,"Möglicherweise Dublette; 'TSL 'mitganho'' auch in PPN 1249312892","Satz gespeichert","---> 1249313260"
739, 1249313279,"Möglicherweise Dublette; 'TSL 'mitgwiho'' auch in PPN 1249313139","Satz gespeichert","---> 1249313279"
740, 1249313287,"Möglicherweise Dublette; 'TSL 'mitgchho'' auch in PPN 124931268X","Satz gespeichert","---> 1249313287"
741, 1249313295,"Möglicherweise Dublette; 'TSL 'mitgho'' auch in PPN 1249312558","Satz gespeichert","---> 1249313295"
742, 1249313309,"---> 1249313309"
743, 1249313317,"Möglicherweise Dublette; 'TSL 'mitgchho'' auch in PPN 124931268X","Satz gespeichert","---> 1249313317"
744, 1249313325,"Möglicherweise Dublette; 'TSL 'mitgchho'' auch in PPN 124931268X","Satz gespeichert","---> 1249313325"
745, 1249313341,"---> 1249313341"
746, 124931335X,"Möglicherweise Dublette; 'TSL 'mitgheho'' auch in PPN 1249312698","Satz gespeichert","---> 124931335X"
747, 1249313368,"---> 1249313368"
748, 1249313376,"Möglicherweise Dublette; 'TSL 'mitghove'' auch in PPN 1249312558","Satz gespeichert","---> 1249313376"
749, 1249313384,"---> 1249313384"
750, 1249313392,"Möglicherweise Dublette; 'TSL 'mitgnoho'' auch in PPN 1249312841","Satz gespeichert","---> 1249313392"
751, 1249313406,"---> 1249313406"
752, 1249313414,"---> 1249313414"
753, 1249313422,"---> 1249313422"
754, 1249313430,"---> 1249313430"
755, 1249313449,"Möglicherweise Dublette; 'TSL 'mitgheho'' auch in PPN 1249312698","Satz gespeichert","---> 1249313449"
756, 1249313457,"Möglicherweise Dublette; 'TSL 'mitgkaho'' auch in PPN 1249312647","Satz gespeichert","---> 1249313457"
757, 1249313465,"---> 1249313465"
758, 1249313473,"---> 1249313473"
759, 1249313481,"Möglicherweise Dublette; 'TSL 'mitgguho'' auch in PPN 1249313465","Satz gespeichert","---> 1249313481"
760, 124931349X,"Möglicherweise Dublette; 'TSL 'mitgwiho'' auch in PPN 1249313139","Satz gespeichert","---> 124931349X"
761, 1249313503,"---> 1249313503"
762, 1249313511,"---> 1249313511"
763, 124931352X,"---> 124931352X"
764, 1249313538,"---> 1249313538"
765, 1249313546,"Möglicherweise Dublette; 'TSL 'mitgheho'' auch in PPN 1249312698","Satz gespeichert","---> 1249313546"
766, 1249313554,"---> 1249313554"
767, 1249313562,"---> 1249313562"
768, 1249313570,"---> 1249313570"
769, 1249313589,"Möglicherweise Dublette; 'TSL 'mitghobu'' auch in PPN 1249292565","Satz gespeichert","---> 1249313589"
770, 1249313597,"Möglicherweise Dublette; 'TSL 'mitgfeho'' auch in PPN 1249313511","Satz gespeichert","---> 1249313597"
771, 1249313600,"---> 1249313600"
772, 1249313619,"Möglicherweise Dublette; 'TSL 'mitgheho'' auch in PPN 1249312698","Satz gespeichert","---> 1249313619"
773, 1249313627,"Möglicherweise Dublette; 'TSL 'mitghaho'' auch in PPN 1249312639","Satz gespeichert","---> 1249313627"
774, 1249313635,"Möglicherweise Dublette; 'TSL 'mitgdiho'' auch in PPN 1249312655","Satz gespeichert","---> 1249313635"
775, 1249313643,"---> 1249313643"
776, 1249313651,"Möglicherweise Dublette; 'TSL 'mitgmaho'' auch in PPN 1249262429","Satz gespeichert","---> 1249313651"
777, 124931366X,"Möglicherweise Dublette; 'TSL 'mitghaho'' auch in PPN 1249312639","Satz gespeichert","---> 124931366X"
778, 1249313678,"Möglicherweise Dublette; 'TSL 'mitgmaho'' auch in PPN 1249262429","Satz gespeichert","---> 1249313678"
779, 1249313686,"Möglicherweise Dublette; 'TSL 'mitghoho'' auch in PPN 1249313090","Satz gespeichert","---> 1249313686"
780, 1249313694,"Möglicherweise Dublette; 'TSL 'mitgmaho'' auch in PPN 1249262429","Satz gespeichert","---> 1249313694"
781, 1249313708,"---> 1249313708"
782, 1249313716,"---> 1249313716"
783, 1249313724,"---> 1249313724"
784, 1249313732,"---> 1249313732"
785, 1249313740,"Möglicherweise Dublette; 'TSL 'mitgfrho'' auch in PPN 1249313171","Satz gespeichert","---> 1249313740"
786, 1249313759,"---> 1249313759"
787, 1249313767,"---> 1249313767"
788, 1249313775,"---> 1249313775"
789, 1249313783,"Möglicherweise Dublette; 'TSL 'mitgho'' auch in PPN 1249312558","Satz gespeichert","---> 1249313783"
790, 1249313791,"---> 1249313791"
791, 1249313805,"---> 1249313805"
792, 1249313813,"Möglicherweise Dublette; 'TSL 'mitgwiho'' auch in PPN 1249313139","Satz gespeichert","---> 1249313813"
793, 1249313821,"Möglicherweise Dublette; 'TSL 'mitgelho'' auch in PPN 1249312981","Satz gespeichert","---> 1249313821"
794, 124931383X,"---> 124931383X"
795, 1249313848,"Möglicherweise Dublette; 'TSL 'mitgjoho'' auch in PPN 1249313368","Satz gespeichert","---> 1249313848"
796, 1249313856,"---> 1249313856"
797, 1249313864,"---> 1249313864"
798, 1249313872,"---> 1249313872"
799, 1249313880,"Möglicherweise Dublette; 'TSL 'mitganho'' auch in PPN 1249312892","Satz gespeichert","---> 1249313880"
800, 1249313899,"Möglicherweise Dublette; 'TSL 'mitgluho'' auch in PPN 1249312663","Satz gespeichert","---> 1249313899"
801, 1249313902,"Möglicherweise Dublette; 'TSL 'mitghaho'' auch in PPN 1249312639","Satz gespeichert","---> 1249313902"
802, 1249313910,"Möglicherweise Dublette; 'TSL 'mitgelho'' auch in PPN 1249312981","Satz gespeichert","---> 1249313910"
803, 1249313929,"---> 1249313929"
804, 1249313937,"---> 1249313937"
805, 1249313945,"---> 1249313945"
806, 1249313953,"---> 1249313953"
807, 1249313961,"---> 1249313961"
808, 124931397X,"---> 124931397X"
809, 1249313988,"---> 1249313988"
810, 1249313996,"Möglicherweise Dublette; 'TSL 'mitganmih'' auch in PPN 124926877X","Satz gespeichert","---> 1249313996"
811, 1249314003,"---> 1249314003"
812, 1249314011,"---> 1249314011"
813, 124931402X,"---> 124931402X"
814, 1249314038,"---> 1249314038"
815, 1249314046,"---> 1249314046"
816, 1249314054,"Möglicherweise Dublette; 'TSL 'mitgmafrh'' auch in PPN 1249303508","Satz gespeichert","---> 1249314054"
817, 1249314062,"---> 1249314062"
818, 1249314070,"---> 1249314070"
819, 1249314089,"---> 1249314089"
820, 1249314097,"---> 1249314097"
821, 1249314100,"---> 1249314100"
822, 1249314119,"---> 1249314119"
823, 1249314127,"---> 1249314127"
824, 1249314143,"---> 1249314143"
825, 1249314151,"---> 1249314151"
826, 124931416X,"---> 124931416X"
827, 1249314178,"---> 1249314178"
828, 1249314186,"---> 1249314186"
829, 1249314194,"---> 1249314194"
830, 1249314208,"---> 1249314208"
831, 1249314216,"---> 1249314216"
832, 1249314224,"Möglicherweise Dublette; 'TSL 'mitggehu'' auch in PPN 1249314100","Satz gespeichert","---> 1249314224"
833, 1249314232,"---> 1249314232"
834, 1249314240,"---> 1249314240"
835, 1249314259,"---> 1249314259"
836, 1249314275,"---> 1249314275"
837, 1249314283,"---> 1249314283"
838, 1249314291,"---> 1249314291"
839, 1249314313,"---> 1249314313"
840, 1249314321,"Möglicherweise Dublette; 'TSL 'mitghu'' auch in PPN 1249314291","Satz gespeichert","---> 1249314321"
841, 124931433X,"---> 124931433X"
842, 1249314348,"---> 1249314348"
843, 1249314356,"---> 1249314356"
844, 1249314364,"---> 1249314364"
845, 1249314372,"---> 1249314372"
846, 1249314380,"---> 1249314380"
847, 1249314399,"---> 1249314399"
848, 1249314402,"---> 1249314402"
849, 1249314410,"---> 1249314410"
850, 1249314429,"---> 1249314429"
851, 1249314437,"Möglicherweise Dublette; 'TSL 'mitgwohu'' auch in PPN 124931416X","Satz gespeichert","---> 1249314437"
852, 1249314445,"---> 1249314445"
853, 1249314453,"Möglicherweise Dublette; 'TSL 'mitghehu'' auch in PPN 1249313961","Satz gespeichert","---> 1249314453"
854, 1249314461,"---> 1249314461"
855, 124931447X,"---> 124931447X"
856, 1249314488,"Möglicherweise Dublette; 'TSL 'mitghehu'' auch in PPN 1249313961","Satz gespeichert","---> 1249314488"
857, 1249314496,"Möglicherweise Dublette; 'TSL 'mitgheu h'' auch in PPN 1249261341","Satz gespeichert","---> 1249314496"
858, 124931450X,"---> 124931450X"
859, 1249314518,"---> 1249314518"
860, 1249314526,"---> 1249314526"
861, 1249314534,"---> 1249314534"
862, 1249314542,"---> 1249314542"
863, 1249314550,"---> 1249314550"
864, 1249314569,"---> 1249314569"
865, 1249314577,"---> 1249314577"
866, 1249314585,"---> 1249314585"
867, 1249314593,"---> 1249314593"
868, 1249314607,"Möglicherweise Dublette; 'TSL 'mitgibinb'' auch in PPN 1249314585","Satz gespeichert","---> 1249314607"
869, 1249314623,"---> 1249314623"
870, 1249314631,"---> 1249314631"
871, 124931464X,"---> 124931464X"
872, 1249314658,"---> 1249314658"
873, 1249314666,"---> 1249314666"
874, 1249314674,"---> 1249314674"
875, 1249314682,"---> 1249314682"
876, 1249314690,"---> 1249314690"
877, 1249314704,"---> 1249314704"
878, 1249314712,"---> 1249314712"
879, 1249314720,"Möglicherweise Dublette; 'TSL 'mitgik'' auch in PPN 1011344181","Satz gespeichert","---> 1249314720"
880, 1249314739,"---> 1249314739"
881, 1249314747,"---> 1249314747"
882, 1249314755,"---> 1249314755"
883, 1249314763,"---> 1249314763"
884, 1249314771,"---> 1249314771"
885, 124931478X,"---> 124931478X"
886, 1249314798,"Möglicherweise Dublette; 'TSL 'mitgin'' auch in PPN 010324089","Satz gespeichert","---> 1249314798"
887, 1249314801,"---> 1249314801"
888, 124931481X,"Möglicherweise Dublette; 'TSL 'mitgin'' auch in PPN 010324089","Satz gespeichert","---> 124931481X"
889, 1249314828,"Möglicherweise Dublette; 'TSL 'mitgin'' auch in PPN 010324089","Satz gespeichert","---> 1249314828"
890, 1249314836,"Möglicherweise Dublette; 'TSL 'mitginve'' auch in PPN 890017255","Satz gespeichert","---> 1249314836"
891, 1249314844,"---> 1249314844"
892, 1249314852,"---> 1249314852"
893, 1249314860,"---> 1249314860"
894, 1249314887,"---> 1249314887"
895, 1249314895,"---> 1249314895"
896, 1249314909,"---> 1249314909"
897, 1249314917,"---> 1249314917"
898, 1249314925,"---> 1249314925"
899, 1249314933,"---> 1249314933"
900, 1249314941,"Möglicherweise Dublette; 'TSL 'mitginve'' auch in PPN 890017255","Satz gespeichert","---> 1249314941"
901, 124931495X,"---> 124931495X"
902, 1249314968,"---> 1249314968"
903, 1249314976,"---> 1249314976"
904, 1249314984,"---> 1249314984"
905, 1249314992,"Möglicherweise Dublette; 'TSL 'mitgin'' auch in PPN 010324089","Satz gespeichert","---> 1249314992"
906, 124931500X,"Möglicherweise Dublette; 'TSL 'mitgin'' auch in PPN 010324089","Satz gespeichert","---> 124931500X"
907, 1249315018,"---> 1249315018"
908, 1249315026,"---> 1249315026"
909, 1249315034,"---> 1249315034"
910, 1249315042,"---> 1249315042"
911, 1249315050,"Möglicherweise Dublette; 'TSL 'mitginbu'' auch in PPN 1249315026","Satz gespeichert","---> 1249315050"
912, 1249315069,"Möglicherweise Dublette; 'TSL 'mitginunb'' auch in PPN 1249314976","Satz gespeichert","---> 1249315069"
913, 1249315077,"---> 1249315077"
914, 1249315085,"Möglicherweise Dublette; 'TSL 'mitginbuu'' auch in PPN 1249315034","Satz gespeichert","---> 1249315085"
915, 1249315107,"---> 1249315107"
916, 1249315115,"---> 1249315115"
917, 1249315123,"Möglicherweise Dublette; 'TSL 'mitginin'' auch in PPN 1249314844","Satz gespeichert","---> 1249315123"
918, 1249315131,"---> 1249315131"
919, 124931514X,"---> 124931514X"
920, 1249315158,"---> 1249315158"
921, 1249315166,"---> 1249315166"
922, 1249315182,"---> 1249315182"
923, 1249315190,"---> 1249315190"
924, 1249315204,"---> 1249315204"
925, 1249315212,"---> 1249315212"
926, 1249315220,"---> 1249315220"
927, 1249315239,"---> 1249315239"
928, 1249315247,"---> 1249315247"
929, 1249315255,"---> 1249315255"
930, 1249315263,"---> 1249315263"
931, 1249315271,"---> 1249315271"
932, 124931528X,"---> 124931528X"
933, 1249315298,"---> 1249315298"
934, 1249315301,"---> 1249315301"
935, 124931531X,"---> 124931531X"
936, 1249315328,"---> 1249315328"
937, 1249315336,"---> 1249315336"
938, 1249315344,"---> 1249315344"
939, 1249315352,"---> 1249315352"
940, 1249315360,"---> 1249315360"
941, 1249315379,"---> 1249315379"
942, 1249315387,"---> 1249315387"
943, 1249315395,"---> 1249315395"
944, 1249315409,"---> 1249315409"
945, 1249315417,"Möglicherweise Dublette; 'TSL 'mitgjave'' auch in PPN 1249315298","Satz gespeichert","---> 1249315417"
946, 1249315433,"---> 1249315433"
947, 1249315441,"---> 1249315441"
948, 124931545X,"Möglicherweise Dublette; 'TSL 'mitganja'' auch in PPN 1249263093","Satz gespeichert","---> 124931545X"
949, 1249315468,"Möglicherweise Dublette; 'TSL 'mitgheja'' auch in PPN 1249315441","Satz gespeichert","---> 1249315468"
950, 1249315476,"Möglicherweise Dublette; 'TSL 'mitggeja'' auch in PPN 1249315344","Satz gespeichert","---> 1249315476"
951, 1249315484,"Möglicherweise Dublette; 'TSL 'mitgjave'' auch in PPN 1249315298","Satz gespeichert","---> 1249315484"
952, 1249315492,"---> 1249315492"
953, 1249315506,"---> 1249315506"
954, 1249315514,"---> 1249315514"
955, 1249315522,"---> 1249315522"
956, 1249315530,"---> 1249315530"
957, 1249315549,"---> 1249315549"
958, 1249315557,"Möglicherweise Dublette; 'TSL 'mitgmaja'' auch in PPN 1249315387","Satz gespeichert","---> 1249315557"
959, 1249315565,"---> 1249315565"
960, 1249315573,"---> 1249315573"
961, 1249315581,"---> 1249315581"
962, 124931559X,"---> 124931559X"
963, 1249315603,"---> 1249315603"
964, 1249315611,"---> 1249315611"
965, 124931562X,"Möglicherweise Dublette; 'TSL 'mitgheja'' auch in PPN 1249315441","Satz gespeichert","---> 124931562X"
966, 1249315638,"---> 1249315638"
967, 1249315646,"---> 1249315646"
968, 1249315654,"---> 1249315654"
969, 1249315662,"---> 1249315662"
970, 1249315670,"---> 1249315670"
971, 1249315689,"Möglicherweise Dublette; 'TSL 'mitgfrja'' auch in PPN 1249315271","Satz gespeichert","---> 1249315689"
972, 1249315697,"---> 1249315697"
973, 1249315700,"---> 1249315700"
974, 1249315719,"---> 1249315719"
975, 1249315727,"---> 1249315727"
976, 1249315735,"---> 1249315735"
977, 1249315743,"Möglicherweise Dublette; 'TSL 'mitgjoh j'' auch in PPN 1249263107","Satz gespeichert","---> 1249315743"
978, 1249315751,"Möglicherweise Dublette; 'TSL 'mitgmaja'' auch in PPN 1249315387","Satz gespeichert","---> 1249315751"
979, 124931576X,"---> 124931576X"
980, 1249315778,"---> 1249315778"
981, 1249315786,"---> 1249315786"
982, 1249315808,"---> 1249315808"
983, 1249315816,"---> 1249315816"
984, 1249315824,"---> 1249315824"
985, 1249315832,"---> 1249315832"
986, 1249315840,"Möglicherweise Dublette; 'TSL 'mitganje'' auch in PPN 1249315808","Satz gespeichert","---> 1249315840"
987, 1249315859,"---> 1249315859"
988, 1249315867,"---> 1249315867"
989, 1249315875,"---> 1249315875"
990, 1249315883,"---> 1249315883"
991, 1249315891,"---> 1249315891"
992, 1249315905,"---> 1249315905"
993, 1249315913,"---> 1249315913"
994, 1249315921,"---> 1249315921"
995, 124931593X,"---> 124931593X"
996, 1249315948,"---> 1249315948"
997, 1249315956,"---> 1249315956"
998, 1249315964,"---> 1249315964"
999, 1249315972,"---> 1249315972"
1000, 1249315980,"---> 1249315980"
