1, 1249337011,"---> 1249337011"
2, 124933702X,"Möglicherweise Dublette; 'TSL 'mitgreve'' auch in PPN 1249336805","Satz gespeichert","---> 124933702X"
3, 1249337038,"Möglicherweise Dublette; 'TSL 'mitghare'' auch in PPN 124927222X","Satz gespeichert","---> 1249337038"
4, 1249337046,"Möglicherweise Dublette; 'TSL 'mitgmare'' auch in PPN 1249272300","Satz gespeichert","---> 1249337046"
5, 1249337054,"Möglicherweise Dublette; 'TSL 'mitgreve'' auch in PPN 1249336805","Satz gespeichert","---> 1249337054"
6, 1249337062,"Möglicherweise Dublette; 'TSL 'mitgelre'' auch in PPN 1249272351","Satz gespeichert","---> 1249337062"
7, 1249337070,"---> 1249337070"
8, 1249337089,"Möglicherweise Dublette; 'TSL 'mitghare'' auch in PPN 124927222X","Satz gespeichert","---> 1249337089"
9, 1249337097,"---> 1249337097"
10, 1249337100,"---> 1249337100"
11, 1249337119,"---> 1249337119"
12, 1249337127,"Möglicherweise Dublette; 'TSL 'mitgfrre'' auch in PPN 124927205X","Satz gespeichert","---> 1249337127"
13, 1249337135,"Möglicherweise Dublette; 'TSL 'mitgregm'' auch in PPN 1249336813","Satz gespeichert","---> 1249337135"
14, 1249337143,"Möglicherweise Dublette; 'TSL 'mitgelre'' auch in PPN 1249272351","Satz gespeichert","---> 1249337143"
15, 1249337151,"Möglicherweise Dublette; 'TSL 'mitgmare'' auch in PPN 1249272300","Satz gespeichert","---> 1249337151"
16, 124933716X,"Möglicherweise Dublette; 'TSL 'mitgre'' auch in PPN 999317563","Satz gespeichert","---> 124933716X"
17, 1249337178,"Möglicherweise Dublette; 'TSL 'mitghere'' auch in PPN 1249272335","Satz gespeichert","---> 1249337178"
18, 1249337186,"---> 1249337186"
19, 1249337194,"---> 1249337194"
20, 1249337208,"Möglicherweise Dublette; 'TSL 'mitgreve'' auch in PPN 1249336805","Satz gespeichert","---> 1249337208"
21, 1249337216,"---> 1249337216"
22, 1249337224,"Möglicherweise Dublette; 'TSL 'mitgregm'' auch in PPN 1249336813","Satz gespeichert","---> 1249337224"
23, 1249337232,"Möglicherweise Dublette; 'TSL 'mitghare'' auch in PPN 124927222X","Satz gespeichert","---> 1249337232"
24, 1249337240,"---> 1249337240"
25, 1249337259,"Möglicherweise Dublette; 'TSL 'mitgdire'' auch in PPN 1249336783","Satz gespeichert","---> 1249337259"
26, 1249337267,"---> 1249337267"
27, 1249337275,"---> 1249337275"
28, 1249337283,"---> 1249337283"
29, 1249337291,"---> 1249337291"
30, 1249337305,"---> 1249337305"
31, 1249337313,"Möglicherweise Dublette; 'TSL 'mitgelre'' auch in PPN 1249272351","Satz gespeichert","---> 1249337313"
32, 1249337321,"Möglicherweise Dublette; 'TSL 'mitgmare'' auch in PPN 1249272300","Satz gespeichert","---> 1249337321"
33, 124933733X,"Möglicherweise Dublette; 'TSL 'mitgelre'' auch in PPN 1249272351","Satz gespeichert","---> 124933733X"
34, 1249337348,"Möglicherweise Dublette; 'TSL 'mitgpare'' auch in PPN 1249336929","Satz gespeichert","---> 1249337348"
35, 1249337356,"---> 1249337356"
36, 1249337364,"---> 1249337364"
37, 1249337372,"---> 1249337372"
38, 1249337380,"Möglicherweise Dublette; 'TSL 'mitgrebu'' auch in PPN 1249336775","Satz gespeichert","---> 1249337380"
39, 1249337399,"Möglicherweise Dublette; 'TSL 'mitgmare'' auch in PPN 1249272300","Satz gespeichert","---> 1249337399"
40, 1249337410,"Möglicherweise Dublette; 'TSL 'mitgwore'' auch in PPN 1249337283","Satz gespeichert","---> 1249337410"
41, 1249337429,"Möglicherweise Dublette; 'TSL 'mitgkare'' auch in PPN 1249272165","Satz gespeichert","---> 1249337429"
42, 1249337437,"Möglicherweise Dublette; 'TSL 'mitgrebu'' auch in PPN 1249336775","Satz gespeichert","---> 1249337437"
43, 1249337445,"Möglicherweise Dublette; 'TSL 'mitgjore'' auch in PPN 1249337364","Satz gespeichert","---> 1249337445"
44, 1249337453,"---> 1249337453"
45, 1249337461,"Möglicherweise Dublette; 'TSL 'mitgelre'' auch in PPN 1249272351","Satz gespeichert","---> 1249337461"
46, 124933747X,"---> 124933747X"
47, 1249337488,"Möglicherweise Dublette; 'TSL 'mitgmore'' auch in PPN 1249337216","Satz gespeichert","---> 1249337488"
48, 1249337496,"---> 1249337496"
49, 124933750X,"---> 124933750X"
50, 1249337518,"Möglicherweise Dublette; 'TSL 'mitgreve'' auch in PPN 1249336805","Satz gespeichert","---> 1249337518"
51, 1249337526,"Möglicherweise Dublette; 'TSL 'mitgre'' auch in PPN 999317563","Satz gespeichert","---> 1249337526"
52, 1249337534,"---> 1249337534"
53, 1249337542,"---> 1249337542"
54, 1249337550,"---> 1249337550"
55, 1249337569,"Möglicherweise Dublette; 'TSL 'mitgpare'' auch in PPN 1249336929","Satz gespeichert","---> 1249337569"
56, 1249337577,"Möglicherweise Dublette; 'TSL 'mitgmare'' auch in PPN 1249272300","Satz gespeichert","---> 1249337577"
57, 1249337585,"Möglicherweise Dublette; 'TSL 'mitggere'' auch in PPN 1249272246","Satz gespeichert","---> 1249337585"
58, 1249337593,"Möglicherweise Dublette; 'TSL 'mitgdrher'' auch in PPN 1249272769","Satz gespeichert","---> 1249337593"
59, 1249337607,"Möglicherweise Dublette; 'TSL 'mitgjore'' auch in PPN 1249337364","Satz gespeichert","---> 1249337607"
60, 1249337615,"Möglicherweise Dublette; 'TSL 'mitgkare'' auch in PPN 1249272165","Satz gespeichert","---> 1249337615"
61, 1249337623,"Möglicherweise Dublette; 'TSL 'mitgklre'' auch in PPN 1249337372","Satz gespeichert","---> 1249337623"
62, 124933764X,"---> 124933764X"
63, 1249337658,"---> 1249337658"
64, 1249337666,"---> 1249337666"
65, 1249337674,"Möglicherweise Dublette; 'TSL 'mitgbere'' auch in PPN 1249337305","Satz gespeichert","---> 1249337674"
66, 1249337682,"Möglicherweise Dublette; 'TSL 'mitgcare'' auch in PPN 1249337240","Satz gespeichert","---> 1249337682"
67, 1249337690,"Möglicherweise Dublette; 'TSL 'mitgre'' auch in PPN 999317563","Satz gespeichert","---> 1249337690"
68, 1249337704,"Möglicherweise Dublette; 'TSL 'mitglire'' auch in PPN 1249272327","Satz gespeichert","---> 1249337704"
69, 1249337712,"Möglicherweise Dublette; 'TSL 'mitgklre'' auch in PPN 1249337372","Satz gespeichert","---> 1249337712"
70, 1249337720,"---> 1249337720"
71, 1249337739,"---> 1249337739"
72, 1249337747,"Möglicherweise Dublette; 'TSL 'mitgre'' auch in PPN 999317563","Satz gespeichert","---> 1249337747"
73, 1249337755,"---> 1249337755"
74, 1249337763,"Möglicherweise Dublette; 'TSL 'mitgware'' auch in PPN 1249336864","Satz gespeichert","---> 1249337763"
75, 1249337771,"---> 1249337771"
76, 124933778X,"Möglicherweise Dublette; 'TSL 'mitgarre'' auch in PPN 1249285763","Satz gespeichert","---> 124933778X"
77, 1249337798,"---> 1249337798"
78, 1249337801,"Möglicherweise Dublette; 'TSL 'mitgrure'' auch in PPN 1249337453","Satz gespeichert","---> 1249337801"
79, 124933781X,"Möglicherweise Dublette; 'TSL 'mitgwore'' auch in PPN 1249337283","Satz gespeichert","---> 124933781X"
80, 1249337828,"Möglicherweise Dublette; 'TSL 'mitghere'' auch in PPN 1249272335","Satz gespeichert","---> 1249337828"
81, 1249337836,"Möglicherweise Dublette; 'TSL 'mitgware'' auch in PPN 1249336864","Satz gespeichert","---> 1249337836"
82, 1249337844,"---> 1249337844"
83, 1249337852,"Möglicherweise Dublette; 'TSL 'mitgre'' auch in PPN 999317563","Satz gespeichert","---> 1249337852"
84, 1249337860,"Möglicherweise Dublette; 'TSL 'mitgre'' auch in PPN 999317563","Satz gespeichert","---> 1249337860"
85, 1249337879,"---> 1249337879"
86, 1249337887,"---> 1249337887"
87, 1249337895,"Möglicherweise Dublette; 'TSL 'mitgherh'' auch in PPN 1249272548","Satz gespeichert","---> 1249337895"
88, 1249337909,"---> 1249337909"
89, 1249337917,"Möglicherweise Dublette; 'TSL 'mitgrhbu'' auch in PPN 1249337887","Satz gespeichert","---> 1249337917"
90, 1249337925,"---> 1249337925"
91, 1249337933,"---> 1249337933"
92, 1249337941,"---> 1249337941"
93, 1249337968,"---> 1249337968"
94, 1249337976,"Möglicherweise Dublette; 'TSL 'mitgmiri'' auch in PPN 95920329X","Satz gespeichert","---> 1249337976"
95, 1249337984,"---> 1249337984"
96, 1249337992,"Möglicherweise Dublette; 'TSL 'mitgerri'' auch in PPN 1249272580","Satz gespeichert","---> 1249337992"
97, 124933800X,"Möglicherweise Dublette; 'TSL 'mitgerri'' auch in PPN 1249272580","Satz gespeichert","---> 124933800X"
98, 1249338018,"---> 1249338018"
99, 1249338026,"---> 1249338026"
100, 1249338034,"---> 1249338034"
101, 1249338042,"---> 1249338042"
102, 1249338050,"Möglicherweise Dublette; 'TSL 'mitgdrjor'' auch in PPN 1249271932","Satz gespeichert","---> 1249338050"
103, 1249338069,"---> 1249338069"
104, 1249338077,"---> 1249338077"
105, 1249338085,"---> 1249338085"
106, 1249338093,"---> 1249338093"
107, 1249338107,"---> 1249338107"
108, 1249338115,"---> 1249338115"
109, 1249338123,"---> 1249338123"
110, 1249338131,"---> 1249338131"
111, 124933814X,"---> 124933814X"
112, 1249338158,"Möglicherweise Dublette; 'TSL 'mitgerri'' auch in PPN 1249272580","Satz gespeichert","---> 1249338158"
113, 1249338166,"Möglicherweise Dublette; 'TSL 'mitgwori'' auch in PPN 1249338107","Satz gespeichert","---> 1249338166"
114, 1249338174,"Möglicherweise Dublette; 'TSL 'mitgjoune'' auch in PPN 1249316863","Satz gespeichert","---> 1249338174"
115, 1249338182,"Möglicherweise Dublette; 'TSL 'mitgmari'' auch in PPN 1249272629","Satz gespeichert","---> 1249338182"
116, 1249338190,"---> 1249338190"
117, 1249338204,"---> 1249338204"
118, 1249338212,"Möglicherweise Dublette; 'TSL 'mitgheri'' auch in PPN 1249272556","Satz gespeichert","---> 1249338212"
119, 1249338220,"---> 1249338220"
120, 1249338239,"---> 1249338239"
121, 1249338247,"Möglicherweise Dublette; 'TSL 'mitgfrri'' auch in PPN 1249273021","Satz gespeichert","---> 1249338247"
122, 1249338255,"---> 1249338255"
123, 1249338263,"Möglicherweise Dublette; 'TSL 'mitghari'' auch in PPN 1249272688","Satz gespeichert","---> 1249338263"
124, 1249338271,"---> 1249338271"
125, 124933828X,"Möglicherweise Dublette; 'TSL 'mitgerri'' auch in PPN 1249272580","Satz gespeichert","---> 124933828X"
126, 1249338298,"---> 1249338298"
127, 1249338301,"---> 1249338301"
128, 124933831X,"---> 124933831X"
129, 1249338328,"Möglicherweise Dublette; 'TSL 'mitgrari'' auch in PPN 1249336368","Satz gespeichert","---> 1249338328"
130, 1249338344,"---> 1249338344"
131, 1249338352,"Möglicherweise Dublette; 'TSL 'mitgurri'' auch in PPN 1249338239","Satz gespeichert","---> 1249338352"
132, 1249338360,"---> 1249338360"
133, 1249338379,"---> 1249338379"
134, 1249338387,"---> 1249338387"
135, 1249338395,"---> 1249338395"
136, 1249338409,"---> 1249338409"
137, 1249338417,"---> 1249338417"
138, 1249338425,"Möglicherweise Dublette; 'TSL 'mitgrive'' auch in PPN 1249338379","Satz gespeichert","---> 1249338425"
139, 1249338433,"---> 1249338433"
140, 1249338441,"Möglicherweise Dublette; 'TSL 'mitgelri'' auch in PPN 1249272564","Satz gespeichert","---> 1249338441"
141, 124933845X,"Möglicherweise Dublette; 'TSL 'mitggiri'' auch in PPN 1249338395","Satz gespeichert","---> 124933845X"
142, 1249338468,"---> 1249338468"
143, 1249338476,"---> 1249338476"
144, 1249338484,"---> 1249338484"
145, 1249338492,"Möglicherweise Dublette; 'TSL 'mitgfrro'' auch in PPN 1249273110","Satz gespeichert","---> 1249338492"
146, 1249338506,"---> 1249338506"
147, 1249338514,"---> 1249338514"
148, 1249338522,"---> 1249338522"
149, 1249338530,"---> 1249338530"
150, 1249338549,"---> 1249338549"
151, 1249338557,"Möglicherweise Dublette; 'TSL 'mitgwiro'' auch in PPN 1249273358","Satz gespeichert","---> 1249338557"
152, 1249338565,"Möglicherweise Dublette; 'TSL 'mitgfrro'' auch in PPN 1249273110","Satz gespeichert","---> 1249338565"
153, 1249338573,"---> 1249338573"
154, 1249338581,"Möglicherweise Dublette; 'TSL 'mitggero'' auch in PPN 1249273315","Satz gespeichert","---> 1249338581"
155, 124933859X,"Möglicherweise Dublette; 'TSL 'mitgro'' auch in PPN 1249338506","Satz gespeichert","---> 124933859X"
156, 1249338603,"---> 1249338603"
157, 1249338611,"---> 1249338611"
158, 124933862X,"Möglicherweise Dublette; 'TSL 'mitgro'' auch in PPN 1249338506","Satz gespeichert","---> 124933862X"
159, 1249338638,"---> 1249338638"
160, 1249338646,"---> 1249338646"
161, 1249338654,"---> 1249338654"
162, 1249338662,"---> 1249338662"
163, 1249338670,"---> 1249338670"
164, 1249338689,"---> 1249338689"
165, 1249338697,"Möglicherweise Dublette; 'TSL 'mitgrove'' auch in PPN 1249338506","Satz gespeichert","---> 1249338697"
166, 1249338700,"---> 1249338700"
167, 1249338719,"---> 1249338719"
168, 1249338727,"---> 1249338727"
169, 1249338735,"Möglicherweise Dublette; 'TSL 'mitgdrhar'' auch in PPN 124927270X","Satz gespeichert","---> 1249338735"
170, 1249338743,"---> 1249338743"
171, 1249338751,"Möglicherweise Dublette; 'TSL 'mitgharo'' auch in PPN 1249273390","Satz gespeichert","---> 1249338751"
172, 124933876X,"---> 124933876X"
173, 1249338778,"Möglicherweise Dublette; 'TSL 'mitgedro'' auch in PPN 1249338549","Satz gespeichert","---> 1249338778"
174, 1249338786,"Möglicherweise Dublette; 'TSL 'mitgdrhar'' auch in PPN 124927270X","Satz gespeichert","---> 1249338786"
175, 1249338794,"Möglicherweise Dublette; 'TSL 'mitghero'' auch in PPN 1249273226","Satz gespeichert","---> 1249338794"
176, 1249338808,"Möglicherweise Dublette; 'TSL 'mitgbero'' auch in PPN 1249273374","Satz gespeichert","---> 1249338808"
177, 1249338816,"Möglicherweise Dublette; 'TSL 'mitgkaro'' auch in PPN 1249273250","Satz gespeichert","---> 1249338816"
178, 1249338824,"---> 1249338824"
179, 1249338832,"Möglicherweise Dublette; 'TSL 'mitgkaro'' auch in PPN 1249273250","Satz gespeichert","---> 1249338832"
180, 1249338840,"Möglicherweise Dublette; 'TSL 'mitgfrro'' auch in PPN 1249273110","Satz gespeichert","---> 1249338840"
181, 1249338859,"Möglicherweise Dublette; 'TSL 'mitginro'' auch in PPN 575142235","Satz gespeichert","---> 1249338859"
182, 1249338867,"Möglicherweise Dublette; 'TSL 'mitghero'' auch in PPN 1249273226","Satz gespeichert","---> 1249338867"
183, 1249338875,"---> 1249338875"
184, 1249338891,"Möglicherweise Dublette; 'TSL 'mitgmaro'' auch in PPN 1249273064","Satz gespeichert","---> 1249338891"
185, 1249338905,"Möglicherweise Dublette; 'TSL 'mitghero'' auch in PPN 1249273226","Satz gespeichert","---> 1249338905"
186, 1249338913,"---> 1249338913"
187, 1249338921,"---> 1249338921"
188, 124933893X,"Möglicherweise Dublette; 'TSL 'mitgro'' auch in PPN 1249338506","Satz gespeichert","---> 124933893X"
189, 1249338948,"---> 1249338948"
190, 1249338956,"Möglicherweise Dublette; 'TSL 'mitgvoro'' auch in PPN 1249338638","Satz gespeichert","---> 1249338956"
191, 1249338964,"---> 1249338964"
192, 1249338972,"Möglicherweise Dublette; 'TSL 'mitgbero'' auch in PPN 1249273374","Satz gespeichert","---> 1249338972"
193, 1249338980,"Möglicherweise Dublette; 'TSL 'mitggero'' auch in PPN 1249273315","Satz gespeichert","---> 1249338980"
194, 1249338999,"---> 1249338999"
195, 1249339006,"---> 1249339006"
196, 1249339014,"Möglicherweise Dublette; 'TSL 'mitghero'' auch in PPN 1249273226","Satz gespeichert","---> 1249339014"
197, 1249339022,"Möglicherweise Dublette; 'TSL 'mitgrogm'' auch in PPN 1249338514","Satz gespeichert","---> 1249339022"
198, 1249339030,"Möglicherweise Dublette; 'TSL 'mitgwaro'' auch in PPN 1249273099","Satz gespeichert","---> 1249339030"
199, 1249339049,"---> 1249339049"
200, 1249339057,"Möglicherweise Dublette; 'TSL 'mitgbero'' auch in PPN 1249273374","Satz gespeichert","---> 1249339057"
201, 1249339065,"Möglicherweise Dublette; 'TSL 'mitgwero'' auch in PPN 1249338603","Satz gespeichert","---> 1249339065"
202, 1249339073,"---> 1249339073"
203, 1249339081,"---> 1249339081"
204, 124933909X,"Möglicherweise Dublette; 'TSL 'mitgdrgur'' auch in PPN 1249273439","Satz gespeichert","---> 124933909X"
205, 1249339103,"Möglicherweise Dublette; 'TSL 'mitgmaro'' auch in PPN 1249273064","Satz gespeichert","---> 1249339103"
206, 1249339111,"Möglicherweise Dublette; 'TSL 'mitgro'' auch in PPN 1249338506","Satz gespeichert","---> 1249339111"
207, 124933912X,"---> 124933912X"
208, 1249339138,"---> 1249339138"
209, 1249339146,"---> 1249339146"
210, 1249339154,"---> 1249339154"
211, 1249339162,"Möglicherweise Dublette; 'TSL 'mitghero'' auch in PPN 1249273226","Satz gespeichert","---> 1249339162"
212, 1249339170,"Möglicherweise Dublette; 'TSL 'mitginro'' auch in PPN 575142235","Satz gespeichert","---> 1249339170"
213, 1249339189,"Möglicherweise Dublette; 'TSL 'mitgjaro'' auch in PPN 1249338654","Satz gespeichert","---> 1249339189"
214, 1249339197,"Möglicherweise Dublette; 'TSL 'mitgmiro'' auch in PPN 1249338719","Satz gespeichert","---> 1249339197"
215, 1249339200,"Möglicherweise Dublette; 'TSL 'mitgluro'' auch in PPN 1249338646","Satz gespeichert","---> 1249339200"
216, 1249339219,"Möglicherweise Dublette; 'TSL 'mitgrove'' auch in PPN 1249338506","Satz gespeichert","---> 1249339219"
217, 1249339235,"---> 1249339235"
218, 1249339243,"Möglicherweise Dublette; 'TSL 'mitgrome'' auch in PPN 1249328225","Satz gespeichert","---> 1249339243"
219, 1249339251,"---> 1249339251"
220, 124933926X,"Möglicherweise Dublette; 'TSL 'mitgworo'' auch in PPN 1249338824","Satz gespeichert","---> 124933926X"
221, 1249339278,"Möglicherweise Dublette; 'TSL 'mitgchro'' auch in PPN 1249338743","Satz gespeichert","---> 1249339278"
222, 1249339286,"Möglicherweise Dublette; 'TSL 'mitgro'' auch in PPN 1249338506","Satz gespeichert","---> 1249339286"
223, 1249339294,"---> 1249339294"
224, 1249339308,"---> 1249339308"
225, 1249339316,"---> 1249339316"
226, 1249339324,"---> 1249339324"
227, 1249339332,"Möglicherweise Dublette; 'TSL 'mitgjoro'' auch in PPN 1249338662","Satz gespeichert","---> 1249339332"
228, 1249339340,"---> 1249339340"
229, 1249339359,"Möglicherweise Dublette; 'TSL 'mitgosro'' auch in PPN 1249339340","Satz gespeichert","---> 1249339359"
230, 1249339367,"Möglicherweise Dublette; 'TSL 'mitghero'' auch in PPN 1249273226","Satz gespeichert","---> 1249339367"
231, 1249339375,"Möglicherweise Dublette; 'TSL 'mitgworo'' auch in PPN 1249338824","Satz gespeichert","---> 1249339375"
232, 1249339383,"Möglicherweise Dublette; 'TSL 'mitganro'' auch in PPN 1249273234","Satz gespeichert","---> 1249339383"
233, 1249339391,"---> 1249339391"
234, 1249339413,"---> 1249339413"
235, 1249339421,"---> 1249339421"
236, 124933943X,"Möglicherweise Dublette; 'TSL 'mitgloro'' auch in PPN 1249339413","Satz gespeichert","---> 124933943X"
237, 1249339448,"Möglicherweise Dublette; 'TSL 'mitgmaro'' auch in PPN 1249273064","Satz gespeichert","---> 1249339448"
238, 1249339464,"---> 1249339464"
239, 1249339472,"Möglicherweise Dublette; 'TSL 'mitgrubu'' auch in PPN 1249294053","Satz gespeichert","---> 1249339472"
240, 1249339480,"Möglicherweise Dublette; 'TSL 'mitgmaru'' auch in PPN 1249273684","Satz gespeichert","---> 1249339480"
241, 1249339499,"---> 1249339499"
242, 1249339502,"---> 1249339502"
243, 1249339510,"Möglicherweise Dublette; 'TSL 'mitgheru'' auch in PPN 1249273633","Satz gespeichert","---> 1249339510"
244, 1249339529,"---> 1249339529"
245, 1249339537,"Möglicherweise Dublette; 'TSL 'mitgotru'' auch in PPN 1249273706","Satz gespeichert","---> 1249339537"
246, 1249339545,"---> 1249339545"
247, 1249339553,"---> 1249339553"
248, 1249339561,"---> 1249339561"
249, 124933957X,"---> 124933957X"
250, 1249339588,"Möglicherweise Dublette; 'TSL 'mitgotru'' auch in PPN 1249273706","Satz gespeichert","---> 1249339588"
251, 1249339596,"---> 1249339596"
252, 124933960X,"Möglicherweise Dublette; 'TSL 'mitgdrmar'' auch in PPN 1249272637","Satz gespeichert","---> 124933960X"
253, 1249339618,"---> 1249339618"
254, 1249339634,"---> 1249339634"
255, 1249339642,"---> 1249339642"
256, 1249339650,"Möglicherweise Dublette; 'TSL 'mitgjoru'' auch in PPN 1249339529","Satz gespeichert","---> 1249339650"
257, 1249339669,"---> 1249339669"
258, 1249339677,"---> 1249339677"
259, 1249339685,"Möglicherweise Dublette; 'TSL 'mitgbuunk'' auch in PPN 1249292751","Satz gespeichert","---> 1249339685"
260, 1249339693,"---> 1249339693"
261, 1249339707,"---> 1249339707"
262, 1249339715,"---> 1249339715"
263, 1249339723,"---> 1249339723"
264, 1249339731,"---> 1249339731"
265, 124933974X,"Möglicherweise Dublette; 'TSL 'mitgerru'' auch in PPN 1249273595","Satz gespeichert","---> 124933974X"
266, 1249339758,"Möglicherweise Dublette; 'TSL 'mitgotru'' auch in PPN 1249273706","Satz gespeichert","---> 1249339758"
267, 1249339766,"Möglicherweise Dublette; 'TSL 'mitgheru'' auch in PPN 1249273633","Satz gespeichert","---> 1249339766"
268, 1249339774,"---> 1249339774"
269, 1249339782,"Möglicherweise Dublette; 'TSL 'mitgru'' auch in PPN 010125183","Satz gespeichert","---> 1249339782"
270, 1249339790,"Möglicherweise Dublette; 'TSL 'mitgru'' auch in PPN 010125183","Satz gespeichert","---> 1249339790"
271, 1249339804,"---> 1249339804"
272, 1249339812,"---> 1249339812"
273, 1249339820,"Möglicherweise Dublette; 'TSL 'mitgheru'' auch in PPN 1249273633","Satz gespeichert","---> 1249339820"
274, 1249339839,"---> 1249339839"
275, 1249339847,"---> 1249339847"
276, 1249339855,"Möglicherweise Dublette; 'TSL 'mitgguru'' auch in PPN 1249339618","Satz gespeichert","---> 1249339855"
277, 1249339863,"Möglicherweise Dublette; 'TSL 'mitgjoru'' auch in PPN 1249339529","Satz gespeichert","---> 1249339863"
278, 1249339871,"Möglicherweise Dublette; 'TSL 'mitgjoru'' auch in PPN 1249339529","Satz gespeichert","---> 1249339871"
279, 124933988X,"---> 124933988X"
280, 1249339898,"---> 1249339898"
281, 1249339901,"---> 1249339901"
282, 124933991X,"---> 124933991X"
283, 1249339936,"Möglicherweise Dublette; 'TSL 'mitgruve'' auch in PPN 1249339782","Satz gespeichert","---> 1249339936"
284, 1249339944,"---> 1249339944"
285, 1249339952,"---> 1249339952"
286, 1249339960,"---> 1249339960"
287, 1249339979,"---> 1249339979"
288, 1249339987,"---> 1249339987"
289, 1249339995,"---> 1249339995"
290, 1249340004,"---> 1249340004"
291, 1249340012,"---> 1249340012"
292, 1249340020,"---> 1249340020"
293, 1249340039,"---> 1249340039"
294, 1249340047,"Möglicherweise Dublette; 'TSL 'mitgjosa'' auch in PPN 1249273803","Satz gespeichert","---> 1249340047"
295, 1249340055,"---> 1249340055"
296, 1249340063,"---> 1249340063"
297, 1249340071,"---> 1249340071"
298, 124934008X,"Möglicherweise Dublette; 'TSL 'mitgdrjos'' auch in PPN 1249275512","Satz gespeichert","---> 124934008X"
299, 1249340098,"Möglicherweise Dublette; 'TSL 'mitglusa'' auch in PPN 1249273862","Satz gespeichert","---> 1249340098"
300, 1249340101,"Möglicherweise Dublette; 'TSL 'mitgsa'' auch in PPN 01500791X","Satz gespeichert","---> 1249340101"
301, 124934011X,"---> 124934011X"
302, 1249340128,"---> 1249340128"
303, 1249340136,"---> 1249340136"
304, 1249340144,"Möglicherweise Dublette; 'TSL 'mitgotsa'' auch in PPN 1249273900","Satz gespeichert","---> 1249340144"
305, 1249340152,"---> 1249340152"
306, 1249340179,"Möglicherweise Dublette; 'TSL 'mitgsave'' auch in PPN 1249340101","Satz gespeichert","---> 1249340179"
307, 1249340187,"---> 1249340187"
308, 1249340195,"Möglicherweise Dublette; 'TSL 'mitgsave'' auch in PPN 1249340101","Satz gespeichert","---> 1249340195"
309, 1249340209,"Möglicherweise Dublette; 'TSL 'mitgsave'' auch in PPN 1249340101","Satz gespeichert","---> 1249340209"
310, 1249340217,"---> 1249340217"
311, 1249340225,"---> 1249340225"
312, 1249340233,"Möglicherweise Dublette; 'TSL 'mitgdisa'' auch in PPN 1249340187","Satz gespeichert","---> 1249340233"
313, 1249340241,"Möglicherweise Dublette; 'TSL 'mitgmasa'' auch in PPN 1249273986","Satz gespeichert","---> 1249340241"
314, 124934025X,"---> 124934025X"
315, 1249340268,"Möglicherweise Dublette; 'TSL 'mitgmasa'' auch in PPN 1249273986","Satz gespeichert","---> 1249340268"
316, 1249340276,"---> 1249340276"
317, 1249340284,"Möglicherweise Dublette; 'TSL 'mitgvesag'' auch in PPN 018863086","Satz gespeichert","---> 1249340284"
318, 1249340292,"---> 1249340292"
319, 1249340306,"Möglicherweise Dublette; 'TSL 'mitgsave'' auch in PPN 1249340101","Satz gespeichert","---> 1249340306"
320, 1249340314,"---> 1249340314"
321, 1249340322,"---> 1249340322"
322, 1249340330,"Möglicherweise Dublette; 'TSL 'mitgfrsa'' auch in PPN 1249273943","Satz gespeichert","---> 1249340330"
323, 1249340349,"---> 1249340349"
324, 1249340357,"Möglicherweise Dublette; 'TSL 'mitgsa'' auch in PPN 01500791X","Satz gespeichert","---> 1249340357"
325, 1249340365,"Möglicherweise Dublette; 'TSL 'mitgkusa'' auch in PPN 1249340225","Satz gespeichert","---> 1249340365"
326, 1249340373,"Möglicherweise Dublette; 'TSL 'mitghesa'' auch in PPN 1249340322","Satz gespeichert","---> 1249340373"
327, 1249340381,"---> 1249340381"
328, 124934039X,"Möglicherweise Dublette; 'TSL 'mitgkusa'' auch in PPN 1249340225","Satz gespeichert","---> 124934039X"
329, 1249340403,"---> 1249340403"
330, 1249340411,"Möglicherweise Dublette; 'TSL 'mitgsave'' auch in PPN 1249340101","Satz gespeichert","---> 1249340411"
331, 124934042X,"Möglicherweise Dublette; 'TSL 'mitgsave'' auch in PPN 1249340101","Satz gespeichert","---> 124934042X"
332, 1249340438,"---> 1249340438"
333, 1249340446,"Möglicherweise Dublette; 'TSL 'mitgkasa'' auch in PPN 124927382X","Satz gespeichert","---> 1249340446"
334, 1249340454,"---> 1249340454"
335, 1249340462,"---> 1249340462"
336, 1249340470,"Möglicherweise Dublette; 'TSL 'mitghisa'' auch in PPN 124934011X","Satz gespeichert","---> 1249340470"
337, 1249340489,"---> 1249340489"
338, 1249340497,"---> 1249340497"
339, 1249340500,"Möglicherweise Dublette; 'TSL 'mitghasc'' auch in PPN 1249274826","Satz gespeichert","---> 1249340500"
340, 1249340519,"Möglicherweise Dublette; 'TSL 'mitgwesc'' auch in PPN 1249274036","Satz gespeichert","---> 1249340519"
341, 1249340527,"Möglicherweise Dublette; 'TSL 'mitggesc'' auch in PPN 1249274796","Satz gespeichert","---> 1249340527"
342, 1249340535,"---> 1249340535"
343, 1249340543,"Möglicherweise Dublette; 'TSL 'mitgchsc'' auch in PPN 1249340535","Satz gespeichert","---> 1249340543"
344, 1249340551,"---> 1249340551"
345, 124934056X,"Möglicherweise Dublette; 'TSL 'mitgersc'' auch in PPN 1249274184","Satz gespeichert","---> 124934056X"
346, 1249340578,"Möglicherweise Dublette; 'TSL 'mitggusc'' auch in PPN 1249307805","Satz gespeichert","---> 1249340578"
347, 1249340594,"---> 1249340594"
348, 1249340608,"Möglicherweise Dublette; 'TSL 'mitghagus'' auch in PPN 1249276888","Satz gespeichert","---> 1249340608"
349, 1249340616,"Möglicherweise Dublette; 'TSL 'mitghasc'' auch in PPN 1249274826","Satz gespeichert","---> 1249340616"
350, 1249340624,"Möglicherweise Dublette; 'TSL 'mitghesc'' auch in PPN 1249274095","Satz gespeichert","---> 1249340624"
351, 1249340632,"---> 1249340632"
352, 1249340640,"Möglicherweise Dublette; 'TSL 'mitgjosc'' auch in PPN 1249274893","Satz gespeichert","---> 1249340640"
353, 1249340659,"Möglicherweise Dublette; 'TSL 'mitglusc'' auch in PPN 1249274702","Satz gespeichert","---> 1249340659"
354, 1249340667,"---> 1249340667"
355, 1249340675,"Möglicherweise Dublette; 'TSL 'mitgsusc'' auch in PPN 1249340667","Satz gespeichert","---> 1249340675"
356, 1249340683,"Möglicherweise Dublette; 'TSL 'mitgthsc'' auch in PPN 1249274133","Satz gespeichert","---> 1249340683"
357, 1249340691,"---> 1249340691"
358, 1249340705,"Möglicherweise Dublette; 'TSL 'mitgwesc'' auch in PPN 1249274036","Satz gespeichert","---> 1249340705"
359, 1249340713,"---> 1249340713"
360, 1249340721,"Möglicherweise Dublette; 'TSL 'mitgfrsc'' auch in PPN 1249274273","Satz gespeichert","---> 1249340721"
361, 124934073X,"Möglicherweise Dublette; 'TSL 'mitgthsc'' auch in PPN 1249274133","Satz gespeichert","---> 124934073X"
362, 1249340748,"Möglicherweise Dublette; 'TSL 'mitgscve'' auch in PPN 1249340497","Satz gespeichert","---> 1249340748"
363, 1249340756,"Möglicherweise Dublette; 'TSL 'mitghasc'' auch in PPN 1249274826","Satz gespeichert","---> 1249340756"
364, 1249340764,"---> 1249340764"
365, 1249340772,"---> 1249340772"
366, 1249340780,"---> 1249340780"
367, 1249340799,"---> 1249340799"
368, 1249340802,"Möglicherweise Dublette; 'TSL 'mitghesc'' auch in PPN 1249274095","Satz gespeichert","---> 1249340802"
369, 1249340810,"Möglicherweise Dublette; 'TSL 'mitgjosc'' auch in PPN 1249274893","Satz gespeichert","---> 1249340810"
370, 1249340829,"---> 1249340829"
371, 1249340837,"---> 1249340837"
372, 1249340845,"---> 1249340845"
373, 1249340853,"---> 1249340853"
374, 1249340861,"---> 1249340861"
375, 124934087X,"---> 124934087X"
376, 1249340888,"---> 1249340888"
377, 1249340896,"Möglicherweise Dublette; 'TSL 'mitgmasc'' auch in PPN 1249274575","Satz gespeichert","---> 1249340896"
378, 124934090X,"---> 124934090X"
379, 1249340918,"Möglicherweise Dublette; 'TSL 'mitgersc'' auch in PPN 1249274184","Satz gespeichert","---> 1249340918"
380, 1249340926,"Möglicherweise Dublette; 'TSL 'mitgfrsc'' auch in PPN 1249274273","Satz gespeichert","---> 1249340926"
381, 1249340934,"---> 1249340934"
382, 1249340942,"---> 1249340942"
383, 1249340950,"Möglicherweise Dublette; 'TSL 'mitgfrsc'' auch in PPN 1249274273","Satz gespeichert","---> 1249340950"
384, 1249340969,"---> 1249340969"
385, 1249340977,"---> 1249340977"
386, 1249340985,"Möglicherweise Dublette; 'TSL 'mitgkasc'' auch in PPN 1249274478","Satz gespeichert","---> 1249340985"
387, 1249340993,"Möglicherweise Dublette; 'TSL 'mitghesc'' auch in PPN 1249274095","Satz gespeichert","---> 1249340993"
388, 1249341000,"---> 1249341000"
389, 1249341019,"Möglicherweise Dublette; 'TSL 'mitgfrsc'' auch in PPN 1249274273","Satz gespeichert","---> 1249341019"
390, 1249341027,"Möglicherweise Dublette; 'TSL 'mitgscbu'' auch in PPN 1249340942","Satz gespeichert","---> 1249341027"
391, 1249341035,"Möglicherweise Dublette; 'TSL 'mitgwesc'' auch in PPN 1249274036","Satz gespeichert","---> 1249341035"
392, 1249341043,"Möglicherweise Dublette; 'TSL 'mitgfrsc'' auch in PPN 1249274273","Satz gespeichert","---> 1249341043"
393, 1249341051,"Möglicherweise Dublette; 'TSL 'mitghesc'' auch in PPN 1249274095","Satz gespeichert","---> 1249341051"
394, 124934106X,"Möglicherweise Dublette; 'TSL 'mitghesc'' auch in PPN 1249274095","Satz gespeichert","---> 124934106X"
395, 1249341078,"Möglicherweise Dublette; 'TSL 'mitgsusc'' auch in PPN 1249340667","Satz gespeichert","---> 1249341078"
396, 1249341086,"---> 1249341086"
397, 1249341094,"Möglicherweise Dublette; 'TSL 'mitghesc'' auch in PPN 1249274095","Satz gespeichert","---> 1249341094"
398, 1249341116,"---> 1249341116"
399, 1249341124,"Möglicherweise Dublette; 'TSL 'mitgdrfrs'' auch in PPN 1249274532","Satz gespeichert","---> 1249341124"
400, 1249341132,"Möglicherweise Dublette; 'TSL 'mitgjosc'' auch in PPN 1249274893","Satz gespeichert","---> 1249341132"
401, 1249341140,"---> 1249341140"
402, 1249341159,"Möglicherweise Dublette; 'TSL 'mitgthsc'' auch in PPN 1249274133","Satz gespeichert","---> 1249341159"
403, 1249341167,"Möglicherweise Dublette; 'TSL 'mitgotsc'' auch in PPN 1249274648","Satz gespeichert","---> 1249341167"
404, 1249341175,"Möglicherweise Dublette; 'TSL 'mitgersc'' auch in PPN 1249274184","Satz gespeichert","---> 1249341175"
405, 1249341183,"Möglicherweise Dublette; 'TSL 'mitgmasc'' auch in PPN 1249274575","Satz gespeichert","---> 1249341183"
406, 1249341191,"Möglicherweise Dublette; 'TSL 'mitgdrpes'' auch in PPN 1249278384","Satz gespeichert","---> 1249341191"
407, 1249341205,"---> 1249341205"
408, 1249341213,"Möglicherweise Dublette; 'TSL 'mitghesc'' auch in PPN 1249274095","Satz gespeichert","---> 1249341213"
409, 1249341221,"Möglicherweise Dublette; 'TSL 'mitgchsc'' auch in PPN 1249340535","Satz gespeichert","---> 1249341221"
410, 124934123X,"Möglicherweise Dublette; 'TSL 'mitggesc'' auch in PPN 1249274796","Satz gespeichert","---> 124934123X"
411, 1249341248,"---> 1249341248"
412, 1249341256,"Möglicherweise Dublette; 'TSL 'mitgersc'' auch in PPN 1249274184","Satz gespeichert","---> 1249341256"
413, 1249341264,"Möglicherweise Dublette; 'TSL 'mitgfrsc'' auch in PPN 1249274273","Satz gespeichert","---> 1249341264"
414, 1249341272,"Möglicherweise Dublette; 'TSL 'mitghesc'' auch in PPN 1249274095","Satz gespeichert","---> 1249341272"
415, 1249341280,"---> 1249341280"
416, 1249341299,"Möglicherweise Dublette; 'TSL 'mitgsc'' auch in PPN 1249340845","Satz gespeichert","---> 1249341299"
417, 1249341302,"Möglicherweise Dublette; 'TSL 'mitgjosc'' auch in PPN 1249274893","Satz gespeichert","---> 1249341302"
418, 1249341310,"---> 1249341310"
419, 1249341329,"---> 1249341329"
420, 1249341337,"Möglicherweise Dublette; 'TSL 'mitggesc'' auch in PPN 1249274796","Satz gespeichert","---> 1249341337"
421, 1249341345,"Möglicherweise Dublette; 'TSL 'mitgjusc'' auch in PPN 1249340861","Satz gespeichert","---> 1249341345"
422, 1249341353,"Möglicherweise Dublette; 'TSL 'mitggesc'' auch in PPN 1249274796","Satz gespeichert","---> 1249341353"
423, 1249341361,"Möglicherweise Dublette; 'TSL 'mitgfrsc'' auch in PPN 1249274273","Satz gespeichert","---> 1249341361"
424, 124934137X,"Möglicherweise Dublette; 'TSL 'mitgwosc'' auch in PPN 1249341116","Satz gespeichert","---> 124934137X"
425, 1249341388,"---> 1249341388"
426, 1249341396,"---> 1249341396"
427, 124934140X,"Möglicherweise Dublette; 'TSL 'mitgwisc'' auch in PPN 1249275059","Satz gespeichert","---> 124934140X"
428, 1249341418,"---> 1249341418"
429, 1249341426,"Möglicherweise Dublette; 'TSL 'mitgfrscb'' auch in PPN 1249274788","Satz gespeichert","---> 1249341426"
430, 1249341434,"Möglicherweise Dublette; 'TSL 'mitgmasc'' auch in PPN 1249274575","Satz gespeichert","---> 1249341434"
431, 1249341442,"---> 1249341442"
432, 1249341450,"Möglicherweise Dublette; 'TSL 'mitgdisc'' auch in PPN 1249340977","Satz gespeichert","---> 1249341450"
433, 1249341469,"Möglicherweise Dublette; 'TSL 'mitghasc'' auch in PPN 1249274826","Satz gespeichert","---> 1249341469"
434, 1249341477,"Möglicherweise Dublette; 'TSL 'mitgmisc'' auch in PPN 1249341418","Satz gespeichert","---> 1249341477"
435, 1249341485,"Möglicherweise Dublette; 'TSL 'mitgjosc'' auch in PPN 1249274893","Satz gespeichert","---> 1249341485"
436, 1249341493,"---> 1249341493"
437, 1249341507,"---> 1249341507"
438, 1249341515,"Möglicherweise Dublette; 'TSL 'mitgheu h'' auch in PPN 1249261341","Satz gespeichert","---> 1249341515"
439, 1249341523,"Möglicherweise Dublette; 'TSL 'mitghusc'' auch in PPN 1249341329","Satz gespeichert","---> 1249341523"
440, 1249341531,"---> 1249341531"
441, 124934154X,"---> 124934154X"
442, 1249341558,"---> 1249341558"
443, 1249341566,"Möglicherweise Dublette; 'TSL 'mitgscve'' auch in PPN 1249340497","Satz gespeichert","---> 1249341566"
444, 1249341574,"Möglicherweise Dublette; 'TSL 'mitgdrges'' auch in PPN 1249277779","Satz gespeichert","---> 1249341574"
445, 1249341582,"Möglicherweise Dublette; 'TSL 'mitgjosc'' auch in PPN 1249274893","Satz gespeichert","---> 1249341582"
446, 1249341590,"---> 1249341590"
447, 1249341612,"---> 1249341612"
448, 1249341620,"---> 1249341620"
449, 1249341639,"---> 1249341639"
450, 1249341647,"Möglicherweise Dublette; 'TSL 'mitgansc'' auch in PPN 1249274591","Satz gespeichert","---> 1249341647"
451, 1249341655,"---> 1249341655"
452, 1249341663,"Möglicherweise Dublette; 'TSL 'mitghesc'' auch in PPN 1249274095","Satz gespeichert","---> 1249341663"
453, 1249341671,"Möglicherweise Dublette; 'TSL 'mitgmasc'' auch in PPN 1249274575","Satz gespeichert","---> 1249341671"
454, 124934168X,"---> 124934168X"
455, 1249341698,"---> 1249341698"
456, 1249341701,"Möglicherweise Dublette; 'TSL 'mitghesc'' auch in PPN 1249274095","Satz gespeichert","---> 1249341701"
457, 124934171X,"---> 124934171X"
458, 1249341728,"Möglicherweise Dublette; 'TSL 'mitgulsc'' auch in PPN 1249341442","Satz gespeichert","---> 1249341728"
459, 1249341736,"---> 1249341736"
460, 1249341744,"Möglicherweise Dublette; 'TSL 'mitgjosc'' auch in PPN 1249274893","Satz gespeichert","---> 1249341744"
461, 1249341752,"Möglicherweise Dublette; 'TSL 'mitgalsc'' auch in PPN 1249274176","Satz gespeichert","---> 1249341752"
462, 1249341760,"Möglicherweise Dublette; 'TSL 'mitgwiu m'' auch in PPN 1249281148","Satz gespeichert","---> 1249341760"
463, 1249341779,"Möglicherweise Dublette; 'TSL 'mitgmasc'' auch in PPN 1249274575","Satz gespeichert","---> 1249341779"
464, 1249341787,"Möglicherweise Dublette; 'TSL 'mitghasc'' auch in PPN 1249274826","Satz gespeichert","---> 1249341787"
465, 1249341795,"Möglicherweise Dublette; 'TSL 'mitgfrsc'' auch in PPN 1249274273","Satz gespeichert","---> 1249341795"
466, 1249341809,"Möglicherweise Dublette; 'TSL 'mitggusc'' auch in PPN 1249307805","Satz gespeichert","---> 1249341809"
467, 1249341817,"Möglicherweise Dublette; 'TSL 'mitgwisc'' auch in PPN 1249275059","Satz gespeichert","---> 1249341817"
468, 1249341825,"Möglicherweise Dublette; 'TSL 'mitgbesc'' auch in PPN 1249274222","Satz gespeichert","---> 1249341825"
469, 1249341833,"Möglicherweise Dublette; 'TSL 'mitgrosc'' auch in PPN 124934171X","Satz gespeichert","---> 1249341833"
470, 1249341841,"Möglicherweise Dublette; 'TSL 'mitgscdru'' auch in PPN 1249340934","Satz gespeichert","---> 1249341841"
471, 124934185X,"Möglicherweise Dublette; 'TSL 'mitghasc'' auch in PPN 1249274826","Satz gespeichert","---> 124934185X"
472, 1249341868,"---> 1249341868"
473, 1249341876,"---> 1249341876"
474, 1249341884,"Möglicherweise Dublette; 'TSL 'mitgwasc'' auch in PPN 1249341086","Satz gespeichert","---> 1249341884"
475, 1249341892,"Möglicherweise Dublette; 'TSL 'mitgsc'' auch in PPN 1249340845","Satz gespeichert","---> 1249341892"
476, 1249341906,"Möglicherweise Dublette; 'TSL 'mitgkasc'' auch in PPN 1249274478","Satz gespeichert","---> 1249341906"
477, 1249341914,"Möglicherweise Dublette; 'TSL 'mitgrosc'' auch in PPN 124934171X","Satz gespeichert","---> 1249341914"
478, 1249341922,"Möglicherweise Dublette; 'TSL 'mitgsc'' auch in PPN 1249340845","Satz gespeichert","---> 1249341922"
479, 1249341930,"---> 1249341930"
480, 1249341949,"Möglicherweise Dublette; 'TSL 'mitgmasc'' auch in PPN 1249274575","Satz gespeichert","---> 1249341949"
481, 1249341957,"---> 1249341957"
482, 1249341965,"Möglicherweise Dublette; 'TSL 'mitgfrsc'' auch in PPN 1249274273","Satz gespeichert","---> 1249341965"
483, 1249341973,"Möglicherweise Dublette; 'TSL 'mitgchsc'' auch in PPN 1249340535","Satz gespeichert","---> 1249341973"
484, 1249341981,"---> 1249341981"
485, 124934199X,"Möglicherweise Dublette; 'TSL 'mitgotsc'' auch in PPN 1249274648","Satz gespeichert","---> 124934199X"
486, 1249342007,"Möglicherweise Dublette; 'TSL 'mitgwesc'' auch in PPN 1249274036","Satz gespeichert","---> 1249342007"
487, 1249342023,"Möglicherweise Dublette; 'TSL 'mitgjosc'' auch in PPN 1249274893","Satz gespeichert","---> 1249342023"
488, 1249342031,"Möglicherweise Dublette; 'TSL 'mitggesc'' auch in PPN 1249274796","Satz gespeichert","---> 1249342031"
489, 124934204X,"Möglicherweise Dublette; 'TSL 'mitghasc'' auch in PPN 1249274826","Satz gespeichert","---> 124934204X"
490, 1249342058,"---> 1249342058"
491, 1249342066,"Möglicherweise Dublette; 'TSL 'mitgwasc'' auch in PPN 1249341086","Satz gespeichert","---> 1249342066"
492, 1249342074,"Möglicherweise Dublette; 'TSL 'mitgwesc'' auch in PPN 1249274036","Satz gespeichert","---> 1249342074"
493, 1249342082,"---> 1249342082"
494, 1249342090,"Möglicherweise Dublette; 'TSL 'mitgfrsc'' auch in PPN 1249274273","Satz gespeichert","---> 1249342090"
495, 1249342104,"Möglicherweise Dublette; 'TSL 'mitgansc'' auch in PPN 1249274591","Satz gespeichert","---> 1249342104"
496, 1249342112,"Möglicherweise Dublette; 'TSL 'mitgansc'' auch in PPN 1249274591","Satz gespeichert","---> 1249342112"
497, 1249342120,"---> 1249342120"
498, 1249342139,"Möglicherweise Dublette; 'TSL 'mitgbrsc'' auch in PPN 1249340772","Satz gespeichert","---> 1249342139"
499, 1249342147,"Möglicherweise Dublette; 'TSL 'mitgchsc'' auch in PPN 1249340535","Satz gespeichert","---> 1249342147"
500, 1249342155,"Möglicherweise Dublette; 'TSL 'mitgchsc'' auch in PPN 1249340535","Satz gespeichert","---> 1249342155"
501, 1249342163,"Möglicherweise Dublette; 'TSL 'mitgersc'' auch in PPN 1249274184","Satz gespeichert","---> 1249342163"
502, 1249342171,"Möglicherweise Dublette; 'TSL 'mitgersc'' auch in PPN 1249274184","Satz gespeichert","---> 1249342171"
503, 124934218X,"Möglicherweise Dublette; 'TSL 'mitgfrsc'' auch in PPN 1249274273","Satz gespeichert","---> 124934218X"
504, 1249342198,"---> 1249342198"
505, 1249342201,"Möglicherweise Dublette; 'TSL 'mitggusc'' auch in PPN 1249307805","Satz gespeichert","---> 1249342201"
506, 124934221X,"Möglicherweise Dublette; 'TSL 'mitghasc'' auch in PPN 1249274826","Satz gespeichert","---> 124934221X"
507, 1249342228,"Möglicherweise Dublette; 'TSL 'mitghesc'' auch in PPN 1249274095","Satz gespeichert","---> 1249342228"
508, 1249342236,"Möglicherweise Dublette; 'TSL 'mitghesc'' auch in PPN 1249274095","Satz gespeichert","---> 1249342236"
509, 1249342244,"Möglicherweise Dublette; 'TSL 'mitghesc'' auch in PPN 1249274095","Satz gespeichert","---> 1249342244"
510, 1249342252,"Möglicherweise Dublette; 'TSL 'mitgdrham'' auch in PPN 1249328624","Satz gespeichert","---> 1249342252"
511, 1249342260,"Möglicherweise Dublette; 'TSL 'mitgkasc'' auch in PPN 1249274478","Satz gespeichert","---> 1249342260"
512, 1249342279,"---> 1249342279"
513, 1249342287,"---> 1249342287"
514, 1249342295,"Möglicherweise Dublette; 'TSL 'mitgotsc'' auch in PPN 1249274648","Satz gespeichert","---> 1249342295"
515, 1249342309,"---> 1249342309"
516, 1249342317,"---> 1249342317"
517, 1249342325,"Möglicherweise Dublette; 'TSL 'mitgwisc'' auch in PPN 1249275059","Satz gespeichert","---> 1249342325"
518, 1249342333,"Möglicherweise Dublette; 'TSL 'mitgwosc'' auch in PPN 1249341116","Satz gespeichert","---> 1249342333"
519, 1249342341,"Möglicherweise Dublette; 'TSL 'mitggusc'' auch in PPN 1249307805","Satz gespeichert","---> 1249342341"
520, 124934235X,"---> 124934235X"
521, 1249342368,"Möglicherweise Dublette; 'TSL 'mitgbuu z'' auch in PPN 1249292883","Satz gespeichert","---> 1249342368"
522, 1249342376,"Möglicherweise Dublette; 'TSL 'mitgansc'' auch in PPN 1249274591","Satz gespeichert","---> 1249342376"
523, 1249342384,"---> 1249342384"
524, 1249342392,"Möglicherweise Dublette; 'TSL 'mitgdrfrs'' auch in PPN 1249274532","Satz gespeichert","---> 1249342392"
525, 1249342406,"---> 1249342406"
526, 1249342414,"Möglicherweise Dublette; 'TSL 'mitgkasc'' auch in PPN 1249274478","Satz gespeichert","---> 1249342414"
527, 1249342422,"---> 1249342422"
528, 1249342430,"Möglicherweise Dublette; 'TSL 'mitgmasc'' auch in PPN 1249274575","Satz gespeichert","---> 1249342430"
529, 1249342449,"Möglicherweise Dublette; 'TSL 'mitgwisc'' auch in PPN 1249275059","Satz gespeichert","---> 1249342449"
530, 1249342457,"Möglicherweise Dublette; 'TSL 'mitghasc'' auch in PPN 1249274826","Satz gespeichert","---> 1249342457"
531, 1249342465,"---> 1249342465"
532, 1249342473,"Möglicherweise Dublette; 'TSL 'mitgansc'' auch in PPN 1249274591","Satz gespeichert","---> 1249342473"
533, 1249342481,"Möglicherweise Dublette; 'TSL 'mitgedsc'' auch in PPN 1249340853","Satz gespeichert","---> 1249342481"
534, 124934249X,"Möglicherweise Dublette; 'TSL 'mitgfru h'' auch in PPN 1249270804","Satz gespeichert","---> 124934249X"
535, 1249342503,"---> 1249342503"
536, 1249342511,"---> 1249342511"
537, 124934252X,"---> 124934252X"
538, 1249342538,"Möglicherweise Dublette; 'TSL 'mitgwisc'' auch in PPN 1249275059","Satz gespeichert","---> 1249342538"
539, 1249342546,"Möglicherweise Dublette; 'TSL 'mitgwisc'' auch in PPN 1249275059","Satz gespeichert","---> 1249342546"
540, 1249342554,"---> 1249342554"
541, 1249342562,"Möglicherweise Dublette; 'TSL 'mitgsc'' auch in PPN 1249340845","Satz gespeichert","---> 1249342562"
542, 1249342570,"Möglicherweise Dublette; 'TSL 'mitghasc'' auch in PPN 1249274826","Satz gespeichert","---> 1249342570"
543, 1249342589,"Möglicherweise Dublette; 'TSL 'mitgbusc'' auch in PPN 1249293367","Satz gespeichert","---> 1249342589"
544, 1249342597,"Möglicherweise Dublette; 'TSL 'mitgtosc'' auch in PPN 1249342317","Satz gespeichert","---> 1249342597"
545, 1249342600,"---> 1249342600"
546, 1249342619,"---> 1249342619"
547, 1249342627,"---> 1249342627"
548, 1249342635,"Möglicherweise Dublette; 'TSL 'mitgansc'' auch in PPN 1249274591","Satz gespeichert","---> 1249342635"
549, 1249342643,"Möglicherweise Dublette; 'TSL 'mitgdrfrs'' auch in PPN 1249274532","Satz gespeichert","---> 1249342643"
550, 1249342651,"Möglicherweise Dublette; 'TSL 'mitgbesc'' auch in PPN 1249274222","Satz gespeichert","---> 1249342651"
551, 124934266X,"Möglicherweise Dublette; 'TSL 'mitgdrers'' auch in PPN 1249274370","Satz gespeichert","---> 124934266X"
552, 1249342678,"Möglicherweise Dublette; 'TSL 'mitggesc'' auch in PPN 1249274796","Satz gespeichert","---> 1249342678"
553, 1249342686,"Möglicherweise Dublette; 'TSL 'mitggesc'' auch in PPN 1249274796","Satz gespeichert","---> 1249342686"
554, 1249342694,"---> 1249342694"
555, 1249342708,"Möglicherweise Dublette; 'TSL 'mitghasc'' auch in PPN 1249274826","Satz gespeichert","---> 1249342708"
556, 1249342716,"Möglicherweise Dublette; 'TSL 'mitghesc'' auch in PPN 1249274095","Satz gespeichert","---> 1249342716"
557, 1249342724,"Möglicherweise Dublette; 'TSL 'mitghesc'' auch in PPN 1249274095","Satz gespeichert","---> 1249342724"
558, 1249342732,"Möglicherweise Dublette; 'TSL 'mitgdrjos'' auch in PPN 1249275512","Satz gespeichert","---> 1249342732"
559, 1249342740,"Möglicherweise Dublette; 'TSL 'mitgkasc'' auch in PPN 1249274478","Satz gespeichert","---> 1249342740"
560, 1249342759,"Möglicherweise Dublette; 'TSL 'mitgkafrs'' auch in PPN 1249276071","Satz gespeichert","---> 1249342759"
561, 1249342767,"---> 1249342767"
562, 1249342775,"---> 1249342775"
563, 1249342783,"Möglicherweise Dublette; 'TSL 'mitgrusc'' auch in PPN 124934168X","Satz gespeichert","---> 1249342783"
564, 1249342791,"---> 1249342791"
565, 1249342805,"---> 1249342805"
566, 1249342813,"Möglicherweise Dublette; 'TSL 'mitghesc'' auch in PPN 1249274095","Satz gespeichert","---> 1249342813"
567, 1249342821,"Möglicherweise Dublette; 'TSL 'mitgalsc'' auch in PPN 1249274176","Satz gespeichert","---> 1249342821"
568, 124934283X,"Möglicherweise Dublette; 'TSL 'mitgmisc'' auch in PPN 1249341418","Satz gespeichert","---> 124934283X"
569, 1249342848,"Möglicherweise Dublette; 'TSL 'mitggesc'' auch in PPN 1249274796","Satz gespeichert","---> 1249342848"
570, 1249342856,"Möglicherweise Dublette; 'TSL 'mitggusc'' auch in PPN 1249307805","Satz gespeichert","---> 1249342856"
571, 1249342864,"Möglicherweise Dublette; 'TSL 'mitgscbu'' auch in PPN 1249340942","Satz gespeichert","---> 1249342864"
572, 1249342872,"Möglicherweise Dublette; 'TSL 'mitgelsc'' auch in PPN 1249340713","Satz gespeichert","---> 1249342872"
573, 1249342880,"---> 1249342880"
574, 1249342899,"Möglicherweise Dublette; 'TSL 'mitgstsc'' auch in PPN 1249341396","Satz gespeichert","---> 1249342899"
575, 1249342902,"Möglicherweise Dublette; 'TSL 'mitgdisc'' auch in PPN 1249340977","Satz gespeichert","---> 1249342902"
576, 1249342910,"Möglicherweise Dublette; 'TSL 'mitgdrhes'' auch in PPN 1249274869","Satz gespeichert","---> 1249342910"
577, 1249342929,"Möglicherweise Dublette; 'TSL 'mitggesc'' auch in PPN 1249274796","Satz gespeichert","---> 1249342929"
578, 1249342937,"---> 1249342937"
579, 1249342945,"---> 1249342945"
580, 1249342953,"---> 1249342953"
581, 124934297X,"Möglicherweise Dublette; 'TSL 'mitgersc'' auch in PPN 1249274184","Satz gespeichert","---> 124934297X"
582, 1249342988,"Möglicherweise Dublette; 'TSL 'mitgjosc'' auch in PPN 1249274893","Satz gespeichert","---> 1249342988"
583, 1249342996,"Möglicherweise Dublette; 'TSL 'mitgmisc'' auch in PPN 1249341418","Satz gespeichert","---> 1249342996"
584, 1249343003,"Möglicherweise Dublette; 'TSL 'mitgrusc'' auch in PPN 124934168X","Satz gespeichert","---> 1249343003"
585, 1249343011,"Möglicherweise Dublette; 'TSL 'mitglusc'' auch in PPN 1249274702","Satz gespeichert","---> 1249343011"
586, 124934302X,"---> 124934302X"
587, 1249343038,"Möglicherweise Dublette; 'TSL 'mitgedsc'' auch in PPN 1249340853","Satz gespeichert","---> 1249343038"
588, 1249343046,"Möglicherweise Dublette; 'TSL 'mitglosc'' auch in PPN 1249341140","Satz gespeichert","---> 1249343046"
589, 1249343054,"---> 1249343054"
590, 1249343062,"Möglicherweise Dublette; 'TSL 'mitgwosc'' auch in PPN 1249341116","Satz gespeichert","---> 1249343062"
591, 1249343070,"Möglicherweise Dublette; 'TSL 'mitgkasc'' auch in PPN 1249274478","Satz gespeichert","---> 1249343070"
592, 1249343089,"Möglicherweise Dublette; 'TSL 'mitgarsc'' auch in PPN 1249275075","Satz gespeichert","---> 1249343089"
593, 1249343097,"Möglicherweise Dublette; 'TSL 'mitgbesc'' auch in PPN 1249274222","Satz gespeichert","---> 1249343097"
594, 1249343100,"Möglicherweise Dublette; 'TSL 'mitggeu r'' auch in PPN 1249263247","Satz gespeichert","---> 1249343100"
595, 1249343119,"---> 1249343119"
596, 1249343127,"Möglicherweise Dublette; 'TSL 'mitgkosc'' auch in PPN 1249342287","Satz gespeichert","---> 1249343127"
597, 1249343135,"Möglicherweise Dublette; 'TSL 'mitgwisc'' auch in PPN 1249275059","Satz gespeichert","---> 1249343135"
598, 1249343143,"Möglicherweise Dublette; 'TSL 'mitgscgm'' auch in PPN 1249342953","Satz gespeichert","---> 1249343143"
599, 1249343151,"Möglicherweise Dublette; 'TSL 'mitgulsc'' auch in PPN 1249341442","Satz gespeichert","---> 1249343151"
600, 124934316X,"Möglicherweise Dublette; 'TSL 'mitghasc'' auch in PPN 1249274826","Satz gespeichert","---> 124934316X"
601, 1249343178,"Möglicherweise Dublette; 'TSL 'mitgheu m'' auch in PPN 1249267943","Satz gespeichert","---> 1249343178"
602, 1249343186,"---> 1249343186"
603, 1249343194,"Möglicherweise Dublette; 'TSL 'mitglisc'' auch in PPN 1249341639","Satz gespeichert","---> 1249343194"
604, 1249343208,"Möglicherweise Dublette; 'TSL 'mitglesc'' auch in PPN 1249323681","Satz gespeichert","---> 1249343208"
605, 1249343216,"Möglicherweise Dublette; 'TSL 'mitgphsc'' auch in PPN 124927446X","Satz gespeichert","---> 1249343216"
606, 1249343224,"Möglicherweise Dublette; 'TSL 'mitghau m'' auch in PPN 1249285542","Satz gespeichert","---> 1249343224"
607, 1249343232,"Möglicherweise Dublette; 'TSL 'mitggasc'' auch in PPN 1249304350","Satz gespeichert","---> 1249343232"
608, 1249343240,"---> 1249343240"
609, 1249343259,"Möglicherweise Dublette; 'TSL 'mitghesc'' auch in PPN 1249274095","Satz gespeichert","---> 1249343259"
610, 1249343267,"Möglicherweise Dublette; 'TSL 'mitgbesc'' auch in PPN 1249274222","Satz gespeichert","---> 1249343267"
611, 1249343275,"Möglicherweise Dublette; 'TSL 'mitgmasc'' auch in PPN 1249274575","Satz gespeichert","---> 1249343275"
612, 1249343283,"---> 1249343283"
613, 1249343291,"Möglicherweise Dublette; 'TSL 'mitglusc'' auch in PPN 1249274702","Satz gespeichert","---> 1249343291"
614, 1249343305,"Möglicherweise Dublette; 'TSL 'mitgmisc'' auch in PPN 1249341418","Satz gespeichert","---> 1249343305"
615, 1249343313,"Möglicherweise Dublette; 'TSL 'mitglosc'' auch in PPN 1249341140","Satz gespeichert","---> 1249343313"
616, 1249343321,"Möglicherweise Dublette; 'TSL 'mitgscbup'' auch in PPN 1249333768","Satz gespeichert","---> 1249343321"
617, 124934333X,"---> 124934333X"
618, 1249343348,"---> 1249343348"
619, 1249343356,"Möglicherweise Dublette; 'TSL 'mitgfrsc'' auch in PPN 1249274273","Satz gespeichert","---> 1249343356"
620, 1249343364,"Möglicherweise Dublette; 'TSL 'mitghesc'' auch in PPN 1249274095","Satz gespeichert","---> 1249343364"
621, 1249343372,"---> 1249343372"
622, 1249343380,"Möglicherweise Dublette; 'TSL 'mitgkusc'' auch in PPN 1249340829","Satz gespeichert","---> 1249343380"
623, 1249343399,"Möglicherweise Dublette; 'TSL 'mitgkusc'' auch in PPN 1249340829","Satz gespeichert","---> 1249343399"
624, 1249343402,"Möglicherweise Dublette; 'TSL 'mitghasc'' auch in PPN 1249274826","Satz gespeichert","---> 1249343402"
625, 1249343410,"Möglicherweise Dublette; 'TSL 'mitgbrsc'' auch in PPN 1249340772","Satz gespeichert","---> 1249343410"
626, 1249343429,"---> 1249343429"
627, 1249343437,"---> 1249343437"
628, 1249343445,"Möglicherweise Dublette; 'TSL 'mitgsc'' auch in PPN 1249340845","Satz gespeichert","---> 1249343445"
629, 1249343453,"---> 1249343453"
630, 1249343461,"Möglicherweise Dublette; 'TSL 'mitgmau h'' auch in PPN 1249322642","Satz gespeichert","---> 1249343461"
631, 124934347X,"Möglicherweise Dublette; 'TSL 'mitgscbu'' auch in PPN 1249340942","Satz gespeichert","---> 124934347X"
632, 1249343488,"---> 1249343488"
633, 1249343496,"---> 1249343496"
634, 124934350X,"---> 124934350X"
635, 1249343518,"Möglicherweise Dublette; 'TSL 'mitggesc'' auch in PPN 1249274796","Satz gespeichert","---> 1249343518"
636, 1249343526,"Möglicherweise Dublette; 'TSL 'mitgfrsc'' auch in PPN 1249274273","Satz gespeichert","---> 1249343526"
637, 1249343534,"Möglicherweise Dublette; 'TSL 'mitggusc'' auch in PPN 1249307805","Satz gespeichert","---> 1249343534"
638, 1249343542,"Möglicherweise Dublette; 'TSL 'mitghasc'' auch in PPN 1249274826","Satz gespeichert","---> 1249343542"
639, 1249343550,"Möglicherweise Dublette; 'TSL 'mitgkusc'' auch in PPN 1249340829","Satz gespeichert","---> 1249343550"
640, 1249343569,"Möglicherweise Dublette; 'TSL 'mitgmavos'' auch in PPN 1249275776","Satz gespeichert","---> 1249343569"
641, 1249343577,"Möglicherweise Dublette; 'TSL 'mitgresc'' auch in PPN 1249343054","Satz gespeichert","---> 1249343577"
642, 1249343585,"Möglicherweise Dublette; 'TSL 'mitgkasc'' auch in PPN 1249274478","Satz gespeichert","---> 1249343585"
643, 1249343593,"Möglicherweise Dublette; 'TSL 'mitgjasc'' auch in PPN 1249341310","Satz gespeichert","---> 1249343593"
644, 1249343607,"Möglicherweise Dublette; 'TSL 'mitgmisc'' auch in PPN 1249341418","Satz gespeichert","---> 1249343607"
645, 1249343615,"Möglicherweise Dublette; 'TSL 'mitgansc'' auch in PPN 1249274591","Satz gespeichert","---> 1249343615"
646, 1249343623,"---> 1249343623"
647, 1249343631,"---> 1249343631"
648, 124934364X,"Möglicherweise Dublette; 'TSL 'mitghesc'' auch in PPN 1249274095","Satz gespeichert","---> 124934364X"
649, 1249343666,"Möglicherweise Dublette; 'TSL 'mitgbesc'' auch in PPN 1249274222","Satz gespeichert","---> 1249343666"
650, 1249343674,"Möglicherweise Dublette; 'TSL 'mitgrusc'' auch in PPN 124934168X","Satz gespeichert","---> 1249343674"
651, 1249343682,"Möglicherweise Dublette; 'TSL 'mitgsasc'' auch in PPN 1249340764","Satz gespeichert","---> 1249343682"
652, 1249343690,"Möglicherweise Dublette; 'TSL 'mitghasc'' auch in PPN 1249274826","Satz gespeichert","---> 1249343690"
653, 1249343704,"---> 1249343704"
654, 1249343712,"Möglicherweise Dublette; 'TSL 'mitggasc'' auch in PPN 1249304350","Satz gespeichert","---> 1249343712"
655, 1249343720,"Möglicherweise Dublette; 'TSL 'mitgpasc'' auch in PPN 1249274052","Satz gespeichert","---> 1249343720"
656, 1249343739,"Möglicherweise Dublette; 'TSL 'mitgpasc'' auch in PPN 1249274052","Satz gespeichert","---> 1249343739"
657, 1249343747,"Möglicherweise Dublette; 'TSL 'mitgwesc'' auch in PPN 1249274036","Satz gespeichert","---> 1249343747"
658, 1249343755,"Möglicherweise Dublette; 'TSL 'mitgeru a'' auch in PPN 1249300444","Satz gespeichert","---> 1249343755"
659, 1249343763,"---> 1249343763"
660, 1249343771,"Möglicherweise Dublette; 'TSL 'mitggisc'' auch in PPN 1249342503","Satz gespeichert","---> 1249343771"
661, 124934378X,"---> 124934378X"
662, 1249343798,"Möglicherweise Dublette; 'TSL 'mitgjosc'' auch in PPN 1249274893","Satz gespeichert","---> 1249343798"
663, 1249343801,"Möglicherweise Dublette; 'TSL 'mitggesc'' auch in PPN 1249274796","Satz gespeichert","---> 1249343801"
664, 124934381X,"Möglicherweise Dublette; 'TSL 'mitgevsc'' auch in PPN 1249301262","Satz gespeichert","---> 124934381X"
665, 1249343828,"Möglicherweise Dublette; 'TSL 'mitghesc'' auch in PPN 1249274095","Satz gespeichert","---> 1249343828"
666, 1249343836,"Möglicherweise Dublette; 'TSL 'mitgsasc'' auch in PPN 1249340764","Satz gespeichert","---> 1249343836"
667, 1249343844,"---> 1249343844"
668, 1249343852,"Möglicherweise Dublette; 'TSL 'mitgvosc'' auch in PPN 1249343844","Satz gespeichert","---> 1249343852"
669, 1249343860,"---> 1249343860"
670, 1249343879,"---> 1249343879"
671, 1249343887,"Möglicherweise Dublette; 'TSL 'mitgscve'' auch in PPN 1249340497","Satz gespeichert","---> 1249343887"
672, 1249343895,"Möglicherweise Dublette; 'TSL 'mitgwisc'' auch in PPN 1249275059","Satz gespeichert","---> 1249343895"
673, 1249343909,"Möglicherweise Dublette; 'TSL 'mitghesc'' auch in PPN 1249274095","Satz gespeichert","---> 1249343909"
674, 1249343917,"Möglicherweise Dublette; 'TSL 'mitghesc'' auch in PPN 1249274095","Satz gespeichert","---> 1249343917"
675, 1249343925,"Möglicherweise Dublette; 'TSL 'mitgresc'' auch in PPN 1249343054","Satz gespeichert","---> 1249343925"
676, 1249343933,"---> 1249343933"
677, 1249343941,"Möglicherweise Dublette; 'TSL 'mitgwesc'' auch in PPN 1249274036","Satz gespeichert","---> 1249343941"
678, 1249343968,"Möglicherweise Dublette; 'TSL 'mitggesc'' auch in PPN 1249274796","Satz gespeichert","---> 1249343968"
679, 1249343984,"Möglicherweise Dublette; 'TSL 'mitgscco'' auch in PPN 1249341000","Satz gespeichert","---> 1249343984"
680, 1249343992,"Möglicherweise Dublette; 'TSL 'mitgmasc'' auch in PPN 1249274575","Satz gespeichert","---> 1249343992"
681, 124934400X,"Möglicherweise Dublette; 'TSL 'mitglusc'' auch in PPN 1249274702","Satz gespeichert","---> 124934400X"
682, 1249344018,"Möglicherweise Dublette; 'TSL 'mitgdrhes'' auch in PPN 1249274869","Satz gespeichert","---> 1249344018"
683, 1249344026,"Möglicherweise Dublette; 'TSL 'mitghesc'' auch in PPN 1249274095","Satz gespeichert","---> 1249344026"
684, 1249344034,"---> 1249344034"
685, 1249344042,"---> 1249344042"
686, 1249344050,"Möglicherweise Dublette; 'TSL 'mitgansc'' auch in PPN 1249274591","Satz gespeichert","---> 1249344050"
687, 1249344069,"---> 1249344069"
688, 1249344077,"Möglicherweise Dublette; 'TSL 'mitggesc'' auch in PPN 1249274796","Satz gespeichert","---> 1249344077"
689, 1249344085,"Möglicherweise Dublette; 'TSL 'mitgheges'' auch in PPN 1249341051","Satz gespeichert","---> 1249344085"
690, 1249344093,"Möglicherweise Dublette; 'TSL 'mitgklsc'' auch in PPN 1249342279","Satz gespeichert","---> 1249344093"
691, 1249344107,"---> 1249344107"
692, 1249344115,"Möglicherweise Dublette; 'TSL 'mitghesc'' auch in PPN 1249274095","Satz gespeichert","---> 1249344115"
693, 1249344123,"Möglicherweise Dublette; 'TSL 'mitglosc'' auch in PPN 1249341140","Satz gespeichert","---> 1249344123"
694, 1249344131,"---> 1249344131"
695, 124934414X,"Möglicherweise Dublette; 'TSL 'mitgotsc'' auch in PPN 1249274648","Satz gespeichert","---> 124934414X"
696, 1249344158,"---> 1249344158"
697, 1249344174,"Möglicherweise Dublette; 'TSL 'mitgthsc'' auch in PPN 1249274133","Satz gespeichert","---> 1249344174"
698, 1249344182,"Möglicherweise Dublette; 'TSL 'mitgwasc'' auch in PPN 1249341086","Satz gespeichert","---> 1249344182"
699, 1249344190,"Möglicherweise Dublette; 'TSL 'mitgersc'' auch in PPN 1249274184","Satz gespeichert","---> 1249344190"
700, 1249344204,"Möglicherweise Dublette; 'TSL 'mitghasc'' auch in PPN 1249274826","Satz gespeichert","---> 1249344204"
701, 1249344212,"Möglicherweise Dublette; 'TSL 'mitgjosc'' auch in PPN 1249274893","Satz gespeichert","---> 1249344212"
702, 1249344239,"Möglicherweise Dublette; 'TSL 'mitgmasc'' auch in PPN 1249274575","Satz gespeichert","---> 1249344239"
703, 1249344247,"---> 1249344247"
704, 1249344255,"Möglicherweise Dublette; 'TSL 'mitgrosc'' auch in PPN 124934171X","Satz gespeichert","---> 1249344255"
705, 1249344263,"---> 1249344263"
706, 1249344271,"Möglicherweise Dublette; 'TSL 'mitgphsc'' auch in PPN 124927446X","Satz gespeichert","---> 1249344271"
707, 124934428X,"Möglicherweise Dublette; 'TSL 'mitgwasc'' auch in PPN 1249341086","Satz gespeichert","---> 124934428X"
708, 1249344298,"Möglicherweise Dublette; 'TSL 'mitgwisc'' auch in PPN 1249275059","Satz gespeichert","---> 1249344298"
709, 1249344301,"---> 1249344301"
710, 1249344328,"Möglicherweise Dublette; 'TSL 'mitgelsc'' auch in PPN 1249340713","Satz gespeichert","---> 1249344328"
711, 1249344336,"Möglicherweise Dublette; 'TSL 'mitgelsc'' auch in PPN 1249340713","Satz gespeichert","---> 1249344336"
712, 1249344344,"Möglicherweise Dublette; 'TSL 'mitgrisc'' auch in PPN 1249341493","Satz gespeichert","---> 1249344344"
713, 1249344352,"---> 1249344352"
714, 1249344360,"---> 1249344360"
715, 1249344379,"Möglicherweise Dublette; 'TSL 'mitgansc'' auch in PPN 1249274591","Satz gespeichert","---> 1249344379"
716, 1249344387,"Möglicherweise Dublette; 'TSL 'mitgwisc'' auch in PPN 1249275059","Satz gespeichert","---> 1249344387"
717, 1249344395,"Möglicherweise Dublette; 'TSL 'mitgfrsc'' auch in PPN 1249274273","Satz gespeichert","---> 1249344395"
718, 1249344409,"Möglicherweise Dublette; 'TSL 'mitgkasc'' auch in PPN 1249274478","Satz gespeichert","---> 1249344409"
719, 1249344417,"---> 1249344417"
720, 1249344425,"Möglicherweise Dublette; 'TSL 'mitgersc'' auch in PPN 1249274184","Satz gespeichert","---> 1249344425"
721, 1249344433,"Möglicherweise Dublette; 'TSL 'mitghasc'' auch in PPN 1249274826","Satz gespeichert","---> 1249344433"
722, 1249344441,"Möglicherweise Dublette; 'TSL 'mitgkasc'' auch in PPN 1249274478","Satz gespeichert","---> 1249344441"
723, 124934445X,"Möglicherweise Dublette; 'TSL 'mitgscco'' auch in PPN 1249341000","Satz gespeichert","---> 124934445X"
724, 1249344468,"---> 1249344468"
725, 1249344476,"Möglicherweise Dublette; 'TSL 'mitgsc'' auch in PPN 1249340845","Satz gespeichert","---> 1249344476"
726, 1249344484,"---> 1249344484"
727, 1249344492,"Möglicherweise Dublette; 'TSL 'mitgedsc'' auch in PPN 1249340853","Satz gespeichert","---> 1249344492"
728, 1249344506,"Möglicherweise Dublette; 'TSL 'mitgpasc'' auch in PPN 1249274052","Satz gespeichert","---> 1249344506"
729, 1249344514,"Möglicherweise Dublette; 'TSL 'mitgkasc'' auch in PPN 1249274478","Satz gespeichert","---> 1249344514"
730, 1249344522,"Möglicherweise Dublette; 'TSL 'mitggesc'' auch in PPN 1249274796","Satz gespeichert","---> 1249344522"
731, 1249344530,"Möglicherweise Dublette; 'TSL 'mitgscgm'' auch in PPN 1249342953","Satz gespeichert","---> 1249344530"
732, 1249344549,"---> 1249344549"
733, 1249344557,"Möglicherweise Dublette; 'TSL 'mitgelsc'' auch in PPN 1249340713","Satz gespeichert","---> 1249344557"
734, 1249344565,"Möglicherweise Dublette; 'TSL 'mitgelsc'' auch in PPN 1249340713","Satz gespeichert","---> 1249344565"
735, 1249344573,"Möglicherweise Dublette; 'TSL 'mitggusc'' auch in PPN 1249307805","Satz gespeichert","---> 1249344573"
736, 1249344581,"Möglicherweise Dublette; 'TSL 'mitghasc'' auch in PPN 1249274826","Satz gespeichert","---> 1249344581"
737, 124934459X,"Möglicherweise Dublette; 'TSL 'mitghisc'' auch in PPN 1249340632","Satz gespeichert","---> 124934459X"
738, 1249344603,"---> 1249344603"
739, 1249344611,"Möglicherweise Dublette; 'TSL 'mitgjusc'' auch in PPN 1249340861","Satz gespeichert","---> 1249344611"
740, 124934462X,"Möglicherweise Dublette; 'TSL 'mitgrisc'' auch in PPN 1249341493","Satz gespeichert","---> 124934462X"
741, 1249344638,"Möglicherweise Dublette; 'TSL 'mitgrisc'' auch in PPN 1249341493","Satz gespeichert","---> 1249344638"
742, 1249344646,"Möglicherweise Dublette; 'TSL 'mitgscgm'' auch in PPN 1249342953","Satz gespeichert","---> 1249344646"
743, 1249344654,"Möglicherweise Dublette; 'TSL 'mitgrisc'' auch in PPN 1249341493","Satz gespeichert","---> 1249344654"
744, 1249344662,"Möglicherweise Dublette; 'TSL 'mitgscve'' auch in PPN 1249340497","Satz gespeichert","---> 1249344662"
745, 1249344670,"Möglicherweise Dublette; 'TSL 'mitgscbu'' auch in PPN 1249340942","Satz gespeichert","---> 1249344670"
746, 1249344689,"---> 1249344689"
747, 1249344697,"Möglicherweise Dublette; 'TSL 'mitgelsc'' auch in PPN 1249340713","Satz gespeichert","---> 1249344697"
748, 1249344700,"---> 1249344700"
749, 1249344719,"Möglicherweise Dublette; 'TSL 'mitgchsc'' auch in PPN 1249340535","Satz gespeichert","---> 1249344719"
750, 1249344727,"Möglicherweise Dublette; 'TSL 'mitggasc'' auch in PPN 1249304350","Satz gespeichert","---> 1249344727"
751, 1249344735,"Möglicherweise Dublette; 'TSL 'mitgjusc'' auch in PPN 1249340861","Satz gespeichert","---> 1249344735"
752, 1249344743,"Möglicherweise Dublette; 'TSL 'mitgirsc'' auch in PPN 1249274044","Satz gespeichert","---> 1249344743"
753, 1249344751,"Möglicherweise Dublette; 'TSL 'mitgemsc'' auch in PPN 1249344069","Satz gespeichert","---> 1249344751"
754, 124934476X,"Möglicherweise Dublette; 'TSL 'mitglisc'' auch in PPN 1249341639","Satz gespeichert","---> 124934476X"
755, 1249344778,"---> 1249344778"
756, 1249344786,"Möglicherweise Dublette; 'TSL 'mitgigsc'' auch in PPN 1249344778","Satz gespeichert","---> 1249344786"
757, 1249344794,"Möglicherweise Dublette; 'TSL 'mitgigsc'' auch in PPN 1249344778","Satz gespeichert","---> 1249344794"
758, 1249344808,"---> 1249344808"
759, 1249344816,"Möglicherweise Dublette; 'TSL 'mitgthsc'' auch in PPN 1249274133","Satz gespeichert","---> 1249344816"
760, 1249344824,"Möglicherweise Dublette; 'TSL 'mitgwisc'' auch in PPN 1249275059","Satz gespeichert","---> 1249344824"
761, 1249344832,"Möglicherweise Dublette; 'TSL 'mitgrosc'' auch in PPN 124934171X","Satz gespeichert","---> 1249344832"
762, 1249344840,"Möglicherweise Dublette; 'TSL 'mitgersc'' auch in PPN 1249274184","Satz gespeichert","---> 1249344840"
763, 1249344859,"Möglicherweise Dublette; 'TSL 'mitgcasc'' auch in PPN 1249341868","Satz gespeichert","---> 1249344859"
764, 1249344867,"Möglicherweise Dublette; 'TSL 'mitggesc'' auch in PPN 1249274796","Satz gespeichert","---> 1249344867"
765, 1249344875,"Möglicherweise Dublette; 'TSL 'mitgursc'' auch in PPN 1249341957","Satz gespeichert","---> 1249344875"
766, 1249344883,"Möglicherweise Dublette; 'TSL 'mitgscve'' auch in PPN 1249340497","Satz gespeichert","---> 1249344883"
767, 1249344891,"Möglicherweise Dublette; 'TSL 'mitgchsc'' auch in PPN 1249340535","Satz gespeichert","---> 1249344891"
768, 1249344905,"Möglicherweise Dublette; 'TSL 'mitghasc'' auch in PPN 1249274826","Satz gespeichert","---> 1249344905"
769, 1249344913,"Möglicherweise Dublette; 'TSL 'mitgmasc'' auch in PPN 1249274575","Satz gespeichert","---> 1249344913"
770, 1249344921,"Möglicherweise Dublette; 'TSL 'mitgheges'' auch in PPN 1249341051","Satz gespeichert","---> 1249344921"
771, 124934493X,"Möglicherweise Dublette; 'TSL 'mitgdisc'' auch in PPN 1249340977","Satz gespeichert","---> 124934493X"
772, 1249344948,"Möglicherweise Dublette; 'TSL 'mitgersc'' auch in PPN 1249274184","Satz gespeichert","---> 1249344948"
773, 1249344956,"Möglicherweise Dublette; 'TSL 'mitgchsc'' auch in PPN 1249340535","Satz gespeichert","---> 1249344956"
774, 1249344964,"Möglicherweise Dublette; 'TSL 'mitgtosc'' auch in PPN 1249342317","Satz gespeichert","---> 1249344964"
775, 1249344972,"---> 1249344972"
776, 1249344999,"Möglicherweise Dublette; 'TSL 'mitgscve'' auch in PPN 1249340497","Satz gespeichert","---> 1249344999"
777, 1249345006,"Möglicherweise Dublette; 'TSL 'mitgsc'' auch in PPN 1249340845","Satz gespeichert","---> 1249345006"
778, 1249345014,"---> 1249345014"
779, 1249345022,"---> 1249345022"
780, 1249345030,"---> 1249345030"
781, 1249345049,"---> 1249345049"
782, 1249345057,"---> 1249345057"
783, 1249345065,"---> 1249345065"
784, 1249345073,"Möglicherweise Dublette; 'TSL 'mitgseve'' auch in PPN 1249345065","Satz gespeichert","---> 1249345073"
785, 1249345081,"---> 1249345081"
786, 124934509X,"Möglicherweise Dublette; 'TSL 'mitgseve'' auch in PPN 1249345065","Satz gespeichert","---> 124934509X"
787, 1249345103,"---> 1249345103"
788, 1249345111,"---> 1249345111"
789, 124934512X,"---> 124934512X"
790, 1249345138,"---> 1249345138"
791, 1249345146,"---> 1249345146"
792, 1249345154,"---> 1249345154"
793, 1249345170,"---> 1249345170"
794, 1249345189,"---> 1249345189"
795, 1249345197,"---> 1249345197"
796, 1249345200,"---> 1249345200"
797, 1249345219,"---> 1249345219"
798, 1249345227,"---> 1249345227"
799, 1249345235,"Möglicherweise Dublette; 'TSL 'mitgmase'' auch in PPN 1249345219","Satz gespeichert","---> 1249345235"
800, 1249345243,"---> 1249345243"
801, 1249345251,"---> 1249345251"
802, 124934526X,"---> 124934526X"
803, 1249345278,"---> 1249345278"
804, 1249345286,"---> 1249345286"
805, 1249345294,"Möglicherweise Dublette; 'TSL 'mitgmase'' auch in PPN 1249345219","Satz gespeichert","---> 1249345294"
806, 1249345308,"Möglicherweise Dublette; 'TSL 'mitgalse'' auch in PPN 124934512X","Satz gespeichert","---> 1249345308"
807, 1249345316,"---> 1249345316"
808, 1249345324,"---> 1249345324"
809, 1249345332,"Möglicherweise Dublette; 'TSL 'mitgseco'' auch in PPN 124929553X","Satz gespeichert","---> 1249345332"
810, 1249345340,"---> 1249345340"
811, 1249345359,"Möglicherweise Dublette; 'TSL 'mitgrose'' auch in PPN 1249345030","Satz gespeichert","---> 1249345359"
812, 1249345367,"Möglicherweise Dublette; 'TSL 'mitgwose'' auch in PPN 1249345227","Satz gespeichert","---> 1249345367"
813, 1249345375,"---> 1249345375"
814, 1249345383,"---> 1249345383"
815, 1249345391,"Möglicherweise Dublette; 'TSL 'mitgseve'' auch in PPN 1249345065","Satz gespeichert","---> 1249345391"
816, 1249345405,"---> 1249345405"
817, 1249345413,"Möglicherweise Dublette; 'TSL 'mitgmase'' auch in PPN 1249345219","Satz gespeichert","---> 1249345413"
818, 1249345421,"---> 1249345421"
819, 124934543X,"---> 124934543X"
820, 1249345448,"Möglicherweise Dublette; 'TSL 'mitgdrars'' auch in PPN 1249275091","Satz gespeichert","---> 1249345448"
821, 1249345456,"Möglicherweise Dublette; 'TSL 'mitgseve'' auch in PPN 1249345065","Satz gespeichert","---> 1249345456"
822, 1249345464,"Möglicherweise Dublette; 'TSL 'mitgrise'' auch in PPN 1249345340","Satz gespeichert","---> 1249345464"
823, 1249345472,"Möglicherweise Dublette; 'TSL 'mitgrise'' auch in PPN 1249345340","Satz gespeichert","---> 1249345472"
824, 1249345480,"---> 1249345480"
825, 1249345499,"Möglicherweise Dublette; 'TSL 'mitgpese'' auch in PPN 1249345251","Satz gespeichert","---> 1249345499"
826, 1249345502,"---> 1249345502"
827, 1249345529,"Möglicherweise Dublette; 'TSL 'mitgse'' auch in PPN 1249345073","Satz gespeichert","---> 1249345529"
828, 1249345537,"---> 1249345537"
829, 1249345545,"Möglicherweise Dublette; 'TSL 'mitgalse'' auch in PPN 124934512X","Satz gespeichert","---> 1249345545"
830, 1249345553,"Möglicherweise Dublette; 'TSL 'mitgerse'' auch in PPN 1249345111","Satz gespeichert","---> 1249345553"
831, 1249345561,"Möglicherweise Dublette; 'TSL 'mitgseve'' auch in PPN 1249345065","Satz gespeichert","---> 1249345561"
832, 124934557X,"---> 124934557X"
833, 1249345588,"Möglicherweise Dublette; 'TSL 'mitgmase'' auch in PPN 1249345219","Satz gespeichert","---> 1249345588"
834, 1249345596,"---> 1249345596"
835, 124934560X,"---> 124934560X"
836, 1249345618,"Möglicherweise Dublette; 'TSL 'mitgguse'' auch in PPN 1249345170","Satz gespeichert","---> 1249345618"
837, 1249345626,"---> 1249345626"
838, 1249345634,"---> 1249345634"
839, 1249345642,"Möglicherweise Dublette; 'TSL 'mitgseve'' auch in PPN 1249345065","Satz gespeichert","---> 1249345642"
840, 1249345650,"Möglicherweise Dublette; 'TSL 'mitgthse'' auch in PPN 1249345154","Satz gespeichert","---> 1249345650"
841, 1249345669,"Möglicherweise Dublette; 'TSL 'mitgthse'' auch in PPN 1249345154","Satz gespeichert","---> 1249345669"
842, 1249345677,"---> 1249345677"
843, 1249345685,"Möglicherweise Dublette; 'TSL 'mitgirse'' auch in PPN 1249345286","Satz gespeichert","---> 1249345685"
844, 1249345693,"Möglicherweise Dublette; 'TSL 'mitgfrse'' auch in PPN 1249345324","Satz gespeichert","---> 1249345693"
845, 1249345707,"Möglicherweise Dublette; 'TSL 'mitgfrse'' auch in PPN 1249345324","Satz gespeichert","---> 1249345707"
846, 1249345715,"---> 1249345715"
847, 1249345723,"---> 1249345723"
848, 1249345731,"---> 1249345731"
849, 124934574X,"---> 124934574X"
850, 1249345758,"---> 1249345758"
851, 1249345766,"---> 1249345766"
852, 1249345774,"Möglicherweise Dublette; 'TSL 'mitgdrkas'' auch in PPN 1249276977","Satz gespeichert","---> 1249345774"
853, 1249345782,"---> 1249345782"
854, 1249345790,"---> 1249345790"
855, 1249345812,"---> 1249345812"
856, 1249345820,"---> 1249345820"
857, 1249345839,"---> 1249345839"
858, 1249345847,"---> 1249345847"
859, 1249345855,"---> 1249345855"
860, 1249345863,"---> 1249345863"
861, 1249345871,"Möglicherweise Dublette; 'TSL 'mitgelsi'' auch in PPN 1249345855","Satz gespeichert","---> 1249345871"
862, 124934588X,"---> 124934588X"
863, 1249345901,"---> 1249345901"
864, 124934591X,"---> 124934591X"
865, 1249345928,"---> 1249345928"
866, 1249345936,"---> 1249345936"
867, 1249345944,"---> 1249345944"
868, 1249345952,"Möglicherweise Dublette; 'TSL 'mitgsi'' auch in PPN 1249345928","Satz gespeichert","---> 1249345952"
869, 1249345960,"---> 1249345960"
870, 1249345979,"Möglicherweise Dublette; 'TSL 'mitgsive'' auch in PPN 1249345928","Satz gespeichert","---> 1249345979"
871, 1249345987,"Möglicherweise Dublette; 'TSL 'mitghesi'' auch in PPN 1249345790","Satz gespeichert","---> 1249345987"
872, 1249345995,"Möglicherweise Dublette; 'TSL 'mitgdesi'' auch in PPN 952148935","Satz gespeichert","---> 1249345995"
873, 1249346002,"---> 1249346002"
874, 1249346010,"Möglicherweise Dublette; 'TSL 'mitgedsi'' auch in PPN 1249299438","Satz gespeichert","---> 1249346010"
875, 1249346029,"Möglicherweise Dublette; 'TSL 'mitghesi'' auch in PPN 1249345790","Satz gespeichert","---> 1249346029"
876, 1249346037,"---> 1249346037"
877, 1249346045,"Möglicherweise Dublette; 'TSL 'mitgsikr'' auch in PPN 124932078X","Satz gespeichert","---> 1249346045"
878, 1249346053,"---> 1249346053"
879, 1249346061,"Möglicherweise Dublette; 'TSL 'mitgsive'' auch in PPN 1249345928","Satz gespeichert","---> 1249346061"
880, 124934607X,"---> 124934607X"
881, 1249346088,"---> 1249346088"
882, 1249346096,"Möglicherweise Dublette; 'TSL 'mitgcasi'' auch in PPN 1249346002","Satz gespeichert","---> 1249346096"
883, 1249346118,"---> 1249346118"
884, 1249346126,"---> 1249346126"
885, 1249346134,"---> 1249346134"
886, 1249346142,"---> 1249346142"
887, 1249346150,"Möglicherweise Dublette; 'TSL 'mitgkahes'' auch in PPN 1249273870","Satz gespeichert","---> 1249346150"
888, 1249346169,"---> 1249346169"
889, 1249346177,"---> 1249346177"
890, 1249346185,"---> 1249346185"
891, 1249346193,"Möglicherweise Dublette; 'TSL 'mitggesn'' auch in PPN 1249346177","Satz gespeichert","---> 1249346193"
892, 1249346207,"---> 1249346207"
893, 1249346215,"---> 1249346215"
894, 1249346223,"---> 1249346223"
895, 1249346231,"---> 1249346231"
896, 124934624X,"---> 124934624X"
897, 1249346258,"---> 1249346258"
898, 1249346266,"---> 1249346266"
899, 1249346274,"---> 1249346274"
900, 1249346282,"---> 1249346282"
901, 1249346290,"---> 1249346290"
902, 1249346304,"Möglicherweise Dublette; 'TSL 'mitggeso'' auch in PPN 1249346290","Satz gespeichert","---> 1249346304"
903, 1249346312,"Möglicherweise Dublette; 'TSL 'mitgheso'' auch in PPN 1249311969","Satz gespeichert","---> 1249346312"
904, 1249346320,"---> 1249346320"
905, 1249346339,"---> 1249346339"
906, 1249346347,"---> 1249346347"
907, 1249346355,"Möglicherweise Dublette; 'TSL 'mitgchso'' auch in PPN 1249346215","Satz gespeichert","---> 1249346355"
908, 1249346363,"---> 1249346363"
909, 1249346371,"---> 1249346371"
910, 124934638X,"Möglicherweise Dublette; 'TSL 'mitgso'' auch in PPN 1249346223","Satz gespeichert","---> 124934638X"
911, 1249346398,"---> 1249346398"
912, 1249346401,"---> 1249346401"
913, 124934641X,"---> 124934641X"
914, 1249346428,"---> 1249346428"
915, 1249346436,"---> 1249346436"
916, 1249346444,"---> 1249346444"
917, 1249346452,"---> 1249346452"
918, 1249346460,"---> 1249346460"
919, 1249346479,"---> 1249346479"
920, 1249346487,"---> 1249346487"
921, 1249346495,"---> 1249346495"
922, 1249346509,"---> 1249346509"
923, 1249346517,"---> 1249346517"
924, 1249346525,"---> 1249346525"
925, 1249346533,"---> 1249346533"
926, 1249346541,"---> 1249346541"
927, 124934655X,"Möglicherweise Dublette; 'TSL 'mitgsp'' auch in PPN 1249346517","Satz gespeichert","---> 124934655X"
928, 1249346568,"---> 1249346568"
929, 1249346576,"---> 1249346576"
930, 1249346584,"---> 1249346584"
931, 1249346592,"Möglicherweise Dublette; 'TSL 'mitgpesp'' auch in PPN 1249346576","Satz gespeichert","---> 1249346592"
932, 1249346606,"---> 1249346606"
933, 1249346614,"Möglicherweise Dublette; 'TSL 'mitgsisp'' auch in PPN 1249346487","Satz gespeichert","---> 1249346614"
934, 1249346622,"---> 1249346622"
935, 1249346630,"---> 1249346630"
936, 1249346649,"Möglicherweise Dublette; 'TSL 'mitgpesp'' auch in PPN 1249346576","Satz gespeichert","---> 1249346649"
937, 1249346657,"---> 1249346657"
938, 1249346665,"Möglicherweise Dublette; 'TSL 'mitgmasp'' auch in PPN 1249346533","Satz gespeichert","---> 1249346665"
939, 1249346681,"---> 1249346681"
940, 124934669X,"Möglicherweise Dublette; 'TSL 'mitgvosp'' auch in PPN 1249346681","Satz gespeichert","---> 124934669X"
941, 1249346703,"---> 1249346703"
942, 1249346711,"---> 1249346711"
943, 124934672X,"Möglicherweise Dublette; 'TSL 'mitglosp'' auch in PPN 1249346711","Satz gespeichert","---> 124934672X"
944, 1249346738,"---> 1249346738"
945, 1249346746,"Möglicherweise Dublette; 'TSL 'mitgpasp'' auch in PPN 1249346738","Satz gespeichert","---> 1249346746"
946, 1249346754,"---> 1249346754"
947, 1249346762,"---> 1249346762"
948, 1249346770,"---> 1249346770"
949, 1249346789,"---> 1249346789"
950, 1249346797,"Möglicherweise Dublette; 'TSL 'mitgspve'' auch in PPN 1249346509","Satz gespeichert","---> 1249346797"
951, 1249346800,"---> 1249346800"
952, 1249346819,"---> 1249346819"
953, 1249346827,"---> 1249346827"
954, 1249346835,"Möglicherweise Dublette; 'TSL 'mitgsp'' auch in PPN 1249346517","Satz gespeichert","---> 1249346835"
955, 1249346843,"---> 1249346843"
956, 1249346851,"---> 1249346851"
957, 124934686X,"Möglicherweise Dublette; 'TSL 'mitggusp'' auch in PPN 1249346525","Satz gespeichert","---> 124934686X"
958, 1249346878,"---> 1249346878"
959, 1249346886,"Möglicherweise Dublette; 'TSL 'mitghesp'' auch in PPN 1249346754","Satz gespeichert","---> 1249346886"
960, 1249346894,"---> 1249346894"
961, 1249346908,"---> 1249346908"
962, 1249346916,"---> 1249346916"
963, 1249346924,"---> 1249346924"
964, 1249346932,"---> 1249346932"
965, 1249346940,"Möglicherweise Dublette; 'TSL 'mitgmasp'' auch in PPN 1249346533","Satz gespeichert","---> 1249346940"
966, 1249346959,"---> 1249346959"
967, 1249346967,"---> 1249346967"
968, 1249346975,"---> 1249346975"
969, 1249346983,"---> 1249346983"
970, 1249346991,"---> 1249346991"
971, 1249347017,"---> 1249347017"
972, 1249347025,"Möglicherweise Dublette; 'TSL 'mitgstbu'' auch in PPN 1217500731","Satz gespeichert","---> 1249347025"
973, 1249347033,"---> 1249347033"
974, 1249347041,"---> 1249347041"
975, 124934705X,"Möglicherweise Dublette; 'TSL 'mitgstve'' auch in PPN 1249347033","Satz gespeichert","---> 124934705X"
976, 1249347068,"---> 1249347068"
977, 1249347084,"---> 1249347084"
978, 1249347092,"---> 1249347092"
979, 1249347106,"Möglicherweise Dublette; 'TSL 'mitgfrst'' auch in PPN 1249303230","Satz gespeichert","---> 1249347106"
980, 1249347114,"---> 1249347114"
981, 1249347122,"Möglicherweise Dublette; 'TSL 'mitgstve'' auch in PPN 1249347033","Satz gespeichert","---> 1249347122"
982, 1249347130,"---> 1249347130"
983, 1249347149,"---> 1249347149"
984, 1249347157,"---> 1249347157"
985, 1249347165,"Möglicherweise Dublette; 'TSL 'mitgdrwas'' auch in PPN 1249276993","Satz gespeichert","---> 1249347165"
986, 1249347173,"Möglicherweise Dublette; 'TSL 'mitgst'' auch in PPN 551523859","Satz gespeichert","---> 1249347173"
987, 1249347181,"Möglicherweise Dublette; 'TSL 'mitgst'' auch in PPN 551523859","Satz gespeichert","---> 1249347181"
988, 124934719X,"---> 124934719X"
989, 1249347203,"Möglicherweise Dublette; 'TSL 'mitgdrwah'' auch in PPN 1249262607","Satz gespeichert","---> 1249347203"
990, 1249347211,"Möglicherweise Dublette; 'TSL 'mitgdrjos'' auch in PPN 1249275512","Satz gespeichert","---> 1249347211"
991, 124934722X,"---> 124934722X"
992, 1249347238,"Möglicherweise Dublette; 'TSL 'mitgst'' auch in PPN 551523859","Satz gespeichert","---> 1249347238"
993, 1249347246,"Möglicherweise Dublette; 'TSL 'mitgstve'' auch in PPN 1249347033","Satz gespeichert","---> 1249347246"
994, 1249347254,"---> 1249347254"
995, 1249347262,"---> 1249347262"
996, 1249347270,"---> 1249347270"
997, 1249347289,"---> 1249347289"
998, 1249347297,"---> 1249347297"
999, 1249347300,"---> 1249347300"
1000, 1249347319,"Möglicherweise Dublette; 'TSL 'mitgrest'' auch in PPN 1249347300","Satz gespeichert","---> 1249347319"
