1, 1249326656,"---> 1249326656"
2, 1249326664,"Möglicherweise Dublette; 'TSL 'mitgguma'' auch in PPN 1249325846","Satz gespeichert","---> 1249326664"
3, 1249326672,"---> 1249326672"
4, 1249326680,"Möglicherweise Dublette; 'TSL 'mitgmima'' auch in PPN 450414566","Satz gespeichert","---> 1249326680"
5, 1249326699,"---> 1249326699"
6, 1249326702,"---> 1249326702"
7, 1249326710,"---> 1249326710"
8, 1249326729,"Möglicherweise Dublette; 'TSL 'mitgvema'' auch in PPN 1249326710","Satz gespeichert","---> 1249326729"
9, 1249326737,"Möglicherweise Dublette; 'TSL 'mitgklma'' auch in PPN 1249326354","Satz gespeichert","---> 1249326737"
10, 1249326745,"Möglicherweise Dublette; 'TSL 'mitgfrma'' auch in PPN 1249326699","Satz gespeichert","---> 1249326745"
11, 1249326753,"Möglicherweise Dublette; 'TSL 'mitghema'' auch in PPN 1249325617","Satz gespeichert","---> 1249326753"
12, 1249326761,"---> 1249326761"
13, 124932677X,"Möglicherweise Dublette; 'TSL 'mitgpema'' auch in PPN 1249326141","Satz gespeichert","---> 124932677X"
14, 1249326788,"Möglicherweise Dublette; 'TSL 'mitganma'' auch in PPN 1249326389","Satz gespeichert","---> 1249326788"
15, 1249326796,"---> 1249326796"
16, 124932680X,"Möglicherweise Dublette; 'TSL 'mitgmave'' auch in PPN 1249325781","Satz gespeichert","---> 124932680X"
17, 1249326818,"Möglicherweise Dublette; 'TSL 'mitgfrma'' auch in PPN 1249326699","Satz gespeichert","---> 1249326818"
18, 1249326826,"Möglicherweise Dublette; 'TSL 'mitghama'' auch in PPN 1249325668","Satz gespeichert","---> 1249326826"
19, 1249326834,"Möglicherweise Dublette; 'TSL 'mitgthma'' auch in PPN 1249326044","Satz gespeichert","---> 1249326834"
20, 1249326842,"---> 1249326842"
21, 1249326850,"---> 1249326850"
22, 1249326869,"---> 1249326869"
23, 1249326877,"Möglicherweise Dublette; 'TSL 'mitgroma'' auch in PPN 1249326338","Satz gespeichert","---> 1249326877"
24, 1249326885,"Möglicherweise Dublette; 'TSL 'mitgma'' auch in PPN 985719729","Satz gespeichert","---> 1249326885"
25, 1249326893,"Möglicherweise Dublette; 'TSL 'mitgma'' auch in PPN 985719729","Satz gespeichert","---> 1249326893"
26, 1249326907,"Möglicherweise Dublette; 'TSL 'mitgerma'' auch in PPN 1249325951","Satz gespeichert","---> 1249326907"
27, 1249326915,"Möglicherweise Dublette; 'TSL 'mitgerma'' auch in PPN 1249325951","Satz gespeichert","---> 1249326915"
28, 1249326923,"---> 1249326923"
29, 1249326931,"---> 1249326931"
30, 124932694X,"Möglicherweise Dublette; 'TSL 'mitgbrma'' auch in PPN 1249326397","Satz gespeichert","---> 124932694X"
31, 1249326958,"---> 1249326958"
32, 1249326966,"Möglicherweise Dublette; 'TSL 'mitgerma'' auch in PPN 1249325951","Satz gespeichert","---> 1249326966"
33, 1249326974,"Möglicherweise Dublette; 'TSL 'mitgerma'' auch in PPN 1249325951","Satz gespeichert","---> 1249326974"
34, 1249326982,"Möglicherweise Dublette; 'TSL 'mitgerma'' auch in PPN 1249325951","Satz gespeichert","---> 1249326982"
35, 1249326990,"Möglicherweise Dublette; 'TSL 'mitgfrcam'' auch in PPN 1249269555","Satz gespeichert","---> 1249326990"
36, 1249327008,"Möglicherweise Dublette; 'TSL 'mitghama'' auch in PPN 1249325668","Satz gespeichert","---> 1249327008"
37, 1249327016,"Möglicherweise Dublette; 'TSL 'mitghema'' auch in PPN 1249325617","Satz gespeichert","---> 1249327016"
38, 1249327024,"Möglicherweise Dublette; 'TSL 'mitghema'' auch in PPN 1249325617","Satz gespeichert","---> 1249327024"
39, 1249327032,"Möglicherweise Dublette; 'TSL 'mitgjoma'' auch in PPN 1249325501","Satz gespeichert","---> 1249327032"
40, 1249327040,"Möglicherweise Dublette; 'TSL 'mitgwama'' auch in PPN 1249325838","Satz gespeichert","---> 1249327040"
41, 1249327059,"Möglicherweise Dublette; 'TSL 'mitgmabu'' auch in PPN 1249254167","Satz gespeichert","---> 1249327059"
42, 1249327067,"Möglicherweise Dublette; 'TSL 'mitgjoma'' auch in PPN 1249325501","Satz gespeichert","---> 1249327067"
43, 1249327075,"Möglicherweise Dublette; 'TSL 'mitgcama'' auch in PPN 1249326222","Satz gespeichert","---> 1249327075"
44, 1249327083,"---> 1249327083"
45, 1249327091,"---> 1249327091"
46, 1249327105,"---> 1249327105"
47, 1249327113,"---> 1249327113"
48, 1249327121,"---> 1249327121"
49, 124932713X,"---> 124932713X"
50, 1249327148,"---> 1249327148"
51, 1249327156,"---> 1249327156"
52, 1249327164,"---> 1249327164"
53, 1249327172,"---> 1249327172"
54, 1249327180,"---> 1249327180"
55, 1249327199,"---> 1249327199"
56, 1249327202,"Möglicherweise Dublette; 'TSL 'mitgmebu'' auch in PPN 1249327199","Satz gespeichert","---> 1249327202"
57, 1249327210,"Möglicherweise Dublette; 'TSL 'mitghame'' auch in PPN 1249268591","Satz gespeichert","---> 1249327210"
58, 1249327229,"Möglicherweise Dublette; 'TSL 'mitghame'' auch in PPN 1249268591","Satz gespeichert","---> 1249327229"
59, 1249327237,"---> 1249327237"
60, 1249327245,"---> 1249327245"
61, 1249327253,"---> 1249327253"
62, 1249327261,"---> 1249327261"
63, 124932727X,"---> 124932727X"
64, 1249327288,"---> 1249327288"
65, 1249327296,"---> 1249327296"
66, 124932730X,"---> 124932730X"
67, 1249327318,"Möglicherweise Dublette; 'TSL 'mitgalme'' auch in PPN 1187952206","Satz gespeichert","---> 1249327318"
68, 1249327326,"---> 1249327326"
69, 1249327334,"---> 1249327334"
70, 1249327350,"---> 1249327350"
71, 1249327369,"Möglicherweise Dublette; 'TSL 'mitgme'' auch in PPN 1249327296","Satz gespeichert","---> 1249327369"
72, 1249327377,"Möglicherweise Dublette; 'TSL 'mitgmeve'' auch in PPN 1249327245","Satz gespeichert","---> 1249327377"
73, 1249327385,"---> 1249327385"
74, 1249327393,"Möglicherweise Dublette; 'TSL 'mitgmeme'' auch in PPN 1249327385","Satz gespeichert","---> 1249327393"
75, 1249327407,"Möglicherweise Dublette; 'TSL 'mitgme'' auch in PPN 1249327296","Satz gespeichert","---> 1249327407"
76, 1249327415,"Möglicherweise Dublette; 'TSL 'mitgmeve'' auch in PPN 1249327245","Satz gespeichert","---> 1249327415"
77, 1249327423,"Möglicherweise Dublette; 'TSL 'mitgmeve'' auch in PPN 1249327245","Satz gespeichert","---> 1249327423"
78, 1249327431,"Möglicherweise Dublette; 'TSL 'mitgme'' auch in PPN 1249327296","Satz gespeichert","---> 1249327431"
79, 124932744X,"Möglicherweise Dublette; 'TSL 'mitgme'' auch in PPN 1249327296","Satz gespeichert","---> 124932744X"
80, 1249327458,"Möglicherweise Dublette; 'TSL 'mitgmeve'' auch in PPN 1249327245","Satz gespeichert","---> 1249327458"
81, 1249327466,"---> 1249327466"
82, 1249327474,"---> 1249327474"
83, 1249327482,"---> 1249327482"
84, 1249327490,"---> 1249327490"
85, 1249327504,"---> 1249327504"
86, 1249327512,"Möglicherweise Dublette; 'TSL 'mitgdranm'' auch in PPN 1249262682","Satz gespeichert","---> 1249327512"
87, 1249327520,"Möglicherweise Dublette; 'TSL 'mitgalme'' auch in PPN 1187952206","Satz gespeichert","---> 1249327520"
88, 1249327539,"---> 1249327539"
89, 1249327547,"---> 1249327547"
90, 1249327555,"Möglicherweise Dublette; 'TSL 'mitgbeme'' auch in PPN 1249289009","Satz gespeichert","---> 1249327555"
91, 1249327563,"Möglicherweise Dublette; 'TSL 'mitgme'' auch in PPN 1249327296","Satz gespeichert","---> 1249327563"
92, 1249327571,"---> 1249327571"
93, 124932758X,"Möglicherweise Dublette; 'TSL 'mitgmeve'' auch in PPN 1249327245","Satz gespeichert","---> 124932758X"
94, 1249327598,"---> 1249327598"
95, 1249327601,"---> 1249327601"
96, 124932761X,"---> 124932761X"
97, 1249327628,"---> 1249327628"
98, 1249327636,"---> 1249327636"
99, 1249327644,"Möglicherweise Dublette; 'TSL 'mitggeme'' auch in PPN 124930489X","Satz gespeichert","---> 1249327644"
100, 1249327652,"---> 1249327652"
101, 1249327660,"---> 1249327660"
102, 1249327679,"---> 1249327679"
103, 1249327687,"---> 1249327687"
104, 1249327695,"Möglicherweise Dublette; 'TSL 'mitgme'' auch in PPN 1249327296","Satz gespeichert","---> 1249327695"
105, 1249327709,"Möglicherweise Dublette; 'TSL 'mitghame'' auch in PPN 1249268591","Satz gespeichert","---> 1249327709"
106, 1249327717,"---> 1249327717"
107, 1249327725,"Möglicherweise Dublette; 'TSL 'mitgalme'' auch in PPN 1187952206","Satz gespeichert","---> 1249327725"
108, 1249327733,"Möglicherweise Dublette; 'TSL 'mitgbrme'' auch in PPN 1249327148","Satz gespeichert","---> 1249327733"
109, 1249327741,"---> 1249327741"
110, 124932775X,"---> 124932775X"
111, 1249327768,"Möglicherweise Dublette; 'TSL 'mitgelme'' auch in PPN 1249327156","Satz gespeichert","---> 1249327768"
112, 1249327776,"---> 1249327776"
113, 1249327784,"Möglicherweise Dublette; 'TSL 'mitgalme'' auch in PPN 1187952206","Satz gespeichert","---> 1249327784"
114, 1249327792,"---> 1249327792"
115, 1249327814,"---> 1249327814"
116, 1249327822,"Möglicherweise Dublette; 'TSL 'mitgerme'' auch in PPN 1249327164","Satz gespeichert","---> 1249327822"
117, 1249327830,"---> 1249327830"
118, 1249327849,"Möglicherweise Dublette; 'TSL 'mitgheme'' auch in PPN 124931089X","Satz gespeichert","---> 1249327849"
119, 1249327857,"Möglicherweise Dublette; 'TSL 'mitgchme'' auch in PPN 1249327334","Satz gespeichert","---> 1249327857"
120, 1249327865,"---> 1249327865"
121, 1249327873,"Möglicherweise Dublette; 'TSL 'mitggeme'' auch in PPN 124930489X","Satz gespeichert","---> 1249327873"
122, 1249327881,"---> 1249327881"
123, 124932789X,"Möglicherweise Dublette; 'TSL 'mitgwome'' auch in PPN 1249327830","Satz gespeichert","---> 124932789X"
124, 1249327903,"Möglicherweise Dublette; 'TSL 'mitgme'' auch in PPN 1249327296","Satz gespeichert","---> 1249327903"
125, 1249327911,"Möglicherweise Dublette; 'TSL 'mitgmeve'' auch in PPN 1249327245","Satz gespeichert","---> 1249327911"
126, 124932792X,"---> 124932792X"
127, 1249327938,"Möglicherweise Dublette; 'TSL 'mitghame'' auch in PPN 1249268591","Satz gespeichert","---> 1249327938"
128, 1249327946,"Möglicherweise Dublette; 'TSL 'mitgmame'' auch in PPN 1249327571","Satz gespeichert","---> 1249327946"
129, 1249327954,"Möglicherweise Dublette; 'TSL 'mitggeme'' auch in PPN 124930489X","Satz gespeichert","---> 1249327954"
130, 1249327962,"---> 1249327962"
131, 1249327970,"Möglicherweise Dublette; 'TSL 'mitgmeve'' auch in PPN 1249327245","Satz gespeichert","---> 1249327970"
132, 1249327989,"Möglicherweise Dublette; 'TSL 'mitgerme'' auch in PPN 1249327164","Satz gespeichert","---> 1249327989"
133, 1249327997,"Möglicherweise Dublette; 'TSL 'mitgmeve'' auch in PPN 1249327245","Satz gespeichert","---> 1249327997"
134, 1249328004,"Möglicherweise Dublette; 'TSL 'mitgme'' auch in PPN 1249327296","Satz gespeichert","---> 1249328004"
135, 1249328012,"---> 1249328012"
136, 1249328020,"Möglicherweise Dublette; 'TSL 'mitgheme'' auch in PPN 124931089X","Satz gespeichert","---> 1249328020"
137, 1249328039,"Möglicherweise Dublette; 'TSL 'mitgmame'' auch in PPN 1249327571","Satz gespeichert","---> 1249328039"
138, 1249328047,"---> 1249328047"
139, 1249328055,"Möglicherweise Dublette; 'TSL 'mitgwime'' auch in PPN 124932792X","Satz gespeichert","---> 1249328055"
140, 1249328063,"---> 1249328063"
141, 1249328071,"Möglicherweise Dublette; 'TSL 'mitgheme'' auch in PPN 124931089X","Satz gespeichert","---> 1249328071"
142, 1249328098,"---> 1249328098"
143, 1249328101,"---> 1249328101"
144, 124932811X,"---> 124932811X"
145, 1249328128,"Möglicherweise Dublette; 'TSL 'mitgbeme'' auch in PPN 1249289009","Satz gespeichert","---> 1249328128"
146, 1249328136,"---> 1249328136"
147, 1249328144,"---> 1249328144"
148, 1249328152,"Möglicherweise Dublette; 'TSL 'mitgheme'' auch in PPN 124931089X","Satz gespeichert","---> 1249328152"
149, 1249328160,"Möglicherweise Dublette; 'TSL 'mitgheme'' auch in PPN 124931089X","Satz gespeichert","---> 1249328160"
150, 1249328179,"Möglicherweise Dublette; 'TSL 'mitghume'' auch in PPN 1249314313","Satz gespeichert","---> 1249328179"
151, 1249328187,"Möglicherweise Dublette; 'TSL 'mitgklme'' auch in PPN 1249327180","Satz gespeichert","---> 1249328187"
152, 1249328195,"Möglicherweise Dublette; 'TSL 'mitgpame'' auch in PPN 1249327814","Satz gespeichert","---> 1249328195"
153, 1249328209,"Möglicherweise Dublette; 'TSL 'mitgpame'' auch in PPN 1249327814","Satz gespeichert","---> 1249328209"
154, 1249328217,"Möglicherweise Dublette; 'TSL 'mitgreme'' auch in PPN 1249327504","Satz gespeichert","---> 1249328217"
155, 1249328225,"---> 1249328225"
156, 1249328233,"---> 1249328233"
157, 1249328241,"---> 1249328241"
158, 124932825X,"Möglicherweise Dublette; 'TSL 'mitgwihem'' auch in PPN 1249260833","Satz gespeichert","---> 124932825X"
159, 1249328268,"---> 1249328268"
160, 1249328276,"Möglicherweise Dublette; 'TSL 'mitgwime'' auch in PPN 124932792X","Satz gespeichert","---> 1249328276"
161, 1249328284,"Möglicherweise Dublette; 'TSL 'mitgbeme'' auch in PPN 1249289009","Satz gespeichert","---> 1249328284"
162, 1249328292,"Möglicherweise Dublette; 'TSL 'mitgjome'' auch in PPN 1249328047","Satz gespeichert","---> 1249328292"
163, 1249328306,"Möglicherweise Dublette; 'TSL 'mitgmeve'' auch in PPN 1249327245","Satz gespeichert","---> 1249328306"
164, 1249328314,"---> 1249328314"
165, 1249328322,"---> 1249328322"
166, 1249328330,"---> 1249328330"
167, 1249328349,"---> 1249328349"
168, 1249328357,"---> 1249328357"
169, 1249328365,"---> 1249328365"
170, 1249328373,"Möglicherweise Dublette; 'TSL 'mitghemi'' auch in PPN 1249328365","Satz gespeichert","---> 1249328373"
171, 1249328381,"---> 1249328381"
172, 124932839X,"---> 124932839X"
173, 1249328403,"---> 1249328403"
174, 1249328411,"---> 1249328411"
175, 124932842X,"---> 124932842X"
176, 1249328438,"---> 1249328438"
177, 1249328446,"---> 1249328446"
178, 1249328454,"Möglicherweise Dublette; 'TSL 'mitgermi'' auch in PPN 1249328314","Satz gespeichert","---> 1249328454"
179, 1249328462,"---> 1249328462"
180, 1249328470,"---> 1249328470"
181, 1249328489,"---> 1249328489"
182, 1249328497,"---> 1249328497"
183, 1249328500,"Möglicherweise Dublette; 'TSL 'mitgmi'' auch in PPN 206362927","Satz gespeichert","---> 1249328500"
184, 1249328519,"---> 1249328519"
185, 1249328527,"---> 1249328527"
186, 1249328535,"Möglicherweise Dublette; 'TSL 'mitgmi'' auch in PPN 206362927","Satz gespeichert","---> 1249328535"
187, 1249328543,"---> 1249328543"
188, 1249328551,"---> 1249328551"
189, 124932856X,"---> 124932856X"
190, 1249328578,"---> 1249328578"
191, 1249328586,"Möglicherweise Dublette; 'TSL 'mitgmibu'' auch in PPN 1249328535","Satz gespeichert","---> 1249328586"
192, 1249328594,"Möglicherweise Dublette; 'TSL 'mitgmive'' auch in PPN 1249328500","Satz gespeichert","---> 1249328594"
193, 1249328608,"---> 1249328608"
194, 1249328616,"---> 1249328616"
195, 1249328624,"Möglicherweise Dublette; 'TSL 'mitgdrhaf'' auch in PPN 1249301769","Satz gespeichert","---> 1249328624"
196, 1249328632,"---> 1249328632"
197, 1249328640,"---> 1249328640"
198, 1249328659,"---> 1249328659"
199, 1249328667,"Möglicherweise Dublette; 'TSL 'mitgmi'' auch in PPN 206362927","Satz gespeichert","---> 1249328667"
200, 1249328675,"Möglicherweise Dublette; 'TSL 'mitgfrmiv'' auch in PPN 124926894X","Satz gespeichert","---> 1249328675"
201, 1249328683,"Möglicherweise Dublette; 'TSL 'mitgpemi'' auch in PPN 124932856X","Satz gespeichert","---> 1249328683"
202, 1249328691,"---> 1249328691"
203, 1249328713,"---> 1249328713"
204, 1249328721,"Möglicherweise Dublette; 'TSL 'mitghami'' auch in PPN 1249328519","Satz gespeichert","---> 1249328721"
205, 124932873X,"---> 124932873X"
206, 1249328748,"---> 1249328748"
207, 1249328764,"---> 1249328764"
208, 1249328772,"---> 1249328772"
209, 1249328780,"---> 1249328780"
210, 1249328799,"---> 1249328799"
211, 1249328802,"---> 1249328802"
212, 1249328810,"---> 1249328810"
213, 1249328829,"---> 1249328829"
214, 1249328837,"---> 1249328837"
215, 1249328845,"---> 1249328845"
216, 1249328853,"---> 1249328853"
217, 1249328861,"---> 1249328861"
218, 1249328888,"---> 1249328888"
219, 1249328896,"---> 1249328896"
220, 124932890X,"---> 124932890X"
221, 1249328918,"Möglicherweise Dublette; 'TSL 'mitgklmo'' auch in PPN 124932890X","Satz gespeichert","---> 1249328918"
222, 1249328926,"---> 1249328926"
223, 1249328934,"---> 1249328934"
224, 1249328942,"---> 1249328942"
225, 1249328950,"---> 1249328950"
226, 1249328969,"Möglicherweise Dublette; 'TSL 'mitgvomo'' auch in PPN 1249328950","Satz gespeichert","---> 1249328969"
227, 1249328977,"---> 1249328977"
228, 1249328985,"---> 1249328985"
229, 1249328993,"---> 1249328993"
230, 1249329000,"---> 1249329000"
231, 1249329019,"---> 1249329019"
232, 1249329027,"---> 1249329027"
233, 1249329035,"---> 1249329035"
234, 1249329043,"Möglicherweise Dublette; 'TSL 'mitgedmo'' auch in PPN 1249299632","Satz gespeichert","---> 1249329043"
235, 1249329051,"---> 1249329051"
236, 124932906X,"---> 124932906X"
237, 1249329078,"---> 1249329078"
238, 1249329086,"---> 1249329086"
239, 1249329094,"---> 1249329094"
240, 1249329108,"---> 1249329108"
241, 1249329116,"---> 1249329116"
242, 1249329124,"Möglicherweise Dublette; 'TSL 'mitgelmo'' auch in PPN 1249328861","Satz gespeichert","---> 1249329124"
243, 1249329132,"Möglicherweise Dublette; 'TSL 'mitgdrkam'' auch in PPN 1249267889","Satz gespeichert","---> 1249329132"
244, 1249329140,"Möglicherweise Dublette; 'TSL 'mitgmobu'' auch in PPN 1249328993","Satz gespeichert","---> 1249329140"
245, 1249329159,"---> 1249329159"
246, 1249329167,"---> 1249329167"
247, 1249329175,"---> 1249329175"
248, 1249329183,"Möglicherweise Dublette; 'TSL 'mitgmove'' auch in PPN 1249329159","Satz gespeichert","---> 1249329183"
249, 1249329191,"---> 1249329191"
250, 1249329205,"---> 1249329205"
251, 1249329213,"---> 1249329213"
252, 1249329221,"---> 1249329221"
253, 124932923X,"Möglicherweise Dublette; 'TSL 'mitgmobu'' auch in PPN 1249328993","Satz gespeichert","---> 124932923X"
254, 1249329248,"Möglicherweise Dublette; 'TSL 'mitghemo'' auch in PPN 1249329191","Satz gespeichert","---> 1249329248"
255, 1249329256,"---> 1249329256"
256, 1249329264,"---> 1249329264"
257, 1249329272,"Möglicherweise Dublette; 'TSL 'mitgmamo'' auch in PPN 1249328926","Satz gespeichert","---> 1249329272"
258, 1249329280,"---> 1249329280"
259, 1249329299,"---> 1249329299"
260, 1249329302,"Möglicherweise Dublette; 'TSL 'mitghamo'' auch in PPN 1249329264","Satz gespeichert","---> 1249329302"
261, 1249329310,"Möglicherweise Dublette; 'TSL 'mitghemo'' auch in PPN 1249329191","Satz gespeichert","---> 1249329310"
262, 1249329329,"---> 1249329329"
263, 1249329337,"---> 1249329337"
264, 1249329345,"---> 1249329345"
265, 1249329353,"---> 1249329353"
266, 1249329361,"---> 1249329361"
267, 124932937X,"---> 124932937X"
268, 1249329388,"---> 1249329388"
269, 1249329396,"---> 1249329396"
270, 124932940X,"---> 124932940X"
271, 1249329426,"---> 1249329426"
272, 1249329434,"---> 1249329434"
273, 1249329442,"---> 1249329442"
274, 1249329450,"Möglicherweise Dublette; 'TSL 'mitgmuveg'' auch in PPN 1249329442","Satz gespeichert","---> 1249329450"
275, 1249329469,"---> 1249329469"
276, 1249329477,"Möglicherweise Dublette; 'TSL 'mitgmu'' auch in PPN 1249329469","Satz gespeichert","---> 1249329477"
277, 1249329485,"Möglicherweise Dublette; 'TSL 'mitgmu'' auch in PPN 1249329469","Satz gespeichert","---> 1249329485"
278, 1249329493,"---> 1249329493"
279, 1249329507,"---> 1249329507"
280, 1249329515,"---> 1249329515"
281, 1249329523,"---> 1249329523"
282, 1249329531,"---> 1249329531"
283, 124932954X,"Möglicherweise Dublette; 'TSL 'mitgalmu'' auch in PPN 124932940X","Satz gespeichert","---> 124932954X"
284, 1249329558,"Möglicherweise Dublette; 'TSL 'mitgmu'' auch in PPN 1249329469","Satz gespeichert","---> 1249329558"
285, 1249329566,"---> 1249329566"
286, 1249329574,"Möglicherweise Dublette; 'TSL 'mitgmuve'' auch in PPN 1249329485","Satz gespeichert","---> 1249329574"
287, 1249329582,"---> 1249329582"
288, 1249329590,"---> 1249329590"
289, 1249329604,"---> 1249329604"
290, 1249329612,"---> 1249329612"
291, 1249329620,"---> 1249329620"
292, 1249329639,"---> 1249329639"
293, 1249329647,"---> 1249329647"
294, 1249329655,"Möglicherweise Dublette; 'TSL 'mitgdrfrm'' auch in PPN 1249268532","Satz gespeichert","---> 1249329655"
295, 1249329663,"---> 1249329663"
296, 1249329671,"---> 1249329671"
297, 124932968X,"---> 124932968X"
298, 1249329698,"---> 1249329698"
299, 1249329701,"---> 1249329701"
300, 124932971X,"---> 124932971X"
301, 1249329728,"---> 1249329728"
302, 1249329736,"---> 1249329736"
303, 1249329744,"---> 1249329744"
304, 1249329752,"---> 1249329752"
305, 1249329760,"---> 1249329760"
306, 1249329779,"Möglicherweise Dublette; 'TSL 'mitgsimu'' auch in PPN 1249329760","Satz gespeichert","---> 1249329779"
307, 1249329787,"---> 1249329787"
308, 1249329795,"---> 1249329795"
309, 1249329809,"---> 1249329809"
310, 1249329817,"---> 1249329817"
311, 1249329825,"Möglicherweise Dublette; 'TSL 'mitgalmu'' auch in PPN 124932940X","Satz gespeichert","---> 1249329825"
312, 1249329833,"Möglicherweise Dublette; 'TSL 'mitgalmu'' auch in PPN 124932940X","Satz gespeichert","---> 1249329833"
313, 1249329841,"---> 1249329841"
314, 124932985X,"---> 124932985X"
315, 1249329868,"Möglicherweise Dublette; 'TSL 'mitgchmu'' auch in PPN 1249329736","Satz gespeichert","---> 1249329868"
316, 1249329876,"---> 1249329876"
317, 1249329884,"---> 1249329884"
318, 1249329892,"---> 1249329892"
319, 1249329906,"Möglicherweise Dublette; 'TSL 'mitgdimu'' auch in PPN 1249297699","Satz gespeichert","---> 1249329906"
320, 1249329914,"Möglicherweise Dublette; 'TSL 'mitgdimu'' auch in PPN 1249297699","Satz gespeichert","---> 1249329914"
321, 1249329922,"---> 1249329922"
322, 1249329930,"Möglicherweise Dublette; 'TSL 'mitgermu'' auch in PPN 1249329922","Satz gespeichert","---> 1249329930"
323, 1249329949,"Möglicherweise Dublette; 'TSL 'mitgermu'' auch in PPN 1249329922","Satz gespeichert","---> 1249329949"
324, 1249329957,"Möglicherweise Dublette; 'TSL 'mitgermu'' auch in PPN 1249329922","Satz gespeichert","---> 1249329957"
325, 1249329965,"---> 1249329965"
326, 1249329973,"Möglicherweise Dublette; 'TSL 'mitggewim'' auch in PPN 1249269253","Satz gespeichert","---> 1249329973"
327, 1249329981,"Möglicherweise Dublette; 'TSL 'mitggemu'' auch in PPN 1249329973","Satz gespeichert","---> 1249329981"
328, 124932999X,"---> 124932999X"
329, 1249330009,"---> 1249330009"
330, 1249330017,"---> 1249330017"
331, 1249330025,"---> 1249330025"
332, 1249330033,"Möglicherweise Dublette; 'TSL 'mitghemu'' auch in PPN 1249329728","Satz gespeichert","---> 1249330033"
333, 1249330041,"Möglicherweise Dublette; 'TSL 'mitghemu'' auch in PPN 1249329728","Satz gespeichert","---> 1249330041"
334, 1249330068,"Möglicherweise Dublette; 'TSL 'mitghemu'' auch in PPN 1249329728","Satz gespeichert","---> 1249330068"
335, 1249330084,"Möglicherweise Dublette; 'TSL 'mitgdrhem'' auch in PPN 1249268761","Satz gespeichert","---> 1249330084"
336, 1249330092,"---> 1249330092"
337, 1249330106,"---> 1249330106"
338, 1249330114,"---> 1249330114"
339, 1249330122,"---> 1249330122"
340, 1249330130,"Möglicherweise Dublette; 'TSL 'mitgjomu'' auch in PPN 1249330122","Satz gespeichert","---> 1249330130"
341, 1249330149,"Möglicherweise Dublette; 'TSL 'mitgjomu'' auch in PPN 1249330122","Satz gespeichert","---> 1249330149"
342, 1249330157,"---> 1249330157"
343, 1249330165,"---> 1249330165"
344, 1249330173,"---> 1249330173"
345, 1249330181,"Möglicherweise Dublette; 'TSL 'mitgkamu'' auch in PPN 1249330165","Satz gespeichert","---> 1249330181"
346, 124933019X,"---> 124933019X"
347, 1249330203,"---> 1249330203"
348, 1249330211,"---> 1249330211"
349, 124933022X,"---> 124933022X"
350, 1249330238,"Möglicherweise Dublette; 'TSL 'mitglumu'' auch in PPN 1249329795","Satz gespeichert","---> 1249330238"
351, 1249330246,"Möglicherweise Dublette; 'TSL 'mitglumu'' auch in PPN 1249329795","Satz gespeichert","---> 1249330246"
352, 1249330254,"---> 1249330254"
353, 1249330262,"---> 1249330262"
354, 1249330270,"---> 1249330270"
355, 1249330289,"---> 1249330289"
356, 1249330297,"---> 1249330297"
357, 1249330300,"---> 1249330300"
358, 1249330319,"Möglicherweise Dublette; 'TSL 'mitghemu'' auch in PPN 1249329728","Satz gespeichert","---> 1249330319"
359, 1249330327,"Möglicherweise Dublette; 'TSL 'mitghamu'' auch in PPN 1249330017","Satz gespeichert","---> 1249330327"
360, 1249330335,"---> 1249330335"
361, 1249330343,"Möglicherweise Dublette; 'TSL 'mitgramu'' auch in PPN 1249329752","Satz gespeichert","---> 1249330343"
362, 1249330351,"Möglicherweise Dublette; 'TSL 'mitgmamu'' auch in PPN 1249325765","Satz gespeichert","---> 1249330351"
363, 124933036X,"---> 124933036X"
364, 1249330378,"Möglicherweise Dublette; 'TSL 'mitgwamu'' auch in PPN 1249330300","Satz gespeichert","---> 1249330378"
365, 1249330386,"---> 1249330386"
366, 1249330394,"Möglicherweise Dublette; 'TSL 'mitgmusc'' auch in PPN 1249329639","Satz gespeichert","---> 1249330394"
367, 1249330408,"---> 1249330408"
368, 1249330416,"Möglicherweise Dublette; 'TSL 'mitghemu'' auch in PPN 1249329728","Satz gespeichert","---> 1249330416"
369, 1249330424,"---> 1249330424"
370, 1249330432,"Möglicherweise Dublette; 'TSL 'mitgmubu'' auch in PPN 1249329477","Satz gespeichert","---> 1249330432"
371, 1249330440,"Möglicherweise Dublette; 'TSL 'mitgremu'' auch in PPN 1249330262","Satz gespeichert","---> 1249330440"
372, 1249330459,"Möglicherweise Dublette; 'TSL 'mitggemu'' auch in PPN 1249329973","Satz gespeichert","---> 1249330459"
373, 1249330467,"---> 1249330467"
374, 1249330475,"---> 1249330475"
375, 1249330483,"---> 1249330483"
376, 1249330491,"Möglicherweise Dublette; 'TSL 'mitgmubu'' auch in PPN 1249329477","Satz gespeichert","---> 1249330491"
377, 1249330513,"Möglicherweise Dublette; 'TSL 'mitgwemu'' auch in PPN 1249329515","Satz gespeichert","---> 1249330513"
378, 1249330521,"Möglicherweise Dublette; 'TSL 'mitghamu'' auch in PPN 1249330017","Satz gespeichert","---> 1249330521"
379, 124933053X,"Möglicherweise Dublette; 'TSL 'mitgermu'' auch in PPN 1249329922","Satz gespeichert","---> 124933053X"
380, 1249330548,"Möglicherweise Dublette; 'TSL 'mitghomu'' auch in PPN 1249330106","Satz gespeichert","---> 1249330548"
381, 1249330556,"---> 1249330556"
382, 1249330564,"---> 1249330564"
383, 1249330572,"Möglicherweise Dublette; 'TSL 'mitghamu'' auch in PPN 1249330017","Satz gespeichert","---> 1249330572"
384, 1249330580,"---> 1249330580"
385, 1249330599,"Möglicherweise Dublette; 'TSL 'mitghamu'' auch in PPN 1249330017","Satz gespeichert","---> 1249330599"
386, 1249330602,"Möglicherweise Dublette; 'TSL 'mitgchmu'' auch in PPN 1249329736","Satz gespeichert","---> 1249330602"
387, 1249330610,"Möglicherweise Dublette; 'TSL 'mitggemu'' auch in PPN 1249329973","Satz gespeichert","---> 1249330610"
388, 1249330629,"---> 1249330629"
389, 1249330637,"---> 1249330637"
390, 1249330645,"---> 1249330645"
391, 1249330653,"---> 1249330653"
392, 1249330661,"---> 1249330661"
393, 124933067X,"---> 124933067X"
394, 1249330688,"---> 1249330688"
395, 1249330696,"---> 1249330696"
396, 124933070X,"Möglicherweise Dublette; 'TSL 'mitghena'' auch in PPN 124933067X","Satz gespeichert","---> 124933070X"
397, 1249330718,"---> 1249330718"
398, 1249330726,"---> 1249330726"
399, 1249330742,"Möglicherweise Dublette; 'TSL 'mitgnave'' auch in PPN 1249330696","Satz gespeichert","---> 1249330742"
400, 1249330750,"---> 1249330750"
401, 1249330769,"Möglicherweise Dublette; 'TSL 'mitgnave'' auch in PPN 1249330696","Satz gespeichert","---> 1249330769"
402, 1249330777,"---> 1249330777"
403, 1249330785,"Möglicherweise Dublette; 'TSL 'mitgna'' auch in PPN 010329404","Satz gespeichert","---> 1249330785"
404, 1249330793,"Möglicherweise Dublette; 'TSL 'mitgmana'' auch in PPN 1249330688","Satz gespeichert","---> 1249330793"
405, 1249330807,"---> 1249330807"
406, 1249330815,"---> 1249330815"
407, 1249330823,"---> 1249330823"
408, 1249330831,"---> 1249330831"
409, 1249330858,"---> 1249330858"
410, 1249330866,"Möglicherweise Dublette; 'TSL 'mitgnave'' auch in PPN 1249330696","Satz gespeichert","---> 1249330866"
411, 1249330874,"---> 1249330874"
412, 1249330882,"---> 1249330882"
413, 1249330890,"---> 1249330890"
414, 1249330904,"Möglicherweise Dublette; 'TSL 'mitgpane'' auch in PPN 1249330890","Satz gespeichert","---> 1249330904"
415, 1249330912,"Möglicherweise Dublette; 'TSL 'mitghene'' auch in PPN 1249269687","Satz gespeichert","---> 1249330912"
416, 1249330920,"---> 1249330920"
417, 1249330939,"---> 1249330939"
418, 1249330947,"---> 1249330947"
419, 1249330955,"---> 1249330955"
420, 1249330963,"---> 1249330963"
421, 1249330971,"---> 1249330971"
422, 124933098X,"---> 124933098X"
423, 1249330998,"---> 1249330998"
424, 1249331005,"---> 1249331005"
425, 1249331013,"---> 1249331013"
426, 1249331021,"---> 1249331021"
427, 124933103X,"---> 124933103X"
428, 1249331048,"---> 1249331048"
429, 1249331056,"Möglicherweise Dublette; 'TSL 'mitghane'' auch in PPN 1249331048","Satz gespeichert","---> 1249331056"
430, 1249331064,"---> 1249331064"
431, 1249331072,"---> 1249331072"
432, 1249331080,"---> 1249331080"
433, 1249331099,"---> 1249331099"
434, 1249331102,"---> 1249331102"
435, 1249331110,"---> 1249331110"
436, 1249331129,"---> 1249331129"
437, 1249331137,"Möglicherweise Dublette; 'TSL 'mitgneve'' auch in PPN 1249331064","Satz gespeichert","---> 1249331137"
438, 1249331145,"---> 1249331145"
439, 1249331153,"---> 1249331153"
440, 1249331161,"---> 1249331161"
441, 124933117X,"---> 124933117X"
442, 1249331188,"---> 1249331188"
443, 1249331196,"---> 1249331196"
444, 124933120X,"---> 124933120X"
445, 1249331218,"---> 1249331218"
446, 1249331226,"---> 1249331226"
447, 1249331234,"Möglicherweise Dublette; 'TSL 'mitgneve'' auch in PPN 1249331064","Satz gespeichert","---> 1249331234"
448, 1249331242,"Möglicherweise Dublette; 'TSL 'mitghene'' auch in PPN 1249269687","Satz gespeichert","---> 1249331242"
449, 1249331250,"Möglicherweise Dublette; 'TSL 'mitggene'' auch in PPN 1249269806","Satz gespeichert","---> 1249331250"
450, 1249331269,"Möglicherweise Dublette; 'TSL 'mitghane'' auch in PPN 1249331048","Satz gespeichert","---> 1249331269"
451, 1249331277,"Möglicherweise Dublette; 'TSL 'mitgrone'' auch in PPN 1249330882","Satz gespeichert","---> 1249331277"
452, 1249331285,"---> 1249331285"
453, 1249331293,"---> 1249331293"
454, 1249331307,"---> 1249331307"
455, 1249331315,"Möglicherweise Dublette; 'TSL 'mitgdrwon'' auch in PPN 1249330947","Satz gespeichert","---> 1249331315"
456, 1249331323,"Möglicherweise Dublette; 'TSL 'mitgnebu'' auch in PPN 124933117X","Satz gespeichert","---> 1249331323"
457, 1249331331,"---> 1249331331"
458, 124933134X,"Möglicherweise Dublette; 'TSL 'mitgne'' auch in PPN 891134921","Satz gespeichert","---> 124933134X"
459, 1249331358,"---> 1249331358"
460, 1249331366,"Möglicherweise Dublette; 'TSL 'mitggune'' auch in PPN 1249331188","Satz gespeichert","---> 1249331366"
461, 1249331374,"---> 1249331374"
462, 1249331382,"Möglicherweise Dublette; 'TSL 'mitgne'' auch in PPN 891134921","Satz gespeichert","---> 1249331382"
463, 1249331390,"---> 1249331390"
464, 1249331404,"---> 1249331404"
465, 1249331412,"---> 1249331412"
466, 1249331420,"Möglicherweise Dublette; 'TSL 'mitgmani'' auch in PPN 1249270006","Satz gespeichert","---> 1249331420"
467, 1249331439,"Möglicherweise Dublette; 'TSL 'mitgmani'' auch in PPN 1249270006","Satz gespeichert","---> 1249331439"
468, 1249331447,"---> 1249331447"
469, 1249331455,"---> 1249331455"
470, 1249331463,"---> 1249331463"
471, 1249331471,"Möglicherweise Dublette; 'TSL 'mitgdrwon'' auch in PPN 1249330947","Satz gespeichert","---> 1249331471"
472, 124933148X,"---> 124933148X"
473, 1249331498,"Möglicherweise Dublette; 'TSL 'mitgheni'' auch in PPN 1249269938","Satz gespeichert","---> 1249331498"
474, 1249331501,"---> 1249331501"
475, 124933151X,"---> 124933151X"
476, 1249331528,"---> 1249331528"
477, 1249331536,"Möglicherweise Dublette; 'TSL 'mitghani'' auch in PPN 1249331528","Satz gespeichert","---> 1249331536"
478, 1249331544,"---> 1249331544"
479, 1249331552,"---> 1249331552"
480, 1249331560,"Möglicherweise Dublette; 'TSL 'mitganni'' auch in PPN 1249269997","Satz gespeichert","---> 1249331560"
481, 1249331579,"Möglicherweise Dublette; 'TSL 'mitgkani'' auch in PPN 1249270014","Satz gespeichert","---> 1249331579"
482, 1249331587,"---> 1249331587"
483, 1249331595,"---> 1249331595"
484, 1249331609,"---> 1249331609"
485, 1249331617,"---> 1249331617"
486, 1249331625,"---> 1249331625"
487, 1249331633,"---> 1249331633"
488, 1249331641,"---> 1249331641"
489, 124933165X,"---> 124933165X"
490, 1249331668,"---> 1249331668"
491, 1249331676,"---> 1249331676"
492, 1249331684,"---> 1249331684"
493, 1249331692,"---> 1249331692"
494, 1249331706,"---> 1249331706"
495, 1249331714,"---> 1249331714"
496, 1249331722,"---> 1249331722"
497, 1249331730,"---> 1249331730"
498, 1249331749,"---> 1249331749"
499, 1249331757,"Möglicherweise Dublette; 'TSL 'mitggeno'' auch in PPN 1249331714","Satz gespeichert","---> 1249331757"
500, 1249331765,"---> 1249331765"
501, 1249331773,"---> 1249331773"
502, 1249331781,"---> 1249331781"
503, 124933179X,"---> 124933179X"
504, 1249331803,"---> 1249331803"
505, 1249331811,"---> 1249331811"
506, 124933182X,"---> 124933182X"
507, 1249331838,"---> 1249331838"
508, 1249331854,"Möglicherweise Dublette; 'TSL 'mitgguno'' auch in PPN 1249331692","Satz gespeichert","---> 1249331854"
509, 1249331870,"---> 1249331870"
510, 1249331889,"---> 1249331889"
511, 1249331897,"---> 1249331897"
512, 1249331919,"---> 1249331919"
513, 1249331927,"---> 1249331927"
514, 1249331935,"---> 1249331935"
515, 1249331943,"Möglicherweise Dublette; 'TSL 'mitgheno'' auch in PPN 1249270073","Satz gespeichert","---> 1249331943"
516, 1249331951,"Möglicherweise Dublette; 'TSL 'mitgnogm'' auch in PPN 1249331889","Satz gespeichert","---> 1249331951"
517, 124933196X,"Möglicherweise Dublette; 'TSL 'mitgnove'' auch in PPN 1249331684","Satz gespeichert","---> 124933196X"
518, 1249331978,"Möglicherweise Dublette; 'TSL 'mitgno'' auch in PPN 1249331684","Satz gespeichert","---> 1249331978"
519, 1249331986,"---> 1249331986"
520, 1249331994,"---> 1249331994"
521, 124933201X,"Möglicherweise Dublette; 'TSL 'mitgnove'' auch in PPN 1249331684","Satz gespeichert","---> 124933201X"
522, 1249332028,"---> 1249332028"
523, 1249332036,"Möglicherweise Dublette; 'TSL 'mitgnove'' auch in PPN 1249331684","Satz gespeichert","---> 1249332036"
524, 1249332044,"---> 1249332044"
525, 1249332052,"Möglicherweise Dublette; 'TSL 'mitgno'' auch in PPN 1249331684","Satz gespeichert","---> 1249332052"
526, 1249332060,"Möglicherweise Dublette; 'TSL 'mitgnove'' auch in PPN 1249331684","Satz gespeichert","---> 1249332060"
527, 1249332079,"---> 1249332079"
528, 1249332087,"---> 1249332087"
529, 1249332095,"---> 1249332095"
530, 1249332109,"---> 1249332109"
531, 1249332117,"---> 1249332117"
532, 1249332125,"---> 1249332125"
533, 1249332133,"Möglicherweise Dublette; 'TSL 'mitggeob'' auch in PPN 1249270146","Satz gespeichert","---> 1249332133"
534, 1249332141,"---> 1249332141"
535, 124933215X,"---> 124933215X"
536, 1249332168,"---> 1249332168"
537, 1249332184,"---> 1249332184"
538, 1249332192,"Möglicherweise Dublette; 'TSL 'mitgobve'' auch in PPN 1249332141","Satz gespeichert","---> 1249332192"
539, 1249332206,"---> 1249332206"
540, 1249332214,"---> 1249332214"
541, 1249332222,"---> 1249332222"
542, 1249332230,"Möglicherweise Dublette; 'TSL 'mitgvedeo'' auch in PPN 015902390","Satz gespeichert","---> 1249332230"
543, 1249332249,"---> 1249332249"
544, 1249332257,"---> 1249332257"
545, 1249332265,"---> 1249332265"
546, 1249332273,"---> 1249332273"
547, 1249332281,"---> 1249332281"
548, 124933229X,"---> 124933229X"
549, 1249332303,"---> 1249332303"
550, 1249332311,"---> 1249332311"
551, 124933232X,"---> 124933232X"
552, 1249332338,"Möglicherweise Dublette; 'TSL 'mitghaoe'' auch in PPN 1249332265","Satz gespeichert","---> 1249332338"
553, 1249332346,"---> 1249332346"
554, 1249332354,"---> 1249332354"
555, 1249332362,"---> 1249332362"
556, 1249332389,"---> 1249332389"
557, 1249332397,"---> 1249332397"
558, 1249332400,"---> 1249332400"
559, 1249332419,"---> 1249332419"
560, 1249332427,"---> 1249332427"
561, 1249332435,"---> 1249332435"
562, 1249332443,"---> 1249332443"
563, 124933246X,"Möglicherweise Dublette; 'TSL 'mitgokve'' auch in PPN 1249332443","Satz gespeichert","---> 124933246X"
564, 1249332478,"---> 1249332478"
565, 1249332486,"Möglicherweise Dublette; 'TSL 'mitgkaheo'' auch in PPN 1249270294","Satz gespeichert","---> 1249332486"
566, 1249332494,"---> 1249332494"
567, 1249332508,"---> 1249332508"
568, 1249332524,"---> 1249332524"
569, 1249332532,"---> 1249332532"
570, 1249332540,"---> 1249332540"
571, 1249332559,"---> 1249332559"
572, 1249332567,"---> 1249332567"
573, 1249332575,"---> 1249332575"
574, 1249332583,"---> 1249332583"
575, 1249332591,"---> 1249332591"
576, 1249332605,"---> 1249332605"
577, 1249332613,"---> 1249332613"
578, 1249332621,"---> 1249332621"
579, 124933263X,"---> 124933263X"
580, 1249332648,"---> 1249332648"
581, 1249332656,"Möglicherweise Dublette; 'TSL 'mitgopve'' auch in PPN 1249332648","Satz gespeichert","---> 1249332656"
582, 1249332664,"---> 1249332664"
583, 1249332672,"---> 1249332672"
584, 1249332680,"---> 1249332680"
585, 1249332699,"---> 1249332699"
586, 1249332702,"---> 1249332702"
587, 1249332710,"---> 1249332710"
588, 1249332729,"---> 1249332729"
589, 1249332737,"---> 1249332737"
590, 1249332745,"---> 1249332745"
591, 1249332753,"---> 1249332753"
592, 1249332761,"Möglicherweise Dublette; 'TSL 'mitgorveg'' auch in PPN 1249332737","Satz gespeichert","---> 1249332761"
593, 124933277X,"---> 124933277X"
594, 1249332788,"---> 1249332788"
595, 1249332796,"---> 1249332796"
596, 124933280X,"---> 124933280X"
597, 1249332818,"---> 1249332818"
598, 1249332826,"---> 1249332826"
599, 1249332834,"---> 1249332834"
600, 1249332842,"---> 1249332842"
601, 1249332850,"Möglicherweise Dublette; 'TSL 'mitgosveg'' auch in PPN 1249332796","Satz gespeichert","---> 1249332850"
602, 1249332869,"---> 1249332869"
603, 1249332877,"Möglicherweise Dublette; 'TSL 'mitgwios'' auch in PPN 1249270464","Satz gespeichert","---> 1249332877"
604, 1249332885,"---> 1249332885"
605, 1249332893,"---> 1249332893"
606, 1249332907,"---> 1249332907"
607, 1249332915,"---> 1249332915"
608, 1249332923,"---> 1249332923"
609, 1249332931,"---> 1249332931"
610, 124933294X,"Möglicherweise Dublette; 'TSL 'mitgos'' auch in PPN 1249332834","Satz gespeichert","---> 124933294X"
611, 1249332958,"---> 1249332958"
612, 1249332966,"---> 1249332966"
613, 1249332974,"---> 1249332974"
614, 1249332982,"---> 1249332982"
615, 1249332990,"---> 1249332990"
616, 1249333008,"---> 1249333008"
617, 1249333016,"---> 1249333016"
618, 1249333024,"---> 1249333024"
619, 1249333032,"---> 1249333032"
620, 1249333040,"---> 1249333040"
621, 1249333059,"---> 1249333059"
622, 1249333067,"---> 1249333067"
623, 1249333075,"---> 1249333075"
624, 1249333083,"---> 1249333083"
625, 1249333091,"---> 1249333091"
626, 1249333105,"---> 1249333105"
627, 1249333113,"---> 1249333113"
628, 1249333121,"---> 1249333121"
629, 124933313X,"---> 124933313X"
630, 1249333148,"Möglicherweise Dublette; 'TSL 'mitgpame'' auch in PPN 1249327814","Satz gespeichert","---> 1249333148"
631, 1249333156,"---> 1249333156"
632, 1249333164,"---> 1249333164"
633, 1249333172,"---> 1249333172"
634, 1249333180,"---> 1249333180"
635, 1249333199,"---> 1249333199"
636, 1249333202,"---> 1249333202"
637, 1249333210,"---> 1249333210"
638, 1249333229,"Möglicherweise Dublette; 'TSL 'mitgpave'' auch in PPN 1249333199","Satz gespeichert","---> 1249333229"
639, 1249333237,"---> 1249333237"
640, 1249333245,"Möglicherweise Dublette; 'TSL 'mitgpaveg'' auch in PPN 1249333210","Satz gespeichert","---> 1249333245"
641, 1249333253,"---> 1249333253"
642, 1249333261,"Möglicherweise Dublette; 'TSL 'mitgpabu'' auch in PPN 1249333253","Satz gespeichert","---> 1249333261"
643, 124933327X,"---> 124933327X"
644, 1249333288,"---> 1249333288"
645, 1249333296,"---> 1249333296"
646, 124933330X,"Möglicherweise Dublette; 'TSL 'mitgjopa'' auch in PPN 1249333288","Satz gespeichert","---> 124933330X"
647, 1249333318,"Möglicherweise Dublette; 'TSL 'mitgpave'' auch in PPN 1249333199","Satz gespeichert","---> 1249333318"
648, 1249333326,"---> 1249333326"
649, 1249333334,"Möglicherweise Dublette; 'TSL 'mitgpaveg'' auch in PPN 1249333210","Satz gespeichert","---> 1249333334"
650, 1249333342,"---> 1249333342"
651, 1249333350,"---> 1249333350"
652, 1249333369,"Möglicherweise Dublette; 'TSL 'mitgpaco'' auch in PPN 1249295203","Satz gespeichert","---> 1249333369"
653, 1249333377,"---> 1249333377"
654, 1249333385,"Möglicherweise Dublette; 'TSL 'mitgpagm'' auch in PPN 1249333105","Satz gespeichert","---> 1249333385"
655, 1249333393,"---> 1249333393"
656, 1249333407,"Möglicherweise Dublette; 'TSL 'mitgpabu'' auch in PPN 1249333253","Satz gespeichert","---> 1249333407"
657, 1249333415,"Möglicherweise Dublette; 'TSL 'mitgpabu'' auch in PPN 1249333253","Satz gespeichert","---> 1249333415"
658, 1249333423,"---> 1249333423"
659, 1249333431,"Möglicherweise Dublette; 'TSL 'mitgpabu'' auch in PPN 1249333253","Satz gespeichert","---> 1249333431"
660, 124933344X,"Möglicherweise Dublette; 'TSL 'mitgpaveg'' auch in PPN 1249333210","Satz gespeichert","---> 124933344X"
661, 1249333458,"Möglicherweise Dublette; 'TSL 'mitgpaveg'' auch in PPN 1249333210","Satz gespeichert","---> 1249333458"
662, 1249333466,"Möglicherweise Dublette; 'TSL 'mitgpave'' auch in PPN 1249333199","Satz gespeichert","---> 1249333466"
663, 1249333482,"Möglicherweise Dublette; 'TSL 'mitgpa'' auch in PPN 1249333431","Satz gespeichert","---> 1249333482"
664, 1249333490,"---> 1249333490"
665, 1249333504,"---> 1249333504"
666, 1249333512,"Möglicherweise Dublette; 'TSL 'mitgpa'' auch in PPN 1249333431","Satz gespeichert","---> 1249333512"
667, 1249333520,"Möglicherweise Dublette; 'TSL 'mitgpaveg'' auch in PPN 1249333210","Satz gespeichert","---> 1249333520"
668, 1249333539,"Möglicherweise Dublette; 'TSL 'mitgpaveg'' auch in PPN 1249333210","Satz gespeichert","---> 1249333539"
669, 1249333547,"---> 1249333547"
670, 1249333555,"---> 1249333555"
671, 1249333563,"---> 1249333563"
672, 1249333571,"---> 1249333571"
673, 124933358X,"Möglicherweise Dublette; 'TSL 'mitggupa'' auch in PPN 1249270766","Satz gespeichert","---> 124933358X"
674, 1249333598,"---> 1249333598"
675, 1249333601,"---> 1249333601"
676, 124933361X,"Möglicherweise Dublette; 'TSL 'mitgfrpa'' auch in PPN 1249270715","Satz gespeichert","---> 124933361X"
677, 1249333628,"Möglicherweise Dublette; 'TSL 'mitgmapa'' auch in PPN 1249270812","Satz gespeichert","---> 1249333628"
678, 1249333636,"---> 1249333636"
679, 1249333644,"---> 1249333644"
680, 1249333652,"---> 1249333652"
681, 1249333660,"---> 1249333660"
682, 1249333679,"Möglicherweise Dublette; 'TSL 'mitgpa'' auch in PPN 1249333431","Satz gespeichert","---> 1249333679"
683, 1249333687,"Möglicherweise Dublette; 'TSL 'mitgpa'' auch in PPN 1249333431","Satz gespeichert","---> 1249333687"
684, 1249333695,"Möglicherweise Dublette; 'TSL 'mitgpaco'' auch in PPN 1249295203","Satz gespeichert","---> 1249333695"
685, 1249333709,"Möglicherweise Dublette; 'TSL 'mitgmapa'' auch in PPN 1249270812","Satz gespeichert","---> 1249333709"
686, 1249333717,"---> 1249333717"
687, 1249333725,"Möglicherweise Dublette; 'TSL 'mitgfrpa'' auch in PPN 1249270715","Satz gespeichert","---> 1249333725"
688, 1249333733,"Möglicherweise Dublette; 'TSL 'mitgfrpa'' auch in PPN 1249270715","Satz gespeichert","---> 1249333733"
689, 1249333741,"---> 1249333741"
690, 124933375X,"---> 124933375X"
691, 1249333768,"---> 1249333768"
692, 1249333776,"---> 1249333776"
693, 1249333784,"---> 1249333784"
694, 1249333792,"---> 1249333792"
695, 1249333806,"---> 1249333806"
696, 1249333814,"---> 1249333814"
697, 1249333822,"---> 1249333822"
698, 1249333830,"---> 1249333830"
699, 1249333849,"Möglicherweise Dublette; 'TSL 'mitgfrpe'' auch in PPN 1249270863","Satz gespeichert","---> 1249333849"
700, 1249333857,"---> 1249333857"
701, 1249333865,"---> 1249333865"
702, 1249333873,"---> 1249333873"
703, 1249333881,"---> 1249333881"
704, 124933389X,"---> 124933389X"
705, 1249333903,"---> 1249333903"
706, 1249333911,"---> 1249333911"
707, 124933392X,"---> 124933392X"
708, 1249333938,"---> 1249333938"
709, 1249333946,"---> 1249333946"
710, 1249333954,"---> 1249333954"
711, 1249333962,"---> 1249333962"
712, 1249333970,"---> 1249333970"
713, 1249333989,"---> 1249333989"
714, 1249333997,"---> 1249333997"
715, 1249334004,"---> 1249334004"
716, 1249334012,"Möglicherweise Dublette; 'TSL 'mitgpeve'' auch in PPN 1249333822","Satz gespeichert","---> 1249334012"
717, 1249334020,"---> 1249334020"
718, 1249334039,"---> 1249334039"
719, 1249334047,"Möglicherweise Dublette; 'TSL 'mitgpe'' auch in PPN 1249333822","Satz gespeichert","---> 1249334047"
720, 1249334055,"Möglicherweise Dublette; 'TSL 'mitgkupe'' auch in PPN 1249333865","Satz gespeichert","---> 1249334055"
721, 1249334063,"---> 1249334063"
722, 1249334071,"---> 1249334071"
723, 124933408X,"---> 124933408X"
724, 1249334098,"Möglicherweise Dublette; 'TSL 'mitgkupe'' auch in PPN 1249333865","Satz gespeichert","---> 1249334098"
725, 1249334101,"Möglicherweise Dublette; 'TSL 'mitgdrhap'' auch in PPN 1249270901","Satz gespeichert","---> 1249334101"
726, 124933411X,"Möglicherweise Dublette; 'TSL 'mitghape'' auch in PPN 1249333997","Satz gespeichert","---> 124933411X"
727, 1249334128,"Möglicherweise Dublette; 'TSL 'mitgkupe'' auch in PPN 1249333865","Satz gespeichert","---> 1249334128"
728, 1249334136,"---> 1249334136"
729, 1249334144,"---> 1249334144"
730, 1249334152,"---> 1249334152"
731, 1249334160,"---> 1249334160"
732, 1249334179,"---> 1249334179"
733, 1249334195,"Möglicherweise Dublette; 'TSL 'mitgpeve'' auch in PPN 1249333822","Satz gespeichert","---> 1249334195"
734, 1249334209,"Möglicherweise Dublette; 'TSL 'mitgalper'' auch in PPN 1155097386","Satz gespeichert","---> 1249334209"
735, 1249334217,"---> 1249334217"
736, 1249334225,"Möglicherweise Dublette; 'TSL 'mitgwepe'' auch in PPN 124933408X","Satz gespeichert","---> 1249334225"
737, 1249334233,"---> 1249334233"
738, 1249334241,"Möglicherweise Dublette; 'TSL 'mitgkupe'' auch in PPN 1249333865","Satz gespeichert","---> 1249334241"
739, 124933425X,"Möglicherweise Dublette; 'TSL 'mitgkupe'' auch in PPN 1249333865","Satz gespeichert","---> 124933425X"
740, 1249334268,"Möglicherweise Dublette; 'TSL 'mitghajop'' auch in PPN 1249270782","Satz gespeichert","---> 1249334268"
741, 1249334276,"---> 1249334276"
742, 1249334284,"Möglicherweise Dublette; 'TSL 'mitgotpf'' auch in PPN 1249271037","Satz gespeichert","---> 1249334284"
743, 1249334292,"---> 1249334292"
744, 1249334306,"---> 1249334306"
745, 1249334314,"---> 1249334314"
746, 1249334322,"Möglicherweise Dublette; 'TSL 'mitghapf'' auch in PPN 1249334268","Satz gespeichert","---> 1249334322"
747, 1249334330,"---> 1249334330"
748, 1249334349,"Möglicherweise Dublette; 'TSL 'mitgkapf'' auch in PPN 1249271134","Satz gespeichert","---> 1249334349"
749, 1249334357,"---> 1249334357"
750, 1249334365,"---> 1249334365"
751, 1249334373,"Möglicherweise Dublette; 'TSL 'mitgkapf'' auch in PPN 1249271134","Satz gespeichert","---> 1249334373"
752, 1249334381,"---> 1249334381"
753, 124933439X,"---> 124933439X"
754, 1249334403,"---> 1249334403"
755, 1249334411,"Möglicherweise Dublette; 'TSL 'mitghepf'' auch in PPN 124927110X","Satz gespeichert","---> 1249334411"
756, 124933442X,"Möglicherweise Dublette; 'TSL 'mitgfrpf'' auch in PPN 1249334381","Satz gespeichert","---> 124933442X"
757, 1249334438,"Möglicherweise Dublette; 'TSL 'mitghepf'' auch in PPN 124927110X","Satz gespeichert","---> 1249334438"
758, 1249334446,"---> 1249334446"
759, 1249334454,"---> 1249334454"
760, 1249334462,"Möglicherweise Dublette; 'TSL 'mitgropf'' auch in PPN 1249334292","Satz gespeichert","---> 1249334462"
761, 1249334470,"---> 1249334470"
762, 1249334489,"---> 1249334489"
763, 1249334497,"---> 1249334497"
764, 1249334500,"---> 1249334500"
765, 1249334519,"---> 1249334519"
766, 1249334527,"Möglicherweise Dublette; 'TSL 'mitgphve'' auch in PPN 1249334497","Satz gespeichert","---> 1249334527"
767, 1249334535,"Möglicherweise Dublette; 'TSL 'mitgphgm'' auch in PPN 1249334489","Satz gespeichert","---> 1249334535"
768, 1249334543,"---> 1249334543"
769, 1249334551,"Möglicherweise Dublette; 'TSL 'mitgphveg'' auch in PPN 1249334489","Satz gespeichert","---> 1249334551"
770, 124933456X,"---> 124933456X"
771, 1249334578,"Möglicherweise Dublette; 'TSL 'mitgph'' auch in PPN 1249334527","Satz gespeichert","---> 1249334578"
772, 1249334586,"---> 1249334586"
773, 1249334594,"---> 1249334594"
774, 1249334608,"---> 1249334608"
775, 1249334616,"---> 1249334616"
776, 1249334624,"---> 1249334624"
777, 1249334632,"---> 1249334632"
778, 1249334640,"Möglicherweise Dublette; 'TSL 'mitgdeunu'' auch in PPN 966148819","Satz gespeichert","---> 1249334640"
779, 1249334659,"---> 1249334659"
780, 1249334667,"---> 1249334667"
781, 1249334675,"---> 1249334675"
782, 1249334683,"---> 1249334683"
783, 1249334691,"---> 1249334691"
784, 1249334705,"---> 1249334705"
785, 1249334713,"---> 1249334713"
786, 1249334721,"---> 1249334721"
787, 124933473X,"---> 124933473X"
788, 1249334748,"---> 1249334748"
789, 1249334756,"---> 1249334756"
790, 1249334764,"---> 1249334764"
791, 1249334772,"Möglicherweise Dublette; 'TSL 'mitgmapi'' auch in PPN 1249334691","Satz gespeichert","---> 1249334772"
792, 1249334780,"Möglicherweise Dublette; 'TSL 'mitgropi'' auch in PPN 1249334632","Satz gespeichert","---> 1249334780"
793, 1249334799,"---> 1249334799"
794, 1249334802,"Möglicherweise Dublette; 'TSL 'mitgpive'' auch in PPN 1249334624","Satz gespeichert","---> 1249334802"
795, 1249334810,"Möglicherweise Dublette; 'TSL 'mitgpapi'' auch in PPN 1249334608","Satz gespeichert","---> 1249334810"
796, 1249334829,"---> 1249334829"
797, 1249334837,"---> 1249334837"
798, 1249334845,"---> 1249334845"
799, 1249334853,"Möglicherweise Dublette; 'TSL 'mitgplveg'' auch in PPN 1249334845","Satz gespeichert","---> 1249334853"
800, 1249334861,"---> 1249334861"
801, 1249334888,"Möglicherweise Dublette; 'TSL 'mitgmipl'' auch in PPN 1200663055","Satz gespeichert","---> 1249334888"
802, 1249334896,"---> 1249334896"
803, 124933490X,"---> 124933490X"
804, 1249334918,"Möglicherweise Dublette; 'TSL 'mitgplveg'' auch in PPN 1249334845","Satz gespeichert","---> 1249334918"
805, 1249334926,"---> 1249334926"
806, 1249334934,"Möglicherweise Dublette; 'TSL 'mitgmapl'' auch in PPN 124933490X","Satz gespeichert","---> 1249334934"
807, 1249334942,"---> 1249334942"
808, 1249334950,"---> 1249334950"
809, 1249334969,"---> 1249334969"
810, 1249334977,"Möglicherweise Dublette; 'TSL 'mitgmapl'' auch in PPN 124933490X","Satz gespeichert","---> 1249334977"
811, 1249334985,"---> 1249334985"
812, 1249334993,"---> 1249334993"
813, 1249335000,"---> 1249335000"
814, 1249335019,"Möglicherweise Dublette; 'TSL 'mitgplveg'' auch in PPN 1249334845","Satz gespeichert","---> 1249335019"
815, 1249335027,"---> 1249335027"
816, 1249335035,"---> 1249335035"
817, 1249335043,"---> 1249335043"
818, 1249335051,"Möglicherweise Dublette; 'TSL 'mitgkapo'' auch in PPN 1249317045","Satz gespeichert","---> 1249335051"
819, 124933506X,"Möglicherweise Dublette; 'TSL 'mitgfrpo'' auch in PPN 1249271428","Satz gespeichert","---> 124933506X"
820, 1249335078,"Möglicherweise Dublette; 'TSL 'mitgmapo'' auch in PPN 1249271401","Satz gespeichert","---> 1249335078"
821, 1249335086,"---> 1249335086"
822, 1249335094,"Möglicherweise Dublette; 'TSL 'mitgwepo'' auch in PPN 1249335043","Satz gespeichert","---> 1249335094"
823, 1249335108,"Möglicherweise Dublette; 'TSL 'mitgdrjoh'' auch in PPN 1249260515","Satz gespeichert","---> 1249335108"
824, 1249335116,"---> 1249335116"
825, 1249335124,"Möglicherweise Dublette; 'TSL 'mitgfrpo'' auch in PPN 1249271428","Satz gespeichert","---> 1249335124"
826, 1249335132,"---> 1249335132"
827, 1249335140,"---> 1249335140"
828, 1249335159,"---> 1249335159"
829, 1249335167,"---> 1249335167"
830, 1249335175,"---> 1249335175"
831, 1249335183,"---> 1249335183"
832, 1249335191,"---> 1249335191"
833, 1249335205,"---> 1249335205"
834, 1249335213,"---> 1249335213"
835, 1249335221,"---> 1249335221"
836, 124933523X,"---> 124933523X"
837, 1249335248,"---> 1249335248"
838, 1249335256,"---> 1249335256"
839, 1249335264,"---> 1249335264"
840, 1249335280,"---> 1249335280"
841, 1249335299,"---> 1249335299"
842, 1249335302,"---> 1249335302"
843, 1249335329,"---> 1249335329"
844, 1249335337,"---> 1249335337"
845, 1249335345,"---> 1249335345"
846, 1249335353,"---> 1249335353"
847, 1249335361,"Möglicherweise Dublette; 'TSL 'mitgwipo'' auch in PPN 1249271525","Satz gespeichert","---> 1249335361"
848, 1249335388,"Möglicherweise Dublette; 'TSL 'mitgjopo'' auch in PPN 1249335248","Satz gespeichert","---> 1249335388"
849, 1249335396,"Möglicherweise Dublette; 'TSL 'mitghepo'' auch in PPN 1249335086","Satz gespeichert","---> 1249335396"
850, 124933540X,"Möglicherweise Dublette; 'TSL 'mitgkapo'' auch in PPN 1249317045","Satz gespeichert","---> 124933540X"
851, 1249335418,"Möglicherweise Dublette; 'TSL 'mitgpo'' auch in PPN 010923667","Satz gespeichert","---> 1249335418"
852, 1249335426,"Möglicherweise Dublette; 'TSL 'mitgpove'' auch in PPN 1249335167","Satz gespeichert","---> 1249335426"
853, 1249335434,"Möglicherweise Dublette; 'TSL 'mitgpove'' auch in PPN 1249335167","Satz gespeichert","---> 1249335434"
854, 1249335442,"Möglicherweise Dublette; 'TSL 'mitgwipo'' auch in PPN 1249271525","Satz gespeichert","---> 1249335442"
855, 1249335450,"---> 1249335450"
856, 1249335469,"---> 1249335469"
857, 1249335477,"Möglicherweise Dublette; 'TSL 'mitgpr'' auch in PPN 941175553","Satz gespeichert","---> 1249335477"
858, 1249335485,"Möglicherweise Dublette; 'TSL 'mitgmapr'' auch in PPN 1249271614","Satz gespeichert","---> 1249335485"
859, 1249335493,"---> 1249335493"
860, 1249335507,"---> 1249335507"
861, 1249335515,"---> 1249335515"
862, 1249335523,"Möglicherweise Dublette; 'TSL 'mitgalpr'' auch in PPN 1249271630","Satz gespeichert","---> 1249335523"
863, 124933554X,"---> 124933554X"
864, 1249335558,"Möglicherweise Dublette; 'TSL 'mitghepr'' auch in PPN 1249335507","Satz gespeichert","---> 1249335558"
865, 1249335566,"---> 1249335566"
866, 1249335574,"---> 1249335574"
867, 1249335582,"---> 1249335582"
868, 1249335604,"---> 1249335604"
869, 1249335612,"---> 1249335612"
870, 1249335620,"---> 1249335620"
871, 1249335639,"---> 1249335639"
872, 1249335647,"---> 1249335647"
873, 1249335655,"---> 1249335655"
874, 1249335663,"Möglicherweise Dublette; 'TSL 'mitggepr'' auch in PPN 1249335655","Satz gespeichert","---> 1249335663"
875, 1249335671,"Möglicherweise Dublette; 'TSL 'mitgutpr'' auch in PPN 1249335515","Satz gespeichert","---> 1249335671"
876, 124933568X,"Möglicherweise Dublette; 'TSL 'mitgdipr'' auch in PPN 124933554X","Satz gespeichert","---> 124933568X"
877, 1249335698,"---> 1249335698"
878, 1249335701,"---> 1249335701"
879, 124933571X,"Möglicherweise Dublette; 'TSL 'mitgprve'' auch in PPN 1249335566","Satz gespeichert","---> 124933571X"
880, 1249335728,"---> 1249335728"
881, 1249335736,"Möglicherweise Dublette; 'TSL 'mitgprve'' auch in PPN 1249335566","Satz gespeichert","---> 1249335736"
882, 1249335744,"---> 1249335744"
883, 1249335752,"---> 1249335752"
884, 1249335760,"---> 1249335760"
885, 1249335787,"Möglicherweise Dublette; 'TSL 'mitghapep'' auch in PPN 124933439X","Satz gespeichert","---> 1249335787"
886, 1249335795,"---> 1249335795"
887, 1249335809,"Möglicherweise Dublette; 'TSL 'mitgpr'' auch in PPN 941175553","Satz gespeichert","---> 1249335809"
888, 1249335817,"---> 1249335817"
889, 1249335825,"Möglicherweise Dublette; 'TSL 'mitgalpr'' auch in PPN 1249271630","Satz gespeichert","---> 1249335825"
890, 1249335833,"Möglicherweise Dublette; 'TSL 'mitgprve'' auch in PPN 1249335566","Satz gespeichert","---> 1249335833"
891, 1249335841,"---> 1249335841"
892, 124933585X,"Möglicherweise Dublette; 'TSL 'mitgpr'' auch in PPN 941175553","Satz gespeichert","---> 124933585X"
893, 1249335868,"---> 1249335868"
894, 1249335876,"---> 1249335876"
895, 1249335884,"---> 1249335884"
896, 1249335892,"---> 1249335892"
897, 1249335914,"---> 1249335914"
898, 1249335922,"---> 1249335922"
899, 1249335930,"---> 1249335930"
900, 1249335949,"Möglicherweise Dublette; 'TSL 'mitgprve'' auch in PPN 1249335566","Satz gespeichert","---> 1249335949"
901, 1249335957,"Möglicherweise Dublette; 'TSL 'mitgprve'' auch in PPN 1249335566","Satz gespeichert","---> 1249335957"
902, 1249335965,"---> 1249335965"
903, 1249335973,"Möglicherweise Dublette; 'TSL 'mitgpr'' auch in PPN 941175553","Satz gespeichert","---> 1249335973"
904, 1249335981,"Möglicherweise Dublette; 'TSL 'mitgprve'' auch in PPN 1249335566","Satz gespeichert","---> 1249335981"
905, 124933599X,"---> 124933599X"
906, 1249336007,"---> 1249336007"
907, 1249336015,"---> 1249336015"
908, 1249336023,"---> 1249336023"
909, 124933604X,"---> 124933604X"
910, 1249336058,"---> 1249336058"
911, 1249336066,"---> 1249336066"
912, 1249336074,"---> 1249336074"
913, 1249336082,"---> 1249336082"
914, 1249336090,"---> 1249336090"
915, 1249336104,"Möglicherweise Dublette; 'TSL 'mitgdrfrp'' auch in PPN 1249270588","Satz gespeichert","---> 1249336104"
916, 1249336112,"---> 1249336112"
917, 1249336120,"---> 1249336120"
918, 1249336139,"---> 1249336139"
919, 1249336147,"---> 1249336147"
920, 1249336155,"---> 1249336155"
921, 1249336163,"---> 1249336163"
922, 1249336171,"---> 1249336171"
923, 124933618X,"---> 124933618X"
924, 1249336198,"---> 1249336198"
925, 1249336201,"---> 1249336201"
926, 124933621X,"---> 124933621X"
927, 1249336228,"---> 1249336228"
928, 1249336236,"---> 1249336236"
929, 1249336244,"---> 1249336244"
930, 1249336252,"---> 1249336252"
931, 1249336260,"---> 1249336260"
932, 1249336279,"---> 1249336279"
933, 1249336287,"---> 1249336287"
934, 1249336295,"---> 1249336295"
935, 1249336309,"---> 1249336309"
936, 1249336317,"---> 1249336317"
937, 1249336325,"Möglicherweise Dublette; 'TSL 'mitghera'' auch in PPN 1249271754","Satz gespeichert","---> 1249336325"
938, 1249336341,"Möglicherweise Dublette; 'TSL 'mitgrave'' auch in PPN 1249336295","Satz gespeichert","---> 1249336341"
939, 124933635X,"---> 124933635X"
940, 1249336368,"---> 1249336368"
941, 1249336376,"---> 1249336376"
942, 1249336384,"---> 1249336384"
943, 1249336392,"Möglicherweise Dublette; 'TSL 'mitgkara'' auch in PPN 1249336376","Satz gespeichert","---> 1249336392"
944, 1249336406,"---> 1249336406"
945, 1249336414,"---> 1249336414"
946, 1249336422,"---> 1249336422"
947, 1249336430,"---> 1249336430"
948, 1249336449,"Möglicherweise Dublette; 'TSL 'mitghera'' auch in PPN 1249271754","Satz gespeichert","---> 1249336449"
949, 1249336457,"---> 1249336457"
950, 1249336465,"Möglicherweise Dublette; 'TSL 'mitgrave'' auch in PPN 1249336295","Satz gespeichert","---> 1249336465"
951, 1249336473,"---> 1249336473"
952, 1249336481,"Möglicherweise Dublette; 'TSL 'mitgcara'' auch in PPN 1249336309","Satz gespeichert","---> 1249336481"
953, 124933649X,"---> 124933649X"
954, 1249336503,"Möglicherweise Dublette; 'TSL 'mitgemra'' auch in PPN 124933649X","Satz gespeichert","---> 1249336503"
955, 1249336511,"---> 1249336511"
956, 124933652X,"Möglicherweise Dublette; 'TSL 'mitgerra'' auch in PPN 1249271851","Satz gespeichert","---> 124933652X"
957, 1249336546,"Möglicherweise Dublette; 'TSL 'mitghera'' auch in PPN 1249271754","Satz gespeichert","---> 1249336546"
958, 1249336554,"Möglicherweise Dublette; 'TSL 'mitgmara'' auch in PPN 1249271916","Satz gespeichert","---> 1249336554"
959, 1249336562,"---> 1249336562"
960, 1249336570,"---> 1249336570"
961, 1249336589,"---> 1249336589"
962, 1249336597,"---> 1249336597"
963, 1249336600,"Möglicherweise Dublette; 'TSL 'mitgdrhar'' auch in PPN 124927270X","Satz gespeichert","---> 1249336600"
964, 1249336619,"Möglicherweise Dublette; 'TSL 'mitgrave'' auch in PPN 1249336295","Satz gespeichert","---> 1249336619"
965, 1249336627,"Möglicherweise Dublette; 'TSL 'mitghera'' auch in PPN 1249271754","Satz gespeichert","---> 1249336627"
966, 1249336635,"Möglicherweise Dublette; 'TSL 'mitgra'' auch in PPN 1249336368","Satz gespeichert","---> 1249336635"
967, 1249336643,"Möglicherweise Dublette; 'TSL 'mitgrave'' auch in PPN 1249336295","Satz gespeichert","---> 1249336643"
968, 1249336651,"Möglicherweise Dublette; 'TSL 'mitgra'' auch in PPN 1249336368","Satz gespeichert","---> 1249336651"
969, 124933666X,"---> 124933666X"
970, 1249336678,"---> 1249336678"
971, 1249336686,"---> 1249336686"
972, 1249336694,"---> 1249336694"
973, 1249336708,"Möglicherweise Dublette; 'TSL 'mitghera'' auch in PPN 1249271754","Satz gespeichert","---> 1249336708"
974, 1249336716,"Möglicherweise Dublette; 'TSL 'mitgdrher'' auch in PPN 1249272769","Satz gespeichert","---> 1249336716"
975, 1249336732,"---> 1249336732"
976, 1249336740,"---> 1249336740"
977, 1249336759,"---> 1249336759"
978, 1249336767,"---> 1249336767"
979, 1249336775,"---> 1249336775"
980, 1249336783,"---> 1249336783"
981, 1249336791,"---> 1249336791"
982, 1249336805,"Möglicherweise Dublette; 'TSL 'mitgre'' auch in PPN 999317563","Satz gespeichert","---> 1249336805"
983, 1249336813,"---> 1249336813"
984, 1249336821,"Möglicherweise Dublette; 'TSL 'mitgregm'' auch in PPN 1249336813","Satz gespeichert","---> 1249336821"
985, 124933683X,"---> 124933683X"
986, 1249336848,"Möglicherweise Dublette; 'TSL 'mitgmare'' auch in PPN 1249272300","Satz gespeichert","---> 1249336848"
987, 1249336856,"---> 1249336856"
988, 1249336864,"---> 1249336864"
989, 1249336872,"Möglicherweise Dublette; 'TSL 'mitgrebu'' auch in PPN 1249336775","Satz gespeichert","---> 1249336872"
990, 1249336880,"---> 1249336880"
991, 1249336899,"Möglicherweise Dublette; 'TSL 'mitgrebu'' auch in PPN 1249336775","Satz gespeichert","---> 1249336899"
992, 1249336902,"---> 1249336902"
993, 1249336910,"---> 1249336910"
994, 1249336929,"---> 1249336929"
995, 1249336937,"Möglicherweise Dublette; 'TSL 'mitgfrre'' auch in PPN 124927205X","Satz gespeichert","---> 1249336937"
996, 1249336945,"Möglicherweise Dublette; 'TSL 'mitgre'' auch in PPN 999317563","Satz gespeichert","---> 1249336945"
997, 1249336953,"---> 1249336953"
998, 1249336961,"Möglicherweise Dublette; 'TSL 'mitgfrre'' auch in PPN 124927205X","Satz gespeichert","---> 1249336961"
999, 124933697X,"---> 124933697X"
1000, 1249336988,"---> 1249336988"
