1, 124929472X,"---> 124929472X"
2, 1249294738,"---> 1249294738"
3, 1249294746,"---> 1249294746"
4, 1249294754,"---> 1249294754"
5, 1249294762,"---> 1249294762"
6, 1249294770,"---> 1249294770"
7, 1249294789,"---> 1249294789"
8, 1249294800,"---> 1249294800"
9, 1249294819,"---> 1249294819"
10, 1249294827,"---> 1249294827"
11, 1249294835,"---> 1249294835"
12, 1249294843,"---> 1249294843"
13, 1249294851,"---> 1249294851"
14, 124929486X,"---> 124929486X"
15, 1249294878,"---> 1249294878"
16, 1249294894,"Möglicherweise Dublette; 'TSL 'mitgch'' auch in PPN 1249294789","Satz gespeichert","---> 1249294894"
17, 1249294908,"---> 1249294908"
18, 1249294916,"---> 1249294916"
19, 1249294924,"Möglicherweise Dublette; 'TSL 'mitgchve'' auch in PPN 1249294762","Satz gespeichert","---> 1249294924"
20, 1249294932,"Möglicherweise Dublette; 'TSL 'mitgchve'' auch in PPN 1249294762","Satz gespeichert","---> 1249294932"
21, 1249294940,"---> 1249294940"
22, 1249294959,"Möglicherweise Dublette; 'TSL 'mitgchbu'' auch in PPN 1249294134","Satz gespeichert","---> 1249294959"
23, 1249294967,"---> 1249294967"
24, 1249294975,"Möglicherweise Dublette; 'TSL 'mitgerch'' auch in PPN 1249294843","Satz gespeichert","---> 1249294975"
25, 1249294983,"Möglicherweise Dublette; 'TSL 'mitghech'' auch in PPN 1249254558","Satz gespeichert","---> 1249294983"
26, 1249294991,"Möglicherweise Dublette; 'TSL 'mitgch'' auch in PPN 1249294789","Satz gespeichert","---> 1249294991"
27, 1249295009,"---> 1249295009"
28, 1249295017,"---> 1249295017"
29, 1249295025,"---> 1249295025"
30, 1249295033,"---> 1249295033"
31, 1249295041,"---> 1249295041"
32, 124929505X,"---> 124929505X"
33, 1249295068,"---> 1249295068"
34, 1249295076,"---> 1249295076"
35, 1249295084,"---> 1249295084"
36, 1249295092,"---> 1249295092"
37, 1249295114,"---> 1249295114"
38, 1249295122,"---> 1249295122"
39, 1249295130,"---> 1249295130"
40, 1249295149,"Möglicherweise Dublette; 'TSL 'mitggecl'' auch in PPN 1249295130","Satz gespeichert","---> 1249295149"
41, 1249295157,"---> 1249295157"
42, 1249295165,"---> 1249295165"
43, 1249295173,"Möglicherweise Dublette; 'TSL 'mitghecl'' auch in PPN 1249295114","Satz gespeichert","---> 1249295173"
44, 1249295181,"---> 1249295181"
45, 124929519X,"---> 124929519X"
46, 1249295203,"---> 1249295203"
47, 1249295211,"---> 1249295211"
48, 124929522X,"---> 124929522X"
49, 1249295238,"---> 1249295238"
50, 1249295246,"Möglicherweise Dublette; 'TSL 'mitgfrco'' auch in PPN 124925468X","Satz gespeichert","---> 1249295246"
51, 1249295254,"Möglicherweise Dublette; 'TSL 'mitgcove'' auch in PPN 124929522X","Satz gespeichert","---> 1249295254"
52, 1249295262,"---> 1249295262"
53, 1249295270,"Möglicherweise Dublette; 'TSL 'mitgcoco'' auch in PPN 1249295262","Satz gespeichert","---> 1249295270"
54, 1249295289,"---> 1249295289"
55, 1249295297,"Möglicherweise Dublette; 'TSL 'mitgheco'' auch in PPN 1249295289","Satz gespeichert","---> 1249295297"
56, 1249295319,"Möglicherweise Dublette; 'TSL 'mitgcobu'' auch in PPN 1249295211","Satz gespeichert","---> 1249295319"
57, 1249295327,"Möglicherweise Dublette; 'TSL 'mitgcoco'' auch in PPN 1249295262","Satz gespeichert","---> 1249295327"
58, 1249295335,"---> 1249295335"
59, 1249295343,"Möglicherweise Dublette; 'TSL 'mitgco'' auch in PPN 1249295319","Satz gespeichert","---> 1249295343"
60, 1249295351,"Möglicherweise Dublette; 'TSL 'mitgco'' auch in PPN 1249295319","Satz gespeichert","---> 1249295351"
61, 124929536X,"---> 124929536X"
62, 1249295378,"Möglicherweise Dublette; 'TSL 'mitgcove'' auch in PPN 124929522X","Satz gespeichert","---> 1249295378"
63, 1249295386,"Möglicherweise Dublette; 'TSL 'mitgcove'' auch in PPN 124929522X","Satz gespeichert","---> 1249295386"
64, 1249295408,"Möglicherweise Dublette; 'TSL 'mitgcove'' auch in PPN 124929522X","Satz gespeichert","---> 1249295408"
65, 1249295416,"---> 1249295416"
66, 1249295424,"Möglicherweise Dublette; 'TSL 'mitgcove'' auch in PPN 124929522X","Satz gespeichert","---> 1249295424"
67, 1249295432,"---> 1249295432"
68, 1249295440,"---> 1249295440"
69, 1249295459,"Möglicherweise Dublette; 'TSL 'mitgco'' auch in PPN 1249295319","Satz gespeichert","---> 1249295459"
70, 1249295467,"Möglicherweise Dublette; 'TSL 'mitgco'' auch in PPN 1249295319","Satz gespeichert","---> 1249295467"
71, 1249295475,"Möglicherweise Dublette; 'TSL 'mitgcove'' auch in PPN 124929522X","Satz gespeichert","---> 1249295475"
72, 1249295483,"---> 1249295483"
73, 1249295491,"---> 1249295491"
74, 1249295505,"---> 1249295505"
75, 1249295513,"---> 1249295513"
76, 1249295521,"---> 1249295521"
77, 124929553X,"---> 124929553X"
78, 1249295548,"Möglicherweise Dublette; 'TSL 'mitgcove'' auch in PPN 124929522X","Satz gespeichert","---> 1249295548"
79, 1249295556,"---> 1249295556"
80, 1249295564,"Möglicherweise Dublette; 'TSL 'mitgcove'' auch in PPN 124929522X","Satz gespeichert","---> 1249295564"
81, 1249295572,"---> 1249295572"
82, 1249295580,"Möglicherweise Dublette; 'TSL 'mitgco'' auch in PPN 1249295319","Satz gespeichert","---> 1249295580"
83, 1249295599,"---> 1249295599"
84, 1249295602,"Möglicherweise Dublette; 'TSL 'mitgcove'' auch in PPN 124929522X","Satz gespeichert","---> 1249295602"
85, 1249295610,"Möglicherweise Dublette; 'TSL 'mitgco'' auch in PPN 1249295319","Satz gespeichert","---> 1249295610"
86, 1249295629,"Möglicherweise Dublette; 'TSL 'mitgcove'' auch in PPN 124929522X","Satz gespeichert","---> 1249295629"
87, 1249295637,"---> 1249295637"
88, 1249295645,"---> 1249295645"
89, 1249295653,"---> 1249295653"
90, 1249295661,"---> 1249295661"
91, 124929567X,"Möglicherweise Dublette; 'TSL 'mitghecr'' auch in PPN 1249295661","Satz gespeichert","---> 124929567X"
92, 1249295688,"---> 1249295688"
93, 1249295696,"---> 1249295696"
94, 124929570X,"---> 124929570X"
95, 1249295718,"---> 1249295718"
96, 1249295726,"---> 1249295726"
97, 1249295734,"---> 1249295734"
98, 1249295742,"---> 1249295742"
99, 1249295750,"---> 1249295750"
100, 1249295769,"---> 1249295769"
101, 1249295777,"---> 1249295777"
102, 1249295785,"---> 1249295785"
103, 1249295793,"---> 1249295793"
104, 1249295807,"---> 1249295807"
105, 1249295815,"---> 1249295815"
106, 1249295823,"---> 1249295823"
107, 1249295831,"---> 1249295831"
108, 124929584X,"---> 124929584X"
109, 1249295858,"Möglicherweise Dublette; 'TSL 'mitgotf d'' auch in PPN 1249254833","Satz gespeichert","---> 1249295858"
110, 1249295866,"---> 1249295866"
111, 1249295874,"---> 1249295874"
112, 1249295882,"Möglicherweise Dublette; 'TSL 'mitgdagm'' auch in PPN 124929584X","Satz gespeichert","---> 1249295882"
113, 1249295890,"---> 1249295890"
114, 1249295904,"---> 1249295904"
115, 1249295912,"---> 1249295912"
116, 1249295920,"---> 1249295920"
117, 1249295939,"---> 1249295939"
118, 1249295947,"---> 1249295947"
119, 1249295955,"---> 1249295955"
120, 1249295963,"---> 1249295963"
121, 1249295971,"---> 1249295971"
122, 124929598X,"Möglicherweise Dublette; 'TSL 'mitgdave'' auch in PPN 1249295912","Satz gespeichert","---> 124929598X"
123, 1249295998,"---> 1249295998"
124, 1249296005,"---> 1249296005"
125, 1249296013,"---> 1249296013"
126, 1249296021,"---> 1249296021"
127, 124929603X,"Möglicherweise Dublette; 'TSL 'mitgdave'' auch in PPN 1249295912","Satz gespeichert","---> 124929603X"
128, 1249296048,"Möglicherweise Dublette; 'TSL 'mitgjoda'' auch in PPN 124925485X","Satz gespeichert","---> 1249296048"
129, 1249296056,"---> 1249296056"
130, 1249296064,"Möglicherweise Dublette; 'TSL 'mitghada'' auch in PPN 1249254884","Satz gespeichert","---> 1249296064"
131, 1249296072,"---> 1249296072"
132, 1249296080,"Möglicherweise Dublette; 'TSL 'mitgda'' auch in PPN 457608471","Satz gespeichert","---> 1249296080"
133, 1249296099,"---> 1249296099"
134, 1249296102,"---> 1249296102"
135, 1249296110,"---> 1249296110"
136, 1249296129,"---> 1249296129"
137, 1249296137,"---> 1249296137"
138, 1249296145,"Möglicherweise Dublette; 'TSL 'mitgdave'' auch in PPN 1249295912","Satz gespeichert","---> 1249296145"
139, 1249296153,"---> 1249296153"
140, 1249296161,"---> 1249296161"
141, 124929617X,"Möglicherweise Dublette; 'TSL 'mitgheda'' auch in PPN 1249296021","Satz gespeichert","---> 124929617X"
142, 1249296188,"---> 1249296188"
143, 1249296196,"---> 1249296196"
144, 124929620X,"Möglicherweise Dublette; 'TSL 'mitgudda'' auch in PPN 1249296153","Satz gespeichert","---> 124929620X"
145, 1249296218,"---> 1249296218"
146, 1249296226,"---> 1249296226"
147, 1249296234,"---> 1249296234"
148, 1249296242,"---> 1249296242"
149, 1249296250,"---> 1249296250"
150, 1249296269,"---> 1249296269"
151, 1249296277,"---> 1249296277"
152, 1249296285,"---> 1249296285"
153, 1249296293,"---> 1249296293"
154, 1249296307,"---> 1249296307"
155, 1249296315,"---> 1249296315"
156, 1249296323,"---> 1249296323"
157, 1249296331,"---> 1249296331"
158, 124929634X,"---> 124929634X"
159, 1249296358,"Möglicherweise Dublette; 'TSL 'mitgda'' auch in PPN 457608471","Satz gespeichert","---> 1249296358"
160, 1249296374,"---> 1249296374"
161, 1249296382,"Möglicherweise Dublette; 'TSL 'mitgheda'' auch in PPN 1249296021","Satz gespeichert","---> 1249296382"
162, 1249296390,"Möglicherweise Dublette; 'TSL 'mitgwoda'' auch in PPN 1249296374","Satz gespeichert","---> 1249296390"
163, 1249296404,"Möglicherweise Dublette; 'TSL 'mitghada'' auch in PPN 1249254884","Satz gespeichert","---> 1249296404"
164, 1249296412,"Möglicherweise Dublette; 'TSL 'mitgdeda'' auch in PPN 014934981","Satz gespeichert","---> 1249296412"
165, 1249296420,"---> 1249296420"
166, 1249296439,"---> 1249296439"
167, 1249296463,"---> 1249296463"
168, 1249296471,"Möglicherweise Dublette; 'TSL 'mitghede'' auch in PPN 1249255023","Satz gespeichert","---> 1249296471"
169, 124929648X,"Möglicherweise Dublette; 'TSL 'mitgfrde'' auch in PPN 1249254973","Satz gespeichert","---> 124929648X"
170, 1249296498,"---> 1249296498"
171, 1249296501,"Möglicherweise Dublette; 'TSL 'mitgkade'' auch in PPN 1249255015","Satz gespeichert","---> 1249296501"
172, 124929651X,"---> 124929651X"
173, 1249296528,"---> 1249296528"
174, 1249296536,"Möglicherweise Dublette; 'TSL 'mitghede'' auch in PPN 1249255023","Satz gespeichert","---> 1249296536"
175, 1249296544,"---> 1249296544"
176, 1249296552,"---> 1249296552"
177, 1249296560,"---> 1249296560"
178, 1249296579,"Möglicherweise Dublette; 'TSL 'mitgmade'' auch in PPN 1249254981","Satz gespeichert","---> 1249296579"
179, 1249296587,"---> 1249296587"
180, 1249296595,"---> 1249296595"
181, 1249296609,"---> 1249296609"
182, 1249296617,"---> 1249296617"
183, 1249296625,"---> 1249296625"
184, 1249296633,"Möglicherweise Dublette; 'TSL 'mitgkade'' auch in PPN 1249255015","Satz gespeichert","---> 1249296633"
185, 1249296641,"---> 1249296641"
186, 124929665X,"Möglicherweise Dublette; 'TSL 'mitgmade'' auch in PPN 1249254981","Satz gespeichert","---> 124929665X"
187, 1249296668,"Möglicherweise Dublette; 'TSL 'mitghede'' auch in PPN 1249255023","Satz gespeichert","---> 1249296668"
188, 1249296676,"---> 1249296676"
189, 1249296684,"Möglicherweise Dublette; 'TSL 'mitgpade'' auch in PPN 1249255082","Satz gespeichert","---> 1249296684"
190, 1249296692,"Möglicherweise Dublette; 'TSL 'mitgdebu'' auch in PPN 018610331","Satz gespeichert","---> 1249296692"
191, 1249296714,"Möglicherweise Dublette; 'TSL 'mitggede'' auch in PPN 1249254922","Satz gespeichert","---> 1249296714"
192, 1249296722,"Möglicherweise Dublette; 'TSL 'mitgdeve'' auch in PPN 017480558","Satz gespeichert","---> 1249296722"
193, 1249296730,"Möglicherweise Dublette; 'TSL 'mitgrede'' auch in PPN 1249296544","Satz gespeichert","---> 1249296730"
194, 1249296749,"---> 1249296749"
195, 1249296757,"---> 1249296757"
196, 1249296765,"---> 1249296765"
197, 1249296781,"Möglicherweise Dublette; 'TSL 'mitgdebu'' auch in PPN 018610331","Satz gespeichert","---> 1249296781"
198, 124929679X,"Möglicherweise Dublette; 'TSL 'mitgdebuh'' auch in PPN 361535244","Satz gespeichert","---> 124929679X"
199, 1249296803,"Möglicherweise Dublette; 'TSL 'mitgdebu'' auch in PPN 018610331","Satz gespeichert","---> 1249296803"
200, 1249296811,"---> 1249296811"
201, 124929682X,"Möglicherweise Dublette; 'TSL 'mitgmade'' auch in PPN 1249254981","Satz gespeichert","---> 124929682X"
202, 1249296838,"---> 1249296838"
203, 1249296846,"---> 1249296846"
204, 1249296854,"---> 1249296854"
205, 1249296862,"---> 1249296862"
206, 1249296870,"---> 1249296870"
207, 1249296889,"Möglicherweise Dublette; 'TSL 'mitgdeve'' auch in PPN 017480558","Satz gespeichert","---> 1249296889"
208, 1249296897,"Möglicherweise Dublette; 'TSL 'mitgende'' auch in PPN 1249255090","Satz gespeichert","---> 1249296897"
209, 1249296900,"---> 1249296900"
210, 1249296919,"---> 1249296919"
211, 1249296927,"---> 1249296927"
212, 1249296935,"Möglicherweise Dublette; 'TSL 'mitgkade'' auch in PPN 1249255015","Satz gespeichert","---> 1249296935"
213, 1249296943,"---> 1249296943"
214, 1249296951,"Möglicherweise Dublette; 'TSL 'mitgdebug'' auch in PPN 361535279","Satz gespeichert","---> 1249296951"
215, 124929696X,"Möglicherweise Dublette; 'TSL 'mitgdegef'' auch in PPN 011481269","Satz gespeichert","---> 124929696X"
216, 1249296978,"---> 1249296978"
217, 1249296986,"---> 1249296986"
218, 1249296994,"---> 1249296994"
219, 1249297001,"---> 1249297001"
220, 124929701X,"Möglicherweise Dublette; 'TSL 'mitgdere'' auch in PPN 573738815","Satz gespeichert","---> 124929701X"
221, 1249297028,"---> 1249297028"
222, 1249297036,"Möglicherweise Dublette; 'TSL 'mitgdedes'' auch in PPN 016030605","Satz gespeichert","---> 1249297036"
223, 1249297044,"---> 1249297044"
224, 1249297052,"Möglicherweise Dublette; 'TSL 'mitgdeve'' auch in PPN 017480558","Satz gespeichert","---> 1249297052"
225, 1249297060,"Möglicherweise Dublette; 'TSL 'mitgdeved'' auch in PPN 010760652","Satz gespeichert","---> 1249297060"
226, 1249297079,"Möglicherweise Dublette; 'TSL 'mitgdebug'' auch in PPN 361535279","Satz gespeichert","---> 1249297079"
227, 1249297087,"Möglicherweise Dublette; 'TSL 'mitgdebu'' auch in PPN 018610331","Satz gespeichert","---> 1249297087"
228, 1249297095,"---> 1249297095"
229, 1249297109,"---> 1249297109"
230, 1249297117,"---> 1249297117"
231, 1249297125,"Möglicherweise Dublette; 'TSL 'mitgdeka'' auch in PPN 1249297117","Satz gespeichert","---> 1249297125"
232, 1249297133,"Möglicherweise Dublette; 'TSL 'mitgdela'' auch in PPN 1249296927","Satz gespeichert","---> 1249297133"
233, 1249297141,"Möglicherweise Dublette; 'TSL 'mitgdeved'' auch in PPN 010760652","Satz gespeichert","---> 1249297141"
234, 124929715X,"---> 124929715X"
235, 1249297168,"---> 1249297168"
236, 1249297176,"Möglicherweise Dublette; 'TSL 'mitgdibu'' auch in PPN 1249293251","Satz gespeichert","---> 1249297176"
237, 1249297184,"Möglicherweise Dublette; 'TSL 'mitgdi'' auch in PPN 010739440","Satz gespeichert","---> 1249297184"
238, 1249297192,"Möglicherweise Dublette; 'TSL 'mitgdi'' auch in PPN 010739440","Satz gespeichert","---> 1249297192"
239, 1249297206,"Möglicherweise Dublette; 'TSL 'mitgwadi'' auch in PPN 1249255252","Satz gespeichert","---> 1249297206"
240, 1249297214,"---> 1249297214"
241, 1249297222,"Möglicherweise Dublette; 'TSL 'mitgmadi'' auch in PPN 1249255368","Satz gespeichert","---> 1249297222"
242, 1249297230,"---> 1249297230"
243, 1249297249,"---> 1249297249"
244, 1249297257,"---> 1249297257"
245, 1249297265,"---> 1249297265"
246, 1249297273,"---> 1249297273"
247, 1249297281,"---> 1249297281"
248, 124929729X,"---> 124929729X"
249, 1249297303,"---> 1249297303"
250, 1249297311,"---> 1249297311"
251, 124929732X,"---> 124929732X"
252, 1249297338,"Möglicherweise Dublette; 'TSL 'mitgwidi'' auch in PPN 124925535X","Satz gespeichert","---> 1249297338"
253, 1249297346,"Möglicherweise Dublette; 'TSL 'mitgaddi'' auch in PPN 1249255228","Satz gespeichert","---> 1249297346"
254, 1249297354,"---> 1249297354"
255, 1249297362,"---> 1249297362"
256, 1249297370,"---> 1249297370"
257, 1249297389,"---> 1249297389"
258, 1249297397,"---> 1249297397"
259, 1249297400,"---> 1249297400"
260, 1249297419,"---> 1249297419"
261, 1249297427,"---> 1249297427"
262, 1249297435,"Möglicherweise Dublette; 'TSL 'mitghedi'' auch in PPN 1249255201","Satz gespeichert","---> 1249297435"
263, 1249297443,"Möglicherweise Dublette; 'TSL 'mitgwidi'' auch in PPN 124925535X","Satz gespeichert","---> 1249297443"
264, 1249297451,"Möglicherweise Dublette; 'TSL 'mitgdibu'' auch in PPN 1249293251","Satz gespeichert","---> 1249297451"
265, 124929746X,"Möglicherweise Dublette; 'TSL 'mitgdibu'' auch in PPN 1249293251","Satz gespeichert","---> 124929746X"
266, 1249297478,"---> 1249297478"
267, 1249297486,"Möglicherweise Dublette; 'TSL 'mitgjadi'' auch in PPN 1249297249","Satz gespeichert","---> 1249297486"
268, 1249297494,"---> 1249297494"
269, 1249297508,"Möglicherweise Dublette; 'TSL 'mitgkadi'' auch in PPN 1249297214","Satz gespeichert","---> 1249297508"
270, 1249297516,"---> 1249297516"
271, 1249297524,"---> 1249297524"
272, 1249297532,"---> 1249297532"
273, 1249297540,"Möglicherweise Dublette; 'TSL 'mitgjadi'' auch in PPN 1249297249","Satz gespeichert","---> 1249297540"
274, 1249297559,"Möglicherweise Dublette; 'TSL 'mitgjodi'' auch in PPN 1249255287","Satz gespeichert","---> 1249297559"
275, 1249297567,"---> 1249297567"
276, 1249297575,"---> 1249297575"
277, 1249297583,"Möglicherweise Dublette; 'TSL 'mitgwidi'' auch in PPN 124925535X","Satz gespeichert","---> 1249297583"
278, 1249297591,"---> 1249297591"
279, 1249297605,"Möglicherweise Dublette; 'TSL 'mitgwidi'' auch in PPN 124925535X","Satz gespeichert","---> 1249297605"
280, 1249297613,"Möglicherweise Dublette; 'TSL 'mitgjodi'' auch in PPN 1249255287","Satz gespeichert","---> 1249297613"
281, 1249297621,"---> 1249297621"
282, 124929763X,"---> 124929763X"
283, 1249297648,"---> 1249297648"
284, 1249297656,"Möglicherweise Dublette; 'TSL 'mitgwadi'' auch in PPN 1249255252","Satz gespeichert","---> 1249297656"
285, 1249297664,"---> 1249297664"
286, 1249297672,"---> 1249297672"
287, 1249297680,"---> 1249297680"
288, 1249297699,"---> 1249297699"
289, 1249297702,"---> 1249297702"
290, 1249297710,"---> 1249297710"
291, 1249297729,"---> 1249297729"
292, 1249297737,"---> 1249297737"
293, 1249297745,"---> 1249297745"
294, 1249297761,"Möglicherweise Dublette; 'TSL 'mitgmadi'' auch in PPN 1249255368","Satz gespeichert","---> 1249297761"
295, 1249297788,"---> 1249297788"
296, 1249297796,"Möglicherweise Dublette; 'TSL 'mitgdi'' auch in PPN 010739440","Satz gespeichert","---> 1249297796"
297, 124929780X,"Möglicherweise Dublette; 'TSL 'mitgdi'' auch in PPN 010739440","Satz gespeichert","---> 124929780X"
298, 1249297818,"Möglicherweise Dublette; 'TSL 'mitgdi'' auch in PPN 010739440","Satz gespeichert","---> 1249297818"
299, 1249297826,"Möglicherweise Dublette; 'TSL 'mitgdi'' auch in PPN 010739440","Satz gespeichert","---> 1249297826"
300, 1249297842,"---> 1249297842"
301, 1249297850,"Möglicherweise Dublette; 'TSL 'mitgdibu'' auch in PPN 1249293251","Satz gespeichert","---> 1249297850"
302, 1249297869,"Möglicherweise Dublette; 'TSL 'mitgwadi'' auch in PPN 1249255252","Satz gespeichert","---> 1249297869"
303, 1249297877,"---> 1249297877"
304, 1249297885,"---> 1249297885"
305, 1249297893,"Möglicherweise Dublette; 'TSL 'mitghedi'' auch in PPN 1249255201","Satz gespeichert","---> 1249297893"
306, 1249297907,"---> 1249297907"
307, 1249297915,"Möglicherweise Dublette; 'TSL 'mitgemdi'' auch in PPN 1249297907","Satz gespeichert","---> 1249297915"
308, 1249297923,"---> 1249297923"
309, 1249297931,"---> 1249297931"
310, 124929794X,"---> 124929794X"
311, 1249297958,"Möglicherweise Dublette; 'TSL 'mitgwedo'' auch in PPN 1249255600","Satz gespeichert","---> 1249297958"
312, 1249297966,"---> 1249297966"
313, 1249297974,"---> 1249297974"
314, 1249297982,"Möglicherweise Dublette; 'TSL 'mitgdo'' auch in PPN 958801045","Satz gespeichert","---> 1249297982"
315, 1249297990,"---> 1249297990"
316, 1249298008,"Möglicherweise Dublette; 'TSL 'mitghedo'' auch in PPN 1249255457","Satz gespeichert","---> 1249298008"
317, 1249298016,"---> 1249298016"
318, 1249298024,"---> 1249298024"
319, 1249298032,"---> 1249298032"
320, 1249298040,"---> 1249298040"
321, 1249298059,"Möglicherweise Dublette; 'TSL 'mitgrodo'' auch in PPN 124925552X","Satz gespeichert","---> 1249298059"
322, 1249298067,"---> 1249298067"
323, 1249298075,"---> 1249298075"
324, 1249298083,"Möglicherweise Dublette; 'TSL 'mitggedo'' auch in PPN 1249255686","Satz gespeichert","---> 1249298083"
325, 1249298091,"---> 1249298091"
326, 1249298105,"---> 1249298105"
327, 1249298113,"---> 1249298113"
328, 1249298121,"---> 1249298121"
329, 124929813X,"---> 124929813X"
330, 1249298148,"---> 1249298148"
331, 1249298156,"---> 1249298156"
332, 1249298164,"Möglicherweise Dublette; 'TSL 'mitgrodo'' auch in PPN 124925552X","Satz gespeichert","---> 1249298164"
333, 1249298172,"---> 1249298172"
334, 1249298180,"---> 1249298180"
335, 1249298199,"---> 1249298199"
336, 1249298202,"---> 1249298202"
337, 1249298210,"---> 1249298210"
338, 1249298229,"---> 1249298229"
339, 1249298237,"---> 1249298237"
340, 1249298245,"Möglicherweise Dublette; 'TSL 'mitgdogm'' auch in PPN 1249298210","Satz gespeichert","---> 1249298245"
341, 1249298253,"Möglicherweise Dublette; 'TSL 'mitgdo'' auch in PPN 958801045","Satz gespeichert","---> 1249298253"
342, 1249298261,"Möglicherweise Dublette; 'TSL 'mitgmado'' auch in PPN 1249255503","Satz gespeichert","---> 1249298261"
343, 124929827X,"---> 124929827X"
344, 1249298288,"Möglicherweise Dublette; 'TSL 'mitgwado'' auch in PPN 1249255422","Satz gespeichert","---> 1249298288"
345, 1249298296,"Möglicherweise Dublette; 'TSL 'mitghedo'' auch in PPN 1249255457","Satz gespeichert","---> 1249298296"
346, 124929830X,"Möglicherweise Dublette; 'TSL 'mitghado'' auch in PPN 1249255554","Satz gespeichert","---> 124929830X"
347, 1249298318,"Möglicherweise Dublette; 'TSL 'mitggedo'' auch in PPN 1249255686","Satz gespeichert","---> 1249298318"
348, 1249298326,"---> 1249298326"
349, 1249298334,"Möglicherweise Dublette; 'TSL 'mitggudo'' auch in PPN 124925549X","Satz gespeichert","---> 1249298334"
350, 1249298342,"Möglicherweise Dublette; 'TSL 'mitgdrmal'' auch in PPN 124926751X","Satz gespeichert","---> 1249298342"
351, 1249298350,"Möglicherweise Dublette; 'TSL 'mitgdo'' auch in PPN 958801045","Satz gespeichert","---> 1249298350"
352, 1249298369,"Möglicherweise Dublette; 'TSL 'mitgfrdo'' auch in PPN 1249255651","Satz gespeichert","---> 1249298369"
353, 1249298377,"Möglicherweise Dublette; 'TSL 'mitgando'' auch in PPN 1249297966","Satz gespeichert","---> 1249298377"
354, 1249298385,"---> 1249298385"
355, 1249298393,"---> 1249298393"
356, 1249298407,"---> 1249298407"
357, 1249298415,"---> 1249298415"
358, 1249298423,"Möglicherweise Dublette; 'TSL 'mitgwado'' auch in PPN 1249255422","Satz gespeichert","---> 1249298423"
359, 1249298431,"---> 1249298431"
360, 124929844X,"---> 124929844X"
361, 1249298458,"Möglicherweise Dublette; 'TSL 'mitgkadr'' auch in PPN 1249255821","Satz gespeichert","---> 1249298458"
362, 1249298466,"---> 1249298466"
363, 1249298474,"---> 1249298474"
364, 1249298482,"Möglicherweise Dublette; 'TSL 'mitgdrbrv'' auch in PPN 1249298474","Satz gespeichert","---> 1249298482"
365, 1249298490,"---> 1249298490"
366, 1249298504,"---> 1249298504"
367, 1249298512,"---> 1249298512"
368, 1249298520,"---> 1249298520"
369, 1249298539,"Möglicherweise Dublette; 'TSL 'mitgdrve'' auch in PPN 1249298512","Satz gespeichert","---> 1249298539"
370, 1249298547,"Möglicherweise Dublette; 'TSL 'mitgdrve'' auch in PPN 1249298512","Satz gespeichert","---> 1249298547"
371, 1249298555,"---> 1249298555"
372, 1249298563,"---> 1249298563"
373, 1249298571,"Möglicherweise Dublette; 'TSL 'mitghedr'' auch in PPN 1249298466","Satz gespeichert","---> 1249298571"
374, 124929858X,"---> 124929858X"
375, 1249298598,"---> 1249298598"
376, 1249298601,"Möglicherweise Dublette; 'TSL 'mitghedr'' auch in PPN 1249298466","Satz gespeichert","---> 1249298601"
377, 124929861X,"---> 124929861X"
378, 1249298628,"---> 1249298628"
379, 1249298636,"Möglicherweise Dublette; 'TSL 'mitghadr'' auch in PPN 1249255848","Satz gespeichert","---> 1249298636"
380, 1249298644,"Möglicherweise Dublette; 'TSL 'mitgkadr'' auch in PPN 1249255821","Satz gespeichert","---> 1249298644"
381, 1249298652,"Möglicherweise Dublette; 'TSL 'mitgdrgek'' auch in PPN 1249264197","Satz gespeichert","---> 1249298652"
382, 1249298660,"Möglicherweise Dublette; 'TSL 'mitgdr'' auch in PPN 1249298547","Satz gespeichert","---> 1249298660"
383, 1249298679,"---> 1249298679"
384, 1249298687,"---> 1249298687"
385, 1249298695,"Möglicherweise Dublette; 'TSL 'mitgrudr'' auch in PPN 1249298555","Satz gespeichert","---> 1249298695"
386, 1249298709,"Möglicherweise Dublette; 'TSL 'mitgmau g'' auch in PPN 1249281695","Satz gespeichert","---> 1249298709"
387, 1249298717,"---> 1249298717"
388, 1249298725,"Möglicherweise Dublette; 'TSL 'mitgerdr'' auch in PPN 1249255880","Satz gespeichert","---> 1249298725"
389, 1249298733,"---> 1249298733"
390, 1249298741,"---> 1249298741"
391, 124929875X,"Möglicherweise Dublette; 'TSL 'mitgkadr'' auch in PPN 1249255821","Satz gespeichert","---> 124929875X"
392, 1249298768,"Möglicherweise Dublette; 'TSL 'mitghedr'' auch in PPN 1249298466","Satz gespeichert","---> 1249298768"
393, 1249298776,"---> 1249298776"
394, 1249298784,"Möglicherweise Dublette; 'TSL 'mitgdrve'' auch in PPN 1249298512","Satz gespeichert","---> 1249298784"
395, 1249298792,"---> 1249298792"
396, 1249298806,"Möglicherweise Dublette; 'TSL 'mitgdrhed'' auch in PPN 1249297397","Satz gespeichert","---> 1249298806"
397, 1249298814,"Möglicherweise Dublette; 'TSL 'mitghajov'' auch in PPN 1249264200","Satz gespeichert","---> 1249298814"
398, 1249298822,"---> 1249298822"
399, 1249298849,"---> 1249298849"
400, 1249298857,"---> 1249298857"
401, 1249298865,"---> 1249298865"
402, 1249298873,"---> 1249298873"
403, 1249298881,"---> 1249298881"
404, 124929889X,"---> 124929889X"
405, 1249298903,"---> 1249298903"
406, 124929892X,"---> 124929892X"
407, 1249298938,"---> 1249298938"
408, 1249298946,"---> 1249298946"
409, 1249298954,"---> 1249298954"
410, 1249298962,"---> 1249298962"
411, 1249298970,"Möglicherweise Dublette; 'TSL 'mitgdu'' auch in PPN 1190358344","Satz gespeichert","---> 1249298970"
412, 1249298989,"---> 1249298989"
413, 1249298997,"---> 1249298997"
414, 1249299004,"---> 1249299004"
415, 1249299012,"---> 1249299012"
416, 1249299020,"---> 1249299020"
417, 1249299039,"Möglicherweise Dublette; 'TSL 'mitgervod'' auch in PPN 1249255910","Satz gespeichert","---> 1249299039"
418, 1249299055,"---> 1249299055"
419, 1249299063,"---> 1249299063"
420, 1249299071,"---> 1249299071"
421, 124929908X,"---> 124929908X"
422, 1249299098,"Möglicherweise Dublette; 'TSL 'mitgrueb'' auch in PPN 124929908X","Satz gespeichert","---> 1249299098"
423, 1249299101,"---> 1249299101"
424, 124929911X,"---> 124929911X"
425, 1249299128,"---> 1249299128"
426, 1249299136,"Möglicherweise Dublette; 'TSL 'mitgdrhae'' auch in PPN 1249256240","Satz gespeichert","---> 1249299136"
427, 1249299144,"Möglicherweise Dublette; 'TSL 'mitgebbu'' auch in PPN 1249293790","Satz gespeichert","---> 1249299144"
428, 1249299152,"---> 1249299152"
429, 1249299160,"Möglicherweise Dublette; 'TSL 'mitgheeb'' auch in PPN 1249299128","Satz gespeichert","---> 1249299160"
430, 1249299179,"---> 1249299179"
431, 1249299187,"---> 1249299187"
432, 1249299195,"Möglicherweise Dublette; 'TSL 'mitgebbu'' auch in PPN 1249293790","Satz gespeichert","---> 1249299195"
433, 1249299209,"Möglicherweise Dublette; 'TSL 'mitgebve'' auch in PPN 124929911X","Satz gespeichert","---> 1249299209"
434, 1249299217,"Möglicherweise Dublette; 'TSL 'mitgmaeb'' auch in PPN 1249299063","Satz gespeichert","---> 1249299217"
435, 1249299225,"---> 1249299225"
436, 1249299233,"Möglicherweise Dublette; 'TSL 'mitgec'' auch in PPN 1041790597","Satz gespeichert","---> 1249299233"
437, 1249299241,"---> 1249299241"
438, 124929925X,"---> 124929925X"
439, 1249299268,"---> 1249299268"
440, 1249299276,"---> 1249299276"
441, 1249299284,"---> 1249299284"
442, 1249299292,"---> 1249299292"
443, 1249299306,"---> 1249299306"
444, 1249299314,"---> 1249299314"
445, 1249299322,"Möglicherweise Dublette; 'TSL 'mitgecve'' auch in PPN 1249299233","Satz gespeichert","---> 1249299322"
446, 1249299330,"---> 1249299330"
447, 1249299349,"Möglicherweise Dublette; 'TSL 'mitggued'' auch in PPN 1249256119","Satz gespeichert","---> 1249299349"
448, 1249299357,"---> 1249299357"
449, 1249299365,"---> 1249299365"
450, 1249299373,"---> 1249299373"
451, 1249299381,"---> 1249299381"
452, 124929939X,"---> 124929939X"
453, 1249299411,"Möglicherweise Dublette; 'TSL 'mitgfred'' auch in PPN 124929939X","Satz gespeichert","---> 1249299411"
454, 124929942X,"Möglicherweise Dublette; 'TSL 'mitgedve'' auch in PPN 1249299330","Satz gespeichert","---> 124929942X"
455, 1249299438,"---> 1249299438"
456, 1249299446,"---> 1249299446"
457, 1249299454,"---> 1249299454"
458, 1249299470,"---> 1249299470"
459, 1249299489,"---> 1249299489"
460, 1249299497,"---> 1249299497"
461, 1249299500,"---> 1249299500"
462, 1249299519,"Möglicherweise Dublette; 'TSL 'mitgedco'' auch in PPN 1249299500","Satz gespeichert","---> 1249299519"
463, 1249299527,"---> 1249299527"
464, 1249299535,"---> 1249299535"
465, 1249299543,"---> 1249299543"
466, 1249299551,"---> 1249299551"
467, 124929956X,"---> 124929956X"
468, 1249299578,"---> 1249299578"
469, 1249299586,"---> 1249299586"
470, 1249299594,"---> 1249299594"
471, 1249299608,"---> 1249299608"
472, 1249299616,"---> 1249299616"
473, 1249299624,"---> 1249299624"
474, 1249299632,"---> 1249299632"
475, 1249299640,"---> 1249299640"
476, 1249299659,"---> 1249299659"
477, 1249299667,"---> 1249299667"
478, 1249299675,"---> 1249299675"
479, 1249299683,"---> 1249299683"
480, 1249299691,"---> 1249299691"
481, 1249299705,"---> 1249299705"
482, 1249299713,"---> 1249299713"
483, 1249299721,"---> 1249299721"
484, 124929973X,"Möglicherweise Dublette; 'TSL 'mitged'' auch in PPN 124929942X","Satz gespeichert","---> 124929973X"
485, 1249299748,"Möglicherweise Dublette; 'TSL 'mitggued'' auch in PPN 1249256119","Satz gespeichert","---> 1249299748"
486, 1249299756,"---> 1249299756"
487, 1249299764,"---> 1249299764"
488, 1249299772,"---> 1249299772"
489, 1249299780,"---> 1249299780"
490, 1249299799,"---> 1249299799"
491, 1249299802,"---> 1249299802"
492, 1249299810,"---> 1249299810"
493, 1249299829,"---> 1249299829"
494, 1249299837,"---> 1249299837"
495, 1249299845,"---> 1249299845"
496, 1249299853,"Möglicherweise Dublette; 'TSL 'mitgmaeh'' auch in PPN 1249256178","Satz gespeichert","---> 1249299853"
497, 1249299861,"---> 1249299861"
498, 124929987X,"---> 124929987X"
499, 1249299888,"---> 1249299888"
500, 1249299896,"---> 1249299896"
501, 124929990X,"---> 124929990X"
502, 1249299918,"Möglicherweise Dublette; 'TSL 'mitgei'' auch in PPN 944914225","Satz gespeichert","---> 1249299918"
503, 1249299926,"---> 1249299926"
504, 1249299934,"---> 1249299934"
505, 1249299942,"---> 1249299942"
506, 1249299950,"---> 1249299950"
507, 1249299969,"---> 1249299969"
508, 1249299977,"---> 1249299977"
509, 1249299985,"---> 1249299985"
510, 1249299993,"---> 1249299993"
511, 1249300002,"---> 1249300002"
512, 1249300010,"Möglicherweise Dublette; 'TSL 'mitgjoei'' auch in PPN 1249299985","Satz gespeichert","---> 1249300010"
513, 1249300029,"---> 1249300029"
514, 1249300037,"Möglicherweise Dublette; 'TSL 'mitgeive'' auch in PPN 124929990X","Satz gespeichert","---> 1249300037"
515, 1249300045,"---> 1249300045"
516, 1249300053,"---> 1249300053"
517, 1249300061,"---> 1249300061"
518, 124930007X,"Möglicherweise Dublette; 'TSL 'mitgheei'' auch in PPN 1249299926","Satz gespeichert","---> 124930007X"
519, 1249300088,"---> 1249300088"
520, 1249300096,"Möglicherweise Dublette; 'TSL 'mitgelbu'' auch in PPN 1249254191","Satz gespeichert","---> 1249300096"
521, 124930010X,"---> 124930010X"
522, 1249300118,"---> 1249300118"
523, 1249300126,"Möglicherweise Dublette; 'TSL 'mitgdrhae'' auch in PPN 1249256240","Satz gespeichert","---> 1249300126"
524, 1249300134,"---> 1249300134"
525, 1249300142,"Möglicherweise Dublette; 'TSL 'mitgelve'' auch in PPN 124930010X","Satz gespeichert","---> 1249300142"
526, 1249300150,"Möglicherweise Dublette; 'TSL 'mitgdrhee'' auch in PPN 1249299284","Satz gespeichert","---> 1249300150"
527, 1249300169,"---> 1249300169"
528, 1249300177,"---> 1249300177"
529, 1249300185,"---> 1249300185"
530, 1249300193,"---> 1249300193"
531, 1249300207,"---> 1249300207"
532, 1249300215,"---> 1249300215"
533, 1249300223,"---> 1249300223"
534, 1249300231,"---> 1249300231"
535, 124930024X,"Möglicherweise Dublette; 'TSL 'mitgelve'' auch in PPN 124930010X","Satz gespeichert","---> 124930024X"
536, 1249300258,"Möglicherweise Dublette; 'TSL 'mitgelve'' auch in PPN 124930010X","Satz gespeichert","---> 1249300258"
537, 1249300266,"Möglicherweise Dublette; 'TSL 'mitgelve'' auch in PPN 124930010X","Satz gespeichert","---> 1249300266"
538, 1249300274,"---> 1249300274"
539, 1249300282,"---> 1249300282"
540, 1249300290,"Möglicherweise Dublette; 'TSL 'mitgdrale'' auch in PPN 1249299772","Satz gespeichert","---> 1249300290"
541, 1249300304,"---> 1249300304"
542, 1249300312,"---> 1249300312"
543, 1249300320,"---> 1249300320"
544, 1249300339,"---> 1249300339"
545, 1249300347,"---> 1249300347"
546, 1249300355,"---> 1249300355"
547, 1249300363,"---> 1249300363"
548, 1249300371,"---> 1249300371"
549, 124930038X,"---> 124930038X"
550, 1249300398,"---> 1249300398"
551, 1249300401,"---> 1249300401"
552, 1249300428,"---> 1249300428"
553, 1249300436,"---> 1249300436"
554, 1249300444,"---> 1249300444"
555, 1249300452,"---> 1249300452"
556, 1249300460,"---> 1249300460"
557, 1249300479,"Möglicherweise Dublette; 'TSL 'mitgen'' auch in PPN 1249300428","Satz gespeichert","---> 1249300479"
558, 1249300487,"---> 1249300487"
559, 1249300495,"---> 1249300495"
560, 1249300509,"---> 1249300509"
561, 1249300517,"---> 1249300517"
562, 1249300525,"Möglicherweise Dublette; 'TSL 'mitgfren'' auch in PPN 1249300347","Satz gespeichert","---> 1249300525"
563, 1249300533,"Möglicherweise Dublette; 'TSL 'mitgen'' auch in PPN 1249300428","Satz gespeichert","---> 1249300533"
564, 1249300541,"---> 1249300541"
565, 124930055X,"---> 124930055X"
566, 1249300568,"---> 1249300568"
567, 1249300576,"Möglicherweise Dublette; 'TSL 'mitgdrale'' auch in PPN 1249299772","Satz gespeichert","---> 1249300576"
568, 1249300584,"---> 1249300584"
569, 1249300592,"---> 1249300592"
570, 1249300606,"Möglicherweise Dublette; 'TSL 'mitgween'' auch in PPN 1249300541","Satz gespeichert","---> 1249300606"
571, 1249300614,"---> 1249300614"
572, 1249300622,"---> 1249300622"
573, 1249300630,"---> 1249300630"
574, 1249300657,"---> 1249300657"
575, 1249300665,"Möglicherweise Dublette; 'TSL 'mitgep'' auch in PPN 1249300657","Satz gespeichert","---> 1249300665"
576, 1249300673,"Möglicherweise Dublette; 'TSL 'mitgerbu'' auch in PPN 1249254183","Satz gespeichert","---> 1249300673"
577, 1249300681,"---> 1249300681"
578, 124930069X,"---> 124930069X"
579, 1249300703,"---> 1249300703"
580, 1249300711,"---> 1249300711"
581, 124930072X,"---> 124930072X"
582, 1249300738,"---> 1249300738"
583, 1249300746,"---> 1249300746"
584, 1249300754,"---> 1249300754"
585, 1249300762,"---> 1249300762"
586, 1249300770,"---> 1249300770"
587, 1249300789,"Möglicherweise Dublette; 'TSL 'mitgerve'' auch in PPN 1249300681","Satz gespeichert","---> 1249300789"
588, 1249300797,"---> 1249300797"
589, 1249300800,"---> 1249300800"
590, 1249300819,"Möglicherweise Dublette; 'TSL 'mitgheer'' auch in PPN 1249300800","Satz gespeichert","---> 1249300819"
591, 1249300827,"---> 1249300827"
592, 1249300835,"---> 1249300835"
593, 1249300843,"---> 1249300843"
594, 1249300851,"Möglicherweise Dublette; 'TSL 'mitgesbu'' auch in PPN 1249292034","Satz gespeichert","---> 1249300851"
595, 124930086X,"---> 124930086X"
596, 1249300878,"---> 1249300878"
597, 1249300894,"Möglicherweise Dublette; 'TSL 'mitges'' auch in PPN 1249300878","Satz gespeichert","---> 1249300894"
598, 1249300908,"---> 1249300908"
599, 1249300916,"---> 1249300916"
600, 1249300932,"---> 1249300932"
601, 1249300940,"---> 1249300940"
602, 1249300959,"---> 1249300959"
603, 1249300967,"---> 1249300967"
604, 1249300975,"Möglicherweise Dublette; 'TSL 'mitgeu'' auch in PPN 1038275113","Satz gespeichert","---> 1249300975"
605, 1249300983,"---> 1249300983"
606, 1249300991,"---> 1249300991"
607, 1249301009,"---> 1249301009"
608, 1249301017,"Möglicherweise Dublette; 'TSL 'mitgeu'' auch in PPN 1038275113","Satz gespeichert","---> 1249301017"
609, 1249301025,"Möglicherweise Dublette; 'TSL 'mitgeu'' auch in PPN 1038275113","Satz gespeichert","---> 1249301025"
610, 1249301033,"Möglicherweise Dublette; 'TSL 'mitgeu'' auch in PPN 1038275113","Satz gespeichert","---> 1249301033"
611, 1249301041,"---> 1249301041"
612, 124930105X,"Möglicherweise Dublette; 'TSL 'mitgeu'' auch in PPN 1038275113","Satz gespeichert","---> 124930105X"
613, 1249301068,"Möglicherweise Dublette; 'TSL 'mitgeu'' auch in PPN 1038275113","Satz gespeichert","---> 1249301068"
614, 1249301076,"---> 1249301076"
615, 1249301084,"---> 1249301084"
616, 1249301092,"Möglicherweise Dublette; 'TSL 'mitgeuve'' auch in PPN 1249301017","Satz gespeichert","---> 1249301092"
617, 1249301114,"---> 1249301114"
618, 1249301122,"Möglicherweise Dublette; 'TSL 'mitgeuve'' auch in PPN 1249301017","Satz gespeichert","---> 1249301122"
619, 1249301130,"---> 1249301130"
620, 1249301149,"---> 1249301149"
621, 1249301165,"---> 1249301165"
622, 1249301173,"---> 1249301173"
623, 1249301181,"---> 1249301181"
624, 124930119X,"Möglicherweise Dublette; 'TSL 'mitgevbu'' auch in PPN 1249301149","Satz gespeichert","---> 124930119X"
625, 1249301203,"Möglicherweise Dublette; 'TSL 'mitgevbu'' auch in PPN 1249301149","Satz gespeichert","---> 1249301203"
626, 1249301211,"---> 1249301211"
627, 124930122X,"---> 124930122X"
628, 1249301238,"---> 1249301238"
629, 1249301254,"---> 1249301254"
630, 1249301262,"---> 1249301262"
631, 1249301270,"---> 1249301270"
632, 1249301289,"Möglicherweise Dublette; 'TSL 'mitgevve'' auch in PPN 1249301238","Satz gespeichert","---> 1249301289"
633, 1249301297,"---> 1249301297"
634, 1249301300,"---> 1249301300"
635, 1249301319,"---> 1249301319"
636, 1249301327,"---> 1249301327"
637, 1249301335,"---> 1249301335"
638, 1249301343,"---> 1249301343"
639, 1249301351,"---> 1249301351"
640, 1249301378,"---> 1249301378"
641, 1249301386,"---> 1249301386"
642, 1249301394,"---> 1249301394"
643, 1249301416,"---> 1249301416"
644, 1249301424,"---> 1249301424"
645, 1249301432,"---> 1249301432"
646, 1249301440,"---> 1249301440"
647, 1249301459,"---> 1249301459"
648, 1249301467,"---> 1249301467"
649, 1249301475,"Möglicherweise Dublette; 'TSL 'mitgfa'' auch in PPN 1249301416","Satz gespeichert","---> 1249301475"
650, 1249301483,"---> 1249301483"
651, 1249301491,"Möglicherweise Dublette; 'TSL 'mitgfa'' auch in PPN 1249301416","Satz gespeichert","---> 1249301491"
652, 1249301505,"Möglicherweise Dublette; 'TSL 'mitgfa'' auch in PPN 1249301416","Satz gespeichert","---> 1249301505"
653, 1249301513,"---> 1249301513"
654, 1249301521,"---> 1249301521"
655, 124930153X,"---> 124930153X"
656, 1249301548,"Möglicherweise Dublette; 'TSL 'mitgfa'' auch in PPN 1249301416","Satz gespeichert","---> 1249301548"
657, 1249301556,"Möglicherweise Dublette; 'TSL 'mitgfa'' auch in PPN 1249301416","Satz gespeichert","---> 1249301556"
658, 1249301564,"---> 1249301564"
659, 1249301572,"---> 1249301572"
660, 1249301580,"---> 1249301580"
661, 1249301599,"Möglicherweise Dublette; 'TSL 'mitgmau g'' auch in PPN 1249281695","Satz gespeichert","---> 1249301599"
662, 1249301602,"---> 1249301602"
663, 1249301610,"Möglicherweise Dublette; 'TSL 'mitgfa'' auch in PPN 1249301416","Satz gespeichert","---> 1249301610"
664, 1249301629,"---> 1249301629"
665, 1249301637,"---> 1249301637"
666, 1249301645,"---> 1249301645"
667, 1249301661,"---> 1249301661"
668, 124930167X,"---> 124930167X"
669, 1249301696,"---> 1249301696"
670, 124930170X,"---> 124930170X"
671, 1249301718,"---> 1249301718"
672, 1249301726,"---> 1249301726"
673, 1249301734,"---> 1249301734"
674, 1249301742,"---> 1249301742"
675, 1249301750,"---> 1249301750"
676, 1249301769,"---> 1249301769"
677, 1249301777,"---> 1249301777"
678, 1249301785,"Möglicherweise Dublette; 'TSL 'mitghefe'' auch in PPN 1249301718","Satz gespeichert","---> 1249301785"
679, 1249301793,"---> 1249301793"
680, 1249301807,"Möglicherweise Dublette; 'TSL 'mitgdrhef'' auch in PPN 1249256909","Satz gespeichert","---> 1249301807"
681, 1249301823,"---> 1249301823"
682, 1249301831,"---> 1249301831"
683, 124930184X,"Möglicherweise Dublette; 'TSL 'mitghafe'' auch in PPN 1249301831","Satz gespeichert","---> 124930184X"
684, 1249301858,"Möglicherweise Dublette; 'TSL 'mitghefe'' auch in PPN 1249301718","Satz gespeichert","---> 1249301858"
685, 1249301866,"---> 1249301866"
686, 1249301874,"---> 1249301874"
687, 1249301882,"---> 1249301882"
688, 1249301890,"---> 1249301890"
689, 1249301904,"Möglicherweise Dublette; 'TSL 'mitgkafe'' auch in PPN 1249301874","Satz gespeichert","---> 1249301904"
690, 1249301912,"Möglicherweise Dublette; 'TSL 'mitgmafe'' auch in PPN 1249301882","Satz gespeichert","---> 1249301912"
691, 1249301920,"---> 1249301920"
692, 1249301939,"Möglicherweise Dublette; 'TSL 'mitgmafe'' auch in PPN 1249301882","Satz gespeichert","---> 1249301939"
693, 1249301947,"Möglicherweise Dublette; 'TSL 'mitghefe'' auch in PPN 1249301718","Satz gespeichert","---> 1249301947"
694, 1249301963,"---> 1249301963"
695, 1249301971,"Möglicherweise Dublette; 'TSL 'mitgfebu'' auch in PPN 1249301696","Satz gespeichert","---> 1249301971"
696, 124930198X,"---> 124930198X"
697, 1249301998,"---> 1249301998"
698, 1249302005,"---> 1249302005"
699, 1249302013,"---> 1249302013"
700, 1249302021,"Möglicherweise Dublette; 'TSL 'mitgfeve'' auch in PPN 124930167X","Satz gespeichert","---> 1249302021"
701, 124930203X,"Möglicherweise Dublette; 'TSL 'mitgfeve'' auch in PPN 124930167X","Satz gespeichert","---> 124930203X"
702, 1249302048,"---> 1249302048"
703, 1249302056,"---> 1249302056"
704, 1249302072,"---> 1249302072"
705, 1249302080,"---> 1249302080"
706, 1249302099,"---> 1249302099"
707, 1249302102,"---> 1249302102"
708, 1249302110,"---> 1249302110"
709, 1249302137,"---> 1249302137"
710, 1249302145,"---> 1249302145"
711, 1249302153,"Möglicherweise Dublette; 'TSL 'mitgfrfi'' auch in PPN 1249302145","Satz gespeichert","---> 1249302153"
712, 1249302161,"---> 1249302161"
713, 124930217X,"---> 124930217X"
714, 1249302188,"---> 1249302188"
715, 1249302196,"---> 1249302196"
716, 124930220X,"---> 124930220X"
717, 1249302218,"---> 1249302218"
718, 1249302226,"---> 1249302226"
719, 1249302234,"---> 1249302234"
720, 1249302242,"Möglicherweise Dublette; 'TSL 'mitghefi'' auch in PPN 1249302188","Satz gespeichert","---> 1249302242"
721, 1249302250,"Möglicherweise Dublette; 'TSL 'mitghefi'' auch in PPN 1249302188","Satz gespeichert","---> 1249302250"
722, 1249302269,"---> 1249302269"
723, 1249302277,"Möglicherweise Dublette; 'TSL 'mitgchfi'' auch in PPN 1249302102","Satz gespeichert","---> 1249302277"
724, 1249302285,"Möglicherweise Dublette; 'TSL 'mitgfi'' auch in PPN 1249302218","Satz gespeichert","---> 1249302285"
725, 1249302293,"---> 1249302293"
726, 1249302307,"---> 1249302307"
727, 1249302315,"---> 1249302315"
728, 1249302323,"---> 1249302323"
729, 1249302331,"---> 1249302331"
730, 124930234X,"---> 124930234X"
731, 1249302358,"---> 1249302358"
732, 1249302366,"Möglicherweise Dublette; 'TSL 'mitgfrfi'' auch in PPN 1249302145","Satz gespeichert","---> 1249302366"
733, 1249302374,"Möglicherweise Dublette; 'TSL 'mitgfrerf'' auch in PPN 1249256631","Satz gespeichert","---> 1249302374"
734, 1249302382,"---> 1249302382"
735, 1249302390,"Möglicherweise Dublette; 'TSL 'mitggufiv'' auch in PPN 1249302382","Satz gespeichert","---> 1249302390"
736, 1249302404,"Möglicherweise Dublette; 'TSL 'mitghajof'' auch in PPN 1249301831","Satz gespeichert","---> 1249302404"
737, 1249302412,"---> 1249302412"
738, 1249302420,"Möglicherweise Dublette; 'TSL 'mitgjofi'' auch in PPN 1249302161","Satz gespeichert","---> 1249302420"
739, 1249302439,"---> 1249302439"
740, 1249302447,"---> 1249302447"
741, 1249302455,"---> 1249302455"
742, 1249302463,"---> 1249302463"
743, 124930248X,"---> 124930248X"
744, 1249302498,"---> 1249302498"
745, 1249302501,"---> 1249302501"
746, 124930251X,"Möglicherweise Dublette; 'TSL 'mitgjofi'' auch in PPN 1249302161","Satz gespeichert","---> 124930251X"
747, 1249302528,"---> 1249302528"
748, 1249302536,"---> 1249302536"
749, 1249302544,"---> 1249302544"
750, 1249302552,"---> 1249302552"
751, 1249302560,"---> 1249302560"
752, 1249302579,"---> 1249302579"
753, 1249302587,"---> 1249302587"
754, 1249302595,"---> 1249302595"
755, 1249302617,"---> 1249302617"
756, 1249302625,"---> 1249302625"
757, 1249302633,"---> 1249302633"
758, 1249302641,"---> 1249302641"
759, 124930265X,"---> 124930265X"
760, 1249302668,"Möglicherweise Dublette; 'TSL 'mitghefl'' auch in PPN 1249302617","Satz gespeichert","---> 1249302668"
761, 1249302676,"Möglicherweise Dublette; 'TSL 'mitghefl'' auch in PPN 1249302617","Satz gespeichert","---> 1249302676"
762, 1249302684,"---> 1249302684"
763, 1249302692,"---> 1249302692"
764, 1249302706,"---> 1249302706"
765, 1249302714,"---> 1249302714"
766, 1249302730,"---> 1249302730"
767, 1249302749,"---> 1249302749"
768, 1249302757,"---> 1249302757"
769, 1249302765,"---> 1249302765"
770, 1249302773,"---> 1249302773"
771, 1249302781,"Möglicherweise Dublette; 'TSL 'mitgdrhof'' auch in PPN 124930198X","Satz gespeichert","---> 1249302781"
772, 124930279X,"Möglicherweise Dublette; 'TSL 'mitggufo'' auch in PPN 1249302749","Satz gespeichert","---> 124930279X"
773, 1249302803,"Möglicherweise Dublette; 'TSL 'mitghefo'' auch in PPN 1249302773","Satz gespeichert","---> 1249302803"
774, 1249302811,"---> 1249302811"
775, 124930282X,"---> 124930282X"
776, 1249302838,"---> 1249302838"
777, 1249302846,"---> 1249302846"
778, 1249302854,"---> 1249302854"
779, 1249302862,"---> 1249302862"
780, 1249302889,"---> 1249302889"
781, 1249302900,"Möglicherweise Dublette; 'TSL 'mitgfo'' auch in PPN 979235014","Satz gespeichert","---> 1249302900"
782, 1249302919,"---> 1249302919"
783, 1249302927,"---> 1249302927"
784, 1249302935,"---> 1249302935"
785, 1249302943,"---> 1249302943"
786, 1249302951,"---> 1249302951"
787, 124930296X,"---> 124930296X"
788, 1249302978,"---> 1249302978"
789, 1249302986,"Möglicherweise Dublette; 'TSL 'mitgfrve'' auch in PPN 1249302978","Satz gespeichert","---> 1249302986"
790, 1249302994,"---> 1249302994"
791, 1249303001,"---> 1249303001"
792, 124930301X,"---> 124930301X"
793, 1249303028,"---> 1249303028"
794, 1249303036,"---> 1249303036"
795, 1249303044,"Möglicherweise Dublette; 'TSL 'mitglufr'' auch in PPN 1249303036","Satz gespeichert","---> 1249303044"
796, 1249303052,"---> 1249303052"
797, 1249303060,"---> 1249303060"
798, 1249303079,"Möglicherweise Dublette; 'TSL 'mitghajof'' auch in PPN 1249301831","Satz gespeichert","---> 1249303079"
799, 1249303087,"---> 1249303087"
800, 1249303095,"Möglicherweise Dublette; 'TSL 'mitgfr'' auch in PPN 1249302978","Satz gespeichert","---> 1249303095"
801, 1249303109,"---> 1249303109"
802, 1249303117,"Möglicherweise Dublette; 'TSL 'mitgfrfa'' auch in PPN 1249303109","Satz gespeichert","---> 1249303117"
803, 1249303125,"---> 1249303125"
804, 1249303133,"Möglicherweise Dublette; 'TSL 'mitgfrve'' auch in PPN 1249302978","Satz gespeichert","---> 1249303133"
805, 1249303141,"Möglicherweise Dublette; 'TSL 'mitgfrre'' auch in PPN 124927205X","Satz gespeichert","---> 1249303141"
806, 1249303168,"Möglicherweise Dublette; 'TSL 'mitghafr'' auch in PPN 1249303079","Satz gespeichert","---> 1249303168"
807, 1249303176,"---> 1249303176"
808, 1249303184,"Möglicherweise Dublette; 'TSL 'mitgfrbu'' auch in PPN 1249254205","Satz gespeichert","---> 1249303184"
809, 1249303192,"---> 1249303192"
810, 1249303206,"Möglicherweise Dublette; 'TSL 'mitgfr'' auch in PPN 1249302978","Satz gespeichert","---> 1249303206"
811, 1249303214,"Möglicherweise Dublette; 'TSL 'mitgfrbr'' auch in PPN 1249253969","Satz gespeichert","---> 1249303214"
812, 1249303230,"---> 1249303230"
813, 1249303249,"---> 1249303249"
814, 1249303257,"Möglicherweise Dublette; 'TSL 'mitgfr'' auch in PPN 1249302978","Satz gespeichert","---> 1249303257"
815, 1249303265,"---> 1249303265"
816, 1249303273,"Möglicherweise Dublette; 'TSL 'mitgfrbu'' auch in PPN 1249254205","Satz gespeichert","---> 1249303273"
817, 1249303281,"Möglicherweise Dublette; 'TSL 'mitgfr'' auch in PPN 1249302978","Satz gespeichert","---> 1249303281"
818, 124930329X,"---> 124930329X"
819, 1249303303,"---> 1249303303"
820, 1249303311,"---> 1249303311"
821, 124930332X,"Möglicherweise Dublette; 'TSL 'mitgfr'' auch in PPN 1249302978","Satz gespeichert","---> 124930332X"
822, 1249303338,"---> 1249303338"
823, 1249303346,"---> 1249303346"
824, 1249303354,"Möglicherweise Dublette; 'TSL 'mitgfrve'' auch in PPN 1249302978","Satz gespeichert","---> 1249303354"
825, 1249303362,"Möglicherweise Dublette; 'TSL 'mitgfrve'' auch in PPN 1249302978","Satz gespeichert","---> 1249303362"
826, 1249303370,"Möglicherweise Dublette; 'TSL 'mitgfr'' auch in PPN 1249302978","Satz gespeichert","---> 1249303370"
827, 1249303389,"---> 1249303389"
828, 1249303397,"---> 1249303397"
829, 1249303400,"---> 1249303400"
830, 1249303419,"Möglicherweise Dublette; 'TSL 'mitgmah f'' auch in PPN 1249303400","Satz gespeichert","---> 1249303419"
831, 1249303427,"---> 1249303427"
832, 1249303435,"---> 1249303435"
833, 1249303443,"Möglicherweise Dublette; 'TSL 'mitghefr'' auch in PPN 1249303397","Satz gespeichert","---> 1249303443"
834, 1249303451,"---> 1249303451"
835, 124930346X,"Möglicherweise Dublette; 'TSL 'mitgdrhef'' auch in PPN 1249256909","Satz gespeichert","---> 124930346X"
836, 1249303478,"Möglicherweise Dublette; 'TSL 'mitglufr'' auch in PPN 1249303036","Satz gespeichert","---> 1249303478"
837, 1249303486,"---> 1249303486"
838, 1249303494,"---> 1249303494"
839, 1249303508,"Möglicherweise Dublette; 'TSL 'mitgmafr'' auch in PPN 1249303087","Satz gespeichert","---> 1249303508"
840, 1249303516,"Möglicherweise Dublette; 'TSL 'mitgdifr'' auch in PPN 1249303427","Satz gespeichert","---> 1249303516"
841, 1249303524,"Möglicherweise Dublette; 'TSL 'mitgdifr'' auch in PPN 1249303427","Satz gespeichert","---> 1249303524"
842, 1249303532,"Möglicherweise Dublette; 'TSL 'mitghefr'' auch in PPN 1249303397","Satz gespeichert","---> 1249303532"
843, 1249303540,"---> 1249303540"
844, 1249303559,"---> 1249303559"
845, 1249303567,"---> 1249303567"
846, 1249303575,"---> 1249303575"
847, 1249303583,"Möglicherweise Dublette; 'TSL 'mitghefr'' auch in PPN 1249303397","Satz gespeichert","---> 1249303583"
848, 1249303591,"---> 1249303591"
849, 1249303605,"---> 1249303605"
850, 1249303613,"---> 1249303613"
851, 1249303621,"---> 1249303621"
852, 1249303648,"Möglicherweise Dublette; 'TSL 'mitghefr'' auch in PPN 1249303397","Satz gespeichert","---> 1249303648"
853, 1249303656,"Möglicherweise Dublette; 'TSL 'mitghefr'' auch in PPN 1249303397","Satz gespeichert","---> 1249303656"
854, 1249303664,"---> 1249303664"
855, 1249303672,"---> 1249303672"
856, 1249303680,"---> 1249303680"
857, 1249303699,"Möglicherweise Dublette; 'TSL 'mitgpafr'' auch in PPN 1249303575","Satz gespeichert","---> 1249303699"
858, 1249303702,"---> 1249303702"
859, 1249303710,"Möglicherweise Dublette; 'TSL 'mitgfr'' auch in PPN 1249302978","Satz gespeichert","---> 1249303710"
860, 1249303729,"---> 1249303729"
861, 1249303737,"Möglicherweise Dublette; 'TSL 'mitghefr'' auch in PPN 1249303397","Satz gespeichert","---> 1249303737"
862, 1249303745,"Möglicherweise Dublette; 'TSL 'mitgfr'' auch in PPN 1249302978","Satz gespeichert","---> 1249303745"
863, 1249303761,"Möglicherweise Dublette; 'TSL 'mitgfrve'' auch in PPN 1249302978","Satz gespeichert","---> 1249303761"
864, 124930377X,"Möglicherweise Dublette; 'TSL 'mitggefr'' auch in PPN 124930301X","Satz gespeichert","---> 124930377X"
865, 1249303796,"---> 1249303796"
866, 1249303818,"Möglicherweise Dublette; 'TSL 'mitghefr'' auch in PPN 1249303397","Satz gespeichert","---> 1249303818"
867, 1249303826,"Möglicherweise Dublette; 'TSL 'mitghefr'' auch in PPN 1249303397","Satz gespeichert","---> 1249303826"
868, 1249303834,"---> 1249303834"
869, 1249303842,"Möglicherweise Dublette; 'TSL 'mitgjofr'' auch in PPN 1249303176","Satz gespeichert","---> 1249303842"
870, 1249303850,"Möglicherweise Dublette; 'TSL 'mitggufr'' auch in PPN 1249303028","Satz gespeichert","---> 1249303850"
871, 1249303869,"Möglicherweise Dublette; 'TSL 'mitggufr'' auch in PPN 1249303028","Satz gespeichert","---> 1249303869"
872, 1249303877,"---> 1249303877"
873, 1249303885,"Möglicherweise Dublette; 'TSL 'mitgalfr'' auch in PPN 1249302994","Satz gespeichert","---> 1249303885"
874, 1249303893,"---> 1249303893"
875, 1249303907,"Möglicherweise Dublette; 'TSL 'mitgmafr'' auch in PPN 1249303087","Satz gespeichert","---> 1249303907"
876, 1249303915,"---> 1249303915"
877, 1249303923,"Möglicherweise Dublette; 'TSL 'mitgfrka'' auch in PPN 1249303915","Satz gespeichert","---> 1249303923"
878, 1249303931,"Möglicherweise Dublette; 'TSL 'mitggefr'' auch in PPN 124930301X","Satz gespeichert","---> 1249303931"
879, 124930394X,"---> 124930394X"
880, 1249303958,"---> 1249303958"
881, 1249303966,"---> 1249303966"
882, 1249303974,"Möglicherweise Dublette; 'TSL 'mitgmafr'' auch in PPN 1249303087","Satz gespeichert","---> 1249303974"
883, 1249303990,"Möglicherweise Dublette; 'TSL 'mitgbefr'' auch in PPN 997249633","Satz gespeichert","---> 1249303990"
884, 1249304016,"Möglicherweise Dublette; 'TSL 'mitgfrfr'' auch in PPN 1249303338","Satz gespeichert","---> 1249304016"
885, 1249304024,"---> 1249304024"
886, 1249304032,"Möglicherweise Dublette; 'TSL 'mitgfr'' auch in PPN 1249302978","Satz gespeichert","---> 1249304032"
887, 1249304040,"---> 1249304040"
888, 1249304059,"---> 1249304059"
889, 1249304067,"---> 1249304067"
890, 1249304075,"---> 1249304075"
891, 1249304083,"---> 1249304083"
892, 1249304091,"---> 1249304091"
893, 1249304105,"---> 1249304105"
894, 1249304113,"Möglicherweise Dublette; 'TSL 'mitgrufu'' auch in PPN 1249304059","Satz gespeichert","---> 1249304113"
895, 1249304121,"Möglicherweise Dublette; 'TSL 'mitgfu'' auch in PPN 365140643","Satz gespeichert","---> 1249304121"
896, 124930413X,"---> 124930413X"
897, 1249304148,"---> 1249304148"
898, 1249304156,"---> 1249304156"
899, 1249304164,"---> 1249304164"
900, 1249304172,"---> 1249304172"
901, 1249304180,"---> 1249304180"
902, 1249304199,"---> 1249304199"
903, 1249304202,"Möglicherweise Dublette; 'TSL 'mitgcaga'' auch in PPN 1249294339","Satz gespeichert","---> 1249304202"
904, 1249304210,"---> 1249304210"
905, 1249304229,"---> 1249304229"
906, 1249304237,"---> 1249304237"
907, 1249304245,"---> 1249304245"
908, 1249304253,"---> 1249304253"
909, 1249304261,"---> 1249304261"
910, 124930427X,"---> 124930427X"
911, 1249304288,"---> 1249304288"
912, 1249304296,"---> 1249304296"
913, 1249304318,"---> 1249304318"
914, 1249304326,"---> 1249304326"
915, 1249304342,"---> 1249304342"
916, 1249304350,"---> 1249304350"
917, 1249304369,"Möglicherweise Dublette; 'TSL 'mitggasc'' auch in PPN 1249304350","Satz gespeichert","---> 1249304369"
918, 1249304377,"---> 1249304377"
919, 1249304385,"---> 1249304385"
920, 1249304393,"---> 1249304393"
921, 1249304407,"Möglicherweise Dublette; 'TSL 'mitgpega'' auch in PPN 1249304393","Satz gespeichert","---> 1249304407"
922, 1249304415,"---> 1249304415"
923, 1249304423,"---> 1249304423"
924, 1249304431,"Möglicherweise Dublette; 'TSL 'mitgkuga'' auch in PPN 1249304415","Satz gespeichert","---> 1249304431"
925, 124930444X,"---> 124930444X"
926, 1249304458,"Möglicherweise Dublette; 'TSL 'mitggave'' auch in PPN 1249304180","Satz gespeichert","---> 1249304458"
927, 1249304466,"---> 1249304466"
928, 1249304474,"---> 1249304474"
929, 1249304482,"---> 1249304482"
930, 1249304490,"---> 1249304490"
931, 1249304504,"---> 1249304504"
932, 1249304512,"Möglicherweise Dublette; 'TSL 'mitggega'' auch in PPN 1249304210","Satz gespeichert","---> 1249304512"
933, 1249304520,"Möglicherweise Dublette; 'TSL 'mitggave'' auch in PPN 1249304180","Satz gespeichert","---> 1249304520"
934, 1249304539,"---> 1249304539"
935, 1249304547,"---> 1249304547"
936, 1249304555,"---> 1249304555"
937, 1249304563,"Möglicherweise Dublette; 'TSL 'mitggbgef'' auch in PPN 1249304555","Satz gespeichert","---> 1249304563"
938, 1249304571,"Möglicherweise Dublette; 'TSL 'mitggebu'' auch in PPN 1249254353","Satz gespeichert","---> 1249304571"
939, 124930458X,"Möglicherweise Dublette; 'TSL 'mitgbege'' auch in PPN 364935448","Satz gespeichert","---> 124930458X"
940, 1249304598,"---> 1249304598"
941, 1249304601,"---> 1249304601"
942, 124930461X,"---> 124930461X"
943, 1249304636,"---> 1249304636"
944, 1249304644,"---> 1249304644"
945, 1249304652,"---> 1249304652"
946, 1249304660,"---> 1249304660"
947, 1249304679,"Möglicherweise Dublette; 'TSL 'mitginge'' auch in PPN 988624672","Satz gespeichert","---> 1249304679"
948, 1249304687,"Möglicherweise Dublette; 'TSL 'mitggebu'' auch in PPN 1249254353","Satz gespeichert","---> 1249304687"
949, 1249304695,"---> 1249304695"
950, 1249304709,"---> 1249304709"
951, 1249304717,"---> 1249304717"
952, 1249304725,"---> 1249304725"
953, 1249304733,"---> 1249304733"
954, 1249304741,"---> 1249304741"
955, 124930475X,"---> 124930475X"
956, 1249304768,"Möglicherweise Dublette; 'TSL 'mitgge'' auch in PPN 952077264","Satz gespeichert","---> 1249304768"
957, 1249304776,"---> 1249304776"
958, 1249304784,"---> 1249304784"
959, 1249304792,"---> 1249304792"
960, 1249304806,"Möglicherweise Dublette; 'TSL 'mitgerge'' auch in PPN 1249304601","Satz gespeichert","---> 1249304806"
961, 1249304814,"---> 1249304814"
962, 1249304822,"---> 1249304822"
963, 1249304830,"---> 1249304830"
964, 1249304849,"Möglicherweise Dublette; 'TSL 'mitgbrge'' auch in PPN 1249304598","Satz gespeichert","---> 1249304849"
965, 1249304857,"---> 1249304857"
966, 1249304865,"---> 1249304865"
967, 1249304873,"Möglicherweise Dublette; 'TSL 'mitggesa'' auch in PPN 1249273897","Satz gespeichert","---> 1249304873"
968, 1249304881,"Möglicherweise Dublette; 'TSL 'mitgge'' auch in PPN 952077264","Satz gespeichert","---> 1249304881"
969, 124930489X,"---> 124930489X"
970, 1249304903,"Möglicherweise Dublette; 'TSL 'mitggeve'' auch in PPN 1249304881","Satz gespeichert","---> 1249304903"
971, 1249304911,"---> 1249304911"
972, 124930492X,"Möglicherweise Dublette; 'TSL 'mitgbege'' auch in PPN 364935448","Satz gespeichert","---> 124930492X"
973, 1249304938,"---> 1249304938"
974, 1249304946,"---> 1249304946"
975, 1249304954,"---> 1249304954"
976, 1249304962,"---> 1249304962"
977, 1249304970,"Möglicherweise Dublette; 'TSL 'mitgge'' auch in PPN 952077264","Satz gespeichert","---> 1249304970"
978, 1249304989,"---> 1249304989"
979, 1249304997,"---> 1249304997"
980, 1249305004,"---> 1249305004"
981, 1249305012,"---> 1249305012"
982, 1249305020,"Möglicherweise Dublette; 'TSL 'mitggeed'' auch in PPN 1249299373","Satz gespeichert","---> 1249305020"
983, 1249305039,"---> 1249305039"
984, 1249305047,"Möglicherweise Dublette; 'TSL 'mitgerge'' auch in PPN 1249304601","Satz gespeichert","---> 1249305047"
985, 1249305055,"---> 1249305055"
986, 1249305063,"Möglicherweise Dublette; 'TSL 'mitggeve'' auch in PPN 1249304881","Satz gespeichert","---> 1249305063"
987, 1249305071,"Möglicherweise Dublette; 'TSL 'mitginge'' auch in PPN 988624672","Satz gespeichert","---> 1249305071"
988, 124930508X,"---> 124930508X"
989, 1249305098,"Möglicherweise Dublette; 'TSL 'mitgmage'' auch in PPN 1249304725","Satz gespeichert","---> 1249305098"
990, 1249305101,"---> 1249305101"
991, 124930511X,"---> 124930511X"
992, 1249305128,"---> 1249305128"
993, 1249305136,"Möglicherweise Dublette; 'TSL 'mitgpage'' auch in PPN 124930475X","Satz gespeichert","---> 1249305136"
994, 1249305144,"Möglicherweise Dublette; 'TSL 'mitgwoge'' auch in PPN 124930461X","Satz gespeichert","---> 1249305144"
995, 1249305152,"Möglicherweise Dublette; 'TSL 'mitgdrebg'' auch in PPN 1249258820","Satz gespeichert","---> 1249305152"
996, 1249305160,"Möglicherweise Dublette; 'TSL 'mitgange'' auch in PPN 1249304660","Satz gespeichert","---> 1249305160"
997, 1249305179,"---> 1249305179"
998, 1249305187,"Möglicherweise Dublette; 'TSL 'mitgmage'' auch in PPN 1249304725","Satz gespeichert","---> 1249305187"
999, 1249305195,"---> 1249305195"
1000, 1249305209,"---> 1249305209"
