1, 1249357748,"Möglicherweise Dublette; 'TSL 'mitgevwo'' auch in PPN 1249301254","Satz gespeichert","---> 1249357748"
2, 1249357756,"Möglicherweise Dublette; 'TSL 'mitgfrwo'' auch in PPN 1249357551","Satz gespeichert","---> 1249357756"
3, 1249357764,"Möglicherweise Dublette; 'TSL 'mitgfrwo'' auch in PPN 1249357551","Satz gespeichert","---> 1249357764"
4, 1249357772,"Möglicherweise Dublette; 'TSL 'mitgfrwo'' auch in PPN 1249357551","Satz gespeichert","---> 1249357772"
5, 1249357799,"---> 1249357799"
6, 1249357802,"---> 1249357802"
7, 1249357810,"---> 1249357810"
8, 1249357829,"---> 1249357829"
9, 1249357837,"---> 1249357837"
10, 1249357845,"---> 1249357845"
11, 1249357853,"Möglicherweise Dublette; 'TSL 'mitgfrwo'' auch in PPN 1249357551","Satz gespeichert","---> 1249357853"
12, 1249357861,"Möglicherweise Dublette; 'TSL 'mitghewo'' auch in PPN 1249357799","Satz gespeichert","---> 1249357861"
13, 124935787X,"---> 124935787X"
14, 1249357888,"---> 1249357888"
15, 1249357896,"---> 1249357896"
16, 124935790X,"---> 124935790X"
17, 1249357918,"---> 1249357918"
18, 1249357926,"---> 1249357926"
19, 1249357934,"---> 1249357934"
20, 1249357942,"---> 1249357942"
21, 1249357950,"---> 1249357950"
22, 1249357969,"Möglicherweise Dublette; 'TSL 'mitgfrwo'' auch in PPN 1249357551","Satz gespeichert","---> 1249357969"
23, 1249357977,"---> 1249357977"
24, 1249357985,"Möglicherweise Dublette; 'TSL 'mitghewo'' auch in PPN 1249357799","Satz gespeichert","---> 1249357985"
25, 1249357993,"Möglicherweise Dublette; 'TSL 'mitghewo'' auch in PPN 1249357799","Satz gespeichert","---> 1249357993"
26, 1249358000,"---> 1249358000"
27, 1249358019,"---> 1249358019"
28, 1249358027,"---> 1249358027"
29, 1249358035,"---> 1249358035"
30, 1249358043,"---> 1249358043"
31, 1249358051,"---> 1249358051"
32, 124935806X,"---> 124935806X"
33, 1249358078,"---> 1249358078"
34, 1249358086,"---> 1249358086"
35, 1249358094,"---> 1249358094"
36, 1249358108,"---> 1249358108"
37, 1249358116,"---> 1249358116"
38, 1249358124,"Möglicherweise Dublette; 'TSL 'mitgwawu'' auch in PPN 1249358108","Satz gespeichert","---> 1249358124"
39, 1249358132,"---> 1249358132"
40, 1249358140,"---> 1249358140"
41, 1249358159,"Möglicherweise Dublette; 'TSL 'mitgfrwu'' auch in PPN 1249358132","Satz gespeichert","---> 1249358159"
42, 1249358167,"Möglicherweise Dublette; 'TSL 'mitgwawu'' auch in PPN 1249358108","Satz gespeichert","---> 1249358167"
43, 1249358175,"---> 1249358175"
44, 1249358191,"Möglicherweise Dublette; 'TSL 'mitghawu'' auch in PPN 1249358051","Satz gespeichert","---> 1249358191"
45, 1249358205,"---> 1249358205"
46, 1249358213,"---> 1249358213"
47, 1249358221,"---> 1249358221"
48, 124935823X,"---> 124935823X"
49, 1249358248,"---> 1249358248"
50, 1249358256,"---> 1249358256"
51, 1249358264,"---> 1249358264"
52, 1249358272,"---> 1249358272"
53, 1249358280,"---> 1249358280"
54, 1249358299,"---> 1249358299"
55, 1249358302,"---> 1249358302"
56, 1249358310,"---> 1249358310"
57, 1249358329,"---> 1249358329"
58, 1249358337,"---> 1249358337"
59, 1249358345,"---> 1249358345"
60, 1249358353,"---> 1249358353"
61, 1249358361,"Möglicherweise Dublette; 'TSL 'mitgsaza'' auch in PPN 1249358345","Satz gespeichert","---> 1249358361"
62, 124935837X,"---> 124935837X"
63, 1249358388,"---> 1249358388"
64, 1249358396,"---> 1249358396"
65, 124935840X,"Möglicherweise Dublette; 'TSL 'mitgzeve'' auch in PPN 1249358396","Satz gespeichert","---> 124935840X"
66, 1249358418,"---> 1249358418"
67, 1249358426,"---> 1249358426"
68, 1249358434,"---> 1249358434"
69, 1249358442,"---> 1249358442"
70, 1249358469,"---> 1249358469"
71, 1249358477,"---> 1249358477"
72, 1249358485,"---> 1249358485"
73, 1249358493,"---> 1249358493"
74, 1249358507,"---> 1249358507"
75, 1249358515,"---> 1249358515"
76, 1249358523,"---> 1249358523"
77, 1249358531,"---> 1249358531"
78, 124935854X,"---> 124935854X"
79, 1249358558,"---> 1249358558"
80, 1249358566,"---> 1249358566"
81, 1249358574,"---> 1249358574"
82, 1249358582,"---> 1249358582"
83, 1249358590,"---> 1249358590"
84, 1249358604,"---> 1249358604"
85, 1249358612,"---> 1249358612"
86, 1249358620,"---> 1249358620"
87, 1249358639,"---> 1249358639"
88, 1249358647,"---> 1249358647"
89, 1249358655,"---> 1249358655"
90, 1249358663,"---> 1249358663"
91, 1249358671,"---> 1249358671"
92, 124935868X,"---> 124935868X"
93, 1249358698,"---> 1249358698"
94, 1249358701,"---> 1249358701"
95, 124935871X,"---> 124935871X"
96, 1249358728,"---> 1249358728"
97, 1249358736,"---> 1249358736"
98, 1249358744,"---> 1249358744"
99, 1249358752,"---> 1249358752"
100, 1249358760,"---> 1249358760"
101, 1249358779,"Möglicherweise Dublette; 'TSL 'mitgfrzi'' auch in PPN 1249358760","Satz gespeichert","---> 1249358779"
102, 1249358787,"Möglicherweise Dublette; 'TSL 'mitgfrzi'' auch in PPN 1249358760","Satz gespeichert","---> 1249358787"
103, 1249358795,"Möglicherweise Dublette; 'TSL 'mitggezi'' auch in PPN 1249358744","Satz gespeichert","---> 1249358795"
104, 1249358809,"---> 1249358809"
105, 1249358817,"Möglicherweise Dublette; 'TSL 'mitgdrgez'' auch in PPN 1249358698","Satz gespeichert","---> 1249358817"
106, 1249358825,"---> 1249358825"
107, 1249358833,"---> 1249358833"
108, 1249358841,"---> 1249358841"
109, 124935885X,"---> 124935885X"
110, 1249358868,"Möglicherweise Dublette; 'TSL 'mitgmazi'' auch in PPN 1249358728","Satz gespeichert","---> 1249358868"
111, 1249358876,"---> 1249358876"
112, 1249358884,"---> 1249358884"
113, 1249358892,"Möglicherweise Dublette; 'TSL 'mitgkazi'' auch in PPN 1249358655","Satz gespeichert","---> 1249358892"
114, 1249358906,"---> 1249358906"
115, 1249358914,"Möglicherweise Dublette; 'TSL 'mitgzi'' auch in PPN 1249358841","Satz gespeichert","---> 1249358914"
116, 1249358922,"---> 1249358922"
117, 1249358930,"---> 1249358930"
118, 1249358949,"---> 1249358949"
119, 1249358957,"---> 1249358957"
120, 1249358965,"---> 1249358965"
121, 1249358973,"---> 1249358973"
122, 1249358981,"---> 1249358981"
123, 124935899X,"---> 124935899X"
124, 1249359007,"---> 1249359007"
125, 1249359015,"---> 1249359015"
126, 1249359023,"---> 1249359023"
127, 1249359031,"---> 1249359031"
128, 124935904X,"---> 124935904X"
129, 1249359058,"---> 1249359058"
130, 1249359066,"---> 1249359066"
131, 1249359074,"Möglicherweise Dublette; 'TSL 'mitgzwve'' auch in PPN 1249359066","Satz gespeichert","---> 1249359074"
132, 1249359082,"---> 1249359082"
133, 1249359090,"Möglicherweise Dublette; 'TSL 'mitgzwve'' auch in PPN 1249359066","Satz gespeichert","---> 1249359090"
134, 1249359104,"Möglicherweise Dublette; 'TSL 'mitgweze'' auch in PPN 1249358418","Satz gespeichert","---> 1249359104"
135, 1249359112,"---> 1249359112"
